test init-extension               ... FAILED        4 ms
test plv8                         ... FAILED      132 ms
test plv8-errors                  ... FAILED       43 ms
test inline                       ... FAILED       17 ms
test json                         ... FAILED       23 ms
test startup_pre                  ... FAILED       37 ms
test startup                      ... FAILED       37 ms
test varparam                     ... FAILED       17 ms
test json_conv                    ... FAILED       17 ms
test jsonb_conv                   ... FAILED       42 ms
test window                       ... FAILED       51 ms
test guc                          ... FAILED        9 ms
test es6                          ... FAILED       27 ms
test arraybuffer                  ... FAILED        8 ms
test composites                   ... FAILED       13 ms
test currentresource              ... FAILED       17 ms
test startup_perms                ... FAILED       13 ms
test bytea                        ... FAILED       11 ms
test find_function_perms          ... FAILED       12 ms
test memory_limits                ... FAILED       10 ms
test reset                        ... FAILED       10 ms
test show                         ... FAILED        8 ms
test array_spread                 ... FAILED        8 ms
test regression                   ... FAILED        8 ms
