test alter                        ... ok         1183 ms
test alternate_users              ... ok          811 ms
test chunk_utils                  ... ok          868 ms
test index                        ... ok         1018 ms
test pg_dump_unprivileged         ... ok          769 ms
test tablespace                   ... ok          755 ms
parallel group (21 tests):  chunks custom_type cursor-15 drop_hypertable delete-15 create_table create_chunks ddl_extra create_hypertable agg_bookends-15 baserel_cache drop_extension cluster-15 broken_tables ddl_errors ddl-15 chunk_adaptive copy-15 constraint-15 drop_owned append-15
     agg_bookends-15              ... ok         5184 ms
     append-15                    ... ok         6611 ms
     baserel_cache                ... ok         5187 ms
     broken_tables                ... ok         5188 ms
     chunk_adaptive               ... ok         5191 ms
     chunks                       ... ok         5147 ms
     cluster-15                   ... ok         5187 ms
     constraint-15                ... ok         5258 ms
     copy-15                      ... ok         5194 ms
     create_chunks                ... ok         5167 ms
     create_hypertable            ... ok         5177 ms
     create_table                 ... ok         5164 ms
     cursor-15                    ... ok         5160 ms
     custom_type                  ... ok         5148 ms
     ddl-15                       ... ok         5189 ms
     ddl_errors                   ... ok         5187 ms
     ddl_extra                    ... ok         5166 ms
     delete-15                    ... ok         5163 ms
     drop_extension               ... FAILED     5186 ms
     drop_hypertable              ... ok         5160 ms
     drop_owned                   ... ok         5280 ms
parallel group (21 tests):  null_exclusion hash partitioning histogram_test drop_schema information_views license merge parallel-15 partition generated_as_identity grant_hypertable misc lateral drop_rename_hypertable dump_meta insert_returning insert_single extension_scripts insert-15 insert_many
     drop_rename_hypertable       ... ok         6098 ms
     drop_schema                  ... ok         6078 ms
     dump_meta                    ... ok         6098 ms
     extension_scripts            ... ok         6110 ms
     generated_as_identity        ... ok         6093 ms
     grant_hypertable             ... ok         6096 ms
     hash                         ... ok         6069 ms
     histogram_test               ... ok         6075 ms
     information_views            ... ok         6086 ms
     insert-15                    ... ok         6393 ms
     insert_many                  ... ok         7482 ms
     insert_returning             ... ok         6101 ms
     insert_single                ... ok         6102 ms
     lateral                      ... ok         6096 ms
     license                      ... ok         6088 ms
     merge                        ... ok         6089 ms
     misc                         ... ok         6095 ms
     null_exclusion               ... ok         4702 ms
     parallel-15                  ... ok         6088 ms
     partition                    ... ok         6088 ms
     partitioning                 ... ok         6068 ms
parallel group (21 tests):  tableam plan_hypertable_inline-15 size_utils sql_query timestamp plain update-15 partitionwise-15 sort_optimization triggers query-15 reloptions upsert rowsecurity-15 plan_expand_hypertable-15 plan_ordered_append truncate trusted_extension relocate_extension plan_hashagg-15 pg_join
     partitionwise-15             ... ok         7200 ms
     pg_join                      ... ok         9795 ms
     plain                        ... ok         7199 ms
     plan_expand_hypertable-15    ... ok         7227 ms
     plan_hashagg-15              ... ok         8947 ms
     plan_hypertable_inline-15    ... ok         7187 ms
     plan_ordered_append          ... ok         7468 ms
     query-15                     ... ok         7206 ms
     relocate_extension           ... ok         7913 ms
     reloptions                   ... ok         7206 ms
     rowsecurity-15               ... ok         7217 ms
     size_utils                   ... ok         7186 ms
     sort_optimization            ... ok         7201 ms
     sql_query                    ... ok         7197 ms
     tableam                      ... ok         6573 ms
     timestamp                    ... ok         7197 ms
     triggers                     ... ok         7203 ms
     truncate                     ... ok         7720 ms
     trusted_extension            ... ok         7721 ms
     update-15                    ... ok         7197 ms
     upsert                       ... ok         7212 ms
parallel group (4 tests):  util version vacuum vacuum_parallel
     util                         ... ok          690 ms
     vacuum                       ... ok          700 ms
     vacuum_parallel              ... ok          700 ms
     version                      ... ok          698 ms
