test alter                        ... ok         1159 ms
test alternate_users              ... ok          794 ms
test chunk_utils                  ... ok          892 ms
test index                        ... ok         1009 ms
test pg_dump_unprivileged         ... ok          768 ms
test tablespace                   ... ok          730 ms
parallel group (21 tests):  drop_extension delete-15 drop_hypertable baserel_cache broken_tables create_hypertable ddl-15 ddl_extra create_chunks cluster-15 cursor-15 custom_type chunks ddl_errors agg_bookends-15 create_table copy-15 chunk_adaptive constraint-15 drop_owned append-15
     agg_bookends-15              ... ok         5094 ms
     append-15                    ... ok         6724 ms
     baserel_cache                ... ok         5088 ms
     broken_tables                ... ok         5088 ms
     chunk_adaptive               ... ok         5113 ms
     chunks                       ... ok         5092 ms
     cluster-15                   ... ok         5090 ms
     constraint-15                ... ok         5193 ms
     copy-15                      ... ok         5097 ms
     create_chunks                ... ok         5089 ms
     create_hypertable            ... ok         5087 ms
     create_table                 ... ok         5094 ms
     cursor-15                    ... ok         5090 ms
     custom_type                  ... ok         5090 ms
     ddl-15                       ... ok         5087 ms
     ddl_errors                   ... ok         5091 ms
     ddl_extra                    ... ok         5089 ms
     delete-15                    ... ok         5083 ms
     drop_extension               ... FAILED     5079 ms
     drop_hypertable              ... ok         5083 ms
     drop_owned                   ... ok         5201 ms
parallel group (21 tests):  hash histogram_test misc partition generated_as_identity merge dump_meta lateral insert_single information_views drop_rename_hypertable license insert_returning drop_schema grant_hypertable partitioning parallel-15 null_exclusion extension_scripts insert-15 insert_many
     drop_rename_hypertable       ... ok         6178 ms
     drop_schema                  ... ok         6178 ms
     dump_meta                    ... ok         6163 ms
     extension_scripts            ... ok         6199 ms
     generated_as_identity        ... ok         6158 ms
     grant_hypertable             ... ok         6180 ms
     hash                         ... ok         4713 ms
     histogram_test               ... ok         6156 ms
     information_views            ... ok         6177 ms
     insert-15                    ... ok         6532 ms
     insert_many                  ... ok         7553 ms
     insert_returning             ... ok         6177 ms
     insert_single                ... ok         6175 ms
     lateral                      ... ok         6171 ms
     license                      ... ok         6177 ms
     merge                        ... ok         6157 ms
     misc                         ... ok         6155 ms
     null_exclusion               ... ok         6187 ms
     parallel-15                  ... ok         6184 ms
     partition                    ... ok         6157 ms
     partitioning                 ... ok         6183 ms
parallel group (21 tests):  reloptions plain plan_expand_hypertable-15 plan_hypertable_inline-15 query-15 triggers timestamp partitionwise-15 sort_optimization sql_query size_utils update-15 upsert rowsecurity-15 tableam plan_ordered_append trusted_extension truncate relocate_extension plan_hashagg-15 pg_join
     partitionwise-15             ... ok         7835 ms
     pg_join                      ... ok         9958 ms
     plain                        ... ok         7823 ms
     plan_expand_hypertable-15    ... ok         7824 ms
     plan_hashagg-15              ... ok         9033 ms
     plan_hypertable_inline-15    ... ok         7829 ms
     plan_ordered_append          ... ok         7853 ms
     query-15                     ... ok         7831 ms
     relocate_extension           ... ok         8505 ms
     reloptions                   ... ok         7179 ms
     rowsecurity-15               ... ok         7838 ms
     size_utils                   ... ok         7836 ms
     sort_optimization            ... ok         7834 ms
     sql_query                    ... ok         7834 ms
     tableam                      ... ok         7840 ms
     timestamp                    ... ok         7833 ms
     triggers                     ... ok         7833 ms
     truncate                     ... ok         8256 ms
     trusted_extension            ... ok         8157 ms
     update-15                    ... ok         7835 ms
     upsert                       ... ok         7837 ms
parallel group (4 tests):  version util vacuum_parallel vacuum
     util                         ... ok          738 ms
     vacuum                       ... ok          753 ms
     vacuum_parallel              ... ok          752 ms
     version                      ... ok          738 ms
