test alter                        ... ok         2423 ms
test alternate_users              ... ok         1704 ms
test chunk_utils                  ... ok         1841 ms
test index                        ... FAILED     2222 ms
test pg_dump_unprivileged         ... ok         1484 ms
test tablespace                   ... ok         1512 ms
parallel group (21 tests):  ddl_extra create_table drop_extension broken_tables ddl_errors custom_type agg_bookends-15 create_chunks chunks baserel_cache cursor-15 drop_hypertable delete-15 append-15 chunk_adaptive cluster-15 create_hypertable ddl-15 copy-15 constraint-15 drop_owned
     agg_bookends-15              ... ok        11669 ms
     append-15                    ... ok        11708 ms
     baserel_cache                ... ok        11671 ms
     broken_tables                ... ok        11667 ms
     chunk_adaptive               ... ok        11708 ms
     chunks                       ... ok        11671 ms
     cluster-15                   ... ok        11708 ms
     constraint-15                ... ok        11911 ms
     copy-15                      ... ok        11715 ms
     create_chunks                ... ok        11670 ms
     create_hypertable            ... ok        11708 ms
     create_table                 ... ok        11663 ms
     cursor-15                    ... ok        11680 ms
     custom_type                  ... ok        11667 ms
     ddl-15                       ... ok        11708 ms
     ddl_errors                   ... ok        11667 ms
     ddl_extra                    ... ok        11656 ms
     delete-15                    ... ok        11706 ms
     drop_extension               ... FAILED    11663 ms
     drop_hypertable              ... FAILED    11693 ms
     drop_owned                   ... ok        11938 ms
parallel group (21 tests):  generated_as_identity hash merge lateral parallel-15 null_exclusion license histogram_test extension_scripts misc grant_hypertable information_views insert_single dump_meta drop_rename_hypertable partition partitioning drop_schema insert_returning insert-15 insert_many
     drop_rename_hypertable       ... ok        15416 ms
     drop_schema                  ... ok        15460 ms
     dump_meta                    ... ok        15416 ms
     extension_scripts            ... ok        15413 ms
     generated_as_identity        ... ok        11140 ms
     grant_hypertable             ... ok        15413 ms
     hash                         ... ok        15379 ms
     histogram_test               ... ok        15412 ms
     information_views            ... ok        15413 ms
     insert-15                    ... ok        15888 ms
     insert_many                  ... FAILED    18094 ms
     insert_returning             ... ok        15459 ms
     insert_single                ... ok        15413 ms
     lateral                      ... ok        15379 ms
     license                      ... ok        15411 ms
     merge                        ... ok        15379 ms
     misc                         ... ok        15412 ms
     null_exclusion               ... ok        15410 ms
     parallel-15                  ... ok        15398 ms
     partition                    ... FAILED    15414 ms
     partitioning                 ... ok        15414 ms
parallel group (21 tests):  plan_hypertable_inline-15 plan_ordered_append tableam reloptions partitionwise-15 timestamp sort_optimization plan_expand_hypertable-15 plain size_utils triggers upsert sql_query rowsecurity-15 plan_hashagg-15 query-15 update-15 relocate_extension pg_join trusted_extension truncate
     partitionwise-15             ... FAILED    19696 ms
     pg_join                      ... ok        19826 ms
     plain                        ... ok        19700 ms
     plan_expand_hypertable-15    ... ok        19697 ms
     plan_hashagg-15              ... ok        19720 ms
     plan_hypertable_inline-15    ... ok        19695 ms
     plan_ordered_append          ... ok        19695 ms
     query-15                     ... ok        19720 ms
     relocate_extension           ... ok        19822 ms
     reloptions                   ... ok        19695 ms
     rowsecurity-15               ... ok        19709 ms
     size_utils                   ... ok        19699 ms
     sort_optimization            ... ok        19696 ms
     sql_query                    ... FAILED    19699 ms
     tableam                      ... ok        19695 ms
     timestamp                    ... ok        19696 ms
     triggers                     ... ok        19698 ms
     truncate                     ... ok        19838 ms
     trusted_extension            ... ok        19835 ms
     update-15                    ... ok        19719 ms
     upsert                       ... ok        19698 ms
parallel group (4 tests):  util version vacuum vacuum_parallel
     util                         ... ok         1613 ms
     vacuum                       ... ok         1645 ms
     vacuum_parallel              ... ok         1645 ms
     version                      ... ok         1642 ms
