test alter                        ... ok         1062 ms
test alternate_users              ... ok          782 ms
test chunk_utils                  ... ok          889 ms
test index                        ... ok         1035 ms
test pg_dump_unprivileged         ... ok          744 ms
test tablespace                   ... ok          738 ms
parallel group (21 tests):  baserel_cache cursor-15 drop_extension create_chunks delete-15 custom_type agg_bookends-15 chunks cluster-15 ddl_errors drop_hypertable create_table ddl_extra broken_tables create_hypertable ddl-15 chunk_adaptive copy-15 constraint-15 drop_owned append-15
     agg_bookends-15              ... ok         5241 ms
     append-15                    ... ok         6800 ms
     baserel_cache                ... ok         5230 ms
     broken_tables                ... ok         5254 ms
     chunk_adaptive               ... ok         5264 ms
     chunks                       ... ok         5242 ms
     cluster-15                   ... ok         5242 ms
     constraint-15                ... ok         5326 ms
     copy-15                      ... FAILED     5266 ms
     create_chunks                ... ok         5232 ms
     create_hypertable            ... ok         5253 ms
     create_table                 ... ok         5242 ms
     cursor-15                    ... ok         5229 ms
     custom_type                  ... ok         5239 ms
     ddl-15                       ... ok         5253 ms
     ddl_errors                   ... ok         5241 ms
     ddl_extra                    ... ok         5250 ms
     delete-15                    ... ok         5238 ms
     drop_extension               ... FAILED     5231 ms
     drop_hypertable              ... ok         5240 ms
     drop_owned                   ... ok         5375 ms
parallel group (21 tests):  null_exclusion lateral insert_single merge license dump_meta generated_as_identity insert_returning information_views misc drop_schema partition partitioning histogram_test drop_rename_hypertable hash grant_hypertable parallel-15 extension_scripts insert-15 insert_many
     drop_rename_hypertable       ... ok         6187 ms
     drop_schema                  ... ok         6186 ms
     dump_meta                    ... ok         6179 ms
     extension_scripts            ... ok         6195 ms
     generated_as_identity        ... ok         6180 ms
     grant_hypertable             ... ok         6187 ms
     hash                         ... ok         6187 ms
     histogram_test               ... ok         6186 ms
     information_views            ... ok         6180 ms
     insert-15                    ... ok         6427 ms
     insert_many                  ... ok         7501 ms
     insert_returning             ... ok         6179 ms
     insert_single                ... ok         6177 ms
     lateral                      ... ok         6164 ms
     license                      ... ok         6178 ms
     merge                        ... ok         6177 ms
     misc                         ... ok         6184 ms
     null_exclusion               ... ok         4707 ms
     parallel-15                  ... ok         6192 ms
     partition                    ... ok         6184 ms
     partitioning                 ... ok         6184 ms
parallel group (21 tests):  sort_optimization update-15 plan_hypertable_inline-15 plain reloptions size_utils tableam triggers query-15 sql_query timestamp partitionwise-15 upsert plan_ordered_append rowsecurity-15 plan_expand_hypertable-15 trusted_extension truncate relocate_extension plan_hashagg-15 pg_join
     partitionwise-15             ... ok         7677 ms
     pg_join                      ... ok         9974 ms
     plain                        ... ok         7654 ms
     plan_expand_hypertable-15    ... ok         7684 ms
     plan_hashagg-15              ... ok         9370 ms
     plan_hypertable_inline-15    ... ok         7652 ms
     plan_ordered_append          ... ok         7677 ms
     query-15                     ... ok         7663 ms
     relocate_extension           ... ok         8354 ms
     reloptions                   ... ok         7663 ms
     rowsecurity-15               ... ok         7676 ms
     size_utils                   ... ok         7662 ms
     sort_optimization            ... ok         7017 ms
     sql_query                    ... ok         7662 ms
     tableam                      ... ok         7662 ms
     timestamp                    ... ok         7674 ms
     triggers                     ... ok         7662 ms
     truncate                     ... ok         8106 ms
     trusted_extension            ... ok         8038 ms
     update-15                    ... ok         7637 ms
     upsert                       ... ok         7675 ms
parallel group (4 tests):  util version vacuum vacuum_parallel
     util                         ... ok          681 ms
     vacuum                       ... ok          690 ms
     vacuum_parallel              ... ok          691 ms
     version                      ... ok          687 ms
