test alter                        ... ok         1165 ms
test alternate_users              ... ok          809 ms
test chunk_utils                  ... ok          859 ms
test index                        ... ok         1045 ms
test pg_dump_unprivileged         ... ok          747 ms
test tablespace                   ... ok          733 ms
parallel group (21 tests):  cursor-15 chunk_adaptive cluster-15 ddl_errors create_table ddl-15 baserel_cache create_chunks ddl_extra delete-15 agg_bookends-15 custom_type drop_extension drop_hypertable create_hypertable broken_tables chunks copy-15 constraint-15 drop_owned append-15
     agg_bookends-15              ... ok         5067 ms
     append-15                    ... ok         6802 ms
     baserel_cache                ... ok         5062 ms
     broken_tables                ... ok         5073 ms
     chunk_adaptive               ... ok         5057 ms
     chunks                       ... ok         5072 ms
     cluster-15                   ... ok         5057 ms
     constraint-15                ... ok         5175 ms
     copy-15                      ... ok         5101 ms
     create_chunks                ... ok         5061 ms
     create_hypertable            ... ok         5072 ms
     create_table                 ... ok         5060 ms
     cursor-15                    ... ok         5055 ms
     custom_type                  ... ok         5071 ms
     ddl-15                       ... ok         5060 ms
     ddl_errors                   ... ok         5059 ms
     ddl_extra                    ... ok         5061 ms
     delete-15                    ... ok         5064 ms
     drop_extension               ... FAILED     5071 ms
     drop_hypertable              ... ok         5071 ms
     drop_owned                   ... ok         5185 ms
parallel group (21 tests):  hash merge misc generated_as_identity histogram_test lateral dump_meta grant_hypertable parallel-15 drop_rename_hypertable license insert_single information_views partition extension_scripts partitioning insert_returning drop_schema null_exclusion insert-15 insert_many
     drop_rename_hypertable       ... ok         6276 ms
     drop_schema                  ... ok         6315 ms
     dump_meta                    ... ok         6266 ms
     extension_scripts            ... ok         6287 ms
     generated_as_identity        ... ok         6258 ms
     grant_hypertable             ... ok         6267 ms
     hash                         ... ok         5140 ms
     histogram_test               ... ok         6262 ms
     information_views            ... ok         6281 ms
     insert-15                    ... ok         6476 ms
     insert_many                  ... ok         7388 ms
     insert_returning             ... ok         6309 ms
     insert_single                ... ok         6280 ms
     lateral                      ... ok         6264 ms
     license                      ... ok         6276 ms
     merge                        ... ok         6255 ms
     misc                         ... ok         6256 ms
     null_exclusion               ... ok         6313 ms
     parallel-15                  ... ok         6265 ms
     partition                    ... ok         6284 ms
     partitioning                 ... ok         6303 ms
parallel group (21 tests):  plan_hypertable_inline-15 sort_optimization upsert size_utils rowsecurity-15 plain reloptions update-15 tableam partitionwise-15 timestamp sql_query triggers plan_expand_hypertable-15 query-15 plan_ordered_append trusted_extension truncate relocate_extension plan_hashagg-15 pg_join
     partitionwise-15             ... ok         7313 ms
     pg_join                      ... ok         9795 ms
     plain                        ... ok         7294 ms
     plan_expand_hypertable-15    ... ok         7355 ms
     plan_hashagg-15              ... ok         8941 ms
     plan_hypertable_inline-15    ... ok         6663 ms
     plan_ordered_append          ... ok         7490 ms
     query-15                     ... ok         7355 ms
     relocate_extension           ... ok         8037 ms
     reloptions                   ... ok         7300 ms
     rowsecurity-15               ... ok         7265 ms
     size_utils                   ... ok         7265 ms
     sort_optimization            ... ok         7256 ms
     sql_query                    ... ok         7320 ms
     tableam                      ... ok         7310 ms
     timestamp                    ... ok         7320 ms
     triggers                     ... ok         7349 ms
     truncate                     ... ok         7789 ms
     trusted_extension            ... ok         7787 ms
     update-15                    ... ok         7305 ms
     upsert                       ... ok         7263 ms
parallel group (4 tests):  version util vacuum vacuum_parallel
     util                         ... ok          717 ms
     vacuum                       ... ok          719 ms
     vacuum_parallel              ... ok          720 ms
     version                      ... ok          710 ms
