test alter                        ... ok         1415 ms
test alternate_users              ... ok          948 ms
test chunk_utils                  ... ok         1052 ms
test index                        ... ok         1210 ms
test pg_dump_unprivileged         ... ok          966 ms
test tablespace                   ... ok          889 ms
parallel group (21 tests):  broken_tables baserel_cache create_hypertable delete-15 drop_extension ddl_errors cursor-15 agg_bookends-15 cluster-15 create_table ddl_extra create_chunks custom_type drop_hypertable chunks ddl-15 chunk_adaptive copy-15 constraint-15 drop_owned append-15
     agg_bookends-15              ... ok         7260 ms
     append-15                    ... ok         8325 ms
     baserel_cache                ... ok         7236 ms
     broken_tables                ... ok         7234 ms
     chunk_adaptive               ... ok         7277 ms
     chunks                       ... ok         7267 ms
     cluster-15                   ... ok         7260 ms
     constraint-15                ... ok         7401 ms
     copy-15                      ... ok         7285 ms
     create_chunks                ... ok         7260 ms
     create_hypertable            ... ok         7236 ms
     create_table                 ... ok         7259 ms
     cursor-15                    ... ok         7252 ms
     custom_type                  ... ok         7260 ms
     ddl-15                       ... ok         7266 ms
     ddl_errors                   ... ok         7249 ms
     ddl_extra                    ... ok         7259 ms
     delete-15                    ... ok         7240 ms
     drop_extension               ... FAILED     7247 ms
     drop_hypertable              ... ok         7265 ms
     drop_owned                   ... ok         7422 ms
parallel group (21 tests):  partitioning grant_hypertable merge histogram_test misc null_exclusion information_views drop_schema lateral license insert_returning partition generated_as_identity dump_meta drop_rename_hypertable hash extension_scripts parallel-15 insert_single insert-15 insert_many
     drop_rename_hypertable       ... ok         6037 ms
     drop_schema                  ... ok         5990 ms
     dump_meta                    ... ok         6036 ms
     extension_scripts            ... ok         6041 ms
     generated_as_identity        ... ok         6036 ms
     grant_hypertable             ... ok         5987 ms
     hash                         ... ok         6037 ms
     histogram_test               ... ok         5989 ms
     information_views            ... ok         5989 ms
     insert-15                    ... ok         6173 ms
     insert_many                  ... ok         7171 ms
     insert_returning             ... ok         6030 ms
     insert_single                ... ok         6044 ms
     lateral                      ... ok         6014 ms
     license                      ... ok         6024 ms
     merge                        ... ok         5988 ms
     misc                         ... ok         5988 ms
     null_exclusion               ... ok         5988 ms
     parallel-15                  ... ok         6042 ms
     partition                    ... ok         6033 ms
     partitioning                 ... ok         4779 ms
parallel group (21 tests):  sort_optimization reloptions upsert plain timestamp tableam partitionwise-15 update-15 size_utils triggers query-15 sql_query plan_expand_hypertable-15 plan_hypertable_inline-15 rowsecurity-15 plan_ordered_append truncate relocate_extension trusted_extension plan_hashagg-15 pg_join
     partitionwise-15             ... ok         8502 ms
     pg_join                      ... ok        10322 ms
     plain                        ... ok         8497 ms
     plan_expand_hypertable-15    ... ok         8531 ms
     plan_hashagg-15              ... ok         9029 ms
     plan_hypertable_inline-15    ... ok         8531 ms
     plan_ordered_append          ... ok         8534 ms
     query-15                     ... ok         8522 ms
     relocate_extension           ... ok         8640 ms
     reloptions                   ... ok         8475 ms
     rowsecurity-15               ... ok         8533 ms
     size_utils                   ... ok         8509 ms
     sort_optimization            ... ok         8471 ms
     sql_query                    ... ok         8530 ms
     tableam                      ... ok         8500 ms
     timestamp                    ... ok         8500 ms
     triggers                     ... ok         8509 ms
     truncate                     ... ok         8622 ms
     trusted_extension            ... ok         8643 ms
     update-15                    ... ok         8505 ms
     upsert                       ... ok         8495 ms
parallel group (4 tests):  version util vacuum_parallel vacuum
     util                         ... ok          742 ms
     vacuum                       ... ok          745 ms
     vacuum_parallel              ... ok          744 ms
     version                      ... ok          735 ms
