test alter                        ... ok         2396 ms
test alternate_users              ... ok         1718 ms
test chunk_utils                  ... ok         1845 ms
test index                        ... ok         2209 ms
test pg_dump_unprivileged         ... ok         1486 ms
test tablespace                   ... ok         1524 ms
parallel group (21 tests):  chunks custom_type create_table delete-15 baserel_cache create_hypertable ddl_errors drop_hypertable agg_bookends-15 drop_extension create_chunks chunk_adaptive broken_tables cluster-15 cursor-15 ddl_extra ddl-15 copy-15 append-15 constraint-15 drop_owned
     agg_bookends-15              ... ok        11020 ms
     append-15                    ... ok        11076 ms
     baserel_cache                ... ok        11017 ms
     broken_tables                ... ok        11025 ms
     chunk_adaptive               ... ok        11025 ms
     chunks                       ... ok        11002 ms
     cluster-15                   ... ok        11025 ms
     constraint-15                ... ok        11261 ms
     copy-15                      ... ok        11051 ms
     create_chunks                ... ok        11023 ms
     create_hypertable            ... ok        11016 ms
     create_table                 ... ok        11008 ms
     cursor-15                    ... ok        11025 ms
     custom_type                  ... ok        11007 ms
     ddl-15                       ... ok        11043 ms
     ddl_errors                   ... ok        11016 ms
     ddl_extra                    ... ok        11024 ms
     delete-15                    ... ok        11007 ms
     drop_extension               ... FAILED    11021 ms
     drop_hypertable              ... FAILED    11017 ms
     drop_owned                   ... ok        11284 ms
parallel group (21 tests):  partitioning license lateral drop_schema null_exclusion histogram_test generated_as_identity merge misc grant_hypertable partition information_views insert_returning dump_meta drop_rename_hypertable insert_single hash parallel-15 extension_scripts insert-15 insert_many
     drop_rename_hypertable       ... ok        15175 ms
     drop_schema                  ... ok        15162 ms
     dump_meta                    ... ok        15174 ms
     extension_scripts            ... ok        15183 ms
     generated_as_identity        ... ok        15164 ms
     grant_hypertable             ... ok        15169 ms
     hash                         ... ok        15174 ms
     histogram_test               ... ok        15164 ms
     information_views            ... ok        15169 ms
     insert-15                    ... ok        16094 ms
     insert_many                  ... ok        18086 ms
     insert_returning             ... ok        15173 ms
     insert_single                ... ok        15173 ms
     lateral                      ... ok        15160 ms
     license                      ... ok        15144 ms
     merge                        ... ok        15167 ms
     misc                         ... ok        15168 ms
     null_exclusion               ... ok        15163 ms
     parallel-15                  ... ok        15173 ms
     partition                    ... ok        15168 ms
     partitioning                 ... ok        10798 ms
parallel group (21 tests):  plan_hypertable_inline-15 timestamp plain tableam plan_expand_hypertable-15 reloptions plan_ordered_append triggers size_utils sort_optimization upsert query-15 rowsecurity-15 update-15 partitionwise-15 sql_query plan_hashagg-15 pg_join trusted_extension truncate relocate_extension
     partitionwise-15             ... ok        19399 ms
     pg_join                      ... ok        19676 ms
     plain                        ... ok        19283 ms
     plan_expand_hypertable-15    ... ok        19283 ms
     plan_hashagg-15              ... ok        19418 ms
     plan_hypertable_inline-15    ... ok        18471 ms
     plan_ordered_append          ... ok        19283 ms
     query-15                     ... ok        19397 ms
     relocate_extension           ... ok        20509 ms
     reloptions                   ... ok        19283 ms
     rowsecurity-15               ... ok        19397 ms
     size_utils                   ... ok        19375 ms
     sort_optimization            ... ok        19394 ms
     sql_query                    ... ok        19399 ms
     tableam                      ... ok        19282 ms
     timestamp                    ... ok        19278 ms
     triggers                     ... ok        19371 ms
     truncate                     ... ok        19907 ms
     trusted_extension            ... ok        19907 ms
     update-15                    ... ok        19397 ms
     upsert                       ... ok        19396 ms
parallel group (4 tests):  util version vacuum_parallel vacuum
     util                         ... ok         1659 ms
     vacuum                       ... ok         1689 ms
     vacuum_parallel              ... ok         1688 ms
     version                      ... ok         1685 ms
