test alter                        ... ok         1143 ms
test alternate_users              ... ok          809 ms
test chunk_utils                  ... ok          882 ms
test index                        ... ok         1031 ms
test pg_dump_unprivileged         ... ok          768 ms
test tablespace                   ... ok          751 ms
parallel group (21 tests):  chunks drop_hypertable ddl-15 ddl_extra custom_type create_table create_chunks delete-15 broken_tables baserel_cache cluster-15 ddl_errors drop_extension cursor-15 create_hypertable agg_bookends-15 chunk_adaptive copy-15 constraint-15 drop_owned append-15
     agg_bookends-15              ... ok         5110 ms
     append-15                    ... ok         6593 ms
     baserel_cache                ... ok         5096 ms
     broken_tables                ... ok         5095 ms
     chunk_adaptive               ... ok         5116 ms
     chunks                       ... ok         5083 ms
     cluster-15                   ... ok         5097 ms
     constraint-15                ... ok         5195 ms
     copy-15                      ... ok         5125 ms
     create_chunks                ... ok         5093 ms
     create_hypertable            ... ok         5107 ms
     create_table                 ... ok         5088 ms
     cursor-15                    ... ok         5106 ms
     custom_type                  ... ok         5087 ms
     ddl-15                       ... ok         5086 ms
     ddl_errors                   ... ok         5096 ms
     ddl_extra                    ... ok         5086 ms
     delete-15                    ... ok         5093 ms
     drop_extension               ... FAILED     5098 ms
     drop_hypertable              ... ok         5083 ms
     drop_owned                   ... ok         5213 ms
parallel group (21 tests):  misc null_exclusion partitioning drop_schema hash extension_scripts merge partition parallel-15 license histogram_test dump_meta generated_as_identity drop_rename_hypertable information_views insert_single grant_hypertable lateral insert_returning insert-15 insert_many
     drop_rename_hypertable       ... ok         6276 ms
     drop_schema                  ... ok         6266 ms
     dump_meta                    ... ok         6276 ms
     extension_scripts            ... ok         6267 ms
     generated_as_identity        ... ok         6276 ms
     grant_hypertable             ... ok         6279 ms
     hash                         ... ok         6266 ms
     histogram_test               ... ok         6272 ms
     information_views            ... ok         6275 ms
     insert-15                    ... ok         6456 ms
     insert_many                  ... ok         7505 ms
     insert_returning             ... ok         6303 ms
     insert_single                ... ok         6275 ms
     lateral                      ... ok         6302 ms
     license                      ... ok         6269 ms
     merge                        ... ok         6269 ms
     misc                         ... ok         4917 ms
     null_exclusion               ... ok         6243 ms
     parallel-15                  ... ok         6269 ms
     partition                    ... ok         6269 ms
     partitioning                 ... ok         6248 ms
parallel group (21 tests):  tableam triggers reloptions rowsecurity-15 upsert update-15 plan_hypertable_inline-15 plain sort_optimization timestamp query-15 sql_query partitionwise-15 size_utils plan_expand_hypertable-15 plan_ordered_append trusted_extension truncate relocate_extension plan_hashagg-15 pg_join
     partitionwise-15             ... ok         7611 ms
     pg_join                      ... ok         9895 ms
     plain                        ... ok         7596 ms
     plan_expand_hypertable-15    ... ok         7614 ms
     plan_hashagg-15              ... ok         8856 ms
     plan_hypertable_inline-15    ... ok         7594 ms
     plan_ordered_append          ... ok         7717 ms
     query-15                     ... ok         7610 ms
     relocate_extension           ... ok         8279 ms
     reloptions                   ... ok         7533 ms
     rowsecurity-15               ... ok         7548 ms
     size_utils                   ... ok         7610 ms
     sort_optimization            ... ok         7595 ms
     sql_query                    ... ok         7610 ms
     tableam                      ... ok         6905 ms
     timestamp                    ... ok         7607 ms
     triggers                     ... ok         7531 ms
     truncate                     ... ok         8004 ms
     trusted_extension            ... ok         8000 ms
     update-15                    ... ok         7592 ms
     upsert                       ... ok         7588 ms
parallel group (4 tests):  version util vacuum vacuum_parallel
     util                         ... ok          697 ms
     vacuum                       ... ok          699 ms
     vacuum_parallel              ... ok          700 ms
     version                      ... ok          690 ms
