test alter                        ... ok         2486 ms
test alternate_users              ... ok         1679 ms
test chunk_utils                  ... ok         1863 ms
test index                        ... ok         2192 ms
test pg_dump_unprivileged         ... ok         1511 ms
test tablespace                   ... ok         1533 ms
parallel group (21 tests):  create_table delete-15 baserel_cache cluster-15 ddl_errors create_hypertable ddl-15 broken_tables chunks drop_hypertable custom_type create_chunks agg_bookends-15 ddl_extra cursor-15 drop_extension chunk_adaptive copy-15 append-15 constraint-15 drop_owned
     agg_bookends-15              ... ok        11268 ms
     append-15                    ... ok        11294 ms
     baserel_cache                ... ok        11256 ms
     broken_tables                ... ok        11263 ms
     chunk_adaptive               ... ok        11293 ms
     chunks                       ... ok        11263 ms
     cluster-15                   ... ok        11255 ms
     constraint-15                ... ok        11508 ms
     copy-15                      ... ok        11293 ms
     create_chunks                ... ok        11265 ms
     create_hypertable            ... ok        11256 ms
     create_table                 ... ok        11250 ms
     cursor-15                    ... ok        11267 ms
     custom_type                  ... ok        11265 ms
     ddl-15                       ... ok        11257 ms
     ddl_errors                   ... ok        11254 ms
     ddl_extra                    ... ok        11266 ms
     delete-15                    ... ok        11250 ms
     drop_extension               ... FAILED    11267 ms
     drop_hypertable              ... ok        11263 ms
     drop_owned                   ... ok        11538 ms
parallel group (21 tests):  partitioning hash dump_meta information_views drop_rename_hypertable license insert_returning histogram_test misc lateral extension_scripts insert_single merge grant_hypertable null_exclusion drop_schema generated_as_identity parallel-15 partition insert-15 insert_many
     drop_rename_hypertable       ... ok        15597 ms
     drop_schema                  ... ok        15687 ms
     dump_meta                    ... ok        15597 ms
     extension_scripts            ... ok        15622 ms
     generated_as_identity        ... ok        15686 ms
     grant_hypertable             ... ok        15622 ms
     hash                         ... ok        15596 ms
     histogram_test               ... ok        15620 ms
     information_views            ... ok        15597 ms
     insert-15                    ... ok        16114 ms
     insert_many                  ... ok        18303 ms
     insert_returning             ... ok        15611 ms
     insert_single                ... ok        15621 ms
     lateral                      ... ok        15619 ms
     license                      ... ok        15597 ms
     merge                        ... ok        15620 ms
     misc                         ... ok        15619 ms
     null_exclusion               ... ok        15621 ms
     parallel-15                  ... ok        15702 ms
     partition                    ... ok        15702 ms
     partitioning                 ... ok        11500 ms
parallel group (21 tests):  reloptions triggers plan_hypertable_inline-15 plain sort_optimization timestamp tableam partitionwise-15 size_utils sql_query update-15 upsert plan_expand_hypertable-15 plan_hashagg-15 plan_ordered_append query-15 rowsecurity-15 trusted_extension truncate pg_join relocate_extension
     partitionwise-15             ... ok        19471 ms
     pg_join                      ... ok        20074 ms
     plain                        ... ok        19440 ms
     plan_expand_hypertable-15    ... ok        19497 ms
     plan_hashagg-15              ... ok        19497 ms
     plan_hypertable_inline-15    ... ok        19436 ms
     plan_ordered_append          ... ok        19497 ms
     query-15                     ... ok        19497 ms
     relocate_extension           ... ok        20731 ms
     reloptions                   ... ok        18507 ms
     rowsecurity-15               ... ok        19497 ms
     size_utils                   ... ok        19470 ms
     sort_optimization            ... ok        19439 ms
     sql_query                    ... ok        19470 ms
     tableam                      ... ok        19462 ms
     timestamp                    ... ok        19461 ms
     triggers                     ... ok        19432 ms
     truncate                     ... ok        20073 ms
     trusted_extension            ... ok        19983 ms
     update-15                    ... ok        19470 ms
     upsert                       ... ok        19475 ms
parallel group (4 tests):  util vacuum_parallel vacuum version
     util                         ... ok         1629 ms
     vacuum                       ... ok         1664 ms
     vacuum_parallel              ... ok         1661 ms
     version                      ... ok         1664 ms
