test init                         ... FAILED       51 ms
parallel group (2 tests):  dbms_pipe_session_B dbms_pipe_session_A
     dbms_pipe_session_A          ... FAILED      154 ms
     dbms_pipe_session_B          ... FAILED      129 ms
parallel group (3 tests):  dbms_alert_session_C dbms_alert_session_B dbms_alert_session_A
     dbms_alert_session_A         ... FAILED     3132 ms
     dbms_alert_session_B         ... FAILED      131 ms
     dbms_alert_session_C         ... FAILED      124 ms
test orafce                       ... FAILED       77 ms
test orafce2                      ... FAILED        4 ms
test dbms_output                  ... FAILED      226 ms
test dbms_utility                 ... FAILED       24 ms
test files                        ... FAILED       28 ms
test varchar2                     ... FAILED       31 ms
test nvarchar2                    ... FAILED       32 ms
test aggregates                   ... FAILED       42 ms
test nlssort                      ... FAILED      116 ms
test dbms_random                  ... FAILED       14 ms
test regexp_func                  ... FAILED       52 ms
test dbms_sql                     ... FAILED       55 ms
