test alter                        ... ok         1150 ms
test alternate_users              ... ok          812 ms
test chunk_utils                  ... ok          879 ms
test index                        ... ok         1030 ms
test pg_dump_unprivileged         ... ok          783 ms
test tablespace                   ... ok          727 ms
parallel group (21 tests):  baserel_cache create_chunks custom_type delete-15 ddl-15 drop_extension broken_tables cursor-15 drop_hypertable cluster-15 chunks create_hypertable ddl_extra agg_bookends-15 chunk_adaptive ddl_errors create_table copy-15 constraint-15 drop_owned append-15
     agg_bookends-15              ... ok         5392 ms
     append-15                    ... ok         6644 ms
     baserel_cache                ... ok         5368 ms
     broken_tables                ... ok         5385 ms
     chunk_adaptive               ... ok         5392 ms
     chunks                       ... ok         5390 ms
     cluster-15                   ... ok         5388 ms
     constraint-15                ... ok         5480 ms
     copy-15                      ... ok         5407 ms
     create_chunks                ... ok         5371 ms
     create_hypertable            ... ok         5391 ms
     create_table                 ... ok         5396 ms
     cursor-15                    ... ok         5385 ms
     custom_type                  ... ok         5371 ms
     ddl-15                       ... ok         5373 ms
     ddl_errors                   ... ok         5395 ms
     ddl_extra                    ... ok         5390 ms
     delete-15                    ... ok         5373 ms
     drop_extension               ... FAILED     5375 ms
     drop_hypertable              ... ok         5384 ms
     drop_owned                   ... ok         5501 ms
parallel group (21 tests):  hash partitioning merge license drop_rename_hypertable generated_as_identity misc drop_schema parallel-15 dump_meta null_exclusion lateral information_views insert_returning histogram_test insert_single grant_hypertable partition extension_scripts insert-15 insert_many
     drop_rename_hypertable       ... ok         5824 ms
     drop_schema                  ... ok         5826 ms
     dump_meta                    ... ok         5839 ms
     extension_scripts            ... ok         5856 ms
     generated_as_identity        ... ok         5826 ms
     grant_hypertable             ... ok         5853 ms
     hash                         ... ok         4497 ms
     histogram_test               ... ok         5852 ms
     information_views            ... ok         5843 ms
     insert-15                    ... ok         6446 ms
     insert_many                  ... ok         7455 ms
     insert_returning             ... ok         5846 ms
     insert_single                ... ok         5852 ms
     lateral                      ... ok         5843 ms
     license                      ... ok         5821 ms
     merge                        ... ok         5816 ms
     misc                         ... ok         5824 ms
     null_exclusion               ... ok         5839 ms
     parallel-15                  ... ok         5832 ms
     partition                    ... ok         5851 ms
     partitioning                 ... ok         5813 ms
parallel group (21 tests):  sort_optimization reloptions upsert timestamp plain tableam plan_hypertable_inline-15 partitionwise-15 sql_query query-15 update-15 triggers size_utils plan_expand_hypertable-15 rowsecurity-15 plan_ordered_append trusted_extension truncate relocate_extension plan_hashagg-15 pg_join
     partitionwise-15             ... ok         7242 ms
     pg_join                      ... ok         9753 ms
     plain                        ... FAILED     7239 ms
     plan_expand_hypertable-15    ... ok         7271 ms
     plan_hashagg-15              ... ok         8906 ms
     plan_hypertable_inline-15    ... ok         7241 ms
     plan_ordered_append          ... ok         7571 ms
     query-15                     ... ok         7245 ms
     relocate_extension           ... ok         7961 ms
     reloptions                   ... ok         7221 ms
     rowsecurity-15               ... ok         7271 ms
     size_utils                   ... ok         7259 ms
     sort_optimization            ... ok         6708 ms
     sql_query                    ... ok         7242 ms
     tableam                      ... ok         7240 ms
     timestamp                    ... ok         7237 ms
     triggers                     ... ok         7258 ms
     truncate                     ... ok         7719 ms
     trusted_extension            ... ok         7718 ms
     update-15                    ... ok         7251 ms
     upsert                       ... ok         7232 ms
parallel group (4 tests):  version util vacuum vacuum_parallel
     util                         ... ok          686 ms
     vacuum                       ... ok          687 ms
     vacuum_parallel              ... ok          688 ms
     version                      ... ok          678 ms
