test alter                        ... ok         2406 ms
test alternate_users              ... ok         1691 ms
test chunk_utils                  ... ok         1861 ms
test index                        ... ok         2216 ms
test pg_dump_unprivileged         ... ok         1469 ms
test tablespace                   ... ok         1524 ms
parallel group (21 tests):  chunks create_table broken_tables custom_type drop_extension baserel_cache ddl_extra ddl-15 delete-15 cursor-15 drop_hypertable cluster-15 ddl_errors agg_bookends-15 create_hypertable create_chunks chunk_adaptive copy-15 append-15 constraint-15 drop_owned
     agg_bookends-15              ... ok        10967 ms
     append-15                    ... ok        10981 ms
     baserel_cache                ... ok        10961 ms
     broken_tables                ... ok        10959 ms
     chunk_adaptive               ... ok        10970 ms
     chunks                       ... ok        10953 ms
     cluster-15                   ... ok        10966 ms
     constraint-15                ... ok        11150 ms
     copy-15                      ... ok        10980 ms
     create_chunks                ... ok        10969 ms
     create_hypertable            ... ok        10966 ms
     create_table                 ... ok        10955 ms
     cursor-15                    ... ok        10965 ms
     custom_type                  ... ok        10958 ms
     ddl-15                       ... ok        10960 ms
     ddl_errors                   ... ok        10966 ms
     ddl_extra                    ... ok        10960 ms
     delete-15                    ... ok        10964 ms
     drop_extension               ... FAILED    10958 ms
     drop_hypertable              ... ok        10964 ms
     drop_owned                   ... ok        11229 ms
parallel group (21 tests):  hash drop_schema histogram_test generated_as_identity drop_rename_hypertable grant_hypertable insert_returning lateral dump_meta insert_single partitioning null_exclusion merge partition misc information_views license parallel-15 extension_scripts insert-15 insert_many
     drop_rename_hypertable       ... ok        15515 ms
     drop_schema                  ... ok        15500 ms
     dump_meta                    ... ok        15515 ms
     extension_scripts            ... ok        15601 ms
     generated_as_identity        ... ok        15514 ms
     grant_hypertable             ... ok        15515 ms
     hash                         ... ok        11143 ms
     histogram_test               ... ok        15513 ms
     information_views            ... ok        15584 ms
     insert-15                    ... ok        16399 ms
     insert_many                  ... ok        18450 ms
     insert_returning             ... ok        15514 ms
     insert_single                ... ok        15514 ms
     lateral                      ... ok        15514 ms
     license                      ... ok        15583 ms
     merge                        ... ok        15520 ms
     misc                         ... ok        15583 ms
     null_exclusion               ... ok        15514 ms
     parallel-15                  ... ok        15583 ms
     partition                    ... ok        15519 ms
     partitioning                 ... ok        15514 ms
parallel group (21 tests):  tableam plan_hypertable_inline-15 plain sql_query size_utils plan_expand_hypertable-15 timestamp partitionwise-15 reloptions plan_ordered_append sort_optimization plan_hashagg-15 upsert rowsecurity-15 query-15 triggers update-15 pg_join truncate trusted_extension relocate_extension
     partitionwise-15             ... ok        19794 ms
     pg_join                      ... ok        20152 ms
     plain                        ... ok        19673 ms
     plan_expand_hypertable-15    ... ok        19692 ms
     plan_hashagg-15              ... ok        19795 ms
     plan_hypertable_inline-15    ... ok        19673 ms
     plan_ordered_append          ... ok        19794 ms
     query-15                     ... ok        19794 ms
     relocate_extension           ... ok        20178 ms
     reloptions                   ... ok        19794 ms
     rowsecurity-15               ... ok        19794 ms
     size_utils                   ... ok        19684 ms
     sort_optimization            ... ok        19794 ms
     sql_query                    ... ok        19673 ms
     tableam                      ... ok        19668 ms
     timestamp                    ... ok        19763 ms
     triggers                     ... ok        19794 ms
     truncate                     ... ok        20174 ms
     trusted_extension            ... ok        20177 ms
     update-15                    ... ok        19793 ms
     upsert                       ... ok        19793 ms
parallel group (4 tests):  util version vacuum vacuum_parallel
     util                         ... ok         1586 ms
     vacuum                       ... ok         1613 ms
     vacuum_parallel              ... ok         1613 ms
     version                      ... ok         1609 ms
