test alter                        ... ok         2463 ms
test alternate_users              ... ok         1695 ms
test chunk_utils                  ... ok         1860 ms
test index                        ... ok         2201 ms
test pg_dump_unprivileged         ... ok         1493 ms
test tablespace                   ... ok         1538 ms
parallel group (21 tests):  chunks ddl_extra broken_tables drop_extension create_chunks ddl_errors baserel_cache delete-15 custom_type drop_hypertable create_table chunk_adaptive cluster-15 copy-15 create_hypertable cursor-15 ddl-15 agg_bookends-15 append-15 constraint-15 drop_owned
     agg_bookends-15              ... ok        11852 ms
     append-15                    ... ok        11853 ms
     baserel_cache                ... ok        11826 ms
     broken_tables                ... ok        11818 ms
     chunk_adaptive               ... ok        11826 ms
     chunks                       ... ok        11808 ms
     cluster-15                   ... ok        11826 ms
     constraint-15                ... ok        12051 ms
     copy-15                      ... ok        11827 ms
     create_chunks                ... ok        11820 ms
     create_hypertable            ... ok        11828 ms
     create_table                 ... ok        11826 ms
     cursor-15                    ... ok        11848 ms
     custom_type                  ... ok        11825 ms
     ddl-15                       ... ok        11851 ms
     ddl_errors                   ... ok        11825 ms
     ddl_extra                    ... ok        11815 ms
     delete-15                    ... ok        11825 ms
     drop_extension               ... FAILED    11819 ms
     drop_hypertable              ... ok        11825 ms
     drop_owned                   ... ok        12076 ms
parallel group (21 tests):  null_exclusion lateral drop_schema insert_returning misc grant_hypertable information_views partition parallel-15 merge generated_as_identity hash dump_meta insert_single partitioning drop_rename_hypertable histogram_test extension_scripts license insert-15 insert_many
     drop_rename_hypertable       ... ok        15721 ms
     drop_schema                  ... ok        15698 ms
     dump_meta                    ... ok        15719 ms
     extension_scripts            ... ok        15721 ms
     generated_as_identity        ... ok        15718 ms
     grant_hypertable             ... ok        15714 ms
     hash                         ... ok        15718 ms
     histogram_test               ... ok        15720 ms
     information_views            ... ok        15714 ms
     insert-15                    ... ok        16285 ms
     insert_many                  ... ok        18435 ms
     insert_returning             ... ok        15697 ms
     insert_single                ... ok        15718 ms
     lateral                      ... FAILED    15677 ms
     license                      ... ok        15720 ms
     merge                        ... ok        15715 ms
     misc                         ... ok        15697 ms
     null_exclusion               ... ok        11340 ms
     parallel-15                  ... ok        15714 ms
     partition                    ... ok        15714 ms
     partitioning                 ... ok        15717 ms
parallel group (21 tests):  reloptions update-15 timestamp tableam triggers query-15 sort_optimization upsert size_utils plan_hypertable_inline-15 sql_query partitionwise-15 plain rowsecurity-15 plan_expand_hypertable-15 plan_hashagg-15 plan_ordered_append trusted_extension truncate pg_join relocate_extension
     partitionwise-15             ... ok        19456 ms
     pg_join                      ... ok        20302 ms
     plain                        ... FAILED    19456 ms
     plan_expand_hypertable-15    ... ok        19479 ms
     plan_hashagg-15              ... ok        19489 ms
     plan_hypertable_inline-15    ... ok        19449 ms
     plan_ordered_append          ... ok        19489 ms
     query-15                     ... ok        19447 ms
     relocate_extension           ... ok        20749 ms
     reloptions                   ... ok        18244 ms
     rowsecurity-15               ... ok        19455 ms
     size_utils                   ... ok        19448 ms
     sort_optimization            ... ok        19446 ms
     sql_query                    ... ok        19449 ms
     tableam                      ... ok        19441 ms
     timestamp                    ... ok        19440 ms
     triggers                     ... ok        19441 ms
     truncate                     ... ok        20284 ms
     trusted_extension            ... ok        20147 ms
     update-15                    ... ok        19437 ms
     upsert                       ... ok        19445 ms
parallel group (4 tests):  util version vacuum_parallel vacuum
     util                         ... ok         1666 ms
     vacuum                       ... ok         1694 ms
     vacuum_parallel              ... ok         1694 ms
     version                      ... ok         1691 ms
