test alter                        ... ok         2414 ms
test alternate_users              ... ok         1696 ms
test chunk_utils                  ... ok         1853 ms
test index                        ... ok         2233 ms
test pg_dump_unprivileged         ... ok         1479 ms
test tablespace                   ... ok         1524 ms
parallel group (21 tests):  create_chunks ddl_extra broken_tables cursor-15 create_table cluster-15 baserel_cache agg_bookends-15 delete-15 chunks ddl-15 custom_type drop_hypertable ddl_errors create_hypertable drop_extension append-15 chunk_adaptive copy-15 constraint-15 drop_owned
     agg_bookends-15              ... ok        11105 ms
     append-15                    ... ok        11113 ms
     baserel_cache                ... ok        11104 ms
     broken_tables                ... ok        11100 ms
     chunk_adaptive               ... ok        11136 ms
     chunks                       ... ok        11106 ms
     cluster-15                   ... ok        11103 ms
     constraint-15                ... ok        11344 ms
     copy-15                      ... ok        11143 ms
     create_chunks                ... ok        11094 ms
     create_hypertable            ... ok        11111 ms
     create_table                 ... ok        11102 ms
     cursor-15                    ... ok        11100 ms
     custom_type                  ... ok        11108 ms
     ddl-15                       ... ok        11106 ms
     ddl_errors                   ... ok        11108 ms
     ddl_extra                    ... ok        11099 ms
     delete-15                    ... ok        11103 ms
     drop_extension               ... FAILED    11110 ms
     drop_hypertable              ... ok        11108 ms
     drop_owned                   ... ok        11377 ms
parallel group (21 tests):  generated_as_identity histogram_test lateral dump_meta drop_schema information_views merge misc partitioning insert_returning null_exclusion license grant_hypertable drop_rename_hypertable extension_scripts insert_single parallel-15 partition hash insert-15 insert_many
     drop_rename_hypertable       ... ok        15482 ms
     drop_schema                  ... ok        15477 ms
     dump_meta                    ... ok        15476 ms
     extension_scripts            ... ok        15483 ms
     generated_as_identity        ... ok        11591 ms
     grant_hypertable             ... ok        15479 ms
     hash                         ... ok        15531 ms
     histogram_test               ... ok        15440 ms
     information_views            ... ok        15476 ms
     insert-15                    ... ok        15968 ms
     insert_many                  ... ok        18108 ms
     insert_returning             ... ok        15477 ms
     insert_single                ... ok        15482 ms
     lateral                      ... ok        15458 ms
     license                      ... ok        15478 ms
     merge                        ... ok        15475 ms
     misc                         ... ok        15475 ms
     null_exclusion               ... ok        15477 ms
     parallel-15                  ... ok        15481 ms
     partition                    ... ok        15481 ms
     partitioning                 ... ok        15475 ms
parallel group (21 tests):  tableam timestamp triggers partitionwise-15 query-15 update-15 plain upsert rowsecurity-15 sort_optimization plan_hypertable_inline-15 reloptions sql_query size_utils plan_ordered_append plan_expand_hypertable-15 plan_hashagg-15 pg_join trusted_extension truncate relocate_extension
     partitionwise-15             ... ok        19047 ms
     pg_join                      ... ok        19306 ms
     plain                        ... FAILED    19047 ms
     plan_expand_hypertable-15    ... ok        19159 ms
     plan_hashagg-15              ... ok        19170 ms
     plan_hypertable_inline-15    ... ok        19142 ms
     plan_ordered_append          ... ok        19158 ms
     query-15                     ... ok        19046 ms
     relocate_extension           ... ok        20262 ms
     reloptions                   ... ok        19141 ms
     rowsecurity-15               ... ok        19073 ms
     size_utils                   ... ok        19154 ms
     sort_optimization            ... ok        19141 ms
     sql_query                    ... ok        19154 ms
     tableam                      ... ok        18325 ms
     timestamp                    ... ok        19045 ms
     triggers                     ... ok        19045 ms
     truncate                     ... ok        19650 ms
     trusted_extension            ... ok        19649 ms
     update-15                    ... ok        19045 ms
     upsert                       ... ok        19047 ms
parallel group (4 tests):  version util vacuum vacuum_parallel
     util                         ... ok         1593 ms
     vacuum                       ... ok         1596 ms
     vacuum_parallel              ... ok         1596 ms
     version                      ... ok         1565 ms
