-- test startup failure
set plv8.start_proc = foo;
do $$ plv8.elog(NOTICE, 'foo = ' + foo) $$ language plv8;
ERROR:  language "plv8" does not exist
\c
set plv8.start_proc = startup;
do $$ plv8.elog(NOTICE, 'foo = ' + foo) $$ language plv8;
ERROR:  language "plv8" does not exist
update    plv8_modules set code = 'foo=98765;' where modname = 'startup';
-- startup code should not be reloaded
do $$ plv8.elog(NOTICE, 'foo = ' + foo) $$ language plv8;
ERROR:  language "plv8" does not exist
do $$ load_module('testme'); plv8.elog (NOTICE,'bar = ' + bar);$$ language plv8;
ERROR:  language "plv8" does not exist
CREATE ROLE someone_else;
SET ROLE to someone_else;
reset plv8.start_proc;
-- should fail because of a reference error
do $$ plv8.elog(NOTICE, 'foo = ' + foo) $$ language plv8;
ERROR:  language "plv8" does not exist
RESET ROLE;
DROP ROLE someone_else;
