test alter                        ... ok         2495 ms
test alternate_users              ... ok         1696 ms
test chunk_utils                  ... ok         1861 ms
test index                        ... ok         2214 ms
test pg_dump_unprivileged         ... ok         1556 ms
test tablespace                   ... ok         1518 ms
parallel group (21 tests):  chunks ddl_extra custom_type broken_tables baserel_cache create_table cursor-15 delete-15 create_hypertable create_chunks drop_hypertable ddl-15 drop_extension agg_bookends-15 ddl_errors cluster-15 append-15 chunk_adaptive copy-15 constraint-15 drop_owned
     agg_bookends-15              ... ok        11482 ms
     append-15                    ... ok        11483 ms
     baserel_cache                ... ok        11473 ms
     broken_tables                ... ok        11463 ms
     chunk_adaptive               ... ok        11503 ms
     chunks                       ... ok        11458 ms
     cluster-15                   ... ok        11482 ms
     constraint-15                ... ok        11672 ms
     copy-15                      ... ok        11509 ms
     create_chunks                ... ok        11477 ms
     create_hypertable            ... ok        11476 ms
     create_table                 ... ok        11473 ms
     cursor-15                    ... ok        11474 ms
     custom_type                  ... ok        11461 ms
     ddl-15                       ... ok        11478 ms
     ddl_errors                   ... ok        11480 ms
     ddl_extra                    ... ok        11460 ms
     delete-15                    ... ok        11475 ms
     drop_extension               ... FAILED    11480 ms
     drop_hypertable              ... ok        11477 ms
     drop_owned                   ... ok        11730 ms
parallel group (21 tests):  partitioning lateral extension_scripts histogram_test information_views license insert_single null_exclusion generated_as_identity misc drop_rename_hypertable drop_schema hash dump_meta partition grant_hypertable parallel-15 merge insert_returning insert-15 insert_many
     drop_rename_hypertable       ... ok        15786 ms
     drop_schema                  ... ok        15786 ms
     dump_meta                    ... ok        15787 ms
     extension_scripts            ... ok        15688 ms
     generated_as_identity        ... ok        15745 ms
     grant_hypertable             ... ok        15788 ms
     hash                         ... ok        15786 ms
     histogram_test               ... ok        15688 ms
     information_views            ... ok        15688 ms
     insert-15                    ... ok        16201 ms
     insert_many                  ... ok        18309 ms
     insert_returning             ... ok        15788 ms
     insert_single                ... ok        15688 ms
     lateral                      ... ok        15673 ms
     license                      ... ok        15687 ms
     merge                        ... ok        15787 ms
     misc                         ... ok        15763 ms
     null_exclusion               ... ok        15687 ms
     parallel-15                  ... ok        15787 ms
     partition                    ... ok        15785 ms
     partitioning                 ... ok        11654 ms
parallel group (21 tests):  plan_hypertable_inline-15 tableam reloptions sort_optimization query-15 sql_query triggers size_utils upsert partitionwise-15 rowsecurity-15 plain timestamp update-15 plan_ordered_append plan_hashagg-15 plan_expand_hypertable-15 trusted_extension truncate pg_join relocate_extension
     partitionwise-15             ... ok        19105 ms
     pg_join                      ... ok        19940 ms
     plain                        ... ok        19105 ms
     plan_expand_hypertable-15    ... ok        19142 ms
     plan_hashagg-15              ... ok        19141 ms
     plan_hypertable_inline-15    ... ok        17895 ms
     plan_ordered_append          ... ok        19141 ms
     query-15                     ... ok        19088 ms
     relocate_extension           ... ok        20475 ms
     reloptions                   ... ok        19087 ms
     rowsecurity-15               ... ok        19104 ms
     size_utils                   ... ok        19104 ms
     sort_optimization            ... ok        19087 ms
     sql_query                    ... ok        19088 ms
     tableam                      ... ok        19086 ms
     timestamp                    ... ok        19104 ms
     triggers                     ... ok        19088 ms
     truncate                     ... ok        19931 ms
     trusted_extension            ... ok        19792 ms
     update-15                    ... ok        19103 ms
     upsert                       ... ok        19103 ms
parallel group (4 tests):  util version vacuum vacuum_parallel
     util                         ... ok         1595 ms
     vacuum                       ... ok         1624 ms
     vacuum_parallel              ... ok         1624 ms
     version                      ... ok         1620 ms
