test alter                        ... ok         1411 ms
test alternate_users              ... ok         1057 ms
test chunk_utils                  ... ok         1137 ms
test index                        ... ok         1325 ms
test pg_dump_unprivileged         ... ok          946 ms
test tablespace                   ... ok          939 ms
parallel group (21 tests):  create_table cursor-15 broken_tables cluster-15 chunks baserel_cache ddl_extra drop_extension create_hypertable ddl-15 create_chunks chunk_adaptive custom_type ddl_errors delete-15 drop_hypertable agg_bookends-15 copy-15 constraint-15 drop_owned append-15
     agg_bookends-15              ... ok         8853 ms
     append-15                    ... ok         9092 ms
     baserel_cache                ... ok         8838 ms
     broken_tables                ... ok         8823 ms
     chunk_adaptive               ... ok         8851 ms
     chunks                       ... ok         8823 ms
     cluster-15                   ... ok         8823 ms
     constraint-15                ... ok         9065 ms
     copy-15                      ... ok         8870 ms
     create_chunks                ... ok         8849 ms
     create_hypertable            ... ok         8844 ms
     create_table                 ... ok         8810 ms
     cursor-15                    ... ok         8818 ms
     custom_type                  ... ok         8850 ms
     ddl-15                       ... ok         8847 ms
     ddl_errors                   ... ok         8849 ms
     ddl_extra                    ... ok         8843 ms
     delete-15                    ... ok         8849 ms
     drop_extension               ... FAILED     8843 ms
     drop_hypertable              ... ok         8849 ms
     drop_owned                   ... ok         9089 ms
parallel group (21 tests):  partitioning null_exclusion hash parallel-15 drop_rename_hypertable histogram_test lateral partition merge dump_meta information_views grant_hypertable extension_scripts license insert_returning generated_as_identity misc drop_schema insert_single insert-15 insert_many
     drop_rename_hypertable       ... ok        11187 ms
     drop_schema                  ... ok        11240 ms
     dump_meta                    ... ok        11188 ms
     extension_scripts            ... ok        11192 ms
     generated_as_identity        ... ok        11239 ms
     grant_hypertable             ... ok        11191 ms
     hash                         ... ok        11175 ms
     histogram_test               ... ok        11187 ms
     information_views            ... ok        11187 ms
     insert-15                    ... ok        11665 ms
     insert_many                  ... ok        13341 ms
     insert_returning             ... ok        11236 ms
     insert_single                ... ok        11241 ms
     lateral                      ... ok        11186 ms
     license                      ... ok        11235 ms
     merge                        ... ok        11186 ms
     misc                         ... ok        11238 ms
     null_exclusion               ... ok        11159 ms
     parallel-15                  ... ok        11185 ms
     partition                    ... ok        11185 ms
     partitioning                 ... ok         8137 ms
parallel group (21 tests):  upsert triggers tableam update-15 timestamp plan_ordered_append rowsecurity-15 sort_optimization plan_hypertable_inline-15 sql_query partitionwise-15 plain reloptions query-15 plan_hashagg-15 size_utils plan_expand_hypertable-15 relocate_extension truncate trusted_extension pg_join
     partitionwise-15             ... ok        16528 ms
     pg_join                      ... ok        17198 ms
     plain                        ... FAILED    16528 ms
     plan_expand_hypertable-15    ... ok        16534 ms
     plan_hashagg-15              ... ok        16533 ms
     plan_hypertable_inline-15    ... ok        16510 ms
     plan_ordered_append          ... ok        16443 ms
     query-15                     ... ok        16528 ms
     relocate_extension           ... ok        16687 ms
     reloptions                   ... ok        16527 ms
     rowsecurity-15               ... ok        16445 ms
     size_utils                   ... ok        16533 ms
     sort_optimization            ... ok        16508 ms
     sql_query                    ... ok        16510 ms
     tableam                      ... ok        16407 ms
     timestamp                    ... ok        16436 ms
     triggers                     ... ok        16407 ms
     truncate                     ... ok        16713 ms
     trusted_extension            ... ok        16713 ms
     update-15                    ... ok        16421 ms
     upsert                       ... ok        16406 ms
parallel group (4 tests):  version util vacuum_parallel vacuum
     util                         ... ok         1426 ms
     vacuum                       ... ok         1429 ms
     vacuum_parallel              ... ok         1429 ms
     version                      ... ok         1398 ms
