2023-11-25 01:51:54.608 UTC [40637] LOG:  00000: number of prepared transactions has not been configured, overriding
2023-11-25 01:51:54.608 UTC [40637] DETAIL:  max_prepared_transactions is now set to 200
2023-11-25 01:51:54.608 UTC [40637] LOCATION:  AdjustMaxPreparedTransactions, transaction_management.c:761
2023-11-25 01:51:54.625 UTC [40637] LOG:  00000: starting PostgreSQL 15.3 on x86_64-pc-linux-gnu, compiled by gcc (Ubuntu 11.3.0-1ubuntu1~22.04.1) 11.3.0, 64-bit
2023-11-25 01:51:54.625 UTC [40637] LOCATION:  PostmasterMain, postmaster.c:1189
2023-11-25 01:51:54.626 UTC [40637] LOG:  00000: listening on IPv4 address "127.0.0.1", port 57636
2023-11-25 01:51:54.626 UTC [40637] LOCATION:  StreamServerPort, pqcomm.c:582
2023-11-25 01:51:54.626 UTC [40637] LOG:  00000: listening on Unix socket "/tmp/.s.PGSQL.57636"
2023-11-25 01:51:54.626 UTC [40637] LOCATION:  StreamServerPort, pqcomm.c:577
2023-11-25 01:51:54.627 UTC [40640] LOG:  00000: database system was shut down at 2023-11-25 01:51:54 UTC
2023-11-25 01:51:54.627 UTC [40640] LOCATION:  StartupXLOG, xlog.c:4928
2023-11-25 01:51:54.629 UTC [40637] LOG:  00000: database system is ready to accept connections
2023-11-25 01:51:54.629 UTC [40637] LOCATION:  reaper, postmaster.c:3117
2023-11-25 01:51:55.386 UTC [40707] LOG:  00000: starting maintenance daemon on database 16384 user 10
2023-11-25 01:51:55.386 UTC [40707] CONTEXT:  Citus maintenance daemon for database 16384 user 10
2023-11-25 01:51:55.386 UTC [40707] LOCATION:  CitusMaintenanceDaemonMain, maintenanced.c:373
2023-11-25 01:51:55.388 UTC [40706] ERROR:  42704: unrecognized configuration parameter "cron.database_name"
2023-11-25 01:51:55.388 UTC [40706] CONTEXT:  PL/pgSQL function inline_code_block line 3 at IF
2023-11-25 01:51:55.388 UTC [40706] LOCATION:  find_option, guc.c:5710
2023-11-25 01:51:55.388 UTC [40706] STATEMENT:  CREATE EXTENSION IF NOT EXISTS "pg_cron"
2023-11-25 01:51:55.392 UTC [40637] LOG:  00000: received fast shutdown request
2023-11-25 01:51:55.392 UTC [40637] LOCATION:  pmdie, postmaster.c:2904
2023-11-25 01:51:55.392 UTC [40637] LOG:  00000: aborting any active transactions
2023-11-25 01:51:55.392 UTC [40637] LOCATION:  pmdie, postmaster.c:2922
2023-11-25 01:51:55.393 UTC [40637] LOG:  00000: background worker "logical replication launcher" (PID 40643) exited with exit code 1
2023-11-25 01:51:55.393 UTC [40637] LOCATION:  LogChildExit, postmaster.c:3737
2023-11-25 01:51:55.394 UTC [40638] LOG:  00000: shutting down
2023-11-25 01:51:55.394 UTC [40638] LOCATION:  ShutdownXLOG, xlog.c:6039
2023-11-25 01:51:55.394 UTC [40638] LOG:  00000: checkpoint starting: shutdown immediate
2023-11-25 01:51:55.394 UTC [40638] LOCATION:  LogCheckpointStart, xlog.c:6089
2023-11-25 01:51:55.400 UTC [40638] LOG:  00000: checkpoint complete: wrote 1091 buffers (6.7%); 0 WAL file(s) added, 0 removed, 0 recycled; write=0.006 s, sync=0.001 s, total=0.006 s; sync files=0, longest=0.000 s, average=0.000 s; distance=6442 kB, estimate=6442 kB
2023-11-25 01:51:55.400 UTC [40638] LOCATION:  LogCheckpointEnd, xlog.c:6170
2023-11-25 01:51:55.407 UTC [40637] LOG:  00000: database system is shut down
2023-11-25 01:51:55.407 UTC [40637] LOCATION:  UnlinkLockFiles, miscinit.c:977
