test alter                        ... ok         2397 ms
test alternate_users              ... ok         1701 ms
test chunk_utils                  ... ok         1837 ms
test index                        ... ok         2243 ms
test pg_dump_unprivileged         ... ok         1477 ms
test tablespace                   ... ok         1507 ms
parallel group (21 tests):  chunks create_table cursor-15 custom_type broken_tables baserel_cache create_chunks drop_extension cluster-15 create_hypertable delete-15 drop_hypertable ddl-15 agg_bookends-15 ddl_errors ddl_extra chunk_adaptive copy-15 append-15 constraint-15 drop_owned
     agg_bookends-15              ... ok        11129 ms
     append-15                    ... ok        11155 ms
     baserel_cache                ... ok        11114 ms
     broken_tables                ... ok        11114 ms
     chunk_adaptive               ... ok        11130 ms
     chunks                       ... ok        11111 ms
     cluster-15                   ... ok        11118 ms
     constraint-15                ... ok        11343 ms
     copy-15                      ... ok        11150 ms
     create_chunks                ... ok        11117 ms
     create_hypertable            ... ok        11124 ms
     create_table                 ... ok        11111 ms
     cursor-15                    ... ok        11111 ms
     custom_type                  ... ok        11111 ms
     ddl-15                       ... ok        11127 ms
     ddl_errors                   ... ok        11127 ms
     ddl_extra                    ... ok        11127 ms
     delete-15                    ... ok        11123 ms
     drop_extension               ... FAILED    11116 ms
     drop_hypertable              ... FAILED    11123 ms
     drop_owned                   ... ok        11366 ms
parallel group (21 tests):  hash lateral null_exclusion extension_scripts drop_rename_hypertable partitioning merge grant_hypertable histogram_test parallel-15 license misc insert_returning information_views partition insert_single dump_meta drop_schema generated_as_identity insert-15 insert_many
     drop_rename_hypertable       ... ok        15478 ms
     drop_schema                  ... ok        15550 ms
     dump_meta                    ... ok        15549 ms
     extension_scripts            ... ok        15477 ms
     generated_as_identity        ... ok        15549 ms
     grant_hypertable             ... ok        15477 ms
     hash                         ... ok        10650 ms
     histogram_test               ... ok        15539 ms
     information_views            ... ok        15541 ms
     insert-15                    ... ok        16371 ms
     insert_many                  ... ok        18427 ms
     insert_returning             ... ok        15541 ms
     insert_single                ... ok        15545 ms
     lateral                      ... ok        15445 ms
     license                      ... ok        15539 ms
     merge                        ... ok        15476 ms
     misc                         ... ok        15539 ms
     null_exclusion               ... ok        15467 ms
     parallel-15                  ... ok        15538 ms
     partition                    ... ok        15545 ms
     partitioning                 ... ok        15476 ms
parallel group (21 tests):  partitionwise-15 upsert update-15 timestamp sql_query query-15 tableam reloptions sort_optimization plain plan_hypertable_inline-15 rowsecurity-15 triggers plan_hashagg-15 plan_expand_hypertable-15 plan_ordered_append size_utils relocate_extension trusted_extension truncate pg_join
     partitionwise-15             ... ok        19481 ms
     pg_join                      ... ok        19726 ms
     plain                        ... FAILED    19567 ms
     plan_expand_hypertable-15    ... ok        19617 ms
     plan_hashagg-15              ... ok        19617 ms
     plan_hypertable_inline-15    ... ok        19585 ms
     plan_ordered_append          ... ok        19616 ms
     query-15                     ... ok        19506 ms
     relocate_extension           ... ok        19689 ms
     reloptions                   ... ok        19561 ms
     rowsecurity-15               ... ok        19585 ms
     size_utils                   ... ok        19616 ms
     sort_optimization            ... ok        19566 ms
     sql_query                    ... ok        19506 ms
     tableam                      ... ok        19560 ms
     timestamp                    ... ok        19495 ms
     triggers                     ... ok        19603 ms
     truncate                     ... ok        19721 ms
     trusted_extension            ... ok        19718 ms
     update-15                    ... ok        19480 ms
     upsert                       ... ok        19478 ms
parallel group (4 tests):  util version vacuum_parallel vacuum
     util                         ... ok         1637 ms
     vacuum                       ... ok         1680 ms
     vacuum_parallel              ... ok         1676 ms
     version                      ... ok         1671 ms
