test init-extension               ... FAILED        4 ms
test plv8                         ... FAILED       86 ms
test plv8-errors                  ... FAILED       41 ms
test inline                       ... FAILED       17 ms
test json                         ... FAILED       23 ms
test startup_pre                  ... FAILED       36 ms
test startup                      ... FAILED       37 ms
test varparam                     ... FAILED       17 ms
test json_conv                    ... FAILED       17 ms
test jsonb_conv                   ... FAILED       41 ms
test window                       ... FAILED       56 ms
test guc                          ... FAILED       11 ms
test es6                          ... FAILED       21 ms
test arraybuffer                  ... FAILED       11 ms
test composites                   ... FAILED       13 ms
test currentresource              ... FAILED       18 ms
test startup_perms                ... FAILED       18 ms
test bytea                        ... FAILED       22 ms
test find_function_perms          ... FAILED       23 ms
test memory_limits                ... FAILED       20 ms
test reset                        ... FAILED       19 ms
test show                         ... FAILED       17 ms
test array_spread                 ... FAILED       17 ms
test regression                   ... FAILED       15 ms
