test alter                        ... ok         1373 ms
test alternate_users              ... ok          944 ms
test chunk_utils                  ... ok         1041 ms
test index                        ... ok         1243 ms
test pg_dump_unprivileged         ... ok          936 ms
test tablespace                   ... ok          889 ms
parallel group (21 tests):  baserel_cache create_table custom_type ddl-15 broken_tables chunks cluster-15 delete-15 agg_bookends-15 cursor-15 ddl_extra drop_extension ddl_errors create_chunks drop_hypertable create_hypertable chunk_adaptive copy-15 constraint-15 drop_owned append-15
     agg_bookends-15              ... ok         7857 ms
     append-15                    ... ok         8562 ms
     baserel_cache                ... ok         7841 ms
     broken_tables                ... ok         7852 ms
     chunk_adaptive               ... ok         7873 ms
     chunks                       ... ok         7852 ms
     cluster-15                   ... ok         7853 ms
     constraint-15                ... ok         8002 ms
     copy-15                      ... ok         7874 ms
     create_chunks                ... ok         7859 ms
     create_hypertable            ... ok         7859 ms
     create_table                 ... ok         7842 ms
     cursor-15                    ... ok         7856 ms
     custom_type                  ... ok         7844 ms
     ddl-15                       ... ok         7850 ms
     ddl_errors                   ... ok         7856 ms
     ddl_extra                    ... ok         7856 ms
     delete-15                    ... ok         7853 ms
     drop_extension               ... FAILED     7856 ms
     drop_hypertable              ... ok         7858 ms
     drop_owned                   ... ok         8017 ms
parallel group (21 tests):  partitioning drop_rename_hypertable insert_returning misc parallel-15 partition drop_schema merge generated_as_identity license hash histogram_test null_exclusion grant_hypertable lateral information_views insert_single dump_meta extension_scripts insert-15 insert_many
     drop_rename_hypertable       ... ok         6026 ms
     drop_schema                  ... ok         6045 ms
     dump_meta                    ... ok         6059 ms
     extension_scripts            ... ok         6064 ms
     generated_as_identity        ... ok         6051 ms
     grant_hypertable             ... ok         6055 ms
     hash                         ... ok         6054 ms
     histogram_test               ... ok         6054 ms
     information_views            ... ok         6054 ms
     insert-15                    ... ok         6278 ms
     insert_many                  ... ok         7378 ms
     insert_returning             ... ok         6034 ms
     insert_single                ... ok         6056 ms
     lateral                      ... ok         6054 ms
     license                      ... ok         6051 ms
     merge                        ... ok         6050 ms
     misc                         ... ok         6035 ms
     null_exclusion               ... ok         6053 ms
     parallel-15                  ... ok         6035 ms
     partition                    ... ok         6039 ms
     partitioning                 ... ok         4654 ms
parallel group (21 tests):  plan_hypertable_inline-15 sort_optimization triggers sql_query query-15 partitionwise-15 plain tableam update-15 reloptions rowsecurity-15 timestamp upsert plan_ordered_append size_utils plan_expand_hypertable-15 plan_hashagg-15 trusted_extension truncate relocate_extension pg_join
     partitionwise-15             ... ok         9812 ms
     pg_join                      ... ok        11751 ms
     plain                        ... FAILED     9862 ms
     plan_expand_hypertable-15    ... ok         9886 ms
     plan_hashagg-15              ... ok         9998 ms
     plan_hypertable_inline-15    ... ok         8938 ms
     plan_ordered_append          ... ok         9877 ms
     query-15                     ... ok         9812 ms
     relocate_extension           ... ok        10816 ms
     reloptions                   ... ok         9862 ms
     rowsecurity-15               ... ok         9863 ms
     size_utils                   ... ok         9876 ms
     sort_optimization            ... ok         9811 ms
     sql_query                    ... ok         9811 ms
     tableam                      ... ok         9861 ms
     timestamp                    ... ok         9862 ms
     triggers                     ... ok         9811 ms
     truncate                     ... ok        10328 ms
     trusted_extension            ... ok        10328 ms
     update-15                    ... ok         9860 ms
     upsert                       ... ok         9875 ms
parallel group (4 tests):  version vacuum_parallel util vacuum
     util                         ... ok          906 ms
     vacuum                       ... ok          908 ms
     vacuum_parallel              ... ok          905 ms
     version                      ... ok          886 ms
