test cmdline                      ... FAILED       83 ms
test insert1                      ... FAILED       91 ms
test update1                      ... FAILED      130 ms
test update2                      ... FAILED      150 ms
test update3                      ... FAILED      138 ms
test update4                      ... FAILED       81 ms
test delete1                      ... FAILED      130 ms
test delete2                      ... FAILED      153 ms
test delete3                      ... FAILED      142 ms
test delete4                      ... FAILED       81 ms
test savepoint                    ... FAILED       64 ms
test specialvalue                 ... FAILED       50 ms
test toast                        ... FAILED       97 ms
test bytea                        ... FAILED       58 ms
test message                      ... FAILED       44 ms
test typmod                       ... FAILED       67 ms
test filtertable                  ... FAILED      441 ms
test selecttable                  ... FAILED      226 ms
test include_timestamp            ... FAILED       44 ms
test include_lsn                  ... FAILED       48 ms
test include_xids                 ... FAILED       49 ms
test include_domain_data_type     ... FAILED      140 ms
test truncate                     ... FAILED      174 ms
test type_oid                     ... FAILED       44 ms
test actions                      ... FAILED       60 ms
test position                     ... FAILED       61 ms
test default                      ... FAILED      125 ms
test pk                           ... FAILED      141 ms
test rename_column                ... FAILED      133 ms
