test alter                        ... ok         1176 ms
test alternate_users              ... ok          790 ms
test chunk_utils                  ... ok          922 ms
test index                        ... FAILED     1042 ms
test pg_dump_unprivileged         ... ok          769 ms
test tablespace                   ... ok          768 ms
parallel group (21 tests):  create_hypertable ddl_extra create_chunks cursor-15 drop_hypertable ddl_errors chunk_adaptive create_table custom_type baserel_cache chunks delete-15 ddl-15 copy-15 drop_extension broken_tables cluster-15 agg_bookends-15 constraint-15 drop_owned append-15
     agg_bookends-15              ... ok         5182 ms
     append-15                    ... ok         6743 ms
     baserel_cache                ... ok         5160 ms
     broken_tables                ... ok         5174 ms
     chunk_adaptive               ... ok         5159 ms
     chunks                       ... ok         5170 ms
     cluster-15                   ... ok         5178 ms
     constraint-15                ... ok         5245 ms
     copy-15                      ... ok         5172 ms
     create_chunks                ... ok         5156 ms
     create_hypertable            ... ok         5147 ms
     create_table                 ... ok         5159 ms
     cursor-15                    ... ok         5157 ms
     custom_type                  ... ok         5159 ms
     ddl-15                       ... ok         5171 ms
     ddl_errors                   ... ok         5157 ms
     ddl_extra                    ... ok         5147 ms
     delete-15                    ... ok         5170 ms
     drop_extension               ... FAILED     5171 ms
     drop_hypertable              ... FAILED     5156 ms
     drop_owned                   ... ok         5295 ms
parallel group (21 tests):  null_exclusion hash drop_schema merge partition drop_rename_hypertable extension_scripts generated_as_identity grant_hypertable parallel-15 insert_returning information_views partitioning misc insert_single histogram_test dump_meta license lateral insert-15 insert_many
     drop_rename_hypertable       ... ok         6264 ms
     drop_schema                  ... ok         6257 ms
     dump_meta                    ... ok         6272 ms
     extension_scripts            ... ok         6263 ms
     generated_as_identity        ... ok         6263 ms
     grant_hypertable             ... ok         6263 ms
     hash                         ... ok         6241 ms
     histogram_test               ... ok         6271 ms
     information_views            ... ok         6263 ms
     insert-15                    ... ok         6469 ms
     insert_many                  ... FAILED     7546 ms
     insert_returning             ... ok         6263 ms
     insert_single                ... ok         6266 ms
     lateral                      ... ok         6290 ms
     license                      ... ok         6274 ms
     merge                        ... ok         6255 ms
     misc                         ... ok         6263 ms
     null_exclusion               ... ok         5010 ms
     parallel-15                  ... ok         6262 ms
     partition                    ... FAILED     6256 ms
     partitioning                 ... ok         6263 ms
parallel group (21 tests):  plan_hypertable_inline-15 partitionwise-15 size_utils plain sort_optimization triggers plan_ordered_append tableam timestamp upsert reloptions plan_expand_hypertable-15 query-15 update-15 sql_query rowsecurity-15 relocate_extension trusted_extension truncate plan_hashagg-15 pg_join
     partitionwise-15             ... FAILED     7679 ms
     pg_join                      ... ok         9840 ms
     plain                        ... ok         7688 ms
     plan_expand_hypertable-15    ... ok         7716 ms
     plan_hashagg-15              ... ok         9130 ms
     plan_hypertable_inline-15    ... ok         7678 ms
     plan_ordered_append          ... ok         7692 ms
     query-15                     ... ok         7716 ms
     relocate_extension           ... ok         7801 ms
     reloptions                   ... ok         7710 ms
     rowsecurity-15               ... ok         7718 ms
     size_utils                   ... ok         7678 ms
     sort_optimization            ... ok         7689 ms
     sql_query                    ... FAILED     7716 ms
     tableam                      ... ok         7691 ms
     timestamp                    ... ok         7691 ms
     triggers                     ... ok         7689 ms
     truncate                     ... ok         7835 ms
     trusted_extension            ... ok         7834 ms
     update-15                    ... ok         7715 ms
     upsert                       ... ok         7690 ms
parallel group (4 tests):  version util vacuum vacuum_parallel
     util                         ... ok          672 ms
     vacuum                       ... ok          675 ms
     vacuum_parallel              ... ok          675 ms
     version                      ... ok          665 ms
