test alter                        ... ok         1192 ms
test alternate_users              ... ok          828 ms
test chunk_utils                  ... ok          873 ms
test index                        ... ok         1047 ms
test pg_dump_unprivileged         ... ok          796 ms
test tablespace                   ... ok          756 ms
parallel group (21 tests):  ddl_extra create_hypertable custom_type baserel_cache drop_hypertable create_table ddl_errors drop_extension cursor-15 chunks delete-15 cluster-15 ddl-15 create_chunks broken_tables agg_bookends-15 chunk_adaptive copy-15 constraint-15 drop_owned append-15
     agg_bookends-15              ... ok         5664 ms
     append-15                    ... ok         7111 ms
     baserel_cache                ... ok         5646 ms
     broken_tables                ... ok         5661 ms
     chunk_adaptive               ... ok         5664 ms
     chunks                       ... ok         5657 ms
     cluster-15                   ... ok         5658 ms
     constraint-15                ... ok         5762 ms
     copy-15                      ... ok         5669 ms
     create_chunks                ... ok         5661 ms
     create_hypertable            ... ok         5641 ms
     create_table                 ... ok         5648 ms
     cursor-15                    ... ok         5656 ms
     custom_type                  ... ok         5644 ms
     ddl-15                       ... ok         5658 ms
     ddl_errors                   ... ok         5654 ms
     ddl_extra                    ... ok         5635 ms
     delete-15                    ... ok         5655 ms
     drop_extension               ... FAILED     5653 ms
     drop_hypertable              ... ok         5644 ms
     drop_owned                   ... ok         5770 ms
parallel group (21 tests):  null_exclusion partitioning generated_as_identity hash merge insert_returning drop_schema parallel-15 extension_scripts license dump_meta histogram_test misc drop_rename_hypertable grant_hypertable information_views lateral partition insert_single insert-15 insert_many
     drop_rename_hypertable       ... ok         6601 ms
     drop_schema                  ... ok         6542 ms
     dump_meta                    ... ok         6557 ms
     extension_scripts            ... ok         6549 ms
     generated_as_identity        ... ok         6535 ms
     grant_hypertable             ... ok         6600 ms
     hash                         ... ok         6535 ms
     histogram_test               ... ok         6557 ms
     information_views            ... ok         6600 ms
     insert-15                    ... ok         6773 ms
     insert_many                  ... ok         7904 ms
     insert_returning             ... ok         6538 ms
     insert_single                ... ok         6600 ms
     lateral                      ... ok         6599 ms
     license                      ... ok         6551 ms
     merge                        ... ok         6534 ms
     misc                         ... ok         6593 ms
     null_exclusion               ... ok         5071 ms
     parallel-15                  ... ok         6542 ms
     partition                    ... ok         6599 ms
     partitioning                 ... ok         6532 ms
parallel group (21 tests):  plan_hypertable_inline-15 reloptions triggers upsert query-15 plan_ordered_append timestamp update-15 partitionwise-15 tableam sort_optimization size_utils sql_query plain plan_expand_hypertable-15 rowsecurity-15 plan_hashagg-15 truncate trusted_extension relocate_extension pg_join
     partitionwise-15             ... ok         9484 ms
     pg_join                      ... ok        11478 ms
     plain                        ... FAILED     9493 ms
     plan_expand_hypertable-15    ... ok         9518 ms
     plan_hashagg-15              ... ok         9878 ms
     plan_hypertable_inline-15    ... ok         8325 ms
     plan_ordered_append          ... ok         9423 ms
     query-15                     ... ok         9423 ms
     relocate_extension           ... ok        11001 ms
     reloptions                   ... ok         9422 ms
     rowsecurity-15               ... ok         9517 ms
     size_utils                   ... ok         9487 ms
     sort_optimization            ... ok         9487 ms
     sql_query                    ... ok         9487 ms
     tableam                      ... ok         9485 ms
     timestamp                    ... ok         9482 ms
     triggers                     ... ok         9422 ms
     truncate                     ... ok        10642 ms
     trusted_extension            ... ok        10645 ms
     update-15                    ... ok         9482 ms
     upsert                       ... ok         9421 ms
parallel group (4 tests):  version vacuum_parallel util vacuum
     util                         ... ok         1503 ms
     vacuum                       ... ok         1503 ms
     vacuum_parallel              ... ok         1499 ms
     version                      ... ok         1472 ms
