test init                         ... ok           80 ms
test int2                         ... ok           32 ms
test int4                         ... ok           29 ms
test int8                         ... ok           34 ms
test float4                       ... FAILED       31 ms
test float8                       ... FAILED       31 ms
test cash                         ... ok           41 ms
test oid                          ... ok           45 ms
test timestamp                    ... ok           54 ms
test timestamptz                  ... ok           64 ms
test time                         ... ok           37 ms
test timetz                       ... ok          179 ms
test date                         ... ok           36 ms
test interval                     ... ok           35 ms
test macaddr                      ... ok           36 ms
test macaddr8                     ... ok           42 ms
test inet                         ... ok           83 ms
test cidr                         ... ok           55 ms
test text                         ... ok           75 ms
test varchar                      ... ok           27 ms
test char                         ... ok           31 ms
test bytea                        ... ok           45 ms
test bit                          ... ok           31 ms
test varbit                       ... ok           57 ms
test numeric                      ... ok           96 ms
test uuid                         ... ok          106 ms
test not_equal                    ... ok          113 ms
test enum                         ... ok           55 ms
test bool                         ... ok           41 ms
