2023-11-25 01:21:49.466 UTC [4028351] LOG:  00000: number of prepared transactions has not been configured, overriding
2023-11-25 01:21:49.466 UTC [4028351] DETAIL:  max_prepared_transactions is now set to 200
2023-11-25 01:21:49.466 UTC [4028351] LOCATION:  AdjustMaxPreparedTransactions, transaction_management.c:761
2023-11-25 01:21:49.484 UTC [4028351] LOG:  00000: starting PostgreSQL 15.3 on x86_64-pc-linux-gnu, compiled by gcc (Ubuntu 11.3.0-1ubuntu1~22.04.1) 11.3.0, 64-bit
2023-11-25 01:21:49.484 UTC [4028351] LOCATION:  PostmasterMain, postmaster.c:1189
2023-11-25 01:21:49.484 UTC [4028351] LOG:  00000: listening on IPv4 address "127.0.0.1", port 57636
2023-11-25 01:21:49.484 UTC [4028351] LOCATION:  StreamServerPort, pqcomm.c:582
2023-11-25 01:21:49.484 UTC [4028351] LOG:  00000: listening on Unix socket "/tmp/.s.PGSQL.57636"
2023-11-25 01:21:49.484 UTC [4028351] LOCATION:  StreamServerPort, pqcomm.c:577
2023-11-25 01:21:49.486 UTC [4028354] LOG:  00000: database system was shut down at 2023-11-25 01:21:49 UTC
2023-11-25 01:21:49.486 UTC [4028354] LOCATION:  StartupXLOG, xlog.c:4928
2023-11-25 01:21:49.488 UTC [4028351] LOG:  00000: database system is ready to accept connections
2023-11-25 01:21:49.488 UTC [4028351] LOCATION:  reaper, postmaster.c:3117
2023-11-25 01:21:50.244 UTC [4028421] LOG:  00000: starting maintenance daemon on database 16384 user 10
2023-11-25 01:21:50.244 UTC [4028421] CONTEXT:  Citus maintenance daemon for database 16384 user 10
2023-11-25 01:21:50.244 UTC [4028421] LOCATION:  CitusMaintenanceDaemonMain, maintenanced.c:373
2023-11-25 01:21:50.262 UTC [4028425] ERROR:  0A000: extension "plpython3u,ltree_plpython3u" is not available
2023-11-25 01:21:50.262 UTC [4028425] DETAIL:  Could not open extension control file "/home/abigalek/pgext-cli/pg-15-dist/share/postgresql/extension/plpython3u,ltree_plpython3u.control": No such file or directory.
2023-11-25 01:21:50.262 UTC [4028425] HINT:  The extension must first be installed on the system where PostgreSQL is running.
2023-11-25 01:21:50.262 UTC [4028425] LOCATION:  parse_extension_control_file, extension.c:500
2023-11-25 01:21:50.262 UTC [4028425] STATEMENT:  CREATE EXTENSION IF NOT EXISTS "plpython3u,ltree_plpython3u"
2023-11-25 01:21:50.266 UTC [4028351] LOG:  00000: received fast shutdown request
2023-11-25 01:21:50.266 UTC [4028351] LOCATION:  pmdie, postmaster.c:2904
2023-11-25 01:21:50.266 UTC [4028351] LOG:  00000: aborting any active transactions
2023-11-25 01:21:50.266 UTC [4028351] LOCATION:  pmdie, postmaster.c:2922
2023-11-25 01:21:50.267 UTC [4028351] LOG:  00000: background worker "logical replication launcher" (PID 4028357) exited with exit code 1
2023-11-25 01:21:50.267 UTC [4028351] LOCATION:  LogChildExit, postmaster.c:3737
2023-11-25 01:21:50.268 UTC [4028352] LOG:  00000: shutting down
2023-11-25 01:21:50.268 UTC [4028352] LOCATION:  ShutdownXLOG, xlog.c:6039
2023-11-25 01:21:50.268 UTC [4028352] LOG:  00000: checkpoint starting: shutdown immediate
2023-11-25 01:21:50.268 UTC [4028352] LOCATION:  LogCheckpointStart, xlog.c:6089
2023-11-25 01:21:50.274 UTC [4028352] LOG:  00000: checkpoint complete: wrote 1109 buffers (6.8%); 0 WAL file(s) added, 0 removed, 0 recycled; write=0.007 s, sync=0.001 s, total=0.007 s; sync files=0, longest=0.000 s, average=0.000 s; distance=6856 kB, estimate=6856 kB
2023-11-25 01:21:50.274 UTC [4028352] LOCATION:  LogCheckpointEnd, xlog.c:6170
2023-11-25 01:21:50.282 UTC [4028351] LOG:  00000: database system is shut down
2023-11-25 01:21:50.282 UTC [4028351] LOCATION:  UnlinkLockFiles, miscinit.c:977
