test alter                        ... ok         1154 ms
test alternate_users              ... ok          836 ms
test chunk_utils                  ... ok          921 ms
test index                        ... ok         1039 ms
test pg_dump_unprivileged         ... ok          778 ms
test tablespace                   ... ok          750 ms
parallel group (21 tests):  create_table ddl_errors custom_type baserel_cache ddl_extra drop_extension drop_hypertable create_hypertable agg_bookends-15 broken_tables cluster-15 create_chunks cursor-15 delete-15 chunks ddl-15 chunk_adaptive copy-15 constraint-15 drop_owned append-15
     agg_bookends-15              ... ok         5122 ms
     append-15                    ... ok         6565 ms
     baserel_cache                ... ok         5116 ms
     broken_tables                ... ok         5132 ms
     chunk_adaptive               ... ok         5145 ms
     chunks                       ... ok         5136 ms
     cluster-15                   ... ok         5134 ms
     constraint-15                ... ok         5235 ms
     copy-15                      ... ok         5150 ms
     create_chunks                ... ok         5134 ms
     create_hypertable            ... ok         5121 ms
     create_table                 ... ok         5114 ms
     cursor-15                    ... ok         5134 ms
     custom_type                  ... ok         5114 ms
     ddl-15                       ... ok         5143 ms
     ddl_errors                   ... ok         5114 ms
     ddl_extra                    ... ok         5118 ms
     delete-15                    ... ok         5134 ms
     drop_extension               ... FAILED     5118 ms
     drop_hypertable              ... ok         5119 ms
     drop_owned                   ... ok         5247 ms
parallel group (21 tests):  generated_as_identity drop_schema dump_meta partition merge histogram_test hash drop_rename_hypertable license partitioning lateral parallel-15 insert_single misc null_exclusion information_views insert_returning grant_hypertable extension_scripts insert-15 insert_many
     drop_rename_hypertable       ... ok         6069 ms
     drop_schema                  ... ok         6067 ms
     dump_meta                    ... ok         6067 ms
     extension_scripts            ... ok         6080 ms
     generated_as_identity        ... ok         4584 ms
     grant_hypertable             ... ok         6079 ms
     hash                         ... ok         6068 ms
     histogram_test               ... ok         6068 ms
     information_views            ... ok         6077 ms
     insert-15                    ... ok         6474 ms
     insert_many                  ... ok         7470 ms
     insert_returning             ... ok         6076 ms
     insert_single                ... ok         6076 ms
     lateral                      ... ok         6073 ms
     license                      ... ok         6067 ms
     merge                        ... ok         6067 ms
     misc                         ... ok         6076 ms
     null_exclusion               ... ok         6075 ms
     parallel-15                  ... ok         6073 ms
     partition                    ... ok         6065 ms
     partitioning                 ... ok         6070 ms
parallel group (21 tests):  plain sort_optimization partitionwise-15 timestamp rowsecurity-15 update-15 plan_expand_hypertable-15 upsert tableam reloptions sql_query size_utils triggers plan_hypertable_inline-15 query-15 relocate_extension plan_ordered_append trusted_extension truncate plan_hashagg-15 pg_join
     partitionwise-15             ... ok         7873 ms
     pg_join                      ... ok         9912 ms
     plain                        ... ok         7867 ms
     plan_expand_hypertable-15    ... ok         7892 ms
     plan_hashagg-15              ... ok         8865 ms
     plan_hypertable_inline-15    ... ok         7929 ms
     plan_ordered_append          ... ok         8001 ms
     query-15                     ... ok         7929 ms
     relocate_extension           ... ok         7984 ms
     reloptions                   ... ok         7919 ms
     rowsecurity-15               ... ok         7882 ms
     size_utils                   ... ok         7920 ms
     sort_optimization            ... ok         7866 ms
     sql_query                    ... ok         7919 ms
     tableam                      ... ok         7917 ms
     timestamp                    ... ok         7872 ms
     triggers                     ... ok         7927 ms
     truncate                     ... ok         8043 ms
     trusted_extension            ... ok         8042 ms
     update-15                    ... ok         7887 ms
     upsert                       ... ok         7915 ms
parallel group (4 tests):  version vacuum_parallel util vacuum
     util                         ... ok          723 ms
     vacuum                       ... ok          725 ms
     vacuum_parallel              ... ok          722 ms
     version                      ... ok          713 ms
