test alter                        ... ok         2500 ms
test alternate_users              ... ok         1718 ms
test chunk_utils                  ... ok         1893 ms
test index                        ... ok         2236 ms
test pg_dump_unprivileged         ... ok         1545 ms
test tablespace                   ... ok         1512 ms
parallel group (21 tests):  ddl_errors ddl-15 cursor-15 baserel_cache custom_type chunks drop_extension chunk_adaptive create_hypertable agg_bookends-15 cluster-15 broken_tables delete-15 create_chunks ddl_extra create_table drop_hypertable copy-15 append-15 constraint-15 drop_owned
     agg_bookends-15              ... ok        11751 ms
     append-15                    ... ok        11794 ms
     baserel_cache                ... ok        11746 ms
     broken_tables                ... ok        11753 ms
     chunk_adaptive               ... ok        11751 ms
     chunks                       ... ok        11750 ms
     cluster-15                   ... ok        11753 ms
     constraint-15                ... ok        11981 ms
     copy-15                      ... ok        11773 ms
     create_chunks                ... ok        11753 ms
     create_hypertable            ... ok        11750 ms
     create_table                 ... ok        11755 ms
     cursor-15                    ... ok        11745 ms
     custom_type                  ... ok        11749 ms
     ddl-15                       ... ok        11744 ms
     ddl_errors                   ... ok        11732 ms
     ddl_extra                    ... ok        11752 ms
     delete-15                    ... ok        11752 ms
     drop_extension               ... FAILED    11749 ms
     drop_hypertable              ... ok        11754 ms
     drop_owned                   ... ok        12003 ms
parallel group (21 tests):  hash null_exclusion partitioning insert_returning grant_hypertable misc information_views lateral drop_rename_hypertable insert_single extension_scripts partition merge histogram_test license dump_meta drop_schema generated_as_identity parallel-15 insert-15 insert_many
     drop_rename_hypertable       ... ok        15656 ms
     drop_schema                  ... ok        15704 ms
     dump_meta                    ... ok        15704 ms
     extension_scripts            ... ok        15655 ms
     generated_as_identity        ... ok        15704 ms
     grant_hypertable             ... ok        15653 ms
     hash                         ... ok        11451 ms
     histogram_test               ... ok        15703 ms
     information_views            ... ok        15653 ms
     insert-15                    ... ok        16091 ms
     insert_many                  ... ok        18220 ms
     insert_returning             ... ok        15652 ms
     insert_single                ... ok        15654 ms
     lateral                      ... ok        15653 ms
     license                      ... ok        15702 ms
     merge                        ... ok        15655 ms
     misc                         ... ok        15652 ms
     null_exclusion               ... ok        15616 ms
     parallel-15                  ... ok        15723 ms
     partition                    ... ok        15654 ms
     partitioning                 ... ok        15635 ms
parallel group (21 tests):  reloptions tableam triggers update-15 upsert plain sort_optimization partitionwise-15 sql_query plan_expand_hypertable-15 plan_hypertable_inline-15 size_utils plan_hashagg-15 query-15 timestamp rowsecurity-15 plan_ordered_append pg_join truncate trusted_extension relocate_extension
     partitionwise-15             ... ok        19754 ms
     pg_join                      ... ok        20264 ms
     plain                        ... ok        19747 ms
     plan_expand_hypertable-15    ... ok        19762 ms
     plan_hashagg-15              ... ok        19781 ms
     plan_hypertable_inline-15    ... ok        19762 ms
     plan_ordered_append          ... ok        19790 ms
     query-15                     ... ok        19781 ms
     relocate_extension           ... ok        20558 ms
     reloptions                   ... ok        19725 ms
     rowsecurity-15               ... ok        19781 ms
     size_utils                   ... ok        19762 ms
     sort_optimization            ... ok        19747 ms
     sql_query                    ... ok        19761 ms
     tableam                      ... ok        19731 ms
     timestamp                    ... ok        19780 ms
     triggers                     ... ok        19742 ms
     truncate                     ... ok        20438 ms
     trusted_extension            ... ok        20438 ms
     update-15                    ... ok        19743 ms
     upsert                       ... ok        19745 ms
parallel group (4 tests):  util version vacuum_parallel vacuum
     util                         ... ok         1611 ms
     vacuum                       ... ok         1640 ms
     vacuum_parallel              ... ok         1640 ms
     version                      ... ok         1637 ms
