test alter                        ... ok         1137 ms
test alternate_users              ... ok          788 ms
test chunk_utils                  ... ok          898 ms
test index                        ... ok         1018 ms
test pg_dump_unprivileged         ... ok          747 ms
test tablespace                   ... ok          757 ms
parallel group (21 tests):  ddl_extra drop_extension broken_tables ddl_errors cursor-15 baserel_cache chunks create_hypertable create_table delete-15 ddl-15 drop_hypertable cluster-15 create_chunks custom_type agg_bookends-15 chunk_adaptive copy-15 constraint-15 drop_owned append-15
     agg_bookends-15              ... ok         5489 ms
     append-15                    ... ok         6731 ms
     baserel_cache                ... ok         5475 ms
     broken_tables                ... ok         5474 ms
     chunk_adaptive               ... ok         5493 ms
     chunks                       ... ok         5481 ms
     cluster-15                   ... ok         5485 ms
     constraint-15                ... ok         5572 ms
     copy-15                      ... ok         5503 ms
     create_chunks                ... ok         5487 ms
     create_hypertable            ... ok         5481 ms
     create_table                 ... ok         5481 ms
     cursor-15                    ... ok         5473 ms
     custom_type                  ... ok         5487 ms
     ddl-15                       ... ok         5484 ms
     ddl_errors                   ... ok         5472 ms
     ddl_extra                    ... ok         5466 ms
     delete-15                    ... ok         5481 ms
     drop_extension               ... FAILED     5472 ms
     drop_hypertable              ... ok         5483 ms
     drop_owned                   ... ok         5592 ms
parallel group (21 tests):  hash merge license generated_as_identity partitioning histogram_test drop_schema null_exclusion misc drop_rename_hypertable dump_meta information_views lateral parallel-15 insert_returning grant_hypertable partition insert_single extension_scripts insert-15 insert_many
     drop_rename_hypertable       ... ok         6152 ms
     drop_schema                  ... ok         6139 ms
     dump_meta                    ... ok         6152 ms
     extension_scripts            ... ok         6163 ms
     generated_as_identity        ... ok         6134 ms
     grant_hypertable             ... ok         6158 ms
     hash                         ... ok         4693 ms
     histogram_test               ... ok         6134 ms
     information_views            ... ok         6152 ms
     insert-15                    ... ok         6358 ms
     insert_many                  ... ok         7409 ms
     insert_returning             ... ok         6154 ms
     insert_single                ... ok         6162 ms
     lateral                      ... ok         6152 ms
     license                      ... ok         6125 ms
     merge                        ... ok         6123 ms
     misc                         ... ok         6148 ms
     null_exclusion               ... ok         6143 ms
     parallel-15                  ... ok         6152 ms
     partition                    ... ok         6160 ms
     partitioning                 ... ok         6132 ms
parallel group (21 tests):  plan_hypertable_inline-15 update-15 tableam sql_query timestamp triggers upsert sort_optimization reloptions plain query-15 size_utils partitionwise-15 rowsecurity-15 plan_expand_hypertable-15 plan_ordered_append trusted_extension truncate relocate_extension plan_hashagg-15 pg_join
     partitionwise-15             ... ok         7545 ms
     pg_join                      ... ok         9903 ms
     plain                        ... ok         7543 ms
     plan_expand_hypertable-15    ... ok         7563 ms
     plan_hashagg-15              ... ok         8883 ms
     plan_hypertable_inline-15    ... ok         6993 ms
     plan_ordered_append          ... ok         7565 ms
     query-15                     ... ok         7543 ms
     relocate_extension           ... ok         8252 ms
     reloptions                   ... ok         7541 ms
     rowsecurity-15               ... ok         7546 ms
     size_utils                   ... ok         7544 ms
     sort_optimization            ... ok         7541 ms
     sql_query                    ... ok         7536 ms
     tableam                      ... ok         7534 ms
     timestamp                    ... ok         7537 ms
     triggers                     ... ok         7538 ms
     truncate                     ... ok         8046 ms
     trusted_extension            ... ok         7972 ms
     update-15                    ... ok         7522 ms
     upsert                       ... ok         7539 ms
parallel group (4 tests):  version util vacuum_parallel vacuum
     util                         ... ok          697 ms
     vacuum                       ... ok          700 ms
     vacuum_parallel              ... ok          699 ms
     version                      ... ok          688 ms
