2023-11-25 05:02:11.054 UTC [1189931] LOG:  00000: number of prepared transactions has not been configured, overriding
2023-11-25 05:02:11.054 UTC [1189931] DETAIL:  max_prepared_transactions is now set to 200
2023-11-25 05:02:11.054 UTC [1189931] LOCATION:  AdjustMaxPreparedTransactions, transaction_management.c:761
2023-11-25 05:02:11.072 UTC [1189931] LOG:  00000: starting PostgreSQL 15.3 on x86_64-pc-linux-gnu, compiled by gcc (Ubuntu 11.3.0-1ubuntu1~22.04.1) 11.3.0, 64-bit
2023-11-25 05:02:11.072 UTC [1189931] LOCATION:  PostmasterMain, postmaster.c:1189
2023-11-25 05:02:11.072 UTC [1189931] LOG:  00000: listening on IPv4 address "127.0.0.1", port 57636
2023-11-25 05:02:11.072 UTC [1189931] LOCATION:  StreamServerPort, pqcomm.c:582
2023-11-25 05:02:11.072 UTC [1189931] LOG:  00000: listening on Unix socket "/tmp/.s.PGSQL.57636"
2023-11-25 05:02:11.072 UTC [1189931] LOCATION:  StreamServerPort, pqcomm.c:577
2023-11-25 05:02:11.073 UTC [1189934] LOG:  00000: database system was shut down at 2023-11-25 05:02:10 UTC
2023-11-25 05:02:11.073 UTC [1189934] LOCATION:  StartupXLOG, xlog.c:4928
2023-11-25 05:02:11.076 UTC [1189931] LOG:  00000: database system is ready to accept connections
2023-11-25 05:02:11.076 UTC [1189931] LOCATION:  reaper, postmaster.c:3117
2023-11-25 05:02:11.827 UTC [1190001] LOG:  00000: starting maintenance daemon on database 16384 user 10
2023-11-25 05:02:11.827 UTC [1190001] CONTEXT:  Citus maintenance daemon for database 16384 user 10
2023-11-25 05:02:11.827 UTC [1190001] LOCATION:  CitusMaintenanceDaemonMain, maintenanced.c:373
2023-11-25 05:02:11.828 UTC [1190000] ERROR:  XX000: shared_ispell has to be loaded using shared_preload_libraries
2023-11-25 05:02:11.828 UTC [1190000] LOCATION:  _PG_init, shared_ispell.c:112
2023-11-25 05:02:11.828 UTC [1190000] STATEMENT:  CREATE EXTENSION IF NOT EXISTS "shared_ispell"
2023-11-25 05:02:11.832 UTC [1189931] LOG:  00000: received fast shutdown request
2023-11-25 05:02:11.832 UTC [1189931] LOCATION:  pmdie, postmaster.c:2904
2023-11-25 05:02:11.832 UTC [1189931] LOG:  00000: aborting any active transactions
2023-11-25 05:02:11.832 UTC [1189931] LOCATION:  pmdie, postmaster.c:2922
2023-11-25 05:02:11.833 UTC [1189931] LOG:  00000: background worker "logical replication launcher" (PID 1189937) exited with exit code 1
2023-11-25 05:02:11.833 UTC [1189931] LOCATION:  LogChildExit, postmaster.c:3737
2023-11-25 05:02:11.834 UTC [1189932] LOG:  00000: shutting down
2023-11-25 05:02:11.834 UTC [1189932] LOCATION:  ShutdownXLOG, xlog.c:6039
2023-11-25 05:02:11.834 UTC [1189932] LOG:  00000: checkpoint starting: shutdown immediate
2023-11-25 05:02:11.834 UTC [1189932] LOCATION:  LogCheckpointStart, xlog.c:6089
2023-11-25 05:02:11.840 UTC [1189932] LOG:  00000: checkpoint complete: wrote 1091 buffers (6.7%); 0 WAL file(s) added, 0 removed, 0 recycled; write=0.006 s, sync=0.001 s, total=0.006 s; sync files=0, longest=0.000 s, average=0.000 s; distance=6443 kB, estimate=6443 kB
2023-11-25 05:02:11.840 UTC [1189932] LOCATION:  LogCheckpointEnd, xlog.c:6170
2023-11-25 05:02:11.847 UTC [1189931] LOG:  00000: database system is shut down
2023-11-25 05:02:11.847 UTC [1189931] LOCATION:  UnlinkLockFiles, miscinit.c:977
