test alter                        ... ok         2391 ms
test alternate_users              ... ok         1667 ms
test chunk_utils                  ... ok         1821 ms
test index                        ... ok         2186 ms
test pg_dump_unprivileged         ... ok         1443 ms
test tablespace                   ... ok         1480 ms
parallel group (21 tests):  baserel_cache drop_extension ddl_errors create_chunks broken_tables custom_type ddl_extra drop_hypertable create_hypertable agg_bookends-15 create_table delete-15 ddl-15 chunks chunk_adaptive append-15 cluster-15 copy-15 cursor-15 constraint-15 drop_owned
     agg_bookends-15              ... ok        11028 ms
     append-15                    ... ok        11052 ms
     baserel_cache                ... ok        11015 ms
     broken_tables                ... ok        11027 ms
     chunk_adaptive               ... ok        11052 ms
     chunks                       ... ok        11042 ms
     cluster-15                   ... ok        11052 ms
     constraint-15                ... ok        11241 ms
     copy-15                      ... ok        11052 ms
     create_chunks                ... ok        11027 ms
     create_hypertable            ... ok        11027 ms
     create_table                 ... ok        11027 ms
     cursor-15                    ... ok        11051 ms
     custom_type                  ... ok        11027 ms
     ddl-15                       ... ok        11028 ms
     ddl_errors                   ... ok        11020 ms
     ddl_extra                    ... ok        11026 ms
     delete-15                    ... ok        11026 ms
     drop_extension               ... FAILED    11017 ms
     drop_hypertable              ... ok        11026 ms
     drop_owned                   ... ok        11264 ms
parallel group (21 tests):  partitioning histogram_test dump_meta misc merge drop_rename_hypertable drop_schema parallel-15 generated_as_identity grant_hypertable lateral license partition extension_scripts information_views hash insert_single null_exclusion insert_returning insert-15 insert_many
     drop_rename_hypertable       ... ok        15447 ms
     drop_schema                  ... ok        15447 ms
     dump_meta                    ... ok        15440 ms
     extension_scripts            ... ok        15461 ms
     generated_as_identity        ... ok        15447 ms
     grant_hypertable             ... ok        15448 ms
     hash                         ... ok        15521 ms
     histogram_test               ... ok        15428 ms
     information_views            ... ok        15461 ms
     insert-15                    ... ok        15825 ms
     insert_many                  ... ok        17926 ms
     insert_returning             ... ok        15528 ms
     insert_single                ... ok        15528 ms
     lateral                      ... ok        15447 ms
     license                      ... ok        15448 ms
     merge                        ... ok        15439 ms
     misc                         ... ok        15438 ms
     null_exclusion               ... ok        15527 ms
     parallel-15                  ... ok        15445 ms
     partition                    ... ok        15448 ms
     partitioning                 ... ok        11821 ms
parallel group (21 tests):  plain update-15 timestamp plan_hypertable_inline-15 reloptions tableam sort_optimization upsert size_utils triggers partitionwise-15 sql_query query-15 plan_ordered_append rowsecurity-15 plan_expand_hypertable-15 plan_hashagg-15 trusted_extension pg_join truncate relocate_extension
     partitionwise-15             ... ok        18698 ms
     pg_join                      ... ok        19367 ms
     plain                        ... ok        17652 ms
     plan_expand_hypertable-15    ... ok        18728 ms
     plan_hashagg-15              ... ok        18738 ms
     plan_hypertable_inline-15    ... ok        18674 ms
     plan_ordered_append          ... ok        18705 ms
     query-15                     ... ok        18701 ms
     relocate_extension           ... ok        19915 ms
     reloptions                   ... ok        18673 ms
     rowsecurity-15               ... ok        18708 ms
     size_utils                   ... ok        18693 ms
     sort_optimization            ... ok        18692 ms
     sql_query                    ... ok        18698 ms
     tableam                      ... ok        18673 ms
     timestamp                    ... ok        18665 ms
     triggers                     ... ok        18694 ms
     truncate                     ... ok        19366 ms
     trusted_extension            ... ok        19235 ms
     update-15                    ... ok        18659 ms
     upsert                       ... ok        18691 ms
parallel group (4 tests):  util vacuum_parallel vacuum version
     util                         ... ok         1659 ms
     vacuum                       ... ok         1692 ms
     vacuum_parallel              ... ok         1688 ms
     version                      ... ok         1692 ms
