test alter                        ... ok         2464 ms
test alternate_users              ... ok         1709 ms
test chunk_utils                  ... ok         1865 ms
test index                        ... ok         2228 ms
test pg_dump_unprivileged         ... ok         1498 ms
test tablespace                   ... ok         1538 ms
parallel group (21 tests):  create_chunks cursor-15 custom_type agg_bookends-15 ddl_errors cluster-15 broken_tables create_hypertable chunks ddl-15 drop_hypertable copy-15 delete-15 ddl_extra drop_extension baserel_cache create_table chunk_adaptive append-15 constraint-15 drop_owned
     agg_bookends-15              ... ok        11745 ms
     append-15                    ... ok        11802 ms
     baserel_cache                ... ok        11788 ms
     broken_tables                ... ok        11751 ms
     chunk_adaptive               ... ok        11801 ms
     chunks                       ... ok        11757 ms
     cluster-15                   ... ok        11750 ms
     constraint-15                ... ok        11992 ms
     copy-15                      ... ok        11760 ms
     create_chunks                ... ok        11736 ms
     create_hypertable            ... ok        11753 ms
     create_table                 ... ok        11801 ms
     cursor-15                    ... ok        11736 ms
     custom_type                  ... ok        11738 ms
     ddl-15                       ... ok        11756 ms
     ddl_errors                   ... ok        11746 ms
     ddl_extra                    ... ok        11767 ms
     delete-15                    ... ok        11759 ms
     drop_extension               ... FAILED    11767 ms
     drop_hypertable              ... ok        11756 ms
     drop_owned                   ... ok        12020 ms
parallel group (21 tests):  license histogram_test partitioning parallel-15 misc merge lateral information_views hash generated_as_identity insert_single drop_rename_hypertable grant_hypertable drop_schema dump_meta insert_returning null_exclusion partition extension_scripts insert-15 insert_many
     drop_rename_hypertable       ... ok        15630 ms
     drop_schema                  ... ok        15631 ms
     dump_meta                    ... ok        15683 ms
     extension_scripts            ... ok        15704 ms
     generated_as_identity        ... ok        15628 ms
     grant_hypertable             ... ok        15630 ms
     hash                         ... ok        15628 ms
     histogram_test               ... ok        15593 ms
     information_views            ... ok        15626 ms
     insert-15                    ... ok        16518 ms
     insert_many                  ... ok        18522 ms
     insert_returning             ... ok        15682 ms
     insert_single                ... ok        15628 ms
     lateral                      ... ok        15625 ms
     license                      ... ok        11035 ms
     merge                        ... ok        15625 ms
     misc                         ... ok        15625 ms
     null_exclusion               ... ok        15682 ms
     parallel-15                  ... ok        15624 ms
     partition                    ... ok        15681 ms
     partitioning                 ... ok        15610 ms
parallel group (21 tests):  reloptions tableam plan_hypertable_inline-15 plain plan_ordered_append update-15 query-15 size_utils upsert sql_query triggers timestamp sort_optimization partitionwise-15 plan_hashagg-15 plan_expand_hypertable-15 rowsecurity-15 trusted_extension truncate pg_join relocate_extension
     partitionwise-15             ... ok        19609 ms
     pg_join                      ... ok        20295 ms
     plain                        ... FAILED    19592 ms
     plan_expand_hypertable-15    ... ok        19633 ms
     plan_hashagg-15              ... ok        19633 ms
     plan_hypertable_inline-15    ... ok        19590 ms
     plan_ordered_append          ... ok        19593 ms
     query-15                     ... ok        19594 ms
     relocate_extension           ... ok        20877 ms
     reloptions                   ... ok        18670 ms
     rowsecurity-15               ... ok        19632 ms
     size_utils                   ... ok        19594 ms
     sort_optimization            ... ok        19608 ms
     sql_query                    ... ok        19594 ms
     tableam                      ... ok        19588 ms
     timestamp                    ... ok        19599 ms
     triggers                     ... ok        19597 ms
     truncate                     ... ok        20284 ms
     trusted_extension            ... ok        20162 ms
     update-15                    ... ok        19592 ms
     upsert                       ... ok        19593 ms
parallel group (4 tests):  version util vacuum_parallel vacuum
     util                         ... ok         1658 ms
     vacuum                       ... ok         1661 ms
     vacuum_parallel              ... ok         1661 ms
     version                      ... ok         1634 ms
