test alter                        ... ok         2240 ms
test alternate_users              ... ok         1566 ms
test chunk_utils                  ... ok         1738 ms
test index                        ... ok         1976 ms
test pg_dump_unprivileged         ... ok         1360 ms
test tablespace                   ... ok         1396 ms
parallel group (21 tests):  drop_hypertable ddl-15 cursor-15 chunks delete-15 custom_type broken_tables create_chunks ddl_errors ddl_extra baserel_cache agg_bookends-15 drop_extension create_hypertable append-15 copy-15 chunk_adaptive cluster-15 create_table constraint-15 drop_owned
     agg_bookends-15              ... ok        10350 ms
     append-15                    ... ok        10355 ms
     baserel_cache                ... ok        10350 ms
     broken_tables                ... ok        10349 ms
     chunk_adaptive               ... ok        10356 ms
     chunks                       ... ok        10323 ms
     cluster-15                   ... ok        10355 ms
     constraint-15                ... ok        10527 ms
     copy-15                      ... ok        10355 ms
     create_chunks                ... ok        10349 ms
     create_hypertable            ... ok        10351 ms
     create_table                 ... ok        10355 ms
     cursor-15                    ... ok        10320 ms
     custom_type                  ... ok        10348 ms
     ddl-15                       ... ok        10319 ms
     ddl_errors                   ... ok        10349 ms
     ddl_extra                    ... ok        10348 ms
     delete-15                    ... ok        10336 ms
     drop_extension               ... FAILED    10349 ms
     drop_hypertable              ... ok        10312 ms
     drop_owned                   ... ok        10550 ms
parallel group (21 tests):  license hash information_views merge drop_schema extension_scripts partition drop_rename_hypertable generated_as_identity grant_hypertable misc partitioning lateral insert_single insert_returning parallel-15 null_exclusion dump_meta histogram_test insert-15 insert_many
     drop_rename_hypertable       ... ok        13982 ms
     drop_schema                  ... ok        13974 ms
     dump_meta                    ... ok        13993 ms
     extension_scripts            ... ok        13974 ms
     generated_as_identity        ... ok        13982 ms
     grant_hypertable             ... ok        13982 ms
     hash                         ... ok        13962 ms
     histogram_test               ... ok        13993 ms
     information_views            ... ok        13973 ms
     insert-15                    ... ok        14728 ms
     insert_many                  ... ok        16718 ms
     insert_returning             ... ok        13982 ms
     insert_single                ... ok        13982 ms
     lateral                      ... ok        13981 ms
     license                      ... ok         9859 ms
     merge                        ... ok        13972 ms
     misc                         ... ok        13981 ms
     null_exclusion               ... ok        13982 ms
     parallel-15                  ... ok        13982 ms
     partition                    ... ok        13972 ms
     partitioning                 ... ok        13980 ms
parallel group (21 tests):  reloptions sort_optimization sql_query timestamp partitionwise-15 rowsecurity-15 size_utils plan_hashagg-15 plan_ordered_append plan_hypertable_inline-15 query-15 plan_expand_hypertable-15 tableam triggers plain upsert update-15 relocate_extension truncate trusted_extension pg_join
     partitionwise-15             ... ok        17626 ms
     pg_join                      ... ok        18341 ms
     plain                        ... FAILED    17657 ms
     plan_expand_hypertable-15    ... ok        17654 ms
     plan_hashagg-15              ... ok        17652 ms
     plan_hypertable_inline-15    ... ok        17653 ms
     plan_ordered_append          ... ok        17653 ms
     query-15                     ... ok        17653 ms
     relocate_extension           ... ok        17921 ms
     reloptions                   ... ok        17614 ms
     rowsecurity-15               ... ok        17626 ms
     size_utils                   ... ok        17626 ms
     sort_optimization            ... ok        17614 ms
     sql_query                    ... ok        17616 ms
     tableam                      ... ok        17653 ms
     timestamp                    ... ok        17624 ms
     triggers                     ... ok        17652 ms
     truncate                     ... ok        17957 ms
     trusted_extension            ... ok        17959 ms
     update-15                    ... ok        17656 ms
     upsert                       ... ok        17655 ms
parallel group (4 tests):  version vacuum util vacuum_parallel
     util                         ... ok         1532 ms
     vacuum                       ... ok         1529 ms
     vacuum_parallel              ... ok         1532 ms
     version                      ... ok         1505 ms
