test alter                        ... ok         1174 ms
test alternate_users              ... ok          787 ms
test chunk_utils                  ... ok          903 ms
test index                        ... ok         1019 ms
test pg_dump_unprivileged         ... ok          763 ms
test tablespace                   ... ok          720 ms
parallel group (21 tests):  agg_bookends-15 ddl-15 chunks cursor-15 ddl_extra drop_extension cluster-15 baserel_cache delete-15 chunk_adaptive custom_type broken_tables ddl_errors create_hypertable drop_hypertable create_chunks create_table copy-15 constraint-15 drop_owned append-15
     agg_bookends-15              ... ok         5095 ms
     append-15                    ... ok         6558 ms
     baserel_cache                ... ok         5118 ms
     broken_tables                ... ok         5120 ms
     chunk_adaptive               ... ok         5119 ms
     chunks                       ... ok         5108 ms
     cluster-15                   ... ok         5117 ms
     constraint-15                ... ok         5221 ms
     copy-15                      ... ok         5140 ms
     create_chunks                ... ok         5124 ms
     create_hypertable            ... ok         5123 ms
     create_table                 ... ok         5129 ms
     cursor-15                    ... ok         5108 ms
     custom_type                  ... ok         5118 ms
     ddl-15                       ... ok         5104 ms
     ddl_errors                   ... ok         5121 ms
     ddl_extra                    ... ok         5109 ms
     delete-15                    ... ok         5117 ms
     drop_extension               ... FAILED     5109 ms
     drop_hypertable              ... ok         5123 ms
     drop_owned                   ... ok         5241 ms
parallel group (21 tests):  license partitioning histogram_test insert_returning dump_meta grant_hypertable drop_rename_hypertable generated_as_identity extension_scripts hash null_exclusion merge information_views insert_single partition misc drop_schema lateral parallel-15 insert-15 insert_many
     drop_rename_hypertable       ... ok         6043 ms
     drop_schema                  ... ok         6072 ms
     dump_meta                    ... ok         6041 ms
     extension_scripts            ... ok         6045 ms
     generated_as_identity        ... ok         6042 ms
     grant_hypertable             ... ok         6041 ms
     hash                         ... ok         6045 ms
     histogram_test               ... ok         6039 ms
     information_views            ... ok         6048 ms
     insert-15                    ... ok         6221 ms
     insert_many                  ... ok         7242 ms
     insert_returning             ... ok         6039 ms
     insert_single                ... ok         6051 ms
     lateral                      ... ok         6075 ms
     license                      ... ok         4956 ms
     merge                        ... ok         6048 ms
     misc                         ... ok         6070 ms
     null_exclusion               ... ok         6046 ms
     parallel-15                  ... ok         6079 ms
     partition                    ... ok         6057 ms
     partitioning                 ... ok         6029 ms
parallel group (21 tests):  update-15 plan_hypertable_inline-15 sort_optimization reloptions plain sql_query upsert tableam timestamp triggers query-15 size_utils partitionwise-15 rowsecurity-15 plan_expand_hypertable-15 plan_ordered_append trusted_extension relocate_extension truncate plan_hashagg-15 pg_join
     partitionwise-15             ... ok         7279 ms
     pg_join                      ... ok         9502 ms
     plain                        ... ok         7265 ms
     plan_expand_hypertable-15    ... ok         7300 ms
     plan_hashagg-15              ... ok         8711 ms
     plan_hypertable_inline-15    ... ok         7262 ms
     plan_ordered_append          ... ok         7303 ms
     query-15                     ... ok         7277 ms
     relocate_extension           ... ok         7509 ms
     reloptions                   ... ok         7264 ms
     rowsecurity-15               ... ok         7286 ms
     size_utils                   ... ok         7278 ms
     sort_optimization            ... ok         7262 ms
     sql_query                    ... ok         7266 ms
     tableam                      ... ok         7266 ms
     timestamp                    ... ok         7268 ms
     triggers                     ... ok         7273 ms
     truncate                     ... ok         7509 ms
     trusted_extension            ... ok         7476 ms
     update-15                    ... ok         7236 ms
     upsert                       ... ok         7265 ms
parallel group (4 tests):  version vacuum_parallel util vacuum
     util                         ... ok          688 ms
     vacuum                       ... ok          690 ms
     vacuum_parallel              ... ok          687 ms
     version                      ... ok          679 ms
