test alter                        ... ok         1167 ms
test alternate_users              ... FAILED      814 ms
test chunk_utils                  ... ok          898 ms
test index                        ... ok         1040 ms
test pg_dump_unprivileged         ... ok          784 ms
test tablespace                   ... ok          752 ms
parallel group (21 tests):  chunks custom_type chunk_adaptive ddl_extra create_table baserel_cache create_hypertable drop_hypertable drop_extension broken_tables cluster-15 create_chunks cursor-15 ddl_errors ddl-15 agg_bookends-15 delete-15 copy-15 constraint-15 drop_owned append-15
     agg_bookends-15              ... ok         5488 ms
     append-15                    ... ok         6717 ms
     baserel_cache                ... ok         5481 ms
     broken_tables                ... ok         5485 ms
     chunk_adaptive               ... ok         5474 ms
     chunks                       ... ok         5472 ms
     cluster-15                   ... ok         5485 ms
     constraint-15                ... ok         5564 ms
     copy-15                      ... ok         5501 ms
     create_chunks                ... ok         5485 ms
     create_hypertable            ... ok         5480 ms
     create_table                 ... ok         5480 ms
     cursor-15                    ... ok         5486 ms
     custom_type                  ... ok         5472 ms
     ddl-15                       ... ok         5486 ms
     ddl_errors                   ... ok         5485 ms
     ddl_extra                    ... ok         5476 ms
     delete-15                    ... ok         5487 ms
     drop_extension               ... FAILED     5483 ms
     drop_hypertable              ... ok         5481 ms
     drop_owned                   ... ok         5588 ms
parallel group (21 tests):  misc hash histogram_test lateral drop_schema generated_as_identity license parallel-15 merge insert_single insert_returning drop_rename_hypertable grant_hypertable information_views dump_meta partitioning null_exclusion partition extension_scripts insert-15 insert_many
     drop_rename_hypertable       ... FAILED     6189 ms
     drop_schema                  ... ok         6172 ms
     dump_meta                    ... FAILED     6190 ms
     extension_scripts            ... FAILED     6198 ms
     generated_as_identity        ... ok         6172 ms
     grant_hypertable             ... ok         6189 ms
     hash                         ... ok         6171 ms
     histogram_test               ... ok         6171 ms
     information_views            ... ok         6189 ms
     insert-15                    ... ok         6406 ms
     insert_many                  ... ok         7545 ms
     insert_returning             ... ok         6188 ms
     insert_single                ... ok         6187 ms
     lateral                      ... ok         6170 ms
     license                      ... ok         6174 ms
     merge                        ... ok         6185 ms
     misc                         ... ok         4816 ms
     null_exclusion               ... ok         6192 ms
     parallel-15                  ... ok         6183 ms
     partition                    ... ok         6192 ms
     partitioning                 ... ok         6191 ms
parallel group (21 tests):  sort_optimization tableam reloptions plan_hypertable_inline-15 plain partitionwise-15 sql_query triggers plan_ordered_append upsert timestamp size_utils rowsecurity-15 update-15 query-15 plan_expand_hypertable-15 truncate trusted_extension relocate_extension plan_hashagg-15 pg_join
     partitionwise-15             ... ok         8261 ms
     pg_join                      ... ok         9944 ms
     plain                        ... FAILED     8254 ms
     plan_expand_hypertable-15    ... ok         8299 ms
     plan_hashagg-15              ... ok         9120 ms
     plan_hypertable_inline-15    ... ok         8254 ms
     plan_ordered_append          ... ok         8273 ms
     query-15                     ... ok         8277 ms
     relocate_extension           ... ok         8997 ms
     reloptions                   ... ok         8253 ms
     rowsecurity-15               ... ok         8276 ms
     size_utils                   ... ok         8275 ms
     sort_optimization            ... ok         7800 ms
     sql_query                    ... ok         8264 ms
     tableam                      ... ok         8251 ms
     timestamp                    ... ok         8273 ms
     triggers                     ... ok         8268 ms
     truncate                     ... ok         8655 ms
     trusted_extension            ... ok         8736 ms
     update-15                    ... ok         8275 ms
     upsert                       ... ok         8273 ms
parallel group (4 tests):  version util vacuum_parallel vacuum
     util                         ... ok          701 ms
     vacuum                       ... ok          707 ms
     vacuum_parallel              ... ok          707 ms
     version                      ... ok          690 ms
