test alter                        ... ok         2445 ms
test alternate_users              ... ok         1703 ms
test chunk_utils                  ... ok         1868 ms
test index                        ... ok         2228 ms
test pg_dump_unprivileged         ... ok         1509 ms
test tablespace                   ... ok         1556 ms
parallel group (21 tests):  ddl_errors broken_tables cursor-15 chunk_adaptive cluster-15 create_table drop_hypertable ddl_extra baserel_cache ddl-15 create_hypertable chunks copy-15 agg_bookends-15 delete-15 custom_type create_chunks drop_extension append-15 constraint-15 drop_owned
     agg_bookends-15              ... ok        11372 ms
     append-15                    ... ok        11396 ms
     baserel_cache                ... ok        11369 ms
     broken_tables                ... ok        11362 ms
     chunk_adaptive               ... ok        11366 ms
     chunks                       ... ok        11369 ms
     cluster-15                   ... ok        11366 ms
     constraint-15                ... ok        11604 ms
     copy-15                      ... ok        11370 ms
     create_chunks                ... ok        11379 ms
     create_hypertable            ... ok        11368 ms
     create_table                 ... ok        11366 ms
     cursor-15                    ... ok        11362 ms
     custom_type                  ... ok        11372 ms
     ddl-15                       ... ok        11368 ms
     ddl_errors                   ... ok        11360 ms
     ddl_extra                    ... ok        11367 ms
     delete-15                    ... ok        11371 ms
     drop_extension               ... FAILED    11378 ms
     drop_hypertable              ... ok        11365 ms
     drop_owned                   ... ok        11626 ms
parallel group (21 tests):  generated_as_identity misc information_views insert_returning grant_hypertable null_exclusion drop_rename_hypertable hash lateral extension_scripts dump_meta histogram_test insert_single partition merge partitioning license drop_schema parallel-15 insert-15 insert_many
     drop_rename_hypertable       ... ok        15426 ms
     drop_schema                  ... ok        15513 ms
     dump_meta                    ... ok        15433 ms
     extension_scripts            ... ok        15433 ms
     generated_as_identity        ... ok        11713 ms
     grant_hypertable             ... ok        15426 ms
     hash                         ... ok        15426 ms
     histogram_test               ... ok        15432 ms
     information_views            ... ok        15425 ms
     insert-15                    ... ok        15936 ms
     insert_many                  ... ok        17931 ms
     insert_returning             ... ok        15425 ms
     insert_single                ... ok        15432 ms
     lateral                      ... ok        15426 ms
     license                      ... ok        15483 ms
     merge                        ... ok        15483 ms
     misc                         ... ok        15406 ms
     null_exclusion               ... ok        15425 ms
     parallel-15                  ... ok        15518 ms
     partition                    ... ok        15431 ms
     partitioning                 ... ok        15482 ms
parallel group (21 tests):  reloptions tableam plan_hypertable_inline-15 sort_optimization size_utils timestamp upsert triggers partitionwise-15 update-15 plain plan_expand_hypertable-15 rowsecurity-15 sql_query plan_ordered_append query-15 plan_hashagg-15 trusted_extension truncate pg_join relocate_extension
     partitionwise-15             ... ok        19083 ms
     pg_join                      ... ok        19887 ms
     plain                        ... ok        19084 ms
     plan_expand_hypertable-15    ... ok        19084 ms
     plan_hashagg-15              ... ok        19119 ms
     plan_hypertable_inline-15    ... ok        19075 ms
     plan_ordered_append          ... ok        19094 ms
     query-15                     ... ok        19094 ms
     relocate_extension           ... ok        20401 ms
     reloptions                   ... ok        18223 ms
     rowsecurity-15               ... ok        19085 ms
     size_utils                   ... ok        19080 ms
     sort_optimization            ... ok        19077 ms
     sql_query                    ... ok        19087 ms
     tableam                      ... ok        19071 ms
     timestamp                    ... ok        19080 ms
     triggers                     ... ok        19080 ms
     truncate                     ... ok        19879 ms
     trusted_extension            ... ok        19759 ms
     update-15                    ... ok        19082 ms
     upsert                       ... ok        19079 ms
parallel group (4 tests):  util version vacuum_parallel vacuum
     util                         ... ok         1596 ms
     vacuum                       ... ok         1625 ms
     vacuum_parallel              ... ok         1625 ms
     version                      ... ok         1622 ms
