2023-11-25 10:08:17.565 UTC [2924519] LOG:  00000: number of prepared transactions has not been configured, overriding
2023-11-25 10:08:17.565 UTC [2924519] DETAIL:  max_prepared_transactions is now set to 200
2023-11-25 10:08:17.565 UTC [2924519] LOCATION:  AdjustMaxPreparedTransactions, transaction_management.c:761
2023-11-25 10:08:17.582 UTC [2924519] LOG:  00000: starting PostgreSQL 15.3 on x86_64-pc-linux-gnu, compiled by gcc (Ubuntu 11.3.0-1ubuntu1~22.04.1) 11.3.0, 64-bit
2023-11-25 10:08:17.582 UTC [2924519] LOCATION:  PostmasterMain, postmaster.c:1189
2023-11-25 10:08:17.583 UTC [2924519] LOG:  00000: listening on IPv4 address "127.0.0.1", port 57636
2023-11-25 10:08:17.583 UTC [2924519] LOCATION:  StreamServerPort, pqcomm.c:582
2023-11-25 10:08:17.583 UTC [2924519] LOG:  00000: listening on Unix socket "/tmp/.s.PGSQL.57636"
2023-11-25 10:08:17.583 UTC [2924519] LOCATION:  StreamServerPort, pqcomm.c:577
2023-11-25 10:08:17.584 UTC [2924522] LOG:  00000: database system was shut down at 2023-11-25 10:08:17 UTC
2023-11-25 10:08:17.584 UTC [2924522] LOCATION:  StartupXLOG, xlog.c:4928
2023-11-25 10:08:17.586 UTC [2924519] LOG:  00000: database system is ready to accept connections
2023-11-25 10:08:17.586 UTC [2924519] LOCATION:  reaper, postmaster.c:3117
2023-11-25 10:08:18.338 UTC [2924589] LOG:  00000: starting maintenance daemon on database 16384 user 10
2023-11-25 10:08:18.338 UTC [2924589] CONTEXT:  Citus maintenance daemon for database 16384 user 10
2023-11-25 10:08:18.338 UTC [2924589] LOCATION:  CitusMaintenanceDaemonMain, maintenanced.c:373
2023-11-25 10:08:18.340 UTC [2924588] ERROR:  42704: unrecognized configuration parameter "cron.database_name"
2023-11-25 10:08:18.340 UTC [2924588] CONTEXT:  PL/pgSQL function inline_code_block line 3 at IF
2023-11-25 10:08:18.340 UTC [2924588] LOCATION:  find_option, guc.c:5710
2023-11-25 10:08:18.340 UTC [2924588] STATEMENT:  CREATE EXTENSION IF NOT EXISTS "pg_cron"
2023-11-25 10:08:18.344 UTC [2924519] LOG:  00000: received fast shutdown request
2023-11-25 10:08:18.344 UTC [2924519] LOCATION:  pmdie, postmaster.c:2904
2023-11-25 10:08:18.345 UTC [2924519] LOG:  00000: aborting any active transactions
2023-11-25 10:08:18.345 UTC [2924519] LOCATION:  pmdie, postmaster.c:2922
2023-11-25 10:08:18.346 UTC [2924519] LOG:  00000: background worker "logical replication launcher" (PID 2924525) exited with exit code 1
2023-11-25 10:08:18.346 UTC [2924519] LOCATION:  LogChildExit, postmaster.c:3737
2023-11-25 10:08:18.346 UTC [2924520] LOG:  00000: shutting down
2023-11-25 10:08:18.346 UTC [2924520] LOCATION:  ShutdownXLOG, xlog.c:6039
2023-11-25 10:08:18.346 UTC [2924520] LOG:  00000: checkpoint starting: shutdown immediate
2023-11-25 10:08:18.346 UTC [2924520] LOCATION:  LogCheckpointStart, xlog.c:6089
2023-11-25 10:08:18.352 UTC [2924520] LOG:  00000: checkpoint complete: wrote 1091 buffers (6.7%); 0 WAL file(s) added, 0 removed, 0 recycled; write=0.006 s, sync=0.001 s, total=0.006 s; sync files=0, longest=0.000 s, average=0.000 s; distance=6442 kB, estimate=6442 kB
2023-11-25 10:08:18.352 UTC [2924520] LOCATION:  LogCheckpointEnd, xlog.c:6170
2023-11-25 10:08:18.359 UTC [2924519] LOG:  00000: database system is shut down
2023-11-25 10:08:18.359 UTC [2924519] LOCATION:  UnlinkLockFiles, miscinit.c:977
