test alter                        ... ok         1176 ms
test alternate_users              ... FAILED      800 ms
test chunk_utils                  ... ok          889 ms
test index                        ... ok         1037 ms
test pg_dump_unprivileged         ... ok          785 ms
test tablespace                   ... ok          770 ms
parallel group (21 tests):  custom_type cluster-15 baserel_cache ddl_errors agg_bookends-15 broken_tables create_table ddl_extra chunks drop_hypertable cursor-15 drop_extension create_chunks delete-15 ddl-15 create_hypertable copy-15 chunk_adaptive constraint-15 drop_owned append-15
     agg_bookends-15              ... ok         4682 ms
     append-15                    ... ok         6628 ms
     baserel_cache                ... ok         4677 ms
     broken_tables                ... ok         4682 ms
     chunk_adaptive               ... ok         4715 ms
     chunks                       ... ok         4687 ms
     cluster-15                   ... ok         4676 ms
     constraint-15                ... ok         4833 ms
     copy-15                      ... ok         4708 ms
     create_chunks                ... ok         4688 ms
     create_hypertable            ... ok         4702 ms
     create_table                 ... ok         4682 ms
     cursor-15                    ... ok         4687 ms
     custom_type                  ... ok         4674 ms
     ddl-15                       ... ok         4694 ms
     ddl_errors                   ... ok         4679 ms
     ddl_extra                    ... ok         4685 ms
     delete-15                    ... ok         4690 ms
     drop_extension               ... FAILED     4686 ms
     drop_hypertable              ... FAILED     4686 ms
     drop_owned                   ... ok         4841 ms
parallel group (21 tests):  drop_schema generated_as_identity misc dump_meta license hash parallel-15 merge grant_hypertable partition partitioning extension_scripts drop_rename_hypertable information_views lateral insert_returning null_exclusion histogram_test insert_single insert-15 insert_many
     drop_rename_hypertable       ... FAILED     5976 ms
     drop_schema                  ... ok         4705 ms
     dump_meta                    ... FAILED     5955 ms
     extension_scripts            ... ok         5974 ms
     generated_as_identity        ... ok         5948 ms
     grant_hypertable             ... ok         5969 ms
     hash                         ... ok         5961 ms
     histogram_test               ... ok         5998 ms
     information_views            ... ok         5975 ms
     insert-15                    ... ok         6152 ms
     insert_many                  ... ok         7405 ms
     insert_returning             ... ok         5996 ms
     insert_single                ... ok         6001 ms
     lateral                      ... ok         5991 ms
     license                      ... ok         5954 ms
     merge                        ... ok         5966 ms
     misc                         ... ok         5952 ms
     null_exclusion               ... ok         5997 ms
     parallel-15                  ... ok         5964 ms
     partition                    ... ok         5969 ms
     partitioning                 ... ok         5969 ms
parallel group (21 tests):  plain sort_optimization tableam sql_query partitionwise-15 plan_hypertable_inline-15 triggers upsert update-15 reloptions timestamp query-15 size_utils rowsecurity-15 plan_expand_hypertable-15 plan_ordered_append trusted_extension truncate relocate_extension plan_hashagg-15 pg_join
     partitionwise-15             ... ok         7852 ms
     pg_join                      ... ok         9773 ms
     plain                        ... FAILED     7122 ms
     plan_expand_hypertable-15    ... ok         7878 ms
     plan_hashagg-15              ... ok         9089 ms
     plan_hypertable_inline-15    ... ok         7853 ms
     plan_ordered_append          ... ok         7886 ms
     query-15                     ... ok         7868 ms
     relocate_extension           ... ok         8018 ms
     reloptions                   ... ok         7855 ms
     rowsecurity-15               ... ok         7874 ms
     size_utils                   ... ok         7873 ms
     sort_optimization            ... ok         7846 ms
     sql_query                    ... ok         7850 ms
     tableam                      ... ok         7847 ms
     timestamp                    ... ok         7862 ms
     triggers                     ... ok         7852 ms
     truncate                     ... ok         8017 ms
     trusted_extension            ... ok         7988 ms
     update-15                    ... ok         7853 ms
     upsert                       ... ok         7851 ms
parallel group (4 tests):  version util vacuum_parallel vacuum
     util                         ... ok          666 ms
     vacuum                       ... ok          672 ms
     vacuum_parallel              ... ok          669 ms
     version                      ... ok          658 ms
