parallel group (2 tests):  multi_test_helpers_superuser multi_test_helpers
     multi_test_helpers           ... ok           17 ms
     multi_test_helpers_superuser ... ok           12 ms
test multi_cluster_management     ... ok          808 ms
test create_role_propagation      ... ok          421 ms
test multi_create_fdw             ... ok           15 ms
test multi_test_catalog_views     ... ok          140 ms
test replicated_table_disable_node ... ok          261 ms
test multi_create_table           ... ok          363 ms
test multi_create_table_superuser ... ok          895 ms
parallel group (5 tests):  multi_master_protocol multi_load_data_superuser multi_load_data multi_behavioral_analytics_create_table multi_create_table_constraints
     multi_create_table_constraints ... ok          629 ms
     multi_master_protocol        ... ok           10 ms
     multi_load_data              ... ok          378 ms
     multi_load_data_superuser    ... ok          360 ms
     multi_behavioral_analytics_create_table ... ok          535 ms
parallel group (5 tests):  multi_insert_select_non_pushable_queries multi_behavioral_analytics_single_shard_queries multi_behavioral_analytics_basics multi_behavioral_analytics_create_table_superuser multi_insert_select
     multi_behavioral_analytics_basics ... ok          381 ms
     multi_behavioral_analytics_single_shard_queries ... ok          270 ms
     multi_insert_select_non_pushable_queries ... ok          139 ms
     multi_insert_select          ... ok         2186 ms
     multi_behavioral_analytics_create_table_superuser ... ok          532 ms
parallel group (2 tests):  recursive_dml_with_different_planners_executors multi_shard_update_delete
     multi_shard_update_delete    ... ok          632 ms
     recursive_dml_with_different_planners_executors ... ok          263 ms
parallel group (4 tests):  window_functions dml_recursive multi_insert_select_window insert_select_repartition
     insert_select_repartition    ... ok         1391 ms
     window_functions             ... ok          417 ms
     dml_recursive                ... ok          612 ms
     multi_insert_select_window   ... ok          713 ms
parallel group (2 tests):  citus_table_triggers multi_insert_select_conflict
     multi_insert_select_conflict ... ok          434 ms
     citus_table_triggers         ... ok           92 ms
parallel group (2 tests):  multi_row_insert insert_select_into_local_table
     multi_row_insert             ... ok           42 ms
     insert_select_into_local_table ... ok          343 ms
test multi_agg_approximate_distinct ... ok           47 ms
test tablespace                   ... ok           12 ms
test insert_select_connection_leak ... ok          762 ms
test ensure_no_intermediate_data_leak ... ok           31 ms
parallel group (3 tests):  multi_partitioning_utils replicated_partitioned_table multi_partitioning
     multi_partitioning_utils     ... ok          132 ms
     multi_partitioning           ... ok         6096 ms
     replicated_partitioned_table ... ok          579 ms
test subquery_basics              ... ok          170 ms
test subquery_local_tables        ... ok          236 ms
test subquery_executors           ... ok          226 ms
test subquery_and_cte             ... ok          727 ms
test set_operations               ... ok          413 ms
test union_pushdown               ... ok          545 ms
test set_operation_and_local_tables ... ok          189 ms
parallel group (4 tests):  subqueries_not_supported subqueries_deep subquery_partitioning subquery_view
     subqueries_deep              ... ok           98 ms
     subquery_view                ... ok          461 ms
     subquery_partitioning        ... ok          273 ms
     subqueries_not_supported     ... ok           53 ms
parallel group (4 tests):  subquery_append subquery_in_where subquery_in_targetlist subquery_complex_target_list
     subquery_in_targetlist       ... ok          389 ms
     subquery_in_where            ... ok          389 ms
     subquery_complex_target_list ... ok          418 ms
     subquery_append              ... ok          206 ms
test subquery_prepared_statements ... ok           78 ms
parallel group (2 tests):  non_colocated_leaf_subquery_joins non_colocated_subquery_joins
     non_colocated_leaf_subquery_joins ... ok           47 ms
     non_colocated_subquery_joins ... ok          704 ms
parallel group (5 tests):  recursive_view_local_table sequences_with_different_types values multi_level_recursive_queries cte_inline
     cte_inline                   ... ok          858 ms
     recursive_view_local_table   ... ok           78 ms
     values                       ... ok          386 ms
     sequences_with_different_types ... ok          319 ms
     multi_level_recursive_queries ... ok          449 ms
parallel group (2 tests):  pg13 pg12
     pg13                         ... ok          108 ms
     pg12                         ... ok          526 ms
test pg14                         ... FAILED     3120 ms
test pg15                         ... ok         1727 ms
parallel group (2 tests):  pg15_jsonpath detect_conn_close
     pg15_jsonpath                ... ok          211 ms
     detect_conn_close            ... ok         1831 ms
test drop_column_partitioned_table ... ok          208 ms
test tableam                      ... ok          183 ms
parallel group (4 tests):  multi_deparse_shard_query limit_intermediate_size intermediate_results multi_distributed_transaction_id
     multi_deparse_shard_query    ... ok          104 ms
     multi_distributed_transaction_id ... ok          609 ms
     intermediate_results         ... ok          457 ms
     limit_intermediate_size      ... ok          351 ms
parallel group (5 tests):  distributed_intermediate_results multi_real_time_transaction hyperscale_tutorial multi_explain partitioned_intermediate_results
     multi_explain                ... ok         1971 ms
     hyperscale_tutorial          ... ok         1871 ms
     partitioned_intermediate_results ... ok         2621 ms
     distributed_intermediate_results ... ok          601 ms
     multi_real_time_transaction  ... ok         1520 ms
parallel group (6 tests):  multi_basic_queries multi_complex_expressions cross_join multi_subquery_behavioral_analytics multi_subquery multi_subquery_complex_queries
     multi_basic_queries          ... ok           37 ms
     cross_join                   ... ok          733 ms
     multi_complex_expressions    ... ok          429 ms
     multi_subquery               ... ok          832 ms
     multi_subquery_complex_queries ... ok         5994 ms
     multi_subquery_behavioral_analytics ... ok          756 ms
parallel group (5 tests):  multi_sql_function multi_subquery_window_functions multi_prepare_sql multi_subquery_complex_reference_clause multi_view
     multi_subquery_complex_reference_clause ... ok         1849 ms
     multi_subquery_window_functions ... ok          397 ms
     multi_view                   ... ok         2030 ms
     multi_sql_function           ... ok          279 ms
     multi_prepare_sql            ... ok         1039 ms
parallel group (4 tests):  multi_function_in_join sql_procedure row_types materialized_view
     sql_procedure                ... ok          266 ms
     multi_function_in_join       ... ok          217 ms
     row_types                    ... ok          304 ms
     materialized_view            ... ok         1074 ms
parallel group (4 tests):  propagate_set_commands multi_subquery_in_where_reference_clause geqo adaptive_executor
     multi_subquery_in_where_reference_clause ... ok          110 ms
     adaptive_executor            ... ok          690 ms
     propagate_set_commands       ... ok           93 ms
     geqo                         ... ok          557 ms
test forcedelegation_functions    ... ok          961 ms
test join_pushdown                ... ok          683 ms
parallel group (4 tests):  multi_subquery_in_where_clause multi_subquery_misc multi_subquery_union statement_cancel_error_message
     multi_subquery_union         ... ok          288 ms
     multi_subquery_in_where_clause ... ok          185 ms
     multi_subquery_misc          ... ok          189 ms
     statement_cancel_error_message ... ok         1201 ms
parallel group (6 tests):  multi_limit_clause_approximate set_role_in_transaction multi_single_relation_subquery multi_agg_distinct multi_outer_join_reference multi_prepare_plsql
     multi_agg_distinct           ... ok          699 ms
     multi_limit_clause_approximate ... ok          319 ms
     multi_outer_join_reference   ... ok          715 ms
     multi_single_relation_subquery ... ok          579 ms
     multi_prepare_plsql          ... ok          718 ms
     set_role_in_transaction      ... ok          425 ms
parallel group (4 tests):  multi_select_for_update pg13_with_ties relation_access_tracking multi_reference_table
     multi_reference_table        ... ok          983 ms
     multi_select_for_update      ... ok          144 ms
     relation_access_tracking     ... ok          771 ms
     pg13_with_ties               ... ok          331 ms
parallel group (3 tests):  tdigest_aggregate_support custom_aggregate_support aggregate_support
     custom_aggregate_support     ... ok          301 ms
     aggregate_support            ... ok          901 ms
     tdigest_aggregate_support    ... ok          100 ms
parallel group (4 tests):  having_subquery multi_average_expression multi_working_columns multi_having_pushdown
     multi_average_expression     ... ok           38 ms
     multi_working_columns        ... ok           73 ms
     multi_having_pushdown        ... ok           77 ms
     having_subquery              ... ok           24 ms
parallel group (3 tests):  multi_array_agg multi_orderby_limit_pushdown multi_limit_clause
     multi_array_agg              ... ok           63 ms
     multi_limit_clause           ... ok          291 ms
     multi_orderby_limit_pushdown ... ok          122 ms
parallel group (9 tests):  multi_jsonb_agg multi_json_object_agg multi_json_agg bool_agg multi_jsonb_object_agg anonymous_columns ch_bench_having expression_reference_join chbenchmark_all_queries
     multi_jsonb_agg              ... ok          121 ms
     multi_jsonb_object_agg       ... ok          190 ms
     multi_json_agg               ... ok          147 ms
     multi_json_object_agg        ... ok          144 ms
     bool_agg                     ... ok          175 ms
     ch_bench_having              ... ok          391 ms
     chbenchmark_all_queries      ... ok         1321 ms
     expression_reference_join    ... ok          432 ms
     anonymous_columns            ... ok          309 ms
test ch_bench_subquery_repartition ... ok          496 ms
parallel group (3 tests):  multi_count_type_conversion multi_agg_type_conversion recursive_relation_planning_restriction_pushdown
     multi_agg_type_conversion    ... ok           34 ms
     multi_count_type_conversion  ... ok           20 ms
     recursive_relation_planning_restriction_pushdown ... ok          213 ms
parallel group (3 tests):  multi_partition_pruning unsupported_lateral_subqueries single_hash_repartition_join
     multi_partition_pruning      ... ok           43 ms
     single_hash_repartition_join ... ok          467 ms
     unsupported_lateral_subqueries ... ok           75 ms
parallel group (3 tests):  multi_join_pruning multi_hash_pruning intermediate_result_pruning
     multi_join_pruning           ... ok           33 ms
     multi_hash_pruning           ... ok          218 ms
     intermediate_result_pruning  ... ok          317 ms
parallel group (2 tests):  multi_null_minmax_value_pruning cursors
     multi_null_minmax_value_pruning ... ok           52 ms
     cursors                      ... ok          121 ms
parallel group (2 tests):  adv_lock_permission modification_correctness
     modification_correctness     ... ok          175 ms
     adv_lock_permission          ... ok          123 ms
test multi_query_directory_cleanup ... ok           65 ms
parallel group (2 tests):  multi_task_assignment_policy multi_cross_shard
     multi_task_assignment_policy ... ok           93 ms
     multi_cross_shard            ... ok          209 ms
test multi_utility_statements     ... ok          115 ms
parallel group (2 tests):  multi_dropped_column_aliases foreign_key_restriction_enforcement
     multi_dropped_column_aliases ... ok           50 ms
     foreign_key_restriction_enforcement ... ok          843 ms
test binary_protocol              ... ok           98 ms
test alter_table_set_access_method ... ok          693 ms
test alter_distributed_table      ... ok         1866 ms
parallel group (4 tests):  issue_5099 issue_6543 issue_5763 issue_5248
     issue_5248                   ... ok         1380 ms
     issue_5099                   ... ok           39 ms
     issue_5763                   ... ok          139 ms
     issue_6543                   ... ok           86 ms
test object_propagation_debug     ... ok           44 ms
test undistribute_table           ... ok          305 ms
test run_command_on_all_nodes     ... ok          385 ms
test background_task_queue_monitor ... ok        38071 ms
test clock                        ... ok          193 ms
test merge                        ... ok          943 ms
test pgmerge                      ... ok          454 ms
test ensure_no_intermediate_data_leak ... ok           31 ms
test ensure_no_shared_connection_leak ... ok          372 ms
test check_mx                     ... ok           25 ms
test generated_identity           ... ok         1770 ms
test drop_database                ... ok          695 ms
