test alter                        ... ok         1157 ms
test alternate_users              ... ok          829 ms
test chunk_utils                  ... ok          851 ms
test index                        ... ok         1048 ms
test pg_dump_unprivileged         ... ok          777 ms
test tablespace                   ... ok          722 ms
parallel group (21 tests):  cluster-15 create_table custom_type ddl_extra delete-15 drop_hypertable chunks broken_tables drop_extension baserel_cache ddl-15 create_chunks cursor-15 ddl_errors create_hypertable agg_bookends-15 copy-15 chunk_adaptive constraint-15 drop_owned append-15
     agg_bookends-15              ... ok         4968 ms
     append-15                    ... ok         6583 ms
     baserel_cache                ... ok         4961 ms
     broken_tables                ... ok         4958 ms
     chunk_adaptive               ... ok         4980 ms
     chunks                       ... ok         4957 ms
     cluster-15                   ... ok         4947 ms
     constraint-15                ... ok         5071 ms
     copy-15                      ... ok         4969 ms
     create_chunks                ... ok         4961 ms
     create_hypertable            ... ok         4965 ms
     create_table                 ... ok         4947 ms
     cursor-15                    ... ok         4960 ms
     custom_type                  ... ok         4947 ms
     ddl-15                       ... ok         4960 ms
     ddl_errors                   ... ok         4962 ms
     ddl_extra                    ... ok         4946 ms
     delete-15                    ... ok         4954 ms
     drop_extension               ... FAILED     4958 ms
     drop_hypertable              ... ok         4955 ms
     drop_owned                   ... ok         5079 ms
parallel group (21 tests):  hash drop_schema histogram_test generated_as_identity lateral information_views partitioning merge null_exclusion license dump_meta misc drop_rename_hypertable partition insert_single parallel-15 extension_scripts insert_returning grant_hypertable insert-15 insert_many
     drop_rename_hypertable       ... ok         6337 ms
     drop_schema                  ... ok         6317 ms
     dump_meta                    ... ok         6336 ms
     extension_scripts            ... ok         6343 ms
     generated_as_identity        ... ok         6327 ms
     grant_hypertable             ... ok         6356 ms
     hash                         ... ok         5043 ms
     histogram_test               ... ok         6321 ms
     information_views            ... ok         6331 ms
     insert-15                    ... ok         6515 ms
     insert_many                  ... ok         7628 ms
     insert_returning             ... ok         6354 ms
     insert_single                ... ok         6341 ms
     lateral                      ... ok         6327 ms
     license                      ... ok         6331 ms
     merge                        ... ok         6330 ms
     misc                         ... ok         6335 ms
     null_exclusion               ... ok         6330 ms
     parallel-15                  ... ok         6340 ms
     partition                    ... ok         6339 ms
     partitioning                 ... ok         6329 ms
parallel group (21 tests):  upsert partitionwise-15 plan_hypertable_inline-15 sort_optimization sql_query triggers reloptions query-15 tableam rowsecurity-15 timestamp plan_expand_hypertable-15 update-15 plain size_utils plan_ordered_append truncate relocate_extension trusted_extension plan_hashagg-15 pg_join
     partitionwise-15             ... ok         7637 ms
     pg_join                      ... ok         9710 ms
     plain                        ... ok         7678 ms
     plan_expand_hypertable-15    ... ok         7678 ms
     plan_hashagg-15              ... ok         8870 ms
     plan_hypertable_inline-15    ... ok         7636 ms
     plan_ordered_append          ... ok         7680 ms
     query-15                     ... ok         7665 ms
     relocate_extension           ... ok         7911 ms
     reloptions                   ... ok         7663 ms
     rowsecurity-15               ... ok         7670 ms
     size_utils                   ... ok         7680 ms
     sort_optimization            ... ok         7636 ms
     sql_query                    ... ok         7637 ms
     tableam                      ... ok         7665 ms
     timestamp                    ... ok         7670 ms
     triggers                     ... ok         7649 ms
     truncate                     ... ok         7883 ms
     trusted_extension            ... ok         7911 ms
     update-15                    ... ok         7676 ms
     upsert                       ... ok         7631 ms
parallel group (4 tests):  util vacuum version vacuum_parallel
     util                         ... ok          706 ms
     vacuum                       ... ok          715 ms
     vacuum_parallel              ... ok          717 ms
     version                      ... ok          715 ms
