test alter                        ... ok         1138 ms
test alternate_users              ... ok          816 ms
test chunk_utils                  ... ok          874 ms
test index                        ... ok         1019 ms
test pg_dump_unprivileged         ... ok          775 ms
test tablespace                   ... ok          733 ms
parallel group (21 tests):  cursor-15 chunks broken_tables cluster-15 baserel_cache agg_bookends-15 create_hypertable drop_extension ddl_extra drop_hypertable ddl-15 create_table custom_type chunk_adaptive create_chunks ddl_errors delete-15 copy-15 constraint-15 drop_owned append-15
     agg_bookends-15              ... ok         5289 ms
     append-15                    ... ok         6602 ms
     baserel_cache                ... ok         5289 ms
     broken_tables                ... ok         5285 ms
     chunk_adaptive               ... ok         5304 ms
     chunks                       ... ok         5285 ms
     cluster-15                   ... ok         5285 ms
     constraint-15                ... ok         5388 ms
     copy-15                      ... ok         5325 ms
     create_chunks                ... ok         5310 ms
     create_hypertable            ... ok         5288 ms
     create_table                 ... ok         5298 ms
     cursor-15                    ... ok         5264 ms
     custom_type                  ... ok         5298 ms
     ddl-15                       ... ok         5292 ms
     ddl_errors                   ... ok         5309 ms
     ddl_extra                    ... ok         5289 ms
     delete-15                    ... ok         5310 ms
     drop_extension               ... FAILED     5288 ms
     drop_hypertable              ... ok         5289 ms
     drop_owned                   ... ok         5423 ms
parallel group (21 tests):  license null_exclusion grant_hypertable merge drop_rename_hypertable parallel-15 insert_returning hash partitioning histogram_test drop_schema lateral generated_as_identity information_views dump_meta misc partition extension_scripts insert_single insert-15 insert_many
     drop_rename_hypertable       ... ok         5725 ms
     drop_schema                  ... ok         5736 ms
     dump_meta                    ... ok         5738 ms
     extension_scripts            ... ok         5753 ms
     generated_as_identity        ... ok         5737 ms
     grant_hypertable             ... ok         5722 ms
     hash                         ... ok         5726 ms
     histogram_test               ... ok         5733 ms
     information_views            ... ok         5737 ms
     insert-15                    ... ok         6609 ms
     insert_many                  ... ok         7488 ms
     insert_returning             ... ok         5724 ms
     insert_single                ... ok         5753 ms
     lateral                      ... ok         5735 ms
     license                      ... ok         4439 ms
     merge                        ... ok         5723 ms
     misc                         ... ok         5740 ms
     null_exclusion               ... ok         5712 ms
     parallel-15                  ... ok         5723 ms
     partition                    ... ok         5744 ms
     partitioning                 ... ok         5731 ms
parallel group (21 tests):  plan_hypertable_inline-15 rowsecurity-15 tableam timestamp sort_optimization partitionwise-15 plain reloptions triggers query-15 size_utils sql_query update-15 upsert plan_expand_hypertable-15 plan_ordered_append trusted_extension truncate relocate_extension plan_hashagg-15 pg_join
     partitionwise-15             ... ok         7429 ms
     pg_join                      ... ok         9787 ms
     plain                        ... FAILED     7429 ms
     plan_expand_hypertable-15    ... ok         7443 ms
     plan_hashagg-15              ... ok         8819 ms
     plan_hypertable_inline-15    ... ok         6818 ms
     plan_ordered_append          ... ok         7517 ms
     query-15                     ... ok         7436 ms
     relocate_extension           ... ok         8080 ms
     reloptions                   ... ok         7429 ms
     rowsecurity-15               ... ok         7384 ms
     size_utils                   ... ok         7435 ms
     sort_optimization            ... ok         7427 ms
     sql_query                    ... ok         7435 ms
     tableam                      ... ok         7425 ms
     timestamp                    ... ok         7427 ms
     triggers                     ... ok         7428 ms
     truncate                     ... ok         7872 ms
     trusted_extension            ... ok         7870 ms
     update-15                    ... ok         7434 ms
     upsert                       ... ok         7435 ms
parallel group (4 tests):  version util vacuum_parallel vacuum
     util                         ... ok          708 ms
     vacuum                       ... ok          711 ms
     vacuum_parallel              ... ok          711 ms
     version                      ... ok          699 ms
