test alter                        ... ok         1172 ms
test alternate_users              ... ok          822 ms
test chunk_utils                  ... ok          854 ms
test index                        ... FAILED      993 ms
test pg_dump_unprivileged         ... ok          796 ms
test tablespace                   ... ok          727 ms
parallel group (21 tests):  cursor-15 baserel_cache chunks create_hypertable ddl_extra create_chunks delete-15 custom_type agg_bookends-15 ddl-15 broken_tables ddl_errors drop_extension cluster-15 drop_hypertable chunk_adaptive create_table copy-15 constraint-15 drop_owned append-15
     agg_bookends-15              ... ok         5119 ms
     append-15                    ... ok         6775 ms
     baserel_cache                ... ok         5101 ms
     broken_tables                ... ok         5120 ms
     chunk_adaptive               ... ok         5124 ms
     chunks                       ... ok         5100 ms
     cluster-15                   ... ok         5122 ms
     constraint-15                ... ok         5232 ms
     copy-15                      ... ok         5143 ms
     create_chunks                ... ok         5106 ms
     create_hypertable            ... ok         5102 ms
     create_table                 ... ok         5125 ms
     cursor-15                    ... ok         5098 ms
     custom_type                  ... ok         5108 ms
     ddl-15                       ... ok         5119 ms
     ddl_errors                   ... ok         5119 ms
     ddl_extra                    ... ok         5102 ms
     delete-15                    ... ok         5106 ms
     drop_extension               ... FAILED     5120 ms
     drop_hypertable              ... FAILED     5122 ms
     drop_owned                   ... ok         5240 ms
parallel group (21 tests):  merge null_exclusion license partitioning histogram_test information_views hash misc generated_as_identity grant_hypertable lateral partition insert_returning parallel-15 dump_meta drop_schema drop_rename_hypertable insert_single extension_scripts insert-15 insert_many
     drop_rename_hypertable       ... ok         6206 ms
     drop_schema                  ... ok         6204 ms
     dump_meta                    ... ok         6202 ms
     extension_scripts            ... ok         6210 ms
     generated_as_identity        ... ok         6190 ms
     grant_hypertable             ... ok         6192 ms
     hash                         ... ok         6189 ms
     histogram_test               ... ok         6189 ms
     information_views            ... ok         6189 ms
     insert-15                    ... ok         6633 ms
     insert_many                  ... FAILED     7690 ms
     insert_returning             ... ok         6200 ms
     insert_single                ... ok         6208 ms
     lateral                      ... ok         6195 ms
     license                      ... ok         6175 ms
     merge                        ... ok         4782 ms
     misc                         ... ok         6189 ms
     null_exclusion               ... ok         6174 ms
     parallel-15                  ... ok         6199 ms
     partition                    ... FAILED     6197 ms
     partitioning                 ... ok         6187 ms
parallel group (21 tests):  plan_hypertable_inline-15 sort_optimization update-15 upsert query-15 reloptions size_utils partitionwise-15 timestamp triggers plain tableam plan_expand_hypertable-15 rowsecurity-15 sql_query relocate_extension plan_ordered_append trusted_extension truncate plan_hashagg-15 pg_join
     partitionwise-15             ... FAILED     7742 ms
     pg_join                      ... ok         9846 ms
     plain                        ... ok         7744 ms
     plan_expand_hypertable-15    ... ok         7759 ms
     plan_hashagg-15              ... ok         9040 ms
     plan_hypertable_inline-15    ... ok         7699 ms
     plan_ordered_append          ... ok         7889 ms
     query-15                     ... ok         7733 ms
     relocate_extension           ... ok         7870 ms
     reloptions                   ... ok         7733 ms
     rowsecurity-15               ... ok         7779 ms
     size_utils                   ... ok         7738 ms
     sort_optimization            ... ok         7716 ms
     sql_query                    ... FAILED     7778 ms
     tableam                      ... ok         7749 ms
     timestamp                    ... ok         7741 ms
     triggers                     ... ok         7742 ms
     truncate                     ... ok         7903 ms
     trusted_extension            ... ok         7900 ms
     update-15                    ... ok         7727 ms
     upsert                       ... ok         7731 ms
parallel group (4 tests):  version util vacuum vacuum_parallel
     util                         ... ok          732 ms
     vacuum                       ... ok          734 ms
     vacuum_parallel              ... ok          735 ms
     version                      ... ok          725 ms
