test alter                        ... ok         1104 ms
test alternate_users              ... ok          798 ms
test chunk_utils                  ... ok          868 ms
test index                        ... ok         1005 ms
test pg_dump_unprivileged         ... ok          770 ms
test tablespace                   ... ok          730 ms
parallel group (21 tests):  baserel_cache cluster-15 create_table create_chunks chunks agg_bookends-15 drop_hypertable custom_type delete-15 ddl_errors ddl_extra cursor-15 ddl-15 drop_extension create_hypertable broken_tables copy-15 chunk_adaptive constraint-15 drop_owned append-15
     agg_bookends-15              ... ok         4701 ms
     append-15                    ... ok         6476 ms
     baserel_cache                ... ok         4687 ms
     broken_tables                ... ok         4725 ms
     chunk_adaptive               ... ok         4762 ms
     chunks                       ... ok         4698 ms
     cluster-15                   ... ok         4687 ms
     constraint-15                ... ok         4846 ms
     copy-15                      ... ok         4736 ms
     create_chunks                ... ok         4697 ms
     create_hypertable            ... ok         4717 ms
     create_table                 ... ok         4696 ms
     cursor-15                    ... ok         4716 ms
     custom_type                  ... ok         4707 ms
     ddl-15                       ... ok         4716 ms
     ddl_errors                   ... ok         4708 ms
     ddl_extra                    ... ok         4711 ms
     delete-15                    ... ok         4707 ms
     drop_extension               ... FAILED     4716 ms
     drop_hypertable              ... ok         4703 ms
     drop_owned                   ... ok         4854 ms
parallel group (21 tests):  dump_meta partitioning grant_hypertable null_exclusion drop_schema misc merge information_views license extension_scripts hash insert_returning lateral generated_as_identity histogram_test insert_single parallel-15 drop_rename_hypertable partition insert-15 insert_many
     drop_rename_hypertable       ... ok         5938 ms
     drop_schema                  ... ok         5907 ms
     dump_meta                    ... ok         4616 ms
     extension_scripts            ... ok         5929 ms
     generated_as_identity        ... ok         5934 ms
     grant_hypertable             ... ok         5906 ms
     hash                         ... ok         5931 ms
     histogram_test               ... ok         5936 ms
     information_views            ... ok         5914 ms
     insert-15                    ... ok         6156 ms
     insert_many                  ... ok         7255 ms
     insert_returning             ... ok         5931 ms
     insert_single                ... ok         5936 ms
     lateral                      ... ok         5930 ms
     license                      ... ok         5924 ms
     merge                        ... ok         5906 ms
     misc                         ... ok         5906 ms
     null_exclusion               ... ok         5905 ms
     parallel-15                  ... ok         5936 ms
     partition                    ... ok         5941 ms
     partitioning                 ... ok         5903 ms
parallel group (21 tests):  sort_optimization reloptions timestamp size_utils triggers upsert plan_hypertable_inline-15 plain plan_ordered_append sql_query query-15 tableam partitionwise-15 update-15 rowsecurity-15 plan_expand_hypertable-15 trusted_extension truncate relocate_extension plan_hashagg-15 pg_join
     partitionwise-15             ... ok         7535 ms
     pg_join                      ... ok         9811 ms
     plain                        ... ok         7524 ms
     plan_expand_hypertable-15    ... ok         7548 ms
     plan_hashagg-15              ... ok         9212 ms
     plan_hypertable_inline-15    ... ok         7523 ms
     plan_ordered_append          ... ok         7524 ms
     query-15                     ... ok         7525 ms
     relocate_extension           ... ok         7709 ms
     reloptions                   ... ok         7494 ms
     rowsecurity-15               ... ok         7538 ms
     size_utils                   ... ok         7495 ms
     sort_optimization            ... ok         7493 ms
     sql_query                    ... ok         7524 ms
     tableam                      ... ok         7526 ms
     timestamp                    ... ok         7495 ms
     triggers                     ... ok         7507 ms
     truncate                     ... ok         7707 ms
     trusted_extension            ... ok         7697 ms
     update-15                    ... ok         7534 ms
     upsert                       ... ok         7510 ms
parallel group (4 tests):  util version vacuum_parallel vacuum
     util                         ... ok          656 ms
     vacuum                       ... ok          666 ms
     vacuum_parallel              ... ok          665 ms
     version                      ... ok          662 ms
