test alter                        ... ok         2433 ms
test alternate_users              ... ok         1689 ms
test chunk_utils                  ... ok         1868 ms
test index                        ... ok         2208 ms
test pg_dump_unprivileged         ... ok         1505 ms
test tablespace                   ... ok         1529 ms
parallel group (21 tests):  broken_tables cursor-15 ddl_extra create_table baserel_cache drop_extension chunks create_chunks ddl_errors custom_type cluster-15 ddl-15 drop_hypertable copy-15 agg_bookends-15 chunk_adaptive create_hypertable delete-15 append-15 constraint-15 drop_owned
     agg_bookends-15              ... ok        10908 ms
     append-15                    ... ok        10928 ms
     baserel_cache                ... ok        10886 ms
     broken_tables                ... ok        10886 ms
     chunk_adaptive               ... ok        10907 ms
     chunks                       ... ok        10889 ms
     cluster-15                   ... ok        10897 ms
     constraint-15                ... ok        11092 ms
     copy-15                      ... FAILED    10901 ms
     create_chunks                ... ok        10897 ms
     create_hypertable            ... ok        10907 ms
     create_table                 ... ok        10885 ms
     cursor-15                    ... ok        10885 ms
     custom_type                  ... ok        10896 ms
     ddl-15                       ... ok        10898 ms
     ddl_errors                   ... ok        10896 ms
     ddl_extra                    ... ok        10885 ms
     delete-15                    ... ok        10906 ms
     drop_extension               ... FAILED    10887 ms
     drop_hypertable              ... ok        10898 ms
     drop_owned                   ... ok        11147 ms
parallel group (21 tests):  partitioning insert_returning grant_hypertable merge information_views license parallel-15 generated_as_identity dump_meta drop_rename_hypertable null_exclusion histogram_test misc partition extension_scripts lateral hash insert_single drop_schema insert-15 insert_many
     drop_rename_hypertable       ... ok        15076 ms
     drop_schema                  ... ok        15142 ms
     dump_meta                    ... ok        15075 ms
     extension_scripts            ... ok        15077 ms
     generated_as_identity        ... ok        15075 ms
     grant_hypertable             ... ok        15063 ms
     hash                         ... ok        15141 ms
     histogram_test               ... ok        15076 ms
     information_views            ... ok        15074 ms
     insert-15                    ... ok        15547 ms
     insert_many                  ... ok        17733 ms
     insert_returning             ... ok        15042 ms
     insert_single                ... ok        15140 ms
     lateral                      ... ok        15085 ms
     license                      ... ok        15074 ms
     merge                        ... ok        15062 ms
     misc                         ... ok        15075 ms
     null_exclusion               ... ok        15074 ms
     parallel-15                  ... ok        15073 ms
     partition                    ... ok        15075 ms
     partitioning                 ... ok        11345 ms
parallel group (21 tests):  tableam size_utils reloptions sql_query sort_optimization partitionwise-15 plan_hypertable_inline-15 query-15 triggers upsert plain update-15 rowsecurity-15 plan_expand_hypertable-15 plan_hashagg-15 timestamp plan_ordered_append trusted_extension truncate pg_join relocate_extension
     partitionwise-15             ... ok        19301 ms
     pg_join                      ... ok        19912 ms
     plain                        ... ok        19304 ms
     plan_expand_hypertable-15    ... ok        19308 ms
     plan_hashagg-15              ... ok        19308 ms
     plan_hypertable_inline-15    ... ok        19301 ms
     plan_ordered_append          ... ok        19309 ms
     query-15                     ... ok        19301 ms
     relocate_extension           ... ok        20501 ms
     reloptions                   ... ok        19278 ms
     rowsecurity-15               ... ok        19307 ms
     size_utils                   ... ok        19273 ms
     sort_optimization            ... ok        19292 ms
     sql_query                    ... ok        19278 ms
     tableam                      ... ok        18289 ms
     timestamp                    ... ok        19307 ms
     triggers                     ... ok        19302 ms
     truncate                     ... ok        19893 ms
     trusted_extension            ... ok        19773 ms
     update-15                    ... ok        19303 ms
     upsert                       ... ok        19301 ms
parallel group (4 tests):  util version vacuum vacuum_parallel
     util                         ... ok         1679 ms
     vacuum                       ... ok         1707 ms
     vacuum_parallel              ... ok         1707 ms
     version                      ... ok         1703 ms
