test alter                        ... ok         1133 ms
test alternate_users              ... ok          804 ms
test chunk_utils                  ... ok          895 ms
test index                        ... ok         1024 ms
test pg_dump_unprivileged         ... ok          783 ms
test tablespace                   ... ok          756 ms
parallel group (21 tests):  drop_hypertable cursor-15 create_chunks create_hypertable custom_type broken_tables baserel_cache delete-15 chunks ddl-15 ddl_errors cluster-15 create_table drop_extension ddl_extra agg_bookends-15 chunk_adaptive copy-15 constraint-15 drop_owned append-15
     agg_bookends-15              ... ok         5238 ms
     append-15                    ... ok         6675 ms
     baserel_cache                ... ok         5213 ms
     broken_tables                ... ok         5213 ms
     chunk_adaptive               ... ok         5241 ms
     chunks                       ... ok         5214 ms
     cluster-15                   ... ok         5228 ms
     constraint-15                ... ok         5311 ms
     copy-15                      ... ok         5253 ms
     create_chunks                ... ok         5211 ms
     create_hypertable            ... ok         5211 ms
     create_table                 ... ok         5228 ms
     cursor-15                    ... ok         5206 ms
     custom_type                  ... ok         5212 ms
     ddl-15                       ... ok         5217 ms
     ddl_errors                   ... ok         5225 ms
     ddl_extra                    ... ok         5235 ms
     delete-15                    ... ok         5212 ms
     drop_extension               ... FAILED     5228 ms
     drop_hypertable              ... ok         5204 ms
     drop_owned                   ... ok         5334 ms
parallel group (21 tests):  license information_views drop_schema generated_as_identity merge hash partitioning drop_rename_hypertable dump_meta null_exclusion histogram_test insert_returning misc grant_hypertable lateral extension_scripts parallel-15 insert_single partition insert-15 insert_many
     drop_rename_hypertable       ... ok         6167 ms
     drop_schema                  ... ok         6154 ms
     dump_meta                    ... ok         6167 ms
     extension_scripts            ... ok         6169 ms
     generated_as_identity        ... ok         6154 ms
     grant_hypertable             ... ok         6168 ms
     hash                         ... ok         6159 ms
     histogram_test               ... ok         6168 ms
     information_views            ... ok         6151 ms
     insert-15                    ... ok         6583 ms
     insert_many                  ... ok         7504 ms
     insert_returning             ... ok         6167 ms
     insert_single                ... ok         6168 ms
     lateral                      ... ok         6167 ms
     license                      ... ok         4622 ms
     merge                        ... ok         6155 ms
     misc                         ... ok         6167 ms
     null_exclusion               ... ok         6165 ms
     parallel-15                  ... ok         6167 ms
     partition                    ... ok         6169 ms
     partitioning                 ... ok         6158 ms
parallel group (21 tests):  reloptions update-15 upsert sort_optimization sql_query plain triggers plan_hypertable_inline-15 plan_expand_hypertable-15 tableam timestamp partitionwise-15 size_utils rowsecurity-15 query-15 plan_ordered_append truncate trusted_extension relocate_extension plan_hashagg-15 pg_join
     partitionwise-15             ... ok         7903 ms
     pg_join                      ... ok        10066 ms
     plain                        ... ok         7893 ms
     plan_expand_hypertable-15    ... ok         7899 ms
     plan_hashagg-15              ... ok         9097 ms
     plan_hypertable_inline-15    ... ok         7899 ms
     plan_ordered_append          ... ok         7925 ms
     query-15                     ... ok         7910 ms
     relocate_extension           ... ok         8573 ms
     reloptions                   ... ok         7228 ms
     rowsecurity-15               ... ok         7906 ms
     size_utils                   ... ok         7902 ms
     sort_optimization            ... ok         7882 ms
     sql_query                    ... ok         7885 ms
     tableam                      ... ok         7898 ms
     timestamp                    ... ok         7900 ms
     triggers                     ... ok         7897 ms
     truncate                     ... ok         8192 ms
     trusted_extension            ... ok         8303 ms
     update-15                    ... ok         7873 ms
     upsert                       ... ok         7876 ms
parallel group (4 tests):  version util vacuum vacuum_parallel
     util                         ... ok          694 ms
     vacuum                       ... ok          697 ms
     vacuum_parallel              ... ok          697 ms
     version                      ... ok          682 ms
