test alter                        ... ok         1117 ms
test alternate_users              ... ok          797 ms
test chunk_utils                  ... ok          905 ms
test index                        ... ok         1057 ms
test pg_dump_unprivileged         ... ok          942 ms
test tablespace                   ... ok          868 ms
parallel group (21 tests):  chunks broken_tables create_hypertable drop_hypertable baserel_cache ddl_errors create_chunks drop_extension custom_type create_table agg_bookends-15 cursor-15 ddl_extra cluster-15 chunk_adaptive ddl-15 delete-15 copy-15 constraint-15 drop_owned append-15
     agg_bookends-15              ... ok         7035 ms
     append-15                    ... ok         8468 ms
     baserel_cache                ... ok         7020 ms
     broken_tables                ... ok         7017 ms
     chunk_adaptive               ... ok         7037 ms
     chunks                       ... ok         7012 ms
     cluster-15                   ... ok         7037 ms
     constraint-15                ... ok         7165 ms
     copy-15                      ... ok         7040 ms
     create_chunks                ... ok         7025 ms
     create_hypertable            ... ok         7017 ms
     create_table                 ... ok         7033 ms
     cursor-15                    ... ok         7034 ms
     custom_type                  ... ok         7029 ms
     ddl-15                       ... ok         7036 ms
     ddl_errors                   ... ok         7020 ms
     ddl_extra                    ... ok         7036 ms
     delete-15                    ... ok         7036 ms
     drop_extension               ... FAILED     7025 ms
     drop_hypertable              ... ok         7018 ms
     drop_owned                   ... ok         7184 ms
parallel group (21 tests):  partitioning hash dump_meta null_exclusion drop_rename_hypertable grant_hypertable lateral parallel-15 license merge histogram_test misc drop_schema insert_returning generated_as_identity information_views extension_scripts partition insert_single insert-15 insert_many
     drop_rename_hypertable       ... ok         8829 ms
     drop_schema                  ... ok         8849 ms
     dump_meta                    ... ok         8828 ms
     extension_scripts            ... ok         8850 ms
     generated_as_identity        ... ok         8849 ms
     grant_hypertable             ... ok         8829 ms
     hash                         ... ok         8823 ms
     histogram_test               ... ok         8848 ms
     information_views            ... ok         8849 ms
     insert-15                    ... ok         9369 ms
     insert_many                  ... ok        10807 ms
     insert_returning             ... ok         8849 ms
     insert_single                ... ok         8849 ms
     lateral                      ... ok         8828 ms
     license                      ... ok         8832 ms
     merge                        ... ok         8845 ms
     misc                         ... ok         8847 ms
     null_exclusion               ... ok         8827 ms
     parallel-15                  ... ok         8827 ms
     partition                    ... ok         8849 ms
     partitioning                 ... ok         6485 ms
parallel group (21 tests):  timestamp partitionwise-15 triggers sort_optimization tableam upsert reloptions plain plan_hypertable_inline-15 sql_query size_utils update-15 plan_expand_hypertable-15 rowsecurity-15 plan_ordered_append query-15 plan_hashagg-15 relocate_extension trusted_extension truncate pg_join
     partitionwise-15             ... ok        15277 ms
     pg_join                      ... ok        16098 ms
     plain                        ... ok        15341 ms
     plan_expand_hypertable-15    ... ok        15369 ms
     plan_hashagg-15              ... ok        15374 ms
     plan_hypertable_inline-15    ... ok        15341 ms
     plan_ordered_append          ... ok        15373 ms
     query-15                     ... ok        15373 ms
     relocate_extension           ... ok        15519 ms
     reloptions                   ... ok        15340 ms
     rowsecurity-15               ... ok        15373 ms
     size_utils                   ... ok        15341 ms
     sort_optimization            ... ok        15328 ms
     sql_query                    ... ok        15340 ms
     tableam                      ... ok        15331 ms
     timestamp                    ... ok        15275 ms
     triggers                     ... ok        15275 ms
     truncate                     ... ok        15547 ms
     trusted_extension            ... ok        15546 ms
     update-15                    ... ok        15340 ms
     upsert                       ... ok        15339 ms
parallel group (4 tests):  version util vacuum vacuum_parallel
     util                         ... ok         1301 ms
     vacuum                       ... ok         1302 ms
     vacuum_parallel              ... ok         1305 ms
     version                      ... ok         1275 ms
