test alter                        ... ok         1171 ms
test alternate_users              ... ok          809 ms
test chunk_utils                  ... ok          887 ms
test index                        ... ok         1035 ms
test pg_dump_unprivileged         ... ok          787 ms
test tablespace                   ... ok          744 ms
parallel group (21 tests):  cluster-15 chunks create_table broken_tables create_hypertable agg_bookends-15 custom_type ddl-15 create_chunks cursor-15 drop_extension baserel_cache ddl_errors ddl_extra drop_hypertable delete-15 copy-15 chunk_adaptive constraint-15 drop_owned append-15
     agg_bookends-15              ... ok         4827 ms
     append-15                    ... ok         6793 ms
     baserel_cache                ... ok         4830 ms
     broken_tables                ... ok         4819 ms
     chunk_adaptive               ... ok         4848 ms
     chunks                       ... ok         4819 ms
     cluster-15                   ... ok         4818 ms
     constraint-15                ... ok         4970 ms
     copy-15                      ... ok         4845 ms
     create_chunks                ... ok         4829 ms
     create_hypertable            ... ok         4821 ms
     create_table                 ... ok         4818 ms
     cursor-15                    ... ok         4828 ms
     custom_type                  ... ok         4826 ms
     ddl-15                       ... ok         4827 ms
     ddl_errors                   ... ok         4831 ms
     ddl_extra                    ... ok         4831 ms
     delete-15                    ... ok         4834 ms
     drop_extension               ... FAILED     4828 ms
     drop_hypertable              ... ok         4830 ms
     drop_owned                   ... ok         4986 ms
parallel group (21 tests):  null_exclusion insert_returning drop_schema merge histogram_test license generated_as_identity partitioning hash parallel-15 information_views misc lateral drop_rename_hypertable grant_hypertable dump_meta partition insert_single extension_scripts insert-15 insert_many
     drop_rename_hypertable       ... ok         6199 ms
     drop_schema                  ... ok         6191 ms
     dump_meta                    ... ok         6204 ms
     extension_scripts            ... ok         6207 ms
     generated_as_identity        ... ok         6194 ms
     grant_hypertable             ... ok         6201 ms
     hash                         ... ok         6195 ms
     histogram_test               ... ok         6193 ms
     information_views            ... ok         6197 ms
     insert-15                    ... ok         6394 ms
     insert_many                  ... ok         7428 ms
     insert_returning             ... ok         6183 ms
     insert_single                ... ok         6203 ms
     lateral                      ... ok         6198 ms
     license                      ... ok         6192 ms
     merge                        ... ok         6190 ms
     misc                         ... ok         6196 ms
     null_exclusion               ... ok         4923 ms
     parallel-15                  ... ok         6195 ms
     partition                    ... ok         6202 ms
     partitioning                 ... ok         6193 ms
parallel group (21 tests):  tableam update-15 size_utils partitionwise-15 sql_query timestamp reloptions plan_hypertable_inline-15 triggers plain sort_optimization upsert query-15 plan_expand_hypertable-15 rowsecurity-15 plan_ordered_append trusted_extension truncate relocate_extension plan_hashagg-15 pg_join
     partitionwise-15             ... ok         7477 ms
     pg_join                      ... ok        10009 ms
     plain                        ... FAILED     7491 ms
     plan_expand_hypertable-15    ... ok         7501 ms
     plan_hashagg-15              ... ok         9182 ms
     plan_hypertable_inline-15    ... ok         7480 ms
     plan_ordered_append          ... ok         7517 ms
     query-15                     ... ok         7498 ms
     relocate_extension           ... ok         8221 ms
     reloptions                   ... ok         7478 ms
     rowsecurity-15               ... ok         7512 ms
     size_utils                   ... ok         7474 ms
     sort_optimization            ... ok         7492 ms
     sql_query                    ... ok         7477 ms
     tableam                      ... ok         6930 ms
     timestamp                    ... ok         7477 ms
     triggers                     ... ok         7480 ms
     truncate                     ... ok         8084 ms
     trusted_extension            ... ok         7946 ms
     update-15                    ... ok         7472 ms
     upsert                       ... ok         7494 ms
parallel group (4 tests):  version vacuum_parallel util vacuum
     util                         ... ok          732 ms
     vacuum                       ... ok          734 ms
     vacuum_parallel              ... ok          731 ms
     version                      ... ok          722 ms
