test alter                        ... ok         1086 ms
test alternate_users              ... ok          803 ms
test chunk_utils                  ... ok          875 ms
test index                        ... ok         1046 ms
test pg_dump_unprivileged         ... ok          752 ms
test tablespace                   ... ok          756 ms
parallel group (21 tests):  custom_type ddl_errors drop_hypertable broken_tables delete-15 cluster-15 chunks ddl_extra cursor-15 agg_bookends-15 create_hypertable drop_extension create_table baserel_cache ddl-15 create_chunks chunk_adaptive copy-15 constraint-15 drop_owned append-15
     agg_bookends-15              ... ok         5229 ms
     append-15                    ... ok         6683 ms
     baserel_cache                ... ok         5229 ms
     broken_tables                ... ok         5223 ms
     chunk_adaptive               ... ok         5245 ms
     chunks                       ... ok         5223 ms
     cluster-15                   ... ok         5223 ms
     constraint-15                ... ok         5304 ms
     copy-15                      ... ok         5249 ms
     create_chunks                ... ok         5230 ms
     create_hypertable            ... ok         5228 ms
     create_table                 ... ok         5228 ms
     cursor-15                    ... ok         5224 ms
     custom_type                  ... ok         5218 ms
     ddl-15                       ... ok         5228 ms
     ddl_errors                   ... ok         5218 ms
     ddl_extra                    ... ok         5222 ms
     delete-15                    ... ok         5222 ms
     drop_extension               ... FAILED     5228 ms
     drop_hypertable              ... ok         5219 ms
     drop_owned                   ... ok         5341 ms
parallel group (21 tests):  partitioning license hash grant_hypertable insert_returning partition merge null_exclusion insert_single extension_scripts drop_rename_hypertable generated_as_identity parallel-15 misc dump_meta drop_schema lateral histogram_test information_views insert-15 insert_many
     drop_rename_hypertable       ... ok         6127 ms
     drop_schema                  ... ok         6159 ms
     dump_meta                    ... ok         6158 ms
     extension_scripts            ... ok         6127 ms
     generated_as_identity        ... ok         6133 ms
     grant_hypertable             ... ok         6115 ms
     hash                         ... ok         6115 ms
     histogram_test               ... ok         6166 ms
     information_views            ... ok         6166 ms
     insert-15                    ... ok         6302 ms
     insert_many                  ... ok         7375 ms
     insert_returning             ... ok         6115 ms
     insert_single                ... ok         6125 ms
     lateral                      ... ok         6162 ms
     license                      ... ok         6112 ms
     merge                        ... ok         6124 ms
     misc                         ... ok         6136 ms
     null_exclusion               ... ok         6124 ms
     parallel-15                  ... ok         6136 ms
     partition                    ... ok         6123 ms
     partitioning                 ... ok         5107 ms
parallel group (21 tests):  plan_hypertable_inline-15 plain upsert update-15 query-15 plan_ordered_append tableam triggers reloptions sort_optimization sql_query partitionwise-15 timestamp size_utils plan_expand_hypertable-15 rowsecurity-15 trusted_extension truncate relocate_extension plan_hashagg-15 pg_join
     partitionwise-15             ... ok         8313 ms
     pg_join                      ... ok        10634 ms
     plain                        ... FAILED     8299 ms
     plan_expand_hypertable-15    ... ok         8314 ms
     plan_hashagg-15              ... ok         9437 ms
     plan_hypertable_inline-15    ... ok         7700 ms
     plan_ordered_append          ... ok         8308 ms
     query-15                     ... ok         8307 ms
     relocate_extension           ... ok         9248 ms
     reloptions                   ... ok         8308 ms
     rowsecurity-15               ... ok         8314 ms
     size_utils                   ... ok         8312 ms
     sort_optimization            ... ok         8309 ms
     sql_query                    ... ok         8309 ms
     tableam                      ... ok         8307 ms
     timestamp                    ... ok         8311 ms
     triggers                     ... ok         8307 ms
     truncate                     ... ok         8715 ms
     trusted_extension            ... ok         8587 ms
     update-15                    ... ok         8305 ms
     upsert                       ... ok         8299 ms
parallel group (4 tests):  util version vacuum_parallel vacuum
     util                         ... ok          705 ms
     vacuum                       ... ok          714 ms
     vacuum_parallel              ... ok          714 ms
     version                      ... ok          711 ms
