test alter                        ... ok         1104 ms
test alternate_users              ... ok          783 ms
test chunk_utils                  ... ok          848 ms
test index                        ... ok         1014 ms
test pg_dump_unprivileged         ... ok          771 ms
test tablespace                   ... ok          712 ms
parallel group (21 tests):  create_table agg_bookends-15 create_chunks broken_tables baserel_cache cursor-15 custom_type ddl_extra drop_extension drop_hypertable chunks ddl_errors cluster-15 create_hypertable ddl-15 delete-15 chunk_adaptive copy-15 constraint-15 drop_owned append-15
     agg_bookends-15              ... ok         4861 ms
     append-15                    ... ok         6435 ms
     baserel_cache                ... ok         4863 ms
     broken_tables                ... ok         4863 ms
     chunk_adaptive               ... ok         4891 ms
     chunks                       ... ok         4873 ms
     cluster-15                   ... ok         4875 ms
     constraint-15                ... ok         4986 ms
     copy-15                      ... ok         4897 ms
     create_chunks                ... ok         4862 ms
     create_hypertable            ... ok         4877 ms
     create_table                 ... ok         4859 ms
     cursor-15                    ... ok         4863 ms
     custom_type                  ... ok         4864 ms
     ddl-15                       ... ok         4877 ms
     ddl_errors                   ... ok         4872 ms
     ddl_extra                    ... ok         4864 ms
     delete-15                    ... ok         4877 ms
     drop_extension               ... FAILED     4868 ms
     drop_hypertable              ... ok         4870 ms
     drop_owned                   ... ok         4994 ms
parallel group (21 tests):  hash partitioning information_views grant_hypertable license generated_as_identity lateral partition null_exclusion insert_returning drop_schema drop_rename_hypertable insert_single dump_meta histogram_test merge misc parallel-15 extension_scripts insert-15 insert_many
     drop_rename_hypertable       ... ok         5895 ms
     drop_schema                  ... ok         5894 ms
     dump_meta                    ... ok         5895 ms
     extension_scripts            ... ok         5902 ms
     generated_as_identity        ... ok         5892 ms
     grant_hypertable             ... ok         5889 ms
     hash                         ... ok         4450 ms
     histogram_test               ... ok         5895 ms
     information_views            ... ok         5884 ms
     insert-15                    ... ok         6189 ms
     insert_many                  ... ok         7228 ms
     insert_returning             ... ok         5893 ms
     insert_single                ... ok         5894 ms
     lateral                      ... ok         5891 ms
     license                      ... ok         5889 ms
     merge                        ... ok         5894 ms
     misc                         ... ok         5894 ms
     null_exclusion               ... ok         5891 ms
     parallel-15                  ... ok         5895 ms
     partition                    ... ok         5890 ms
     partitioning                 ... ok         5882 ms
parallel group (21 tests):  plan_hypertable_inline-15 reloptions timestamp tableam update-15 plain sql_query plan_expand_hypertable-15 sort_optimization triggers size_utils partitionwise-15 upsert query-15 rowsecurity-15 relocate_extension plan_ordered_append truncate trusted_extension plan_hashagg-15 pg_join
     partitionwise-15             ... ok         7466 ms
     pg_join                      ... ok         9669 ms
     plain                        ... ok         7411 ms
     plan_expand_hypertable-15    ... ok         7417 ms
     plan_hashagg-15              ... ok         9182 ms
     plan_hypertable_inline-15    ... ok         7390 ms
     plan_ordered_append          ... ok         7593 ms
     query-15                     ... ok         7468 ms
     relocate_extension           ... ok         7577 ms
     reloptions                   ... ok         7392 ms
     rowsecurity-15               ... ok         7467 ms
     size_utils                   ... ok         7465 ms
     sort_optimization            ... ok         7419 ms
     sql_query                    ... ok         7414 ms
     tableam                      ... ok         7404 ms
     timestamp                    ... ok         7398 ms
     triggers                     ... ok         7420 ms
     truncate                     ... ok         7611 ms
     trusted_extension            ... ok         7612 ms
     update-15                    ... ok         7408 ms
     upsert                       ... ok         7464 ms
parallel group (4 tests):  version util vacuum_parallel vacuum
     util                         ... ok          668 ms
     vacuum                       ... ok          676 ms
     vacuum_parallel              ... ok          676 ms
     version                      ... ok          665 ms
