test alter                        ... ok         1154 ms
test alternate_users              ... ok          813 ms
test chunk_utils                  ... ok          888 ms
test index                        ... ok         1014 ms
test pg_dump_unprivileged         ... ok          790 ms
test tablespace                   ... ok          747 ms
parallel group (21 tests):  broken_tables baserel_cache delete-15 create_hypertable custom_type ddl_extra cursor-15 chunks agg_bookends-15 ddl-15 ddl_errors create_table drop_hypertable create_chunks cluster-15 drop_extension copy-15 chunk_adaptive constraint-15 drop_owned append-15
     agg_bookends-15              ... ok         4959 ms
     append-15                    ... ok         6623 ms
     baserel_cache                ... ok         4954 ms
     broken_tables                ... ok         4953 ms
     chunk_adaptive               ... ok         5024 ms
     chunks                       ... ok         4958 ms
     cluster-15                   ... ok         4970 ms
     constraint-15                ... ok         5059 ms
     copy-15                      ... ok         4990 ms
     create_chunks                ... ok         4968 ms
     create_hypertable            ... ok         4955 ms
     create_table                 ... ok         4965 ms
     cursor-15                    ... ok         4956 ms
     custom_type                  ... ok         4955 ms
     ddl-15                       ... ok         4962 ms
     ddl_errors                   ... ok         4962 ms
     ddl_extra                    ... ok         4955 ms
     delete-15                    ... ok         4953 ms
     drop_extension               ... FAILED     4975 ms
     drop_hypertable              ... ok         4964 ms
     drop_owned                   ... ok         5083 ms
parallel group (21 tests):  hash drop_schema misc null_exclusion insert_returning drop_rename_hypertable histogram_test information_views partitioning dump_meta grant_hypertable lateral merge generated_as_identity license partition parallel-15 insert_single extension_scripts insert-15 insert_many
     drop_rename_hypertable       ... ok         6043 ms
     drop_schema                  ... ok         6031 ms
     dump_meta                    ... ok         6059 ms
     extension_scripts            ... ok         6072 ms
     generated_as_identity        ... ok         6064 ms
     grant_hypertable             ... ok         6060 ms
     hash                         ... ok         4731 ms
     histogram_test               ... ok         6044 ms
     information_views            ... ok         6049 ms
     insert-15                    ... ok         6241 ms
     insert_many                  ... ok         7415 ms
     insert_returning             ... ok         6039 ms
     insert_single                ... ok         6069 ms
     lateral                      ... ok         6059 ms
     license                      ... ok         6065 ms
     merge                        ... ok         6059 ms
     misc                         ... ok         6031 ms
     null_exclusion               ... ok         6031 ms
     parallel-15                  ... ok         6068 ms
     partition                    ... ok         6066 ms
     partitioning                 ... ok         6048 ms
parallel group (21 tests):  reloptions upsert plan_hypertable_inline-15 timestamp partitionwise-15 plan_expand_hypertable-15 tableam sort_optimization update-15 size_utils plain triggers sql_query query-15 rowsecurity-15 plan_ordered_append trusted_extension truncate relocate_extension plan_hashagg-15 pg_join
     partitionwise-15             ... ok         7881 ms
     pg_join                      ... ok         9942 ms
     plain                        ... ok         7890 ms
     plan_expand_hypertable-15    ... ok         7883 ms
     plan_hashagg-15              ... ok         9121 ms
     plan_hypertable_inline-15    ... ok         7877 ms
     plan_ordered_append          ... ok         7925 ms
     query-15                     ... ok         7916 ms
     relocate_extension           ... ok         8588 ms
     reloptions                   ... ok         7368 ms
     rowsecurity-15               ... ok         7922 ms
     size_utils                   ... ok         7888 ms
     sort_optimization            ... ok         7883 ms
     sql_query                    ... ok         7890 ms
     tableam                      ... ok         7882 ms
     timestamp                    ... ok         7879 ms
     triggers                     ... ok         7889 ms
     truncate                     ... ok         8248 ms
     trusted_extension            ... ok         8169 ms
     update-15                    ... ok         7883 ms
     upsert                       ... ok         7874 ms
parallel group (4 tests):  util version vacuum vacuum_parallel
     util                         ... ok          694 ms
     vacuum                       ... ok          703 ms
     vacuum_parallel              ... ok          704 ms
     version                      ... ok          701 ms
