make: Entering directory '/home/abigalek/pgext-cli/pgextworkdir/citus-11.3.0/src/test/regress'
'/usr/bin/perl' /home/abigalek/pgext-cli/pgextworkdir/citus-11.3.0/src/test/regress/pg_regress_multi.pl --pgxsdir="/home/abigalek/pgext-cli/pg-15-dist/lib/postgresql/pgxs" --bindir="/home/abigalek/pgext-cli/pg-15-dist/bin" --libdir="/home/abigalek/pgext-cli/pg-15-dist/lib" --majorversion="15" --postgres-builddir="/home/abigalek/pgext-cli/postgresql-15.3" --postgres-srcdir="/home/abigalek/pgext-cli/postgresql-15.3" --citus_abs_srcdir="/home/abigalek/pgext-cli/pgextworkdir/citus-11.3.0/src/test/regress" --load-extension=citus \
-- --inputdir=/home/abigalek/pgext-cli/pgextworkdir/citus-11.3.0/src/test/regress   --launcher="/home/abigalek/pgext-cli/pgextworkdir/citus-11.3.0/src/test/regress/log_test_times" --schedule=/home/abigalek/pgext-cli/pgextworkdir/citus-11.3.0/src/test/regress/multi_schedule --temp-config=../../pg-15-data/postgresql.conf --load-extension=pg_stat_statements --load-extension=pg_stat_kcache
The files belonging to this database system will be owned by user "abigalek".
This user must also own the server process.

The database cluster will be initialized with locale "C".
The default text search configuration will be set to "english".

Data page checksums are disabled.

creating directory tmp_check/master/data ... ok
creating subdirectories ... ok
selecting dynamic shared memory implementation ... posix
selecting default max_connections ... 100
selecting default shared_buffers ... 128MB
selecting default time zone ... Etc/UTC
creating configuration files ... ok
running bootstrap script ... ok
performing post-bootstrap initialization ... ok

Sync to disk skipped.
The data directory might become corrupt if the operating system crashes.


Success. You can now start the database server using:

    /home/abigalek/pgext-cli/pg-15-dist/bin/pg_ctl -D tmp_check/master/data -l logfile start

waiting for server to start.... done
server started
waiting for server to start.... done
server started
waiting for server to start.... done
server started
CREATE DATABASE
CREATE EXTENSION
CREATE FUNCTION
CREATE FOREIGN DATA WRAPPER
CREATE DATABASE
CREATE EXTENSION
CREATE FUNCTION
CREATE FOREIGN DATA WRAPPER
(using postmaster on localhost, port 57636)
============== dropping database "regression"         ==============
SET
DROP DATABASE
============== creating database "regression"         ==============
CREATE DATABASE
ALTER DATABASE
ALTER DATABASE
ALTER DATABASE
ALTER DATABASE
ALTER DATABASE
ALTER DATABASE
============== installing citus                       ==============
CREATE EXTENSION
============== installing pg_stat_statements          ==============
CREATE EXTENSION
============== installing pg_stat_kcache              ==============
waiting for server to shut down.... done
server stopped
waiting for server to shut down.... done
server stopped
waiting for server to shut down.... done
server stopped
make: Leaving directory '/home/abigalek/pgext-cli/pgextworkdir/citus-11.3.0/src/test/regress'
