2023-11-25 02:44:23.434 UTC [439307] LOG:  00000: number of prepared transactions has not been configured, overriding
2023-11-25 02:44:23.434 UTC [439307] DETAIL:  max_prepared_transactions is now set to 200
2023-11-25 02:44:23.434 UTC [439307] LOCATION:  AdjustMaxPreparedTransactions, transaction_management.c:761
2023-11-25 02:44:23.451 UTC [439307] LOG:  00000: starting PostgreSQL 15.3 on x86_64-pc-linux-gnu, compiled by gcc (Ubuntu 11.3.0-1ubuntu1~22.04.1) 11.3.0, 64-bit
2023-11-25 02:44:23.451 UTC [439307] LOCATION:  PostmasterMain, postmaster.c:1189
2023-11-25 02:44:23.451 UTC [439307] LOG:  00000: listening on IPv4 address "127.0.0.1", port 57636
2023-11-25 02:44:23.451 UTC [439307] LOCATION:  StreamServerPort, pqcomm.c:582
2023-11-25 02:44:23.451 UTC [439307] LOG:  00000: listening on Unix socket "/tmp/.s.PGSQL.57636"
2023-11-25 02:44:23.451 UTC [439307] LOCATION:  StreamServerPort, pqcomm.c:577
2023-11-25 02:44:23.453 UTC [439310] LOG:  00000: database system was shut down at 2023-11-25 02:44:23 UTC
2023-11-25 02:44:23.453 UTC [439310] LOCATION:  StartupXLOG, xlog.c:4928
2023-11-25 02:44:23.455 UTC [439307] LOG:  00000: database system is ready to accept connections
2023-11-25 02:44:23.455 UTC [439307] LOCATION:  reaper, postmaster.c:3117
2023-11-25 02:44:24.209 UTC [439377] LOG:  00000: starting maintenance daemon on database 16384 user 10
2023-11-25 02:44:24.209 UTC [439377] CONTEXT:  Citus maintenance daemon for database 16384 user 10
2023-11-25 02:44:24.209 UTC [439377] LOCATION:  CitusMaintenanceDaemonMain, maintenanced.c:373
2023-11-25 02:44:24.224 UTC [439381] ERROR:  XX000: This module can only be loaded via shared_preload_libraries
2023-11-25 02:44:24.224 UTC [439381] LOCATION:  _PG_init, pg_stat_kcache.c:280
2023-11-25 02:44:24.224 UTC [439381] STATEMENT:  CREATE EXTENSION IF NOT EXISTS "pg_stat_kcache"
2023-11-25 02:44:24.229 UTC [439307] LOG:  00000: received fast shutdown request
2023-11-25 02:44:24.229 UTC [439307] LOCATION:  pmdie, postmaster.c:2904
2023-11-25 02:44:24.229 UTC [439307] LOG:  00000: aborting any active transactions
2023-11-25 02:44:24.229 UTC [439307] LOCATION:  pmdie, postmaster.c:2922
2023-11-25 02:44:24.230 UTC [439307] LOG:  00000: background worker "logical replication launcher" (PID 439313) exited with exit code 1
2023-11-25 02:44:24.230 UTC [439307] LOCATION:  LogChildExit, postmaster.c:3737
2023-11-25 02:44:24.231 UTC [439308] LOG:  00000: shutting down
2023-11-25 02:44:24.231 UTC [439308] LOCATION:  ShutdownXLOG, xlog.c:6039
2023-11-25 02:44:24.231 UTC [439308] LOG:  00000: checkpoint starting: shutdown immediate
2023-11-25 02:44:24.231 UTC [439308] LOCATION:  LogCheckpointStart, xlog.c:6089
2023-11-25 02:44:24.237 UTC [439308] LOG:  00000: checkpoint complete: wrote 1098 buffers (6.7%); 0 WAL file(s) added, 0 removed, 0 recycled; write=0.007 s, sync=0.001 s, total=0.007 s; sync files=0, longest=0.000 s, average=0.000 s; distance=6581 kB, estimate=6581 kB
2023-11-25 02:44:24.237 UTC [439308] LOCATION:  LogCheckpointEnd, xlog.c:6170
2023-11-25 02:44:24.245 UTC [439307] LOG:  00000: database system is shut down
2023-11-25 02:44:24.245 UTC [439307] LOCATION:  UnlinkLockFiles, miscinit.c:977
