test setup                        ... ok           34 ms
test add_agg                      ... ok           38 ms
test agg_oob                      ... ok           64 ms
test auto_sparse                  ... ok           17 ms
test card_op                      ... ok           14 ms
test cast_shape                   ... ok           18 ms
test copy_binary                  ... ok           31 ms
test cumulative_add_cardinality_correction ... ok          456 ms
test cumulative_add_comprehensive_promotion ... ok          553 ms
test cumulative_add_sparse_edge   ... ok           26 ms
test cumulative_add_sparse_random ... ok           26 ms
test cumulative_add_sparse_step   ... ok           51 ms
test cumulative_union_comprehensive ... ok         2190 ms
test cumulative_union_explicit_explicit ... ok           85 ms
test cumulative_union_explicit_promotion ... ok          510 ms
test cumulative_union_probabilistic_probabilistic ... ok         6214 ms
test cumulative_union_sparse_full_representation ... ok           14 ms
test cumulative_union_sparse_promotion ... ok         5471 ms
test cumulative_union_sparse_sparse ... ok          653 ms
test disable_hashagg              ... ok           27 ms
test equal                        ... ok            6 ms
test explicit_thresh              ... ok            7 ms
test hash                         ... ok            7 ms
test hash_any                     ... ok            6 ms
test meta_func                    ... ok            6 ms
test murmur_bigint                ... ok           10 ms
test murmur_bytea                 ... ok           17 ms
test nosparse                     ... ok            5 ms
test notequal                     ... ok            6 ms
test scalar_oob                   ... ok            6 ms
test storedproc                   ... ok            6 ms
test transaction                  ... ok            5 ms
test typmod                       ... FAILED      117 ms
test typmod_insert                ... ok           31 ms
test union_op                     ... ok           18 ms
