test alter                        ... ok         1199 ms
test alternate_users              ... ok          792 ms
test chunk_utils                  ... ok          905 ms
test index                        ... ok         1013 ms
test pg_dump_unprivileged         ... ok          794 ms
test tablespace                   ... ok          744 ms
parallel group (21 tests):  delete-15 drop_hypertable ddl_extra custom_type agg_bookends-15 ddl_errors baserel_cache create_hypertable broken_tables cluster-15 create_chunks create_table cursor-15 ddl-15 drop_extension chunks chunk_adaptive copy-15 constraint-15 drop_owned append-15
     agg_bookends-15              ... ok         6885 ms
     append-15                    ... ok         8153 ms
     baserel_cache                ... ok         6885 ms
     broken_tables                ... ok         6894 ms
     chunk_adaptive               ... ok         6906 ms
     chunks                       ... ok         6894 ms
     cluster-15                   ... ok         6893 ms
     constraint-15                ... ok         7036 ms
     copy-15                      ... ok         6922 ms
     create_chunks                ... ok         6893 ms
     create_hypertable            ... ok         6886 ms
     create_table                 ... ok         6893 ms
     cursor-15                    ... ok         6893 ms
     custom_type                  ... ok         6881 ms
     ddl-15                       ... ok         6892 ms
     ddl_errors                   ... ok         6883 ms
     ddl_extra                    ... ok         6875 ms
     delete-15                    ... ok         6868 ms
     drop_extension               ... FAILED     6892 ms
     drop_hypertable              ... ok         6869 ms
     drop_owned                   ... ok         7048 ms
parallel group (21 tests):  null_exclusion partitioning license hash misc insert_returning merge generated_as_identity dump_meta extension_scripts histogram_test grant_hypertable information_views insert_single drop_rename_hypertable drop_schema lateral partition parallel-15 insert-15 insert_many
     drop_rename_hypertable       ... ok         9166 ms
     drop_schema                  ... ok         9166 ms
     dump_meta                    ... ok         9163 ms
     extension_scripts            ... ok         9163 ms
     generated_as_identity        ... ok         9163 ms
     grant_hypertable             ... ok         9165 ms
     hash                         ... ok         9145 ms
     histogram_test               ... ok         9163 ms
     information_views            ... ok         9165 ms
     insert-15                    ... ok         9381 ms
     insert_many                  ... ok        10766 ms
     insert_returning             ... ok         9158 ms
     insert_single                ... ok         9164 ms
     lateral                      ... ok         9165 ms
     license                      ... ok         9144 ms
     merge                        ... ok         9158 ms
     misc                         ... ok         9158 ms
     null_exclusion               ... ok         7453 ms
     parallel-15                  ... ok         9190 ms
     partition                    ... ok         9164 ms
     partitioning                 ... ok         9126 ms
parallel group (21 tests):  reloptions timestamp update-15 plan_hypertable_inline-15 plain query-15 sort_optimization sql_query partitionwise-15 size_utils triggers tableam upsert plan_expand_hypertable-15 rowsecurity-15 plan_hashagg-15 plan_ordered_append trusted_extension truncate relocate_extension pg_join
     partitionwise-15             ... ok        16278 ms
     pg_join                      ... ok        17019 ms
     plain                        ... ok        16269 ms
     plan_expand_hypertable-15    ... ok        16303 ms
     plan_hashagg-15              ... ok        16303 ms
     plan_hypertable_inline-15    ... ok        16267 ms
     plan_ordered_append          ... ok        16303 ms
     query-15                     ... ok        16269 ms
     relocate_extension           ... ok        16693 ms
     reloptions                   ... ok        16234 ms
     rowsecurity-15               ... ok        16302 ms
     size_utils                   ... ok        16277 ms
     sort_optimization            ... ok        16270 ms
     sql_query                    ... ok        16276 ms
     tableam                      ... ok        16277 ms
     timestamp                    ... ok        16248 ms
     triggers                     ... ok        16277 ms
     truncate                     ... ok        16689 ms
     trusted_extension            ... ok        16660 ms
     update-15                    ... ok        16252 ms
     upsert                       ... ok        16276 ms
parallel group (4 tests):  version util vacuum_parallel vacuum
     util                         ... ok         1394 ms
     vacuum                       ... ok         1404 ms
     vacuum_parallel              ... ok         1401 ms
     version                      ... ok         1371 ms
