test init                         ... ok           10 ms
test md5                          ... ok            7 ms
test sha1                         ... ok            7 ms
test hmac-md5                     ... ok            7 ms
test hmac-sha1                    ... ok            7 ms
test blowfish                     ... ok            7 ms
test rijndael                     ... ok            7 ms
test sha2                         ... ok            8 ms
test des                          ... ok            6 ms
test 3des                         ... ok            7 ms
test cast5                        ... ok            6 ms
test crypt-des                    ... ok           17 ms
test crypt-md5                    ... ok           19 ms
test crypt-blowfish               ... ok           52 ms
test crypt-xdes                   ... ok           22 ms
test pgp-armor                    ... ok           37 ms
test pgp-decrypt                  ... FAILED       52 ms
test pgp-encrypt                  ... ok          395 ms
test pgp-compression              ... ok           15 ms
test pgp-pubkey-decrypt           ... ok           80 ms
test pgp-pubkey-encrypt           ... ok           21 ms
test pgp-info                     ... ok            8 ms
