test alter                        ... ok         2422 ms
test alternate_users              ... ok         1711 ms
test chunk_utils                  ... ok         1853 ms
test index                        ... ok         2227 ms
test pg_dump_unprivileged         ... ok         1474 ms
test tablespace                   ... ok         1532 ms
parallel group (21 tests):  chunks custom_type ddl_errors drop_hypertable create_chunks drop_extension cursor-15 baserel_cache broken_tables create_table create_hypertable cluster-15 copy-15 ddl_extra delete-15 agg_bookends-15 ddl-15 append-15 chunk_adaptive constraint-15 drop_owned
     agg_bookends-15              ... ok        11186 ms
     append-15                    ... ok        11188 ms
     baserel_cache                ... ok        11180 ms
     broken_tables                ... ok        11180 ms
     chunk_adaptive               ... ok        11195 ms
     chunks                       ... ok        11169 ms
     cluster-15                   ... ok        11185 ms
     constraint-15                ... ok        11422 ms
     copy-15                      ... ok        11185 ms
     create_chunks                ... ok        11178 ms
     create_hypertable            ... ok        11184 ms
     create_table                 ... ok        11180 ms
     cursor-15                    ... ok        11179 ms
     custom_type                  ... ok        11174 ms
     ddl-15                       ... ok        11185 ms
     ddl_errors                   ... ok        11176 ms
     ddl_extra                    ... ok        11184 ms
     delete-15                    ... ok        11184 ms
     drop_extension               ... FAILED    11178 ms
     drop_hypertable              ... ok        11176 ms
     drop_owned                   ... ok        11451 ms
parallel group (21 tests):  generated_as_identity hash lateral information_views dump_meta merge insert_returning parallel-15 misc grant_hypertable license partition drop_schema drop_rename_hypertable null_exclusion insert_single partitioning extension_scripts histogram_test insert-15 insert_many
     drop_rename_hypertable       ... ok        15435 ms
     drop_schema                  ... ok        15435 ms
     dump_meta                    ... ok        15429 ms
     extension_scripts            ... ok        15436 ms
     generated_as_identity        ... ok        11375 ms
     grant_hypertable             ... ok        15433 ms
     hash                         ... ok        15393 ms
     histogram_test               ... ok        15437 ms
     information_views            ... ok        15427 ms
     insert-15                    ... ok        15995 ms
     insert_many                  ... ok        18120 ms
     insert_returning             ... ok        15428 ms
     insert_single                ... ok        15434 ms
     lateral                      ... ok        15414 ms
     license                      ... ok        15432 ms
     merge                        ... ok        15427 ms
     misc                         ... ok        15428 ms
     null_exclusion               ... ok        15434 ms
     parallel-15                  ... ok        15427 ms
     partition                    ... ok        15432 ms
     partitioning                 ... ok        15434 ms
parallel group (21 tests):  plain partitionwise-15 update-15 sql_query timestamp triggers query-15 plan_ordered_append plan_expand_hypertable-15 plan_hashagg-15 plan_hypertable_inline-15 tableam reloptions upsert size_utils sort_optimization rowsecurity-15 pg_join truncate trusted_extension relocate_extension
     partitionwise-15             ... ok        19838 ms
     pg_join                      ... ok        20330 ms
     plain                        ... ok        19835 ms
     plan_expand_hypertable-15    ... ok        19864 ms
     plan_hashagg-15              ... ok        19877 ms
     plan_hypertable_inline-15    ... ok        19925 ms
     plan_ordered_append          ... ok        19863 ms
     query-15                     ... ok        19862 ms
     relocate_extension           ... ok        20506 ms
     reloptions                   ... ok        19940 ms
     rowsecurity-15               ... ok        19940 ms
     size_utils                   ... ok        19940 ms
     sort_optimization            ... ok        19940 ms
     sql_query                    ... ok        19860 ms
     tableam                      ... ok        19935 ms
     timestamp                    ... ok        19860 ms
     triggers                     ... ok        19860 ms
     truncate                     ... ok        20474 ms
     trusted_extension            ... ok        20477 ms
     update-15                    ... ok        19851 ms
     upsert                       ... ok        19939 ms
parallel group (4 tests):  util vacuum_parallel version vacuum
     util                         ... ok         1673 ms
     vacuum                       ... ok         1703 ms
     vacuum_parallel              ... ok         1700 ms
     version                      ... ok         1703 ms
