test alter                        ... ok         2394 ms
test alternate_users              ... ok         1709 ms
test chunk_utils                  ... ok         1846 ms
test index                        ... ok         2216 ms
test pg_dump_unprivileged         ... ok         1479 ms
test tablespace                   ... ok         1524 ms
parallel group (21 tests):  chunks delete-15 custom_type broken_tables drop_extension create_chunks create_table ddl-15 ddl_extra cluster-15 baserel_cache cursor-15 drop_hypertable ddl_errors agg_bookends-15 create_hypertable append-15 chunk_adaptive copy-15 constraint-15 drop_owned
     agg_bookends-15              ... ok        11245 ms
     append-15                    ... ok        11252 ms
     baserel_cache                ... ok        11236 ms
     broken_tables                ... ok        11226 ms
     chunk_adaptive               ... ok        11272 ms
     chunks                       ... ok        11218 ms
     cluster-15                   ... ok        11234 ms
     constraint-15                ... ok        11455 ms
     copy-15                      ... ok        11277 ms
     create_chunks                ... ok        11231 ms
     create_hypertable            ... ok        11252 ms
     create_table                 ... ok        11233 ms
     cursor-15                    ... ok        11237 ms
     custom_type                  ... ok        11221 ms
     ddl-15                       ... ok        11232 ms
     ddl_errors                   ... ok        11240 ms
     ddl_extra                    ... ok        11233 ms
     delete-15                    ... ok        11220 ms
     drop_extension               ... FAILED    11230 ms
     drop_hypertable              ... ok        11236 ms
     drop_owned                   ... ok        11483 ms
parallel group (21 tests):  hash license merge histogram_test misc null_exclusion drop_schema drop_rename_hypertable grant_hypertable insert_returning partition generated_as_identity lateral dump_meta extension_scripts partitioning information_views parallel-15 insert_single insert-15 insert_many
     drop_rename_hypertable       ... ok        15116 ms
     drop_schema                  ... ok        15116 ms
     dump_meta                    ... ok        15118 ms
     extension_scripts            ... ok        15118 ms
     generated_as_identity        ... ok        15118 ms
     grant_hypertable             ... ok        15116 ms
     hash                         ... ok        11301 ms
     histogram_test               ... ok        15115 ms
     information_views            ... ok        15151 ms
     insert-15                    ... ok        15645 ms
     insert_many                  ... ok        17863 ms
     insert_returning             ... ok        15117 ms
     insert_single                ... ok        15184 ms
     lateral                      ... ok        15117 ms
     license                      ... ok        15082 ms
     merge                        ... ok        15100 ms
     misc                         ... ok        15114 ms
     null_exclusion               ... ok        15114 ms
     parallel-15                  ... ok        15176 ms
     partition                    ... ok        15116 ms
     partitioning                 ... ok        15149 ms
parallel group (21 tests):  partitionwise-15 reloptions size_utils triggers plan_expand_hypertable-15 sort_optimization timestamp sql_query upsert plain plan_hypertable_inline-15 tableam update-15 query-15 plan_ordered_append plan_hashagg-15 rowsecurity-15 relocate_extension truncate trusted_extension pg_join
     partitionwise-15             ... ok        19325 ms
     pg_join                      ... ok        19769 ms
     plain                        ... ok        19431 ms
     plan_expand_hypertable-15    ... ok        19347 ms
     plan_hashagg-15              ... ok        19452 ms
     plan_hypertable_inline-15    ... ok        19431 ms
     plan_ordered_append          ... ok        19452 ms
     query-15                     ... ok        19452 ms
     relocate_extension           ... ok        19594 ms
     reloptions                   ... ok        19324 ms
     rowsecurity-15               ... ok        19452 ms
     size_utils                   ... ok        19324 ms
     sort_optimization            ... ok        19415 ms
     sql_query                    ... ok        19423 ms
     tableam                      ... ok        19430 ms
     timestamp                    ... ok        19420 ms
     triggers                     ... ok        19324 ms
     truncate                     ... ok        19618 ms
     trusted_extension            ... ok        19620 ms
     update-15                    ... ok        19430 ms
     upsert                       ... ok        19429 ms
parallel group (4 tests):  version util vacuum vacuum_parallel
     util                         ... ok         1601 ms
     vacuum                       ... ok         1605 ms
     vacuum_parallel              ... ok         1605 ms
     version                      ... ok         1573 ms
