test alter                        ... ok         2387 ms
test alternate_users              ... ok         1711 ms
test chunk_utils                  ... ok         1847 ms
test index                        ... ok         2203 ms
test pg_dump_unprivileged         ... ok         1443 ms
test tablespace                   ... ok         1517 ms
parallel group (21 tests):  create_chunks custom_type delete-15 ddl_errors drop_extension create_hypertable chunk_adaptive drop_hypertable append-15 broken_tables cursor-15 baserel_cache chunks create_table ddl_extra agg_bookends-15 cluster-15 ddl-15 copy-15 constraint-15 drop_owned
     agg_bookends-15              ... ok        11210 ms
     append-15                    ... ok        11202 ms
     baserel_cache                ... ok        11208 ms
     broken_tables                ... ok        11202 ms
     chunk_adaptive               ... ok        11201 ms
     chunks                       ... ok        11208 ms
     cluster-15                   ... ok        11213 ms
     constraint-15                ... ok        11430 ms
     copy-15                      ... ok        11232 ms
     create_chunks                ... ok        11185 ms
     create_hypertable            ... ok        11198 ms
     create_table                 ... ok        11208 ms
     cursor-15                    ... ok        11201 ms
     custom_type                  ... ok        11185 ms
     ddl-15                       ... ok        11213 ms
     ddl_errors                   ... ok        11192 ms
     ddl_extra                    ... ok        11207 ms
     delete-15                    ... ok        11185 ms
     drop_extension               ... FAILED    11197 ms
     drop_hypertable              ... ok        11199 ms
     drop_owned                   ... ok        11453 ms
parallel group (21 tests):  misc null_exclusion generated_as_identity lateral license drop_schema partition partitioning histogram_test extension_scripts grant_hypertable merge information_views insert_single insert_returning parallel-15 hash drop_rename_hypertable dump_meta insert-15 insert_many
     drop_rename_hypertable       ... ok        15401 ms
     drop_schema                  ... ok        15387 ms
     dump_meta                    ... ok        15452 ms
     extension_scripts            ... ok        15389 ms
     generated_as_identity        ... ok        15373 ms
     grant_hypertable             ... ok        15389 ms
     hash                         ... ok        15399 ms
     histogram_test               ... ok        15387 ms
     information_views            ... ok        15389 ms
     insert-15                    ... ok        16312 ms
     insert_many                  ... ok        18247 ms
     insert_returning             ... ok        15399 ms
     insert_single                ... ok        15388 ms
     lateral                      ... ok        15373 ms
     license                      ... ok        15386 ms
     merge                        ... ok        15388 ms
     misc                         ... ok        10971 ms
     null_exclusion               ... ok        15359 ms
     parallel-15                  ... ok        15398 ms
     partition                    ... ok        15386 ms
     partitioning                 ... ok        15386 ms
parallel group (21 tests):  sort_optimization partitionwise-15 reloptions tableam sql_query plan_hypertable_inline-15 triggers upsert plain query-15 size_utils timestamp update-15 plan_expand_hypertable-15 plan_hashagg-15 plan_ordered_append rowsecurity-15 trusted_extension pg_join truncate relocate_extension
     partitionwise-15             ... ok        18792 ms
     pg_join                      ... ok        19569 ms
     plain                        ... FAILED    18799 ms
     plan_expand_hypertable-15    ... ok        18806 ms
     plan_hashagg-15              ... ok        18831 ms
     plan_hypertable_inline-15    ... ok        18797 ms
     plan_ordered_append          ... ok        18831 ms
     query-15                     ... ok        18806 ms
     relocate_extension           ... ok        20109 ms
     reloptions                   ... ok        18792 ms
     rowsecurity-15               ... ok        18830 ms
     size_utils                   ... ok        18805 ms
     sort_optimization            ... ok        17707 ms
     sql_query                    ... ok        18796 ms
     tableam                      ... ok        18794 ms
     timestamp                    ... ok        18805 ms
     triggers                     ... ok        18796 ms
     truncate                     ... ok        19568 ms
     trusted_extension            ... ok        19437 ms
     update-15                    ... ok        18804 ms
     upsert                       ... ok        18796 ms
parallel group (4 tests):  util version vacuum_parallel vacuum
     util                         ... ok         1551 ms
     vacuum                       ... ok         1585 ms
     vacuum_parallel              ... ok         1582 ms
     version                      ... ok         1576 ms
