test alter                        ... ok         2427 ms
test alternate_users              ... ok         1711 ms
test chunk_utils                  ... ok         1867 ms
test index                        ... ok         2203 ms
test pg_dump_unprivileged         ... ok         1486 ms
test tablespace                   ... ok         1511 ms
parallel group (21 tests):  cursor-15 drop_extension ddl_errors create_hypertable create_table chunks cluster-15 drop_hypertable baserel_cache broken_tables custom_type ddl_extra delete-15 append-15 copy-15 ddl-15 create_chunks agg_bookends-15 chunk_adaptive constraint-15 drop_owned
     agg_bookends-15              ... ok        10937 ms
     append-15                    ... ok        10930 ms
     baserel_cache                ... ok        10930 ms
     broken_tables                ... ok        10930 ms
     chunk_adaptive               ... ok        10955 ms
     chunks                       ... ok        10925 ms
     cluster-15                   ... ok        10927 ms
     constraint-15                ... ok        11156 ms
     copy-15                      ... ok        10936 ms
     create_chunks                ... ok        10936 ms
     create_hypertable            ... ok        10925 ms
     create_table                 ... ok        10925 ms
     cursor-15                    ... ok        10918 ms
     custom_type                  ... ok        10929 ms
     ddl-15                       ... ok        10935 ms
     ddl_errors                   ... ok        10921 ms
     ddl_extra                    ... ok        10929 ms
     delete-15                    ... ok        10929 ms
     drop_extension               ... FAILED    10920 ms
     drop_hypertable              ... ok        10926 ms
     drop_owned                   ... ok        11184 ms
parallel group (21 tests):  hash null_exclusion drop_rename_hypertable license merge partition drop_schema lateral insert_single insert_returning generated_as_identity information_views dump_meta partitioning misc histogram_test grant_hypertable extension_scripts parallel-15 insert-15 insert_many
     drop_rename_hypertable       ... ok        15423 ms
     drop_schema                  ... ok        15431 ms
     dump_meta                    ... ok        15432 ms
     extension_scripts            ... ok        15516 ms
     generated_as_identity        ... ok        15432 ms
     grant_hypertable             ... ok        15516 ms
     hash                         ... ok        11750 ms
     histogram_test               ... ok        15515 ms
     information_views            ... ok        15432 ms
     insert-15                    ... ok        15905 ms
     insert_many                  ... ok        17979 ms
     insert_returning             ... ok        15430 ms
     insert_single                ... ok        15430 ms
     lateral                      ... ok        15430 ms
     license                      ... ok        15422 ms
     merge                        ... ok        15422 ms
     misc                         ... ok        15514 ms
     null_exclusion               ... ok        15409 ms
     parallel-15                  ... ok        15515 ms
     partition                    ... ok        15421 ms
     partitioning                 ... ok        15499 ms
parallel group (21 tests):  query-15 size_utils sort_optimization plan_hypertable_inline-15 update-15 plan_expand_hypertable-15 sql_query rowsecurity-15 plan_hashagg-15 upsert timestamp plain tableam reloptions triggers partitionwise-15 plan_ordered_append pg_join relocate_extension truncate trusted_extension
     partitionwise-15             ... ok        19949 ms
     pg_join                      ... ok        20147 ms
     plain                        ... FAILED    19948 ms
     plan_expand_hypertable-15    ... ok        19858 ms
     plan_hashagg-15              ... ok        19858 ms
     plan_hypertable_inline-15    ... ok        19848 ms
     plan_ordered_append          ... ok        19979 ms
     query-15                     ... ok        19847 ms
     relocate_extension           ... ok        20167 ms
     reloptions                   ... ok        19948 ms
     rowsecurity-15               ... ok        19857 ms
     size_utils                   ... ok        19847 ms
     sort_optimization            ... ok        19847 ms
     sql_query                    ... ok        19856 ms
     tableam                      ... ok        19947 ms
     timestamp                    ... ok        19856 ms
     triggers                     ... ok        19948 ms
     truncate                     ... ok        20169 ms
     trusted_extension            ... ok        20172 ms
     update-15                    ... ok        19846 ms
     upsert                       ... ok        19856 ms
parallel group (4 tests):  util version vacuum_parallel vacuum
     util                         ... ok         1597 ms
     vacuum                       ... ok         1639 ms
     vacuum_parallel              ... ok         1636 ms
     version                      ... ok         1626 ms
