test alter                        ... ok         1107 ms
test alternate_users              ... ok          829 ms
test chunk_utils                  ... ok          884 ms
test index                        ... ok         1057 ms
test pg_dump_unprivileged         ... ok          767 ms
test tablespace                   ... ok          745 ms
parallel group (21 tests):  chunks broken_tables drop_extension create_table ddl_extra create_chunks custom_type ddl-15 cursor-15 agg_bookends-15 drop_hypertable delete-15 ddl_errors chunk_adaptive cluster-15 baserel_cache create_hypertable copy-15 constraint-15 drop_owned append-15
     agg_bookends-15              ... ok         5325 ms
     append-15                    ... ok         6812 ms
     baserel_cache                ... ok         5341 ms
     broken_tables                ... ok         5309 ms
     chunk_adaptive               ... ok         5338 ms
     chunks                       ... ok         5301 ms
     cluster-15                   ... ok         5339 ms
     constraint-15                ... ok         5415 ms
     copy-15                      ... ok         5348 ms
     create_chunks                ... ok         5319 ms
     create_hypertable            ... ok         5345 ms
     create_table                 ... ok         5317 ms
     cursor-15                    ... ok         5322 ms
     custom_type                  ... ok         5322 ms
     ddl-15                       ... ok         5321 ms
     ddl_errors                   ... ok         5332 ms
     ddl_extra                    ... ok         5316 ms
     delete-15                    ... ok         5329 ms
     drop_extension               ... FAILED     5314 ms
     drop_hypertable              ... ok         5323 ms
     drop_owned                   ... ok         5439 ms
parallel group (21 tests):  misc license lateral partitioning insert_returning grant_hypertable information_views partition extension_scripts drop_schema drop_rename_hypertable histogram_test dump_meta insert_single hash merge parallel-15 generated_as_identity null_exclusion insert-15 insert_many
     drop_rename_hypertable       ... ok         6058 ms
     drop_schema                  ... ok         6056 ms
     dump_meta                    ... ok         6065 ms
     extension_scripts            ... ok         6052 ms
     generated_as_identity        ... ok         6097 ms
     grant_hypertable             ... ok         6049 ms
     hash                         ... ok         6091 ms
     histogram_test               ... ok         6058 ms
     information_views            ... ok         6049 ms
     insert-15                    ... ok         6249 ms
     insert_many                  ... ok         7415 ms
     insert_returning             ... ok         6042 ms
     insert_single                ... ok         6066 ms
     lateral                      ... ok         6037 ms
     license                      ... ok         6032 ms
     merge                        ... ok         6096 ms
     misc                         ... ok         4917 ms
     null_exclusion               ... ok         6096 ms
     parallel-15                  ... ok         6096 ms
     partition                    ... ok         6048 ms
     partitioning                 ... ok         6038 ms
parallel group (21 tests):  tableam sort_optimization partitionwise-15 timestamp upsert query-15 reloptions sql_query triggers update-15 size_utils plain plan_ordered_append plan_expand_hypertable-15 plan_hypertable_inline-15 rowsecurity-15 trusted_extension truncate relocate_extension plan_hashagg-15 pg_join
     partitionwise-15             ... ok         8317 ms
     pg_join                      ... ok        10443 ms
     plain                        ... ok         8352 ms
     plan_expand_hypertable-15    ... ok         8352 ms
     plan_hashagg-15              ... ok         9165 ms
     plan_hypertable_inline-15    ... ok         8361 ms
     plan_ordered_append          ... ok         8351 ms
     query-15                     ... ok         8322 ms
     relocate_extension           ... ok         9061 ms
     reloptions                   ... ok         8340 ms
     rowsecurity-15               ... ok         8360 ms
     size_utils                   ... ok         8348 ms
     sort_optimization            ... ok         8299 ms
     sql_query                    ... ok         8342 ms
     tableam                      ... ok         7602 ms
     timestamp                    ... ok         8317 ms
     triggers                     ... ok         8345 ms
     truncate                     ... ok         8791 ms
     trusted_extension            ... ok         8672 ms
     update-15                    ... ok         8344 ms
     upsert                       ... ok         8317 ms
parallel group (4 tests):  util version vacuum_parallel vacuum
     util                         ... ok          739 ms
     vacuum                       ... ok          752 ms
     vacuum_parallel              ... ok          751 ms
     version                      ... ok          749 ms
