test alter                        ... ok         2033 ms
test alternate_users              ... ok         1436 ms
test chunk_utils                  ... ok         1514 ms
test index                        ... ok         1850 ms
test pg_dump_unprivileged         ... ok         1218 ms
test tablespace                   ... ok         1235 ms
parallel group (21 tests):  chunks delete-15 drop_hypertable baserel_cache ddl_extra custom_type cluster-15 drop_extension agg_bookends-15 broken_tables chunk_adaptive copy-15 create_table cursor-15 create_chunks create_hypertable ddl_errors ddl-15 append-15 constraint-15 drop_owned
     agg_bookends-15              ... ok         9817 ms
     append-15                    ... ok         9961 ms
     baserel_cache                ... ok         9803 ms
     broken_tables                ... ok         9817 ms
     chunk_adaptive               ... ok         9820 ms
     chunks                       ... ok         9789 ms
     cluster-15                   ... ok         9817 ms
     constraint-15                ... ok        10057 ms
     copy-15                      ... ok         9826 ms
     create_chunks                ... ok         9860 ms
     create_hypertable            ... ok         9860 ms
     create_table                 ... ok         9854 ms
     cursor-15                    ... ok         9857 ms
     custom_type                  ... ok         9808 ms
     ddl-15                       ... ok         9859 ms
     ddl_errors                   ... ok         9859 ms
     ddl_extra                    ... ok         9802 ms
     delete-15                    ... ok         9802 ms
     drop_extension               ... FAILED     9815 ms
     drop_hypertable              ... ok         9801 ms
     drop_owned                   ... ok        10078 ms
parallel group (21 tests):  license null_exclusion insert_single partition partitioning histogram_test grant_hypertable extension_scripts insert_returning lateral generated_as_identity parallel-15 misc drop_schema information_views dump_meta hash drop_rename_hypertable merge insert-15 insert_many
     drop_rename_hypertable       ... ok        12976 ms
     drop_schema                  ... ok        12955 ms
     dump_meta                    ... ok        12976 ms
     extension_scripts            ... ok        12869 ms
     generated_as_identity        ... ok        12951 ms
     grant_hypertable             ... ok        12869 ms
     hash                         ... ok        12976 ms
     histogram_test               ... ok        12868 ms
     information_views            ... ok        12954 ms
     insert-15                    ... ok        13660 ms
     insert_many                  ... ok        15433 ms
     insert_returning             ... ok        12937 ms
     insert_single                ... ok        12867 ms
     lateral                      ... ok        12950 ms
     license                      ... ok         8950 ms
     merge                        ... ok        12975 ms
     misc                         ... ok        12953 ms
     null_exclusion               ... ok        12854 ms
     parallel-15                  ... ok        12951 ms
     partition                    ... ok        12866 ms
     partitioning                 ... ok        12866 ms
parallel group (21 tests):  sort_optimization plain partitionwise-15 triggers upsert reloptions timestamp tableam plan_hypertable_inline-15 sql_query plan_hashagg-15 plan_expand_hypertable-15 rowsecurity-15 query-15 update-15 plan_ordered_append size_utils trusted_extension truncate pg_join relocate_extension
     partitionwise-15             ... ok        17496 ms
     pg_join                      ... ok        18065 ms
     plain                        ... ok        17494 ms
     plan_expand_hypertable-15    ... ok        17552 ms
     plan_hashagg-15              ... ok        17550 ms
     plan_hypertable_inline-15    ... ok        17521 ms
     plan_ordered_append          ... ok        17553 ms
     query-15                     ... ok        17552 ms
     relocate_extension           ... ok        18625 ms
     reloptions                   ... ok        17509 ms
     rowsecurity-15               ... ok        17552 ms
     size_utils                   ... ok        17553 ms
     sort_optimization            ... ok        16741 ms
     sql_query                    ... ok        17538 ms
     tableam                      ... ok        17520 ms
     timestamp                    ... ok        17510 ms
     triggers                     ... ok        17497 ms
     truncate                     ... ok        18049 ms
     trusted_extension            ... ok        17950 ms
     update-15                    ... ok        17551 ms
     upsert                       ... ok        17504 ms
parallel group (4 tests):  util vacuum version vacuum_parallel
     util                         ... ok         1496 ms
     vacuum                       ... ok         1522 ms
     vacuum_parallel              ... ok         1525 ms
     version                      ... ok         1525 ms
