test alter                        ... ok         2266 ms
test alternate_users              ... ok         1593 ms
test chunk_utils                  ... ok         1767 ms
test index                        ... ok         2129 ms
test pg_dump_unprivileged         ... ok         1426 ms
test tablespace                   ... ok         1453 ms
parallel group (21 tests):  drop_extension create_hypertable delete-15 custom_type create_table ddl_extra cursor-15 broken_tables cluster-15 drop_hypertable create_chunks chunk_adaptive ddl-15 ddl_errors agg_bookends-15 baserel_cache chunks copy-15 append-15 constraint-15 drop_owned
     agg_bookends-15              ... ok        10647 ms
     append-15                    ... ok        10848 ms
     baserel_cache                ... ok        10647 ms
     broken_tables                ... ok        10609 ms
     chunk_adaptive               ... ok        10647 ms
     chunks                       ... ok        10647 ms
     cluster-15                   ... ok        10609 ms
     constraint-15                ... ok        10900 ms
     copy-15                      ... ok        10651 ms
     create_chunks                ... ok        10632 ms
     create_hypertable            ... ok        10603 ms
     create_table                 ... ok        10606 ms
     cursor-15                    ... ok        10608 ms
     custom_type                  ... ok        10604 ms
     ddl-15                       ... ok        10646 ms
     ddl_errors                   ... ok        10646 ms
     ddl_extra                    ... ok        10606 ms
     delete-15                    ... ok        10602 ms
     drop_extension               ... FAILED    10599 ms
     drop_hypertable              ... ok        10617 ms
     drop_owned                   ... ok        10920 ms
parallel group (21 tests):  generated_as_identity license null_exclusion histogram_test drop_rename_hypertable merge hash information_views lateral misc parallel-15 grant_hypertable drop_schema insert_single extension_scripts insert_returning partition dump_meta partitioning insert-15 insert_many
     drop_rename_hypertable       ... ok        14478 ms
     drop_schema                  ... ok        14481 ms
     dump_meta                    ... ok        14558 ms
     extension_scripts            ... ok        14492 ms
     generated_as_identity        ... ok        11757 ms
     grant_hypertable             ... ok        14481 ms
     hash                         ... ok        14478 ms
     histogram_test               ... ok        14476 ms
     information_views            ... ok        14478 ms
     insert-15                    ... ok        14935 ms
     insert_many                  ... ok        16862 ms
     insert_returning             ... ok        14543 ms
     insert_single                ... ok        14480 ms
     lateral                      ... ok        14478 ms
     license                      ... ok        14453 ms
     merge                        ... ok        14477 ms
     misc                         ... ok        14478 ms
     null_exclusion               ... ok        14474 ms
     parallel-15                  ... ok        14478 ms
     partition                    ... ok        14556 ms
     partitioning                 ... ok        14556 ms
parallel group (21 tests):  sql_query query-15 sort_optimization plain triggers plan_hypertable_inline-15 timestamp upsert partitionwise-15 reloptions update-15 plan_ordered_append rowsecurity-15 plan_hashagg-15 tableam plan_expand_hypertable-15 size_utils pg_join truncate relocate_extension trusted_extension
     partitionwise-15             ... ok        19515 ms
     pg_join                      ... ok        19846 ms
     plain                        ... FAILED    19513 ms
     plan_expand_hypertable-15    ... ok        19642 ms
     plan_hashagg-15              ... ok        19538 ms
     plan_hypertable_inline-15    ... ok        19515 ms
     plan_ordered_append          ... ok        19532 ms
     query-15                     ... ok        19512 ms
     relocate_extension           ... ok        19861 ms
     reloptions                   ... ok        19514 ms
     rowsecurity-15               ... ok        19532 ms
     size_utils                   ... ok        19641 ms
     sort_optimization            ... ok        19512 ms
     sql_query                    ... ok        19502 ms
     tableam                      ... ok        19639 ms
     timestamp                    ... ok        19514 ms
     triggers                     ... ok        19512 ms
     truncate                     ... ok        19856 ms
     trusted_extension            ... ok        19860 ms
     update-15                    ... ok        19514 ms
     upsert                       ... ok        19513 ms
parallel group (4 tests):  util version vacuum_parallel vacuum
     util                         ... ok         1633 ms
     vacuum                       ... ok         1670 ms
     vacuum_parallel              ... ok         1667 ms
     version                      ... ok         1661 ms
