test alter                        ... ok         2433 ms
test alternate_users              ... ok         1701 ms
test chunk_utils                  ... ok         1869 ms
test index                        ... FAILED     2240 ms
test pg_dump_unprivileged         ... ok         1498 ms
test tablespace                   ... ok         1545 ms
parallel group (21 tests):  chunks baserel_cache ddl_errors broken_tables create_hypertable agg_bookends-15 ddl_extra ddl-15 drop_hypertable cursor-15 drop_extension cluster-15 custom_type append-15 create_table create_chunks delete-15 chunk_adaptive copy-15 constraint-15 drop_owned
     agg_bookends-15              ... ok        11340 ms
     append-15                    ... ok        11347 ms
     baserel_cache                ... ok        11332 ms
     broken_tables                ... ok        11333 ms
     chunk_adaptive               ... ok        11359 ms
     chunks                       ... ok        11330 ms
     cluster-15                   ... ok        11347 ms
     constraint-15                ... ok        11577 ms
     copy-15                      ... ok        11368 ms
     create_chunks                ... ok        11347 ms
     create_hypertable            ... ok        11334 ms
     create_table                 ... ok        11346 ms
     cursor-15                    ... ok        11342 ms
     custom_type                  ... ok        11346 ms
     ddl-15                       ... ok        11338 ms
     ddl_errors                   ... ok        11331 ms
     ddl_extra                    ... ok        11338 ms
     delete-15                    ... ok        11346 ms
     drop_extension               ... FAILED    11343 ms
     drop_hypertable              ... FAILED    11338 ms
     drop_owned                   ... ok        11600 ms
parallel group (21 tests):  hash drop_rename_hypertable dump_meta generated_as_identity misc lateral information_views partitioning merge extension_scripts drop_schema partition parallel-15 insert_returning histogram_test null_exclusion insert_single license grant_hypertable insert-15 insert_many
     drop_rename_hypertable       ... ok        15511 ms
     drop_schema                  ... ok        15548 ms
     dump_meta                    ... ok        15532 ms
     extension_scripts            ... ok        15547 ms
     generated_as_identity        ... ok        15545 ms
     grant_hypertable             ... ok        15621 ms
     hash                         ... ok        11563 ms
     histogram_test               ... ok        15548 ms
     information_views            ... ok        15546 ms
     insert-15                    ... ok        16032 ms
     insert_many                  ... FAILED    18095 ms
     insert_returning             ... ok        15547 ms
     insert_single                ... ok        15548 ms
     lateral                      ... ok        15545 ms
     license                      ... ok        15620 ms
     merge                        ... ok        15545 ms
     misc                         ... ok        15544 ms
     null_exclusion               ... ok        15547 ms
     parallel-15                  ... ok        15546 ms
     partition                    ... FAILED    15546 ms
     partitioning                 ... ok        15545 ms
parallel group (21 tests):  plain tableam timestamp reloptions plan_hypertable_inline-15 sql_query triggers plan_ordered_append rowsecurity-15 size_utils plan_expand_hypertable-15 sort_optimization query-15 update-15 upsert partitionwise-15 plan_hashagg-15 pg_join truncate trusted_extension relocate_extension
     partitionwise-15             ... FAILED    19750 ms
     pg_join                      ... ok        19861 ms
     plain                        ... ok        19622 ms
     plan_expand_hypertable-15    ... ok        19646 ms
     plan_hashagg-15              ... ok        19754 ms
     plan_hypertable_inline-15    ... ok        19627 ms
     plan_ordered_append          ... ok        19634 ms
     query-15                     ... ok        19749 ms
     relocate_extension           ... ok        19878 ms
     reloptions                   ... ok        19622 ms
     rowsecurity-15               ... ok        19645 ms
     size_utils                   ... ok        19645 ms
     sort_optimization            ... ok        19723 ms
     sql_query                    ... FAILED    19633 ms
     tableam                      ... ok        19621 ms
     timestamp                    ... ok        19622 ms
     triggers                     ... ok        19633 ms
     truncate                     ... ok        19871 ms
     trusted_extension            ... ok        19874 ms
     update-15                    ... ok        19748 ms
     upsert                       ... ok        19747 ms
parallel group (4 tests):  version vacuum util vacuum_parallel
     util                         ... ok         1620 ms
     vacuum                       ... ok         1617 ms
     vacuum_parallel              ... ok         1620 ms
     version                      ... ok         1590 ms
