test alter                        ... ok         1143 ms
test alternate_users              ... ok          826 ms
test chunk_utils                  ... ok          863 ms
test index                        ... ok         1028 ms
test pg_dump_unprivileged         ... ok          780 ms
test tablespace                   ... ok          743 ms
parallel group (21 tests):  create_table cursor-15 chunks custom_type ddl_extra drop_hypertable baserel_cache ddl-15 cluster-15 broken_tables drop_extension delete-15 ddl_errors agg_bookends-15 create_hypertable create_chunks chunk_adaptive copy-15 constraint-15 drop_owned append-15
     agg_bookends-15              ... ok         5324 ms
     append-15                    ... ok         6566 ms
     baserel_cache                ... ok         5315 ms
     broken_tables                ... ok         5323 ms
     chunk_adaptive               ... ok         5351 ms
     chunks                       ... ok         5308 ms
     cluster-15                   ... ok         5317 ms
     constraint-15                ... ok         5407 ms
     copy-15                      ... ok         5352 ms
     create_chunks                ... ok         5332 ms
     create_hypertable            ... ok         5328 ms
     create_table                 ... ok         5305 ms
     cursor-15                    ... ok         5307 ms
     custom_type                  ... ok         5307 ms
     ddl-15                       ... ok         5316 ms
     ddl_errors                   ... ok         5323 ms
     ddl_extra                    ... ok         5313 ms
     delete-15                    ... ok         5322 ms
     drop_extension               ... FAILED     5322 ms
     drop_hypertable              ... ok         5313 ms
     drop_owned                   ... ok         5430 ms
parallel group (21 tests):  partitioning license insert_single grant_hypertable hash information_views insert_returning dump_meta merge drop_schema null_exclusion histogram_test generated_as_identity lateral misc parallel-15 drop_rename_hypertable extension_scripts partition insert-15 insert_many
     drop_rename_hypertable       ... ok         6065 ms
     drop_schema                  ... ok         6052 ms
     dump_meta                    ... ok         6047 ms
     extension_scripts            ... ok         6065 ms
     generated_as_identity        ... ok         6064 ms
     grant_hypertable             ... ok         6040 ms
     hash                         ... ok         6039 ms
     histogram_test               ... ok         6056 ms
     information_views            ... ok         6039 ms
     insert-15                    ... ok         6252 ms
     insert_many                  ... ok         7304 ms
     insert_returning             ... ok         6040 ms
     insert_single                ... ok         6036 ms
     lateral                      ... ok         6063 ms
     license                      ... ok         6034 ms
     merge                        ... ok         6049 ms
     misc                         ... ok         6063 ms
     null_exclusion               ... ok         6051 ms
     parallel-15                  ... ok         6062 ms
     partition                    ... ok         6069 ms
     partitioning                 ... ok         4915 ms
parallel group (21 tests):  timestamp update-15 reloptions triggers plan_hypertable_inline-15 sql_query query-15 upsert sort_optimization plain partitionwise-15 size_utils tableam plan_expand_hypertable-15 rowsecurity-15 plan_ordered_append relocate_extension truncate trusted_extension plan_hashagg-15 pg_join
     partitionwise-15             ... ok         7518 ms
     pg_join                      ... ok         9817 ms
     plain                        ... FAILED     7517 ms
     plan_expand_hypertable-15    ... ok         7520 ms
     plan_hashagg-15              ... ok         8920 ms
     plan_hypertable_inline-15    ... ok         7509 ms
     plan_ordered_append          ... ok         7678 ms
     query-15                     ... ok         7515 ms
     relocate_extension           ... ok         7700 ms
     reloptions                   ... ok         7509 ms
     rowsecurity-15               ... ok         7519 ms
     size_utils                   ... ok         7518 ms
     sort_optimization            ... ok         7515 ms
     sql_query                    ... ok         7511 ms
     tableam                      ... ok         7518 ms
     timestamp                    ... ok         7490 ms
     triggers                     ... ok         7508 ms
     truncate                     ... ok         7704 ms
     trusted_extension            ... ok         7704 ms
     update-15                    ... ok         7491 ms
     upsert                       ... ok         7514 ms
parallel group (4 tests):  version util vacuum vacuum_parallel
     util                         ... ok          720 ms
     vacuum                       ... ok          722 ms
     vacuum_parallel              ... ok          722 ms
     version                      ... ok          708 ms
