test alter                        ... ok         1113 ms
test alternate_users              ... ok          800 ms
test chunk_utils                  ... ok          883 ms
test index                        ... ok         1011 ms
test pg_dump_unprivileged         ... ok          760 ms
test tablespace                   ... ok          725 ms
parallel group (21 tests):  ddl_errors broken_tables drop_hypertable baserel_cache cluster-15 create_chunks chunks create_hypertable cursor-15 delete-15 create_table ddl-15 custom_type agg_bookends-15 ddl_extra drop_extension chunk_adaptive copy-15 constraint-15 drop_owned append-15
     agg_bookends-15              ... ok         5224 ms
     append-15                    ... ok         6585 ms
     baserel_cache                ... ok         5207 ms
     broken_tables                ... ok         5205 ms
     chunk_adaptive               ... ok         5226 ms
     chunks                       ... ok         5219 ms
     cluster-15                   ... ok         5216 ms
     constraint-15                ... ok         5299 ms
     copy-15                      ... ok         5245 ms
     create_chunks                ... ok         5216 ms
     create_hypertable            ... ok         5219 ms
     create_table                 ... ok         5219 ms
     cursor-15                    ... ok         5219 ms
     custom_type                  ... ok         5220 ms
     ddl-15                       ... ok         5219 ms
     ddl_errors                   ... ok         5202 ms
     ddl_extra                    ... ok         5222 ms
     delete-15                    ... ok         5218 ms
     drop_extension               ... FAILED     5223 ms
     drop_hypertable              ... ok         5204 ms
     drop_owned                   ... ok         5345 ms
parallel group (21 tests):  drop_schema partitioning lateral drop_rename_hypertable null_exclusion license hash merge partition extension_scripts misc parallel-15 insert_single generated_as_identity histogram_test insert_returning grant_hypertable information_views dump_meta insert-15 insert_many
     drop_rename_hypertable       ... ok         6154 ms
     drop_schema                  ... ok         4662 ms
     dump_meta                    ... ok         6205 ms
     extension_scripts            ... ok         6160 ms
     generated_as_identity        ... ok         6194 ms
     grant_hypertable             ... ok         6204 ms
     hash                         ... ok         6158 ms
     histogram_test               ... ok         6195 ms
     information_views            ... ok         6204 ms
     insert-15                    ... ok         6391 ms
     insert_many                  ... ok         7514 ms
     insert_returning             ... ok         6200 ms
     insert_single                ... ok         6169 ms
     lateral                      ... ok         6152 ms
     license                      ... ok         6155 ms
     merge                        ... ok         6159 ms
     misc                         ... ok         6163 ms
     null_exclusion               ... ok         6153 ms
     parallel-15                  ... ok         6167 ms
     partition                    ... ok         6158 ms
     partitioning                 ... ok         6145 ms
parallel group (21 tests):  plan_hypertable_inline-15 tableam partitionwise-15 plain reloptions update-15 triggers query-15 size_utils sql_query sort_optimization timestamp upsert rowsecurity-15 plan_expand_hypertable-15 plan_ordered_append trusted_extension truncate relocate_extension plan_hashagg-15 pg_join
     partitionwise-15             ... ok         7382 ms
     pg_join                      ... ok         9834 ms
     plain                        ... ok         7382 ms
     plan_expand_hypertable-15    ... ok         7395 ms
     plan_hashagg-15              ... ok         8923 ms
     plan_hypertable_inline-15    ... ok         6834 ms
     plan_ordered_append          ... ok         7407 ms
     query-15                     ... ok         7384 ms
     relocate_extension           ... ok         8082 ms
     reloptions                   ... ok         7381 ms
     rowsecurity-15               ... ok         7394 ms
     size_utils                   ... ok         7388 ms
     sort_optimization            ... ok         7389 ms
     sql_query                    ... ok         7388 ms
     tableam                      ... ok         7375 ms
     timestamp                    ... ok         7389 ms
     triggers                     ... ok         7383 ms
     truncate                     ... ok         7927 ms
     trusted_extension            ... ok         7804 ms
     update-15                    ... ok         7381 ms
     upsert                       ... ok         7389 ms
parallel group (4 tests):  version util vacuum_parallel vacuum
     util                         ... ok          708 ms
     vacuum                       ... ok          711 ms
     vacuum_parallel              ... ok          711 ms
     version                      ... ok          700 ms
