test alter                        ... ok         1093 ms
test alternate_users              ... FAILED      801 ms
test chunk_utils                  ... ok          882 ms
test index                        ... ok         1033 ms
test pg_dump_unprivileged         ... ok          762 ms
test tablespace                   ... ok          744 ms
parallel group (21 tests):  broken_tables custom_type ddl_errors chunks cluster-15 baserel_cache drop_hypertable delete-15 drop_extension cursor-15 ddl_extra create_table agg_bookends-15 create_chunks ddl-15 create_hypertable chunk_adaptive copy-15 constraint-15 drop_owned append-15
     agg_bookends-15              ... ok         5362 ms
     append-15                    ... ok         6830 ms
     baserel_cache                ... ok         5356 ms
     broken_tables                ... ok         5344 ms
     chunk_adaptive               ... ok         5371 ms
     chunks                       ... ok         5354 ms
     cluster-15                   ... ok         5355 ms
     constraint-15                ... ok         5464 ms
     copy-15                      ... ok         5377 ms
     create_chunks                ... ok         5362 ms
     create_hypertable            ... ok         5364 ms
     create_table                 ... ok         5360 ms
     cursor-15                    ... ok         5357 ms
     custom_type                  ... ok         5345 ms
     ddl-15                       ... ok         5362 ms
     ddl_errors                   ... ok         5345 ms
     ddl_extra                    ... ok         5360 ms
     delete-15                    ... ok         5356 ms
     drop_extension               ... FAILED     5356 ms
     drop_hypertable              ... ok         5356 ms
     drop_owned                   ... ok         5473 ms
parallel group (21 tests):  hash generated_as_identity partition histogram_test grant_hypertable parallel-15 misc insert_single dump_meta null_exclusion lateral extension_scripts information_views license insert_returning merge partitioning drop_schema drop_rename_hypertable insert-15 insert_many
     drop_rename_hypertable       ... FAILED     6226 ms
     drop_schema                  ... ok         6226 ms
     dump_meta                    ... FAILED     6177 ms
     extension_scripts            ... ok         6192 ms
     generated_as_identity        ... ok         6170 ms
     grant_hypertable             ... ok         6174 ms
     hash                         ... ok         4988 ms
     histogram_test               ... ok         6172 ms
     information_views            ... ok         6192 ms
     insert-15                    ... ok         6371 ms
     insert_many                  ... ok         7465 ms
     insert_returning             ... ok         6225 ms
     insert_single                ... ok         6176 ms
     lateral                      ... ok         6189 ms
     license                      ... ok         6219 ms
     merge                        ... ok         6224 ms
     misc                         ... ok         6174 ms
     null_exclusion               ... ok         6182 ms
     parallel-15                  ... ok         6174 ms
     partition                    ... ok         6170 ms
     partitioning                 ... ok         6224 ms
parallel group (21 tests):  size_utils reloptions tableam plan_hypertable_inline-15 triggers sort_optimization upsert partitionwise-15 plan_ordered_append sql_query rowsecurity-15 timestamp plain update-15 query-15 plan_expand_hypertable-15 relocate_extension truncate trusted_extension plan_hashagg-15 pg_join
     partitionwise-15             ... ok         8158 ms
     pg_join                      ... ok        10087 ms
     plain                        ... ok         8184 ms
     plan_expand_hypertable-15    ... ok         8209 ms
     plan_hashagg-15              ... ok         9341 ms
     plan_hypertable_inline-15    ... ok         8134 ms
     plan_ordered_append          ... ok         8159 ms
     query-15                     ... ok         8203 ms
     relocate_extension           ... ok         8261 ms
     reloptions                   ... ok         8128 ms
     rowsecurity-15               ... ok         8182 ms
     size_utils                   ... ok         8123 ms
     sort_optimization            ... ok         8145 ms
     sql_query                    ... ok         8177 ms
     tableam                      ... ok         8130 ms
     timestamp                    ... ok         8182 ms
     triggers                     ... ok         8144 ms
     truncate                     ... ok         8282 ms
     trusted_extension            ... ok         8282 ms
     update-15                    ... ok         8191 ms
     upsert                       ... ok         8144 ms
parallel group (4 tests):  version util vacuum_parallel vacuum
     util                         ... ok          773 ms
     vacuum                       ... ok          775 ms
     vacuum_parallel              ... ok          774 ms
     version                      ... ok          760 ms
