test alter                        ... ok         1145 ms
test alternate_users              ... ok          814 ms
test chunk_utils                  ... ok          856 ms
test index                        ... ok         1018 ms
test pg_dump_unprivileged         ... ok          751 ms
test tablespace                   ... ok          734 ms
parallel group (21 tests):  create_table ddl_extra cluster-15 drop_extension delete-15 agg_bookends-15 custom_type drop_hypertable baserel_cache create_hypertable broken_tables ddl-15 create_chunks chunks ddl_errors cursor-15 chunk_adaptive copy-15 constraint-15 drop_owned append-15
     agg_bookends-15              ... ok         4648 ms
     append-15                    ... ok         6614 ms
     baserel_cache                ... ok         4653 ms
     broken_tables                ... ok         4653 ms
     chunk_adaptive               ... ok         4663 ms
     chunks                       ... ok         4653 ms
     cluster-15                   ... ok         4642 ms
     constraint-15                ... ok         4755 ms
     copy-15                      ... ok         4677 ms
     create_chunks                ... ok         4652 ms
     create_hypertable            ... ok         4652 ms
     create_table                 ... ok         4615 ms
     cursor-15                    ... ok         4653 ms
     custom_type                  ... ok         4646 ms
     ddl-15                       ... ok         4652 ms
     ddl_errors                   ... ok         4653 ms
     ddl_extra                    ... ok         4635 ms
     delete-15                    ... ok         4645 ms
     drop_extension               ... FAILED     4642 ms
     drop_hypertable              ... FAILED     4648 ms
     drop_owned                   ... ok         4783 ms
parallel group (21 tests):  merge drop_schema information_views lateral license drop_rename_hypertable partitioning misc insert_returning grant_hypertable parallel-15 null_exclusion generated_as_identity dump_meta hash histogram_test extension_scripts insert_single partition insert-15 insert_many
     drop_rename_hypertable       ... ok         6111 ms
     drop_schema                  ... ok         6109 ms
     dump_meta                    ... ok         6127 ms
     extension_scripts            ... ok         6129 ms
     generated_as_identity        ... ok         6127 ms
     grant_hypertable             ... ok         6123 ms
     hash                         ... ok         6128 ms
     histogram_test               ... ok         6128 ms
     information_views            ... ok         6110 ms
     insert-15                    ... ok         6389 ms
     insert_many                  ... ok         7457 ms
     insert_returning             ... ok         6122 ms
     insert_single                ... ok         6128 ms
     lateral                      ... ok         6109 ms
     license                      ... ok         6109 ms
     merge                        ... ok         4711 ms
     misc                         ... ok         6120 ms
     null_exclusion               ... ok         6122 ms
     parallel-15                  ... ok         6122 ms
     partition                    ... ok         6132 ms
     partitioning                 ... ok         6120 ms
parallel group (21 tests):  reloptions plain size_utils plan_hypertable_inline-15 triggers update-15 partitionwise-15 tableam upsert timestamp query-15 sort_optimization rowsecurity-15 plan_ordered_append sql_query plan_expand_hypertable-15 trusted_extension relocate_extension truncate plan_hashagg-15 pg_join
     partitionwise-15             ... ok         7959 ms
     pg_join                      ... ok         9876 ms
     plain                        ... ok         7948 ms
     plan_expand_hypertable-15    ... ok         7977 ms
     plan_hashagg-15              ... ok         8878 ms
     plan_hypertable_inline-15    ... ok         7951 ms
     plan_ordered_append          ... ok         7969 ms
     query-15                     ... ok         7965 ms
     relocate_extension           ... ok         8066 ms
     reloptions                   ... ok         7945 ms
     rowsecurity-15               ... ok         7967 ms
     size_utils                   ... ok         7948 ms
     sort_optimization            ... ok         7966 ms
     sql_query                    ... ok         7969 ms
     tableam                      ... ok         7958 ms
     timestamp                    ... ok         7964 ms
     triggers                     ... ok         7951 ms
     truncate                     ... ok         8069 ms
     trusted_extension            ... ok         8057 ms
     update-15                    ... ok         7953 ms
     upsert                       ... ok         7963 ms
parallel group (4 tests):  util version vacuum vacuum_parallel
     util                         ... ok          670 ms
     vacuum                       ... ok          681 ms
     vacuum_parallel              ... ok          682 ms
     version                      ... ok          680 ms
