parallel group (2 tests):  multi_test_helpers_superuser multi_test_helpers
     multi_test_helpers           ... ok           17 ms
     multi_test_helpers_superuser ... ok           11 ms
test multi_cluster_management     ... ok          806 ms
test create_role_propagation      ... ok          416 ms
test multi_create_fdw             ... ok           15 ms
test multi_test_catalog_views     ... ok          139 ms
test replicated_table_disable_node ... ok          260 ms
test multi_create_table           ... ok          362 ms
test multi_create_table_superuser ... ok          891 ms
parallel group (5 tests):  multi_master_protocol multi_load_data_superuser multi_load_data multi_behavioral_analytics_create_table multi_create_table_constraints
     multi_create_table_constraints ... ok          625 ms
     multi_master_protocol        ... ok           10 ms
     multi_load_data              ... ok          384 ms
     multi_load_data_superuser    ... ok          377 ms
     multi_behavioral_analytics_create_table ... ok          550 ms
parallel group (5 tests):  multi_insert_select_non_pushable_queries multi_behavioral_analytics_single_shard_queries multi_behavioral_analytics_basics multi_behavioral_analytics_create_table_superuser multi_insert_select
     multi_behavioral_analytics_basics ... ok          386 ms
     multi_behavioral_analytics_single_shard_queries ... ok          274 ms
     multi_insert_select_non_pushable_queries ... ok          138 ms
     multi_insert_select          ... ok         2193 ms
     multi_behavioral_analytics_create_table_superuser ... ok          526 ms
parallel group (2 tests):  recursive_dml_with_different_planners_executors multi_shard_update_delete
     multi_shard_update_delete    ... ok          636 ms
     recursive_dml_with_different_planners_executors ... ok          264 ms
parallel group (4 tests):  window_functions dml_recursive multi_insert_select_window insert_select_repartition
     insert_select_repartition    ... ok         1423 ms
     window_functions             ... ok          436 ms
     dml_recursive                ... ok          610 ms
     multi_insert_select_window   ... ok          737 ms
parallel group (2 tests):  citus_table_triggers multi_insert_select_conflict
     multi_insert_select_conflict ... ok          431 ms
     citus_table_triggers         ... ok           83 ms
parallel group (2 tests):  multi_row_insert insert_select_into_local_table
     multi_row_insert             ... ok           39 ms
     insert_select_into_local_table ... ok          337 ms
test multi_agg_approximate_distinct ... ok           46 ms
test tablespace                   ... ok           12 ms
test insert_select_connection_leak ... ok          804 ms
test ensure_no_intermediate_data_leak ... ok           32 ms
parallel group (3 tests):  multi_partitioning_utils replicated_partitioned_table multi_partitioning
     multi_partitioning_utils     ... ok          133 ms
     multi_partitioning           ... ok         5870 ms
     replicated_partitioned_table ... ok          561 ms
test subquery_basics              ... ok          163 ms
test subquery_local_tables        ... ok          240 ms
test subquery_executors           ... ok          208 ms
test subquery_and_cte             ... ok          646 ms
test set_operations               ... ok          387 ms
test union_pushdown               ... ok          521 ms
test set_operation_and_local_tables ... ok          196 ms
parallel group (4 tests):  subqueries_not_supported subqueries_deep subquery_partitioning subquery_view
     subqueries_deep              ... ok          105 ms
     subquery_view                ... ok          535 ms
     subquery_partitioning        ... ok          277 ms
     subqueries_not_supported     ... ok           68 ms
parallel group (4 tests):  subquery_append subquery_in_targetlist subquery_in_where subquery_complex_target_list
     subquery_in_targetlist       ... ok          369 ms
     subquery_in_where            ... ok          391 ms
     subquery_complex_target_list ... ok          404 ms
     subquery_append              ... ok          206 ms
test subquery_prepared_statements ... ok           75 ms
parallel group (2 tests):  non_colocated_leaf_subquery_joins non_colocated_subquery_joins
     non_colocated_leaf_subquery_joins ... ok           46 ms
     non_colocated_subquery_joins ... ok          689 ms
parallel group (5 tests):  recursive_view_local_table sequences_with_different_types values multi_level_recursive_queries cte_inline
     cte_inline                   ... ok          882 ms
     recursive_view_local_table   ... ok           87 ms
     values                       ... ok          389 ms
     sequences_with_different_types ... ok          329 ms
     multi_level_recursive_queries ... ok          444 ms
parallel group (2 tests):  pg13 pg12
     pg13                         ... ok          103 ms
     pg12                         ... ok          516 ms
test pg14                         ... ok         3086 ms
test pg15                         ... ok         1723 ms
parallel group (2 tests):  pg15_jsonpath detect_conn_close
     pg15_jsonpath                ... ok          205 ms
     detect_conn_close            ... ok         1829 ms
test drop_column_partitioned_table ... ok          208 ms
test tableam                      ... ok          186 ms
parallel group (4 tests):  multi_deparse_shard_query limit_intermediate_size intermediate_results multi_distributed_transaction_id
     multi_deparse_shard_query    ... ok          113 ms
     multi_distributed_transaction_id ... ok          597 ms
     intermediate_results         ... ok          457 ms
     limit_intermediate_size      ... ok          371 ms
parallel group (5 tests):  distributed_intermediate_results multi_real_time_transaction hyperscale_tutorial multi_explain partitioned_intermediate_results
     multi_explain                ... ok         1973 ms
     hyperscale_tutorial          ... ok         1843 ms
     partitioned_intermediate_results ... ok         2590 ms
     distributed_intermediate_results ... ok          589 ms
     multi_real_time_transaction  ... ok         1528 ms
parallel group (6 tests):  multi_basic_queries multi_complex_expressions cross_join multi_subquery_behavioral_analytics multi_subquery multi_subquery_complex_queries
     multi_basic_queries          ... ok           42 ms
     cross_join                   ... ok          714 ms
     multi_complex_expressions    ... ok          435 ms
     multi_subquery               ... ok          827 ms
     multi_subquery_complex_queries ... ok         5973 ms
     multi_subquery_behavioral_analytics ... ok          721 ms
parallel group (5 tests):  multi_sql_function multi_subquery_window_functions multi_prepare_sql multi_subquery_complex_reference_clause multi_view
     multi_subquery_complex_reference_clause ... ok         1479 ms
     multi_subquery_window_functions ... ok          393 ms
     multi_view                   ... ok         1772 ms
     multi_sql_function           ... ok          276 ms
     multi_prepare_sql            ... ok          712 ms
parallel group (4 tests):  multi_function_in_join sql_procedure row_types materialized_view
     sql_procedure                ... ok          275 ms
     multi_function_in_join       ... ok          210 ms
     row_types                    ... ok          293 ms
     materialized_view            ... ok         1067 ms
parallel group (4 tests):  propagate_set_commands multi_subquery_in_where_reference_clause geqo adaptive_executor
     multi_subquery_in_where_reference_clause ... ok          111 ms
     adaptive_executor            ... ok          694 ms
     propagate_set_commands       ... ok           91 ms
     geqo                         ... ok          550 ms
test forcedelegation_functions    ... ok          977 ms
test join_pushdown                ... ok          682 ms
parallel group (4 tests):  multi_subquery_in_where_clause multi_subquery_misc multi_subquery_union statement_cancel_error_message
     multi_subquery_union         ... ok          287 ms
     multi_subquery_in_where_clause ... ok          192 ms
     multi_subquery_misc          ... ok          194 ms
     statement_cancel_error_message ... ok         1200 ms
parallel group (6 tests):  multi_limit_clause_approximate set_role_in_transaction multi_single_relation_subquery multi_outer_join_reference multi_prepare_plsql multi_agg_distinct
     multi_agg_distinct           ... ok          716 ms
     multi_limit_clause_approximate ... ok          329 ms
     multi_outer_join_reference   ... ok          704 ms
     multi_single_relation_subquery ... ok          544 ms
     multi_prepare_plsql          ... ok          711 ms
     set_role_in_transaction      ... ok          419 ms
parallel group (4 tests):  multi_select_for_update pg13_with_ties relation_access_tracking multi_reference_table
     multi_reference_table        ... ok          985 ms
     multi_select_for_update      ... ok          150 ms
     relation_access_tracking     ... ok          779 ms
     pg13_with_ties               ... ok          368 ms
parallel group (3 tests):  tdigest_aggregate_support custom_aggregate_support aggregate_support
     custom_aggregate_support     ... ok          290 ms
     aggregate_support            ... ok          888 ms
     tdigest_aggregate_support    ... ok          107 ms
parallel group (4 tests):  having_subquery multi_average_expression multi_working_columns multi_having_pushdown
     multi_average_expression     ... ok           41 ms
     multi_working_columns        ... ok           67 ms
     multi_having_pushdown        ... ok           76 ms
     having_subquery              ... ok           24 ms
parallel group (3 tests):  multi_array_agg multi_orderby_limit_pushdown multi_limit_clause
     multi_array_agg              ... ok           63 ms
     multi_limit_clause           ... ok          291 ms
     multi_orderby_limit_pushdown ... ok          118 ms
parallel group (9 tests):  multi_jsonb_agg multi_json_agg multi_json_object_agg multi_jsonb_object_agg bool_agg anonymous_columns ch_bench_having expression_reference_join chbenchmark_all_queries
     multi_jsonb_agg              ... ok          124 ms
     multi_jsonb_object_agg       ... ok          193 ms
     multi_json_agg               ... ok          134 ms
     multi_json_object_agg        ... ok          180 ms
     bool_agg                     ... ok          212 ms
     ch_bench_having              ... ok          395 ms
     chbenchmark_all_queries      ... ok         1313 ms
     expression_reference_join    ... ok          413 ms
     anonymous_columns            ... ok          305 ms
test ch_bench_subquery_repartition ... ok          498 ms
parallel group (3 tests):  multi_count_type_conversion multi_agg_type_conversion recursive_relation_planning_restriction_pushdown
     multi_agg_type_conversion    ... ok           40 ms
     multi_count_type_conversion  ... ok           26 ms
     recursive_relation_planning_restriction_pushdown ... ok          238 ms
parallel group (3 tests):  multi_partition_pruning unsupported_lateral_subqueries single_hash_repartition_join
     multi_partition_pruning      ... ok           42 ms
     single_hash_repartition_join ... ok          464 ms
     unsupported_lateral_subqueries ... ok           76 ms
parallel group (3 tests):  multi_join_pruning multi_hash_pruning intermediate_result_pruning
     multi_join_pruning           ... ok           30 ms
     multi_hash_pruning           ... ok          220 ms
     intermediate_result_pruning  ... ok          313 ms
parallel group (2 tests):  multi_null_minmax_value_pruning cursors
     multi_null_minmax_value_pruning ... ok           53 ms
     cursors                      ... ok          114 ms
parallel group (2 tests):  adv_lock_permission modification_correctness
     modification_correctness     ... ok          168 ms
     adv_lock_permission          ... ok          132 ms
test multi_query_directory_cleanup ... ok           67 ms
parallel group (2 tests):  multi_task_assignment_policy multi_cross_shard
     multi_task_assignment_policy ... ok           94 ms
     multi_cross_shard            ... ok          206 ms
test multi_utility_statements     ... ok          115 ms
parallel group (2 tests):  multi_dropped_column_aliases foreign_key_restriction_enforcement
     multi_dropped_column_aliases ... ok           51 ms
     foreign_key_restriction_enforcement ... ok          844 ms
test binary_protocol              ... ok           95 ms
test alter_table_set_access_method ... FAILED      708 ms
test alter_distributed_table      ... FAILED     1605 ms
parallel group (4 tests):  issue_5099 issue_6543 issue_5763 issue_5248
     issue_5248                   ... ok         1368 ms
     issue_5099                   ... ok           34 ms
     issue_5763                   ... ok          140 ms
     issue_6543                   ... ok           86 ms
test object_propagation_debug     ... ok           43 ms
test undistribute_table           ... ok          298 ms
test run_command_on_all_nodes     ... FAILED      373 ms
test background_task_queue_monitor ... ok        38068 ms
test clock                        ... ok          195 ms
test merge                        ... ok          945 ms
test pgmerge                      ... ok          507 ms
test ensure_no_intermediate_data_leak ... ok           31 ms
test ensure_no_shared_connection_leak ... ok          366 ms
test check_mx                     ... ok           25 ms
test generated_identity           ... ok         1755 ms
test drop_database                ... ok          591 ms
