test alter                        ... ok         2511 ms
test alternate_users              ... ok         1712 ms
test chunk_utils                  ... ok         1879 ms
test index                        ... ok         2234 ms
test pg_dump_unprivileged         ... ok         1541 ms
test tablespace                   ... ok         1548 ms
parallel group (21 tests):  cursor-15 broken_tables ddl_errors drop_extension baserel_cache create_chunks agg_bookends-15 ddl-15 delete-15 create_hypertable chunks drop_hypertable create_table ddl_extra chunk_adaptive cluster-15 custom_type copy-15 append-15 constraint-15 drop_owned
     agg_bookends-15              ... ok        11328 ms
     append-15                    ... ok        11363 ms
     baserel_cache                ... ok        11326 ms
     broken_tables                ... ok        11319 ms
     chunk_adaptive               ... ok        11338 ms
     chunks                       ... ok        11332 ms
     cluster-15                   ... ok        11338 ms
     constraint-15                ... ok        11558 ms
     copy-15                      ... ok        11356 ms
     create_chunks                ... ok        11326 ms
     create_hypertable            ... ok        11327 ms
     create_table                 ... ok        11331 ms
     cursor-15                    ... ok        11307 ms
     custom_type                  ... ok        11337 ms
     ddl-15                       ... ok        11327 ms
     ddl_errors                   ... ok        11322 ms
     ddl_extra                    ... ok        11337 ms
     delete-15                    ... ok        11326 ms
     drop_extension               ... FAILED    11325 ms
     drop_hypertable              ... ok        11330 ms
     drop_owned                   ... ok        11581 ms
parallel group (21 tests):  partitioning license grant_hypertable misc null_exclusion generated_as_identity histogram_test drop_rename_hypertable insert_returning lateral parallel-15 partition hash information_views merge dump_meta drop_schema extension_scripts insert_single insert-15 insert_many
     drop_rename_hypertable       ... ok        15384 ms
     drop_schema                  ... ok        15459 ms
     dump_meta                    ... ok        15386 ms
     extension_scripts            ... ok        15458 ms
     generated_as_identity        ... ok        15383 ms
     grant_hypertable             ... ok        15371 ms
     hash                         ... ok        15385 ms
     histogram_test               ... ok        15383 ms
     information_views            ... ok        15385 ms
     insert-15                    ... ok        16243 ms
     insert_many                  ... ok        18361 ms
     insert_returning             ... ok        15383 ms
     insert_single                ... ok        15457 ms
     lateral                      ... ok        15383 ms
     license                      ... ok        15346 ms
     merge                        ... ok        15385 ms
     misc                         ... ok        15381 ms
     null_exclusion               ... ok        15381 ms
     parallel-15                  ... ok        15382 ms
     partition                    ... ok        15384 ms
     partitioning                 ... ok        11230 ms
parallel group (21 tests):  reloptions plain triggers upsert tableam update-15 partitionwise-15 query-15 size_utils plan_hashagg-15 plan_expand_hypertable-15 plan_hypertable_inline-15 plan_ordered_append rowsecurity-15 sql_query sort_optimization timestamp pg_join trusted_extension relocate_extension truncate
     partitionwise-15             ... ok        20201 ms
     pg_join                      ... ok        20360 ms
     plain                        ... FAILED    20194 ms
     plan_expand_hypertable-15    ... ok        20202 ms
     plan_hashagg-15              ... ok        20202 ms
     plan_hypertable_inline-15    ... ok        20262 ms
     plan_ordered_append          ... ok        20266 ms
     query-15                     ... ok        20201 ms
     relocate_extension           ... ok        20374 ms
     reloptions                   ... ok        20193 ms
     rowsecurity-15               ... ok        20266 ms
     size_utils                   ... ok        20201 ms
     sort_optimization            ... ok        20266 ms
     sql_query                    ... ok        20266 ms
     tableam                      ... ok        20195 ms
     timestamp                    ... ok        20266 ms
     triggers                     ... ok        20193 ms
     truncate                     ... ok        20375 ms
     trusted_extension            ... ok        20369 ms
     update-15                    ... ok        20194 ms
     upsert                       ... ok        20194 ms
parallel group (4 tests):  util vacuum_parallel vacuum version
     util                         ... ok         1613 ms
     vacuum                       ... ok         1655 ms
     vacuum_parallel              ... ok         1652 ms
     version                      ... ok         1655 ms
