test alter                        ... ok         2460 ms
test alternate_users              ... ok         1718 ms
test chunk_utils                  ... ok         1862 ms
test index                        ... ok         2257 ms
test pg_dump_unprivileged         ... ok         1517 ms
test tablespace                   ... ok         1533 ms
parallel group (21 tests):  baserel_cache broken_tables custom_type ddl-15 cursor-15 chunks cluster-15 ddl_errors create_hypertable delete-15 ddl_extra create_chunks drop_extension chunk_adaptive create_table append-15 drop_hypertable agg_bookends-15 copy-15 constraint-15 drop_owned
     agg_bookends-15              ... ok        11621 ms
     append-15                    ... ok        11621 ms
     baserel_cache                ... ok        11581 ms
     broken_tables                ... ok        11583 ms
     chunk_adaptive               ... ok        11621 ms
     chunks                       ... ok        11594 ms
     cluster-15                   ... ok        11595 ms
     constraint-15                ... ok        11803 ms
     copy-15                      ... ok        11639 ms
     create_chunks                ... ok        11620 ms
     create_hypertable            ... ok        11595 ms
     create_table                 ... ok        11620 ms
     cursor-15                    ... ok        11593 ms
     custom_type                  ... ok        11589 ms
     ddl-15                       ... ok        11589 ms
     ddl_errors                   ... ok        11594 ms
     ddl_extra                    ... ok        11619 ms
     delete-15                    ... ok        11609 ms
     drop_extension               ... FAILED    11619 ms
     drop_hypertable              ... ok        11619 ms
     drop_owned                   ... ok        11862 ms
parallel group (21 tests):  insert_returning null_exclusion misc lateral generated_as_identity drop_rename_hypertable information_views insert_single license dump_meta drop_schema parallel-15 partition partitioning grant_hypertable histogram_test extension_scripts hash merge insert-15 insert_many
     drop_rename_hypertable       ... ok        15511 ms
     drop_schema                  ... ok        15517 ms
     dump_meta                    ... ok        15511 ms
     extension_scripts            ... ok        15585 ms
     generated_as_identity        ... ok        15510 ms
     grant_hypertable             ... ok        15584 ms
     hash                         ... ok        15584 ms
     histogram_test               ... ok        15584 ms
     information_views            ... ok        15510 ms
     insert-15                    ... ok        16049 ms
     insert_many                  ... ok        18266 ms
     insert_returning             ... ok        11199 ms
     insert_single                ... ok        15510 ms
     lateral                      ... ok        15509 ms
     license                      ... ok        15510 ms
     merge                        ... ok        15584 ms
     misc                         ... ok        15495 ms
     null_exclusion               ... ok        15477 ms
     parallel-15                  ... ok        15515 ms
     partition                    ... ok        15515 ms
     partitioning                 ... ok        15515 ms
parallel group (21 tests):  plan_hypertable_inline-15 sort_optimization timestamp update-15 plain query-15 partitionwise-15 upsert tableam size_utils plan_expand_hypertable-15 reloptions sql_query triggers plan_ordered_append rowsecurity-15 plan_hashagg-15 pg_join trusted_extension truncate relocate_extension
     partitionwise-15             ... ok        19714 ms
     pg_join                      ... ok        20273 ms
     plain                        ... FAILED    19712 ms
     plan_expand_hypertable-15    ... ok        19721 ms
     plan_hashagg-15              ... ok        19741 ms
     plan_hypertable_inline-15    ... ok        19670 ms
     plan_ordered_append          ... ok        19734 ms
     query-15                     ... ok        19711 ms
     relocate_extension           ... ok        20430 ms
     reloptions                   ... ok        19720 ms
     rowsecurity-15               ... ok        19734 ms
     size_utils                   ... ok        19720 ms
     sort_optimization            ... ok        19689 ms
     sql_query                    ... ok        19720 ms
     tableam                      ... ok        19720 ms
     timestamp                    ... ok        19709 ms
     triggers                     ... ok        19720 ms
     truncate                     ... ok        20399 ms
     trusted_extension            ... ok        20396 ms
     update-15                    ... ok        19709 ms
     upsert                       ... ok        19718 ms
parallel group (4 tests):  version util vacuum vacuum_parallel
     util                         ... ok         1650 ms
     vacuum                       ... ok         1652 ms
     vacuum_parallel              ... ok         1652 ms
     version                      ... ok         1623 ms
