test alter                        ... ok         1138 ms
test alternate_users              ... ok          819 ms
test chunk_utils                  ... ok          862 ms
test index                        ... ok         1057 ms
test pg_dump_unprivileged         ... ok          783 ms
test tablespace                   ... ok          759 ms
parallel group (21 tests):  custom_type cursor-15 create_table drop_hypertable ddl_errors baserel_cache chunks cluster-15 create_chunks drop_extension broken_tables delete-15 create_hypertable copy-15 ddl-15 agg_bookends-15 ddl_extra chunk_adaptive constraint-15 drop_owned append-15
     agg_bookends-15              ... ok         5006 ms
     append-15                    ... ok         6657 ms
     baserel_cache                ... ok         4985 ms
     broken_tables                ... ok         4997 ms
     chunk_adaptive               ... ok         5021 ms
     chunks                       ... ok         4985 ms
     cluster-15                   ... ok         4987 ms
     constraint-15                ... ok         5109 ms
     copy-15                      ... ok         5001 ms
     create_chunks                ... ok         4995 ms
     create_hypertable            ... ok         4998 ms
     create_table                 ... ok         4980 ms
     cursor-15                    ... ok         4968 ms
     custom_type                  ... ok         4962 ms
     ddl-15                       ... ok         5002 ms
     ddl_errors                   ... ok         4983 ms
     ddl_extra                    ... ok         5009 ms
     delete-15                    ... ok         4997 ms
     drop_extension               ... FAILED     4994 ms
     drop_hypertable              ... ok         4981 ms
     drop_owned                   ... ok         5119 ms
parallel group (21 tests):  hash information_views drop_schema histogram_test insert_returning partitioning misc generated_as_identity lateral license dump_meta parallel-15 partition drop_rename_hypertable extension_scripts grant_hypertable insert_single merge null_exclusion insert-15 insert_many
     drop_rename_hypertable       ... ok         6133 ms
     drop_schema                  ... ok         6118 ms
     dump_meta                    ... ok         6128 ms
     extension_scripts            ... ok         6132 ms
     generated_as_identity        ... ok         6127 ms
     grant_hypertable             ... ok         6132 ms
     hash                         ... ok         4752 ms
     histogram_test               ... ok         6122 ms
     information_views            ... ok         6109 ms
     insert-15                    ... ok         6372 ms
     insert_many                  ... ok         7530 ms
     insert_returning             ... ok         6121 ms
     insert_single                ... ok         6131 ms
     lateral                      ... ok         6126 ms
     license                      ... ok         6126 ms
     merge                        ... ok         6131 ms
     misc                         ... ok         6125 ms
     null_exclusion               ... ok         6131 ms
     parallel-15                  ... ok         6126 ms
     partition                    ... ok         6126 ms
     partitioning                 ... ok         6122 ms
parallel group (21 tests):  sort_optimization tableam plain update-15 reloptions plan_hypertable_inline-15 rowsecurity-15 size_utils upsert sql_query partitionwise-15 plan_ordered_append triggers timestamp query-15 plan_expand_hypertable-15 trusted_extension truncate relocate_extension plan_hashagg-15 pg_join
     partitionwise-15             ... ok         7793 ms
     pg_join                      ... ok         9662 ms
     plain                        ... ok         7776 ms
     plan_expand_hypertable-15    ... ok         7814 ms
     plan_hashagg-15              ... ok         8973 ms
     plan_hypertable_inline-15    ... ok         7781 ms
     plan_ordered_append          ... ok         7796 ms
     query-15                     ... ok         7807 ms
     relocate_extension           ... ok         7994 ms
     reloptions                   ... ok         7780 ms
     rowsecurity-15               ... ok         7783 ms
     size_utils                   ... ok         7784 ms
     sort_optimization            ... ok         7771 ms
     sql_query                    ... ok         7786 ms
     tableam                      ... ok         7772 ms
     timestamp                    ... ok         7798 ms
     triggers                     ... ok         7795 ms
     truncate                     ... ok         7992 ms
     trusted_extension            ... ok         7981 ms
     update-15                    ... ok         7777 ms
     upsert                       ... ok         7783 ms
parallel group (4 tests):  version vacuum util vacuum_parallel
     util                         ... ok          652 ms
     vacuum                       ... ok          651 ms
     vacuum_parallel              ... ok          653 ms
     version                      ... ok          642 ms
