test alter                        ... ok         1127 ms
test alternate_users              ... ok          828 ms
test chunk_utils                  ... ok          884 ms
test index                        ... ok         1048 ms
test pg_dump_unprivileged         ... ok          777 ms
test tablespace                   ... ok          744 ms
parallel group (21 tests):  cursor-15 chunks baserel_cache ddl_extra broken_tables drop_hypertable drop_extension ddl_errors cluster-15 create_hypertable create_table custom_type ddl-15 copy-15 delete-15 agg_bookends-15 create_chunks chunk_adaptive constraint-15 drop_owned append-15
     agg_bookends-15              ... ok         5528 ms
     append-15                    ... ok         6906 ms
     baserel_cache                ... ok         5516 ms
     broken_tables                ... ok         5520 ms
     chunk_adaptive               ... ok         5551 ms
     chunks                       ... ok         5515 ms
     cluster-15                   ... ok         5524 ms
     constraint-15                ... ok         5634 ms
     copy-15                      ... ok         5527 ms
     create_chunks                ... ok         5528 ms
     create_hypertable            ... ok         5524 ms
     create_table                 ... ok         5524 ms
     cursor-15                    ... ok         5514 ms
     custom_type                  ... ok         5524 ms
     ddl-15                       ... ok         5526 ms
     ddl_errors                   ... ok         5522 ms
     ddl_extra                    ... ok         5515 ms
     delete-15                    ... ok         5527 ms
     drop_extension               ... FAILED     5521 ms
     drop_hypertable              ... ok         5520 ms
     drop_owned                   ... ok         5642 ms
parallel group (21 tests):  hash merge information_views grant_hypertable partitioning dump_meta drop_schema null_exclusion histogram_test lateral insert_returning misc parallel-15 drop_rename_hypertable insert_single extension_scripts generated_as_identity license partition insert-15 insert_many
     drop_rename_hypertable       ... ok         6163 ms
     drop_schema                  ... ok         6154 ms
     dump_meta                    ... ok         6144 ms
     extension_scripts            ... ok         6165 ms
     generated_as_identity        ... ok         6184 ms
     grant_hypertable             ... ok         6143 ms
     hash                         ... ok         4766 ms
     histogram_test               ... ok         6160 ms
     information_views            ... ok         6141 ms
     insert-15                    ... ok         6393 ms
     insert_many                  ... ok         7454 ms
     insert_returning             ... ok         6161 ms
     insert_single                ... ok         6163 ms
     lateral                      ... ok         6159 ms
     license                      ... ok         6185 ms
     merge                        ... ok         6135 ms
     misc                         ... ok         6161 ms
     null_exclusion               ... ok         6155 ms
     parallel-15                  ... ok         6161 ms
     partition                    ... ok         6198 ms
     partitioning                 ... ok         6142 ms
parallel group (21 tests):  sort_optimization size_utils tableam triggers sql_query plain plan_hypertable_inline-15 timestamp update-15 upsert partitionwise-15 reloptions query-15 rowsecurity-15 plan_expand_hypertable-15 plan_ordered_append trusted_extension truncate relocate_extension plan_hashagg-15 pg_join
     partitionwise-15             ... ok         8346 ms
     pg_join                      ... ok        10479 ms
     plain                        ... FAILED     8324 ms
     plan_expand_hypertable-15    ... ok         8367 ms
     plan_hashagg-15              ... ok         9584 ms
     plan_hypertable_inline-15    ... ok         8329 ms
     plan_ordered_append          ... ok         8367 ms
     query-15                     ... ok         8351 ms
     relocate_extension           ... ok         9159 ms
     reloptions                   ... ok         8349 ms
     rowsecurity-15               ... ok         8361 ms
     size_utils                   ... ok         8306 ms
     sort_optimization            ... ok         7641 ms
     sql_query                    ... ok         8322 ms
     tableam                      ... ok         8311 ms
     timestamp                    ... ok         8333 ms
     triggers                     ... ok         8317 ms
     truncate                     ... ok         8735 ms
     trusted_extension            ... ok         8646 ms
     update-15                    ... ok         8338 ms
     upsert                       ... ok         8342 ms
parallel group (4 tests):  util version vacuum_parallel vacuum
     util                         ... ok          707 ms
     vacuum                       ... ok          721 ms
     vacuum_parallel              ... ok          720 ms
     version                      ... ok          718 ms
