-- Tests for package DBMS_RANDOM
SELECT dbms_random.initialize(8);
ERROR:  schema "dbms_random" does not exist
LINE 1: SELECT dbms_random.initialize(8);
               ^
SELECT dbms_random.normal()::numeric(10, 8);
ERROR:  schema "dbms_random" does not exist
LINE 1: SELECT dbms_random.normal()::numeric(10, 8);
               ^
SELECT dbms_random.normal()::numeric(10, 8);
ERROR:  schema "dbms_random" does not exist
LINE 1: SELECT dbms_random.normal()::numeric(10, 8);
               ^
SELECT dbms_random.seed(8);
ERROR:  schema "dbms_random" does not exist
LINE 1: SELECT dbms_random.seed(8);
               ^
SELECT dbms_random.random();
ERROR:  schema "dbms_random" does not exist
LINE 1: SELECT dbms_random.random();
               ^
SELECT dbms_random.seed('test');
ERROR:  schema "dbms_random" does not exist
LINE 1: SELECT dbms_random.seed('test');
               ^
SELECT dbms_random.string('U',5);
ERROR:  schema "dbms_random" does not exist
LINE 1: SELECT dbms_random.string('U',5);
               ^
SELECT dbms_random.string('P',2);
ERROR:  schema "dbms_random" does not exist
LINE 1: SELECT dbms_random.string('P',2);
               ^
SELECT dbms_random.string('x',4);
ERROR:  schema "dbms_random" does not exist
LINE 1: SELECT dbms_random.string('x',4);
               ^
SELECT dbms_random.string('a',2);
ERROR:  schema "dbms_random" does not exist
LINE 1: SELECT dbms_random.string('a',2);
               ^
SELECT dbms_random.string('l',3);
ERROR:  schema "dbms_random" does not exist
LINE 1: SELECT dbms_random.string('l',3);
               ^
SELECT dbms_random.seed(5);
ERROR:  schema "dbms_random" does not exist
LINE 1: SELECT dbms_random.seed(5);
               ^
SELECT dbms_random.value()::numeric(10, 8);
ERROR:  schema "dbms_random" does not exist
LINE 1: SELECT dbms_random.value()::numeric(10, 8);
               ^
SELECT dbms_random.value(10,15)::numeric(10, 8);
ERROR:  schema "dbms_random" does not exist
LINE 1: SELECT dbms_random.value(10,15)::numeric(10, 8);
               ^
SELECT dbms_random.terminate();
ERROR:  schema "dbms_random" does not exist
LINE 1: SELECT dbms_random.terminate();
               ^
