\set ECHO none
ERROR:  schema "dbms_utility" does not exist
LINE 1: select *            from dbms_utility.format_call_stack('o')
                                 ^
QUERY:  select *            from dbms_utility.format_call_stack('o')
CONTEXT:  PL/pgSQL function checkhexcallstack() line 5 at SQL statement
ERROR:  schema "dbms_utility" does not exist
LINE 1: select *            from dbms_utility.format_call_stack('p')
                                 ^
QUERY:  select *            from dbms_utility.format_call_stack('p')
CONTEXT:  PL/pgSQL function checkintcallstack() line 5 at SQL statement
ERROR:  schema "dbms_utility" does not exist
LINE 1: select *            from dbms_utility.format_call_stack('s')
                                 ^
QUERY:  select *            from dbms_utility.format_call_stack('s')
CONTEXT:  PL/pgSQL function checkintunpaddedcallstack() line 5 at SQL statement
ERROR:  schema "dbms_utility" does not exist
LINE 1: start_time := DBMS_UTILITY.GET_TIME()
                      ^
QUERY:  start_time := DBMS_UTILITY.GET_TIME()
CONTEXT:  PL/pgSQL function inline_code_block line 6 at assignment
