test alter                        ... ok         1169 ms
test alternate_users              ... ok          800 ms
test chunk_utils                  ... ok          883 ms
test index                        ... FAILED     1051 ms
test pg_dump_unprivileged         ... ok          800 ms
test tablespace                   ... ok          751 ms
parallel group (21 tests):  create_table custom_type chunks baserel_cache ddl_extra cursor-15 create_hypertable create_chunks broken_tables delete-15 drop_extension cluster-15 ddl-15 ddl_errors agg_bookends-15 drop_hypertable chunk_adaptive copy-15 constraint-15 drop_owned append-15
     agg_bookends-15              ... ok         5097 ms
     append-15                    ... ok         6820 ms
     baserel_cache                ... ok         5089 ms
     broken_tables                ... ok         5093 ms
     chunk_adaptive               ... ok         5102 ms
     chunks                       ... ok         5088 ms
     cluster-15                   ... ok         5096 ms
     constraint-15                ... ok         5163 ms
     copy-15                      ... ok         5105 ms
     create_chunks                ... ok         5092 ms
     create_hypertable            ... ok         5089 ms
     create_table                 ... ok         5079 ms
     cursor-15                    ... ok         5089 ms
     custom_type                  ... ok         5086 ms
     ddl-15                       ... ok         5095 ms
     ddl_errors                   ... ok         5095 ms
     ddl_extra                    ... ok         5088 ms
     delete-15                    ... ok         5092 ms
     drop_extension               ... FAILED     5092 ms
     drop_hypertable              ... FAILED     5096 ms
     drop_owned                   ... ok         5197 ms
parallel group (21 tests):  drop_schema partitioning histogram_test drop_rename_hypertable insert_single grant_hypertable hash null_exclusion license extension_scripts partition misc information_views generated_as_identity insert_returning merge lateral parallel-15 dump_meta insert-15 insert_many
     drop_rename_hypertable       ... ok         6287 ms
     drop_schema                  ... ok         4987 ms
     dump_meta                    ... ok         6326 ms
     extension_scripts            ... ok         6294 ms
     generated_as_identity        ... ok         6317 ms
     grant_hypertable             ... ok         6289 ms
     hash                         ... ok         6288 ms
     histogram_test               ... ok         6287 ms
     information_views            ... ok         6295 ms
     insert-15                    ... ok         6495 ms
     insert_many                  ... FAILED     7482 ms
     insert_returning             ... ok         6318 ms
     insert_single                ... ok         6288 ms
     lateral                      ... ok         6320 ms
     license                      ... ok         6291 ms
     merge                        ... ok         6319 ms
     misc                         ... ok         6293 ms
     null_exclusion               ... ok         6287 ms
     parallel-15                  ... ok         6323 ms
     partition                    ... FAILED     6292 ms
     partitioning                 ... ok         6277 ms
parallel group (21 tests):  tableam size_utils reloptions sort_optimization plan_hypertable_inline-15 timestamp sql_query plain query-15 partitionwise-15 update-15 triggers upsert plan_expand_hypertable-15 rowsecurity-15 plan_ordered_append trusted_extension truncate relocate_extension plan_hashagg-15 pg_join
     partitionwise-15             ... FAILED     7410 ms
     pg_join                      ... ok         9977 ms
     plain                        ... ok         7409 ms
     plan_expand_hypertable-15    ... ok         7431 ms
     plan_hashagg-15              ... ok         9178 ms
     plan_hypertable_inline-15    ... ok         7394 ms
     plan_ordered_append          ... ok         7441 ms
     query-15                     ... ok         7409 ms
     relocate_extension           ... ok         8130 ms
     reloptions                   ... ok         7390 ms
     rowsecurity-15               ... ok         7439 ms
     size_utils                   ... ok         7388 ms
     sort_optimization            ... ok         7392 ms
     sql_query                    ... FAILED     7408 ms
     tableam                      ... ok         6754 ms
     timestamp                    ... ok         7406 ms
     triggers                     ... ok         7423 ms
     truncate                     ... ok         7998 ms
     trusted_extension            ... ok         7854 ms
     update-15                    ... ok         7421 ms
     upsert                       ... ok         7423 ms
parallel group (4 tests):  util version vacuum vacuum_parallel
     util                         ... ok          694 ms
     vacuum                       ... ok          703 ms
     vacuum_parallel              ... ok          704 ms
     version                      ... ok          700 ms
