parallel group (2 tests):  multi_test_helpers_superuser multi_test_helpers
     multi_test_helpers           ... ok           17 ms
     multi_test_helpers_superuser ... ok           12 ms
test multi_cluster_management     ... ok          802 ms
test create_role_propagation      ... ok          426 ms
test multi_create_fdw             ... ok           16 ms
test multi_test_catalog_views     ... ok          142 ms
test replicated_table_disable_node ... ok          269 ms
test multi_create_table           ... ok          370 ms
test multi_create_table_superuser ... ok         1005 ms
parallel group (5 tests):  multi_master_protocol multi_load_data_superuser multi_load_data multi_behavioral_analytics_create_table multi_create_table_constraints
     multi_create_table_constraints ... ok          631 ms
     multi_master_protocol        ... ok           10 ms
     multi_load_data              ... ok          379 ms
     multi_load_data_superuser    ... ok          357 ms
     multi_behavioral_analytics_create_table ... ok          554 ms
parallel group (5 tests):  multi_insert_select_non_pushable_queries multi_behavioral_analytics_single_shard_queries multi_behavioral_analytics_basics multi_behavioral_analytics_create_table_superuser multi_insert_select
     multi_behavioral_analytics_basics ... ok          388 ms
     multi_behavioral_analytics_single_shard_queries ... ok          273 ms
     multi_insert_select_non_pushable_queries ... ok          135 ms
     multi_insert_select          ... ok         2217 ms
     multi_behavioral_analytics_create_table_superuser ... ok          532 ms
parallel group (2 tests):  recursive_dml_with_different_planners_executors multi_shard_update_delete
     multi_shard_update_delete    ... ok          657 ms
     recursive_dml_with_different_planners_executors ... ok          266 ms
parallel group (4 tests):  window_functions dml_recursive multi_insert_select_window insert_select_repartition
     insert_select_repartition    ... ok         1415 ms
     window_functions             ... ok          457 ms
     dml_recursive                ... ok          614 ms
     multi_insert_select_window   ... ok          736 ms
parallel group (2 tests):  citus_table_triggers multi_insert_select_conflict
     multi_insert_select_conflict ... ok          431 ms
     citus_table_triggers         ... ok           83 ms
parallel group (2 tests):  multi_row_insert insert_select_into_local_table
     multi_row_insert             ... ok           41 ms
     insert_select_into_local_table ... ok          339 ms
test multi_agg_approximate_distinct ... ok           47 ms
test tablespace                   ... ok           12 ms
test insert_select_connection_leak ... ok          772 ms
test ensure_no_intermediate_data_leak ... ok           31 ms
parallel group (3 tests):  multi_partitioning_utils replicated_partitioned_table multi_partitioning
     multi_partitioning_utils     ... ok          128 ms
     multi_partitioning           ... ok         5951 ms
     replicated_partitioned_table ... ok          566 ms
test subquery_basics              ... ok          160 ms
test subquery_local_tables        ... ok          236 ms
test subquery_executors           ... ok          215 ms
test subquery_and_cte             ... ok          687 ms
test set_operations               ... ok          395 ms
test union_pushdown               ... ok          509 ms
test set_operation_and_local_tables ... ok          197 ms
parallel group (4 tests):  subqueries_not_supported subqueries_deep subquery_partitioning subquery_view
     subqueries_deep              ... ok          106 ms
     subquery_view                ... ok          605 ms
     subquery_partitioning        ... ok          276 ms
     subqueries_not_supported     ... ok           63 ms
parallel group (4 tests):  subquery_append subquery_in_targetlist subquery_in_where subquery_complex_target_list
     subquery_in_targetlist       ... ok          381 ms
     subquery_in_where            ... ok          390 ms
     subquery_complex_target_list ... ok          409 ms
     subquery_append              ... ok          201 ms
test subquery_prepared_statements ... ok           78 ms
parallel group (2 tests):  non_colocated_leaf_subquery_joins non_colocated_subquery_joins
     non_colocated_leaf_subquery_joins ... ok           53 ms
     non_colocated_subquery_joins ... ok          707 ms
parallel group (5 tests):  recursive_view_local_table sequences_with_different_types values multi_level_recursive_queries cte_inline
     cte_inline                   ... ok          855 ms
     recursive_view_local_table   ... ok           79 ms
     values                       ... ok          383 ms
     sequences_with_different_types ... ok          313 ms
     multi_level_recursive_queries ... ok          444 ms
parallel group (2 tests):  pg13 pg12
     pg13                         ... ok          111 ms
     pg12                         ... ok          525 ms
test pg14                         ... ok         3115 ms
test pg15                         ... ok         1718 ms
parallel group (2 tests):  pg15_jsonpath detect_conn_close
     pg15_jsonpath                ... ok          204 ms
     detect_conn_close            ... ok         1827 ms
test drop_column_partitioned_table ... ok          208 ms
test tableam                      ... ok          183 ms
parallel group (4 tests):  multi_deparse_shard_query limit_intermediate_size intermediate_results multi_distributed_transaction_id
     multi_deparse_shard_query    ... ok          109 ms
     multi_distributed_transaction_id ... ok          596 ms
     intermediate_results         ... ok          448 ms
     limit_intermediate_size      ... ok          352 ms
parallel group (5 tests):  distributed_intermediate_results multi_real_time_transaction hyperscale_tutorial multi_explain partitioned_intermediate_results
     multi_explain                ... ok         2015 ms
     hyperscale_tutorial          ... ok         1861 ms
     partitioned_intermediate_results ... ok         2592 ms
     distributed_intermediate_results ... ok          602 ms
     multi_real_time_transaction  ... ok         1471 ms
parallel group (6 tests):  multi_basic_queries multi_complex_expressions cross_join multi_subquery_behavioral_analytics multi_subquery multi_subquery_complex_queries
     multi_basic_queries          ... ok           39 ms
     cross_join                   ... ok          737 ms
     multi_complex_expressions    ... FAILED      423 ms
     multi_subquery               ... ok          831 ms
     multi_subquery_complex_queries ... ok         6038 ms
     multi_subquery_behavioral_analytics ... ok          764 ms
parallel group (5 tests):  multi_sql_function multi_subquery_window_functions multi_prepare_sql multi_subquery_complex_reference_clause multi_view
     multi_subquery_complex_reference_clause ... ok         1882 ms
     multi_subquery_window_functions ... ok          388 ms
     multi_view                   ... ok         2077 ms
     multi_sql_function           ... ok          261 ms
     multi_prepare_sql            ... ok         1085 ms
parallel group (4 tests):  multi_function_in_join sql_procedure row_types materialized_view
     sql_procedure                ... ok          279 ms
     multi_function_in_join       ... ok          203 ms
     row_types                    ... ok          296 ms
     materialized_view            ... ok         1072 ms
parallel group (4 tests):  propagate_set_commands multi_subquery_in_where_reference_clause geqo adaptive_executor
     multi_subquery_in_where_reference_clause ... ok          110 ms
     adaptive_executor            ... ok          688 ms
     propagate_set_commands       ... ok           92 ms
     geqo                         ... ok          567 ms
test forcedelegation_functions    ... ok          941 ms
test join_pushdown                ... ok          678 ms
parallel group (4 tests):  multi_subquery_misc multi_subquery_in_where_clause multi_subquery_union statement_cancel_error_message
     multi_subquery_union         ... ok          289 ms
     multi_subquery_in_where_clause ... ok          185 ms
     multi_subquery_misc          ... ok          179 ms
     statement_cancel_error_message ... ok         1201 ms
parallel group (6 tests):  multi_limit_clause_approximate set_role_in_transaction multi_single_relation_subquery multi_agg_distinct multi_outer_join_reference multi_prepare_plsql
     multi_agg_distinct           ... ok          679 ms
     multi_limit_clause_approximate ... ok          339 ms
     multi_outer_join_reference   ... ok          706 ms
     multi_single_relation_subquery ... ok          549 ms
     multi_prepare_plsql          ... ok          715 ms
     set_role_in_transaction      ... ok          407 ms
parallel group (4 tests):  multi_select_for_update pg13_with_ties relation_access_tracking multi_reference_table
     multi_reference_table        ... ok          968 ms
     multi_select_for_update      ... ok          145 ms
     relation_access_tracking     ... ok          771 ms
     pg13_with_ties               ... ok          334 ms
parallel group (3 tests):  tdigest_aggregate_support custom_aggregate_support aggregate_support
     custom_aggregate_support     ... ok          302 ms
     aggregate_support            ... ok          895 ms
     tdigest_aggregate_support    ... ok          108 ms
parallel group (4 tests):  having_subquery multi_average_expression multi_working_columns multi_having_pushdown
     multi_average_expression     ... ok           40 ms
     multi_working_columns        ... ok           78 ms
     multi_having_pushdown        ... ok           80 ms
     having_subquery              ... ok           25 ms
parallel group (3 tests):  multi_array_agg multi_orderby_limit_pushdown multi_limit_clause
     multi_array_agg              ... ok           60 ms
     multi_limit_clause           ... ok          288 ms
     multi_orderby_limit_pushdown ... ok          120 ms
parallel group (9 tests):  multi_json_agg multi_jsonb_agg multi_json_object_agg multi_jsonb_object_agg bool_agg anonymous_columns ch_bench_having expression_reference_join chbenchmark_all_queries
     multi_jsonb_agg              ... ok          127 ms
     multi_jsonb_object_agg       ... ok          184 ms
     multi_json_agg               ... ok          124 ms
     multi_json_object_agg        ... ok          158 ms
     bool_agg                     ... ok          208 ms
     ch_bench_having              ... ok          372 ms
     chbenchmark_all_queries      ... ok         1340 ms
     expression_reference_join    ... ok          422 ms
     anonymous_columns            ... ok          321 ms
test ch_bench_subquery_repartition ... ok          499 ms
parallel group (3 tests):  multi_count_type_conversion multi_agg_type_conversion recursive_relation_planning_restriction_pushdown
     multi_agg_type_conversion    ... ok           32 ms
     multi_count_type_conversion  ... ok           22 ms
     recursive_relation_planning_restriction_pushdown ... ok          216 ms
parallel group (3 tests):  multi_partition_pruning unsupported_lateral_subqueries single_hash_repartition_join
     multi_partition_pruning      ... ok           43 ms
     single_hash_repartition_join ... ok          477 ms
     unsupported_lateral_subqueries ... ok           74 ms
parallel group (3 tests):  multi_join_pruning multi_hash_pruning intermediate_result_pruning
     multi_join_pruning           ... ok           33 ms
     multi_hash_pruning           ... ok          218 ms
     intermediate_result_pruning  ... ok          319 ms
parallel group (2 tests):  multi_null_minmax_value_pruning cursors
     multi_null_minmax_value_pruning ... ok           51 ms
     cursors                      ... ok          117 ms
parallel group (2 tests):  adv_lock_permission modification_correctness
     modification_correctness     ... ok          170 ms
     adv_lock_permission          ... ok          130 ms
test multi_query_directory_cleanup ... ok           67 ms
parallel group (2 tests):  multi_task_assignment_policy multi_cross_shard
     multi_task_assignment_policy ... ok           94 ms
     multi_cross_shard            ... ok          212 ms
test multi_utility_statements     ... ok          113 ms
parallel group (2 tests):  multi_dropped_column_aliases foreign_key_restriction_enforcement
     multi_dropped_column_aliases ... ok           47 ms
     foreign_key_restriction_enforcement ... ok          850 ms
test binary_protocol              ... ok           97 ms
test alter_table_set_access_method ... ok          696 ms
test alter_distributed_table      ... ok         1817 ms
parallel group (4 tests):  issue_5099 issue_6543 issue_5763 issue_5248
     issue_5248                   ... ok         1372 ms
     issue_5099                   ... ok           32 ms
     issue_5763                   ... ok          144 ms
     issue_6543                   ... ok           87 ms
test object_propagation_debug     ... ok           43 ms
test undistribute_table           ... ok          304 ms
test run_command_on_all_nodes     ... ok          384 ms
test background_task_queue_monitor ... ok        37067 ms
test clock                        ... ok          195 ms
test merge                        ... ok          937 ms
test pgmerge                      ... ok          467 ms
test ensure_no_intermediate_data_leak ... ok           31 ms
test ensure_no_shared_connection_leak ... ok          368 ms
test check_mx                     ... ok           25 ms
test generated_identity           ... ok         1760 ms
test drop_database                ... ok          695 ms
