test alter                        ... ok         2391 ms
test alternate_users              ... ok         1692 ms
test chunk_utils                  ... ok         1842 ms
test index                        ... ok         2206 ms
test pg_dump_unprivileged         ... ok         1483 ms
test tablespace                   ... ok         1527 ms
parallel group (21 tests):  ddl_errors ddl-15 delete-15 chunks create_hypertable cursor-15 copy-15 baserel_cache ddl_extra broken_tables drop_extension cluster-15 create_table agg_bookends-15 custom_type drop_hypertable chunk_adaptive create_chunks append-15 drop_owned constraint-15
     agg_bookends-15              ... ok        10915 ms
     append-15                    ... ok        11107 ms
     baserel_cache                ... ok        10910 ms
     broken_tables                ... ok        10911 ms
     chunk_adaptive               ... ok        10933 ms
     chunks                       ... ok        10824 ms
     cluster-15                   ... ok        10913 ms
     constraint-15                ... ok        11136 ms
     copy-15                      ... ok        10844 ms
     create_chunks                ... ok        10932 ms
     create_hypertable            ... ok        10823 ms
     create_table                 ... ok        10912 ms
     cursor-15                    ... ok        10823 ms
     custom_type                  ... ok        10925 ms
     ddl-15                       ... ok        10822 ms
     ddl_errors                   ... ok        10822 ms
     ddl_extra                    ... ok        10908 ms
     delete-15                    ... ok        10822 ms
     drop_extension               ... FAILED    10910 ms
     drop_hypertable              ... ok        10931 ms
     drop_owned                   ... ok        11132 ms
parallel group (21 tests):  hash merge misc grant_hypertable license information_views parallel-15 generated_as_identity partitioning histogram_test dump_meta lateral insert_returning drop_schema insert_single partition drop_rename_hypertable extension_scripts null_exclusion insert-15 insert_many
     drop_rename_hypertable       ... ok        15514 ms
     drop_schema                  ... ok        15501 ms
     dump_meta                    ... ok        15500 ms
     extension_scripts            ... ok        15522 ms
     generated_as_identity        ... ok        15497 ms
     grant_hypertable             ... ok        15495 ms
     hash                         ... ok        10666 ms
     histogram_test               ... ok        15498 ms
     information_views            ... ok        15496 ms
     insert-15                    ... ok        16308 ms
     insert_many                  ... ok        18513 ms
     insert_returning             ... ok        15499 ms
     insert_single                ... ok        15501 ms
     lateral                      ... ok        15499 ms
     license                      ... ok        15495 ms
     merge                        ... ok        15471 ms
     misc                         ... ok        15493 ms
     null_exclusion               ... ok        15568 ms
     parallel-15                  ... ok        15495 ms
     partition                    ... ok        15500 ms
     partitioning                 ... ok        15495 ms
parallel group (21 tests):  plan_hypertable_inline-15 timestamp partitionwise-15 plain sort_optimization query-15 sql_query reloptions upsert size_utils triggers plan_ordered_append tableam update-15 rowsecurity-15 plan_expand_hypertable-15 plan_hashagg-15 trusted_extension truncate pg_join relocate_extension
     partitionwise-15             ... ok        19280 ms
     pg_join                      ... ok        20009 ms
     plain                        ... ok        19281 ms
     plan_expand_hypertable-15    ... ok        19327 ms
     plan_hashagg-15              ... ok        19327 ms
     plan_hypertable_inline-15    ... ok        18386 ms
     plan_ordered_append          ... ok        19296 ms
     query-15                     ... ok        19287 ms
     relocate_extension           ... ok        20534 ms
     reloptions                   ... ok        19289 ms
     rowsecurity-15               ... ok        19315 ms
     size_utils                   ... ok        19293 ms
     sort_optimization            ... ok        19282 ms
     sql_query                    ... ok        19287 ms
     tableam                      ... ok        19295 ms
     timestamp                    ... ok        19272 ms
     triggers                     ... ok        19293 ms
     truncate                     ... ok        19991 ms
     trusted_extension            ... ok        19875 ms
     update-15                    ... ok        19295 ms
     upsert                       ... ok        19289 ms
parallel group (4 tests):  util version vacuum_parallel vacuum
     util                         ... ok         1612 ms
     vacuum                       ... ok         1640 ms
     vacuum_parallel              ... ok         1640 ms
     version                      ... ok         1637 ms
