make: Entering directory '/home/abigalek/pgext-cli/pgextworkdir/citus-11.3.0/src/test/regress'
'/usr/bin/perl' /home/abigalek/pgext-cli/pgextworkdir/citus-11.3.0/src/test/regress/pg_regress_multi.pl --pgxsdir="/home/abigalek/pgext-cli/pg-15-dist/lib/postgresql/pgxs" --bindir="/home/abigalek/pgext-cli/pg-15-dist/bin" --libdir="/home/abigalek/pgext-cli/pg-15-dist/lib" --majorversion="15" --postgres-builddir="/home/abigalek/pgext-cli/postgresql-15.3" --postgres-srcdir="/home/abigalek/pgext-cli/postgresql-15.3" --citus_abs_srcdir="/home/abigalek/pgext-cli/pgextworkdir/citus-11.3.0/src/test/regress" --load-extension=citus \
-- --inputdir=/home/abigalek/pgext-cli/pgextworkdir/citus-11.3.0/src/test/regress   --launcher="/home/abigalek/pgext-cli/pgextworkdir/citus-11.3.0/src/test/regress/log_test_times" --schedule=/home/abigalek/pgext-cli/pgextworkdir/citus-11.3.0/src/test/regress/multi_schedule --temp-config=../../pg-15-data/postgresql.conf --load-extension=intarray
The files belonging to this database system will be owned by user "abigalek".
This user must also own the server process.

The database cluster will be initialized with locale "C".
The default text search configuration will be set to "english".

Data page checksums are disabled.

creating directory tmp_check/master/data ... ok
creating subdirectories ... ok
selecting dynamic shared memory implementation ... posix
selecting default max_connections ... 100
selecting default shared_buffers ... 128MB
selecting default time zone ... Etc/UTC
creating configuration files ... ok
running bootstrap script ... ok
performing post-bootstrap initialization ... ok

Sync to disk skipped.
The data directory might become corrupt if the operating system crashes.


Success. You can now start the database server using:

    /home/abigalek/pgext-cli/pg-15-dist/bin/pg_ctl -D tmp_check/master/data -l logfile start

waiting for server to start.... done
server started
waiting for server to start.... done
server started
waiting for server to start.... done
server started
CREATE DATABASE
CREATE EXTENSION
CREATE FUNCTION
CREATE FOREIGN DATA WRAPPER
CREATE DATABASE
CREATE EXTENSION
CREATE FUNCTION
CREATE FOREIGN DATA WRAPPER
(using postmaster on localhost, port 57636)
============== dropping database "regression"         ==============
SET
DROP DATABASE
============== creating database "regression"         ==============
CREATE DATABASE
ALTER DATABASE
ALTER DATABASE
ALTER DATABASE
ALTER DATABASE
ALTER DATABASE
ALTER DATABASE
============== installing citus                       ==============
CREATE EXTENSION
============== installing intarray                    ==============
CREATE EXTENSION
============== running regression test queries        ==============
parallel group (2 tests):  multi_test_helpers_superuser multi_test_helpers
     multi_test_helpers           ... ok           17 ms
     multi_test_helpers_superuser ... ok           12 ms
test multi_cluster_management     ... ok          802 ms
test create_role_propagation      ... ok          420 ms
test multi_create_fdw             ... ok           16 ms
test multi_test_catalog_views     ... ok          141 ms
test replicated_table_disable_node ... ok          261 ms
test multi_create_table           ... ok          356 ms
test multi_create_table_superuser ... ok          914 ms
parallel group (5 tests):  multi_master_protocol multi_load_data_superuser multi_load_data multi_behavioral_analytics_create_table multi_create_table_constraints
     multi_create_table_constraints ... ok          684 ms
     multi_master_protocol        ... ok           10 ms
     multi_load_data              ... ok          413 ms
     multi_load_data_superuser    ... ok          399 ms
     multi_behavioral_analytics_create_table ... ok          586 ms
parallel group (5 tests):  multi_insert_select_non_pushable_queries multi_behavioral_analytics_single_shard_queries multi_behavioral_analytics_basics multi_behavioral_analytics_create_table_superuser multi_insert_select
     multi_behavioral_analytics_basics ... ok          437 ms
     multi_behavioral_analytics_single_shard_queries ... ok          291 ms
     multi_insert_select_non_pushable_queries ... ok          143 ms
     multi_insert_select          ... ok         2272 ms
     multi_behavioral_analytics_create_table_superuser ... ok          570 ms
parallel group (2 tests):  recursive_dml_with_different_planners_executors multi_shard_update_delete
     multi_shard_update_delete    ... ok          672 ms
     recursive_dml_with_different_planners_executors ... ok          277 ms
parallel group (4 tests):  window_functions dml_recursive multi_insert_select_window insert_select_repartition
     insert_select_repartition    ... ok         1472 ms
     window_functions             ... ok          511 ms
     dml_recursive                ... ok          645 ms
     multi_insert_select_window   ... ok          762 ms
parallel group (2 tests):  citus_table_triggers multi_insert_select_conflict
     multi_insert_select_conflict ... ok          441 ms
     citus_table_triggers         ... ok           84 ms
parallel group (2 tests):  multi_row_insert insert_select_into_local_table
     multi_row_insert             ... ok           37 ms
     insert_select_into_local_table ... ok          358 ms
test multi_agg_approximate_distinct ... ok           46 ms
test tablespace                   ... ok           12 ms
test insert_select_connection_leak ... ok          781 ms
test ensure_no_intermediate_data_leak ... ok           32 ms
parallel group (3 tests):  multi_partitioning_utils replicated_partitioned_table multi_partitioning
     multi_partitioning_utils     ... ok          127 ms
     multi_partitioning           ... ok         5935 ms
     replicated_partitioned_table ... ok          599 ms
test subquery_basics              ... ok          164 ms
test subquery_local_tables        ... ok          235 ms
test subquery_executors           ... ok          208 ms
test subquery_and_cte             ... ok          657 ms
test set_operations               ... ok          390 ms
test union_pushdown               ... ok          516 ms
test set_operation_and_local_tables ... ok          191 ms
parallel group (4 tests):  subqueries_not_supported subqueries_deep subquery_partitioning subquery_view
     subqueries_deep              ... ok          105 ms
     subquery_view                ... ok          474 ms
     subquery_partitioning        ... ok          258 ms
     subqueries_not_supported     ... ok           54 ms
parallel group (4 tests):  subquery_append subquery_in_where subquery_in_targetlist subquery_complex_target_list
     subquery_in_targetlist       ... ok          403 ms
     subquery_in_where            ... ok          393 ms
     subquery_complex_target_list ... ok          432 ms
     subquery_append              ... ok          202 ms
test subquery_prepared_statements ... ok           79 ms
parallel group (2 tests):  non_colocated_leaf_subquery_joins non_colocated_subquery_joins
     non_colocated_leaf_subquery_joins ... ok           51 ms
     non_colocated_subquery_joins ... ok          705 ms
parallel group (5 tests):  recursive_view_local_table sequences_with_different_types values multi_level_recursive_queries cte_inline
     cte_inline                   ... ok          903 ms
     recursive_view_local_table   ... ok           87 ms
     values                       ... ok          411 ms
     sequences_with_different_types ... ok          314 ms
     multi_level_recursive_queries ... ok          455 ms
parallel group (2 tests):  pg13 pg12
     pg13                         ... ok          111 ms
     pg12                         ... ok          544 ms
test pg14                         ... ok         3087 ms
test pg15                         ... ok         1718 ms
parallel group (2 tests):  pg15_jsonpath detect_conn_close
     pg15_jsonpath                ... ok          201 ms
     detect_conn_close            ... ok         1827 ms
test drop_column_partitioned_table ... ok          209 ms
test tableam                      ... ok          182 ms
parallel group (4 tests):  multi_deparse_shard_query limit_intermediate_size intermediate_results multi_distributed_transaction_id
     multi_deparse_shard_query    ... ok          109 ms
     multi_distributed_transaction_id ... ok          630 ms
     intermediate_results         ... ok          475 ms
     limit_intermediate_size      ... ok          386 ms
parallel group (5 tests):  distributed_intermediate_results multi_real_time_transaction hyperscale_tutorial multi_explain partitioned_intermediate_results
     multi_explain                ... ok         2015 ms
     hyperscale_tutorial          ... ok         1972 ms
     partitioned_intermediate_results ... ok         2588 ms
     distributed_intermediate_results ... ok          608 ms
     multi_real_time_transaction  ... ok         1516 ms
parallel group (6 tests):  multi_basic_queries multi_complex_expressions cross_join multi_subquery_behavioral_analytics multi_subquery multi_subquery_complex_queries
     multi_basic_queries          ... ok           40 ms
     cross_join                   ... ok          754 ms
     multi_complex_expressions    ... FAILED      393 ms
     multi_subquery               ... ok          835 ms
     multi_subquery_complex_queries ... ok         6185 ms
     multi_subquery_behavioral_analytics ... ok          756 ms
parallel group (5 tests):  multi_sql_function multi_subquery_window_functions multi_prepare_sql multi_subquery_complex_reference_clause multi_view
     multi_subquery_complex_reference_clause ... ok         1900 ms
     multi_subquery_window_functions ... ok          396 ms
     multi_view                   ... ok         2127 ms
     multi_sql_function           ... ok          268 ms
     multi_prepare_sql            ... ok         1107 ms
parallel group (4 tests):  multi_function_in_join sql_procedure row_types materialized_view
     sql_procedure                ... ok          276 ms
     multi_function_in_join       ... ok          226 ms
     row_types                    ... ok          306 ms
     materialized_view            ... ok         1075 ms
parallel group (4 tests):  propagate_set_commands multi_subquery_in_where_reference_clause geqo adaptive_executor
     multi_subquery_in_where_reference_clause ... ok          112 ms
     adaptive_executor            ... ok          688 ms
     propagate_set_commands       ... ok           95 ms
     geqo                         ... ok          553 ms
test forcedelegation_functions    ... ok          976 ms
test join_pushdown                ... ok          681 ms
parallel group (4 tests):  multi_subquery_misc multi_subquery_in_where_clause multi_subquery_union statement_cancel_error_message
     multi_subquery_union         ... ok          285 ms
     multi_subquery_in_where_clause ... ok          189 ms
     multi_subquery_misc          ... ok          180 ms
     statement_cancel_error_message ... ok          760 ms
parallel group (6 tests):  multi_limit_clause_approximate set_role_in_transaction multi_single_relation_subquery multi_outer_join_reference multi_agg_distinct multi_prepare_plsql
     multi_agg_distinct           ... ok          731 ms
     multi_limit_clause_approximate ... ok          340 ms
     multi_outer_join_reference   ... ok          730 ms
     multi_single_relation_subquery ... ok          574 ms
     multi_prepare_plsql          ... ok          748 ms
     set_role_in_transaction      ... ok          404 ms
parallel group (4 tests):  multi_select_for_update pg13_with_ties relation_access_tracking multi_reference_table
     multi_reference_table        ... ok         1002 ms
     multi_select_for_update      ... ok          146 ms
     relation_access_tracking     ... ok          807 ms
     pg13_with_ties               ... ok          365 ms
parallel group (3 tests):  tdigest_aggregate_support custom_aggregate_support aggregate_support
     custom_aggregate_support     ... ok          297 ms
     aggregate_support            ... ok          910 ms
     tdigest_aggregate_support    ... ok           98 ms
parallel group (4 tests):  having_subquery multi_average_expression multi_working_columns multi_having_pushdown
     multi_average_expression     ... ok           40 ms
     multi_working_columns        ... ok           68 ms
     multi_having_pushdown        ... ok           75 ms
     having_subquery              ... ok           29 ms
parallel group (3 tests):  multi_array_agg multi_orderby_limit_pushdown multi_limit_clause
     multi_array_agg              ... ok           60 ms
     multi_limit_clause           ... ok          284 ms
     multi_orderby_limit_pushdown ... ok          116 ms
parallel group (9 tests):  multi_jsonb_agg multi_json_object_agg multi_json_agg multi_jsonb_object_agg bool_agg anonymous_columns ch_bench_having expression_reference_join chbenchmark_all_queries
     multi_jsonb_agg              ... ok          113 ms
     multi_jsonb_object_agg       ... ok          149 ms
     multi_json_agg               ... ok          143 ms
     multi_json_object_agg        ... ok          140 ms
     bool_agg                     ... ok          253 ms
     ch_bench_having              ... ok          420 ms
     chbenchmark_all_queries      ... ok         1330 ms
     expression_reference_join    ... ok          422 ms
     anonymous_columns            ... ok          330 ms
test ch_bench_subquery_repartition ... ok          502 ms
parallel group (3 tests):  multi_count_type_conversion multi_agg_type_conversion recursive_relation_planning_restriction_pushdown
     multi_agg_type_conversion    ... ok           34 ms
     multi_count_type_conversion  ... ok           21 ms
     recursive_relation_planning_restriction_pushdown ... ok          224 ms
parallel group (3 tests):  multi_partition_pruning unsupported_lateral_subqueries single_hash_repartition_join
     multi_partition_pruning      ... ok           45 ms
     single_hash_repartition_join ... ok          476 ms
     unsupported_lateral_subqueries ... ok           74 ms
parallel group (3 tests):  multi_join_pruning multi_hash_pruning intermediate_result_pruning
     multi_join_pruning           ... ok           34 ms
     multi_hash_pruning           ... ok          224 ms
     intermediate_result_pruning  ... ok          317 ms
parallel group (2 tests):  multi_null_minmax_value_pruning cursors
     multi_null_minmax_value_pruning ... ok           51 ms
     cursors                      ... ok          112 ms
parallel group (2 tests):  adv_lock_permission modification_correctness
     modification_correctness     ... ok          174 ms
     adv_lock_permission          ... ok          133 ms
test multi_query_directory_cleanup ... ok           66 ms
parallel group (2 tests):  multi_task_assignment_policy multi_cross_shard
     multi_task_assignment_policy ... ok           90 ms
     multi_cross_shard            ... ok          211 ms
test multi_utility_statements     ... ok          117 ms
parallel group (2 tests):  multi_dropped_column_aliases foreign_key_restriction_enforcement
     multi_dropped_column_aliases ... ok           46 ms
     foreign_key_restriction_enforcement ... ok          827 ms
test binary_protocol              ... ok           99 ms
test alter_table_set_access_method ... ok          695 ms
test alter_distributed_table      ... ok         1874 ms
parallel group (4 tests):  issue_5099 issue_6543 issue_5763 issue_5248
     issue_5248                   ... ok         1376 ms
     issue_5099                   ... ok           35 ms
     issue_5763                   ... ok          137 ms
     issue_6543                   ... ok           84 ms
test object_propagation_debug     ... ok           42 ms
test undistribute_table           ... ok          307 ms
test run_command_on_all_nodes     ... ok          386 ms
test background_task_queue_monitor ... ok        40130 ms
test clock                        ... ok          194 ms
test merge                        ... ok          956 ms
test pgmerge                      ... ok          480 ms
test ensure_no_intermediate_data_leak ... ok           31 ms
test ensure_no_shared_connection_leak ... ok          368 ms
test check_mx                     ... ok           25 ms
test generated_identity           ... ok         1762 ms
test drop_database                ... ok          694 ms

========================
 1 of 169 tests failed. 
========================

The differences that caused some tests to fail can be viewed in the
file "/home/abigalek/pgext-cli/pgextworkdir/citus-11.3.0/src/test/regress/regression.diffs".  A copy of the test summary that you see
above is saved in the file "/home/abigalek/pgext-cli/pgextworkdir/citus-11.3.0/src/test/regress/regression.out".

waiting for server to shut down.... done
server stopped
waiting for server to shut down.... done
server stopped
waiting for server to shut down.... done
server stopped
make: Leaving directory '/home/abigalek/pgext-cli/pgextworkdir/citus-11.3.0/src/test/regress'
