test alter                        ... ok         2420 ms
test alternate_users              ... ok         1697 ms
test chunk_utils                  ... ok         1878 ms
test index                        ... ok         2227 ms
test pg_dump_unprivileged         ... ok         1496 ms
test tablespace                   ... ok         1529 ms
parallel group (21 tests):  create_chunks cursor-15 ddl-15 broken_tables chunks create_hypertable ddl_extra baserel_cache create_table delete-15 custom_type drop_extension drop_hypertable cluster-15 ddl_errors chunk_adaptive agg_bookends-15 append-15 copy-15 constraint-15 drop_owned
     agg_bookends-15              ... ok        11187 ms
     append-15                    ... ok        11187 ms
     baserel_cache                ... ok        11158 ms
     broken_tables                ... ok        11158 ms
     chunk_adaptive               ... ok        11179 ms
     chunks                       ... ok        11158 ms
     cluster-15                   ... ok        11158 ms
     constraint-15                ... ok        11372 ms
     copy-15                      ... FAILED    11187 ms
     create_chunks                ... ok        11140 ms
     create_hypertable            ... ok        11157 ms
     create_table                 ... ok        11157 ms
     cursor-15                    ... ok        11143 ms
     custom_type                  ... ok        11157 ms
     ddl-15                       ... ok        11148 ms
     ddl_errors                   ... ok        11157 ms
     ddl_extra                    ... ok        11157 ms
     delete-15                    ... ok        11157 ms
     drop_extension               ... FAILED    11157 ms
     drop_hypertable              ... ok        11157 ms
     drop_owned                   ... ok        11397 ms
parallel group (21 tests):  hash null_exclusion misc partitioning histogram_test lateral parallel-15 drop_schema generated_as_identity insert_returning drop_rename_hypertable partition dump_meta extension_scripts information_views insert_single grant_hypertable license merge insert-15 insert_many
     drop_rename_hypertable       ... ok        15668 ms
     drop_schema                  ... ok        15667 ms
     dump_meta                    ... ok        15668 ms
     extension_scripts            ... ok        15668 ms
     generated_as_identity        ... ok        15667 ms
     grant_hypertable             ... ok        15705 ms
     hash                         ... ok        11132 ms
     histogram_test               ... ok        15665 ms
     information_views            ... ok        15668 ms
     insert-15                    ... ok        16388 ms
     insert_many                  ... ok        18446 ms
     insert_returning             ... ok        15667 ms
     insert_single                ... ok        15667 ms
     lateral                      ... ok        15664 ms
     license                      ... ok        15704 ms
     merge                        ... ok        15704 ms
     misc                         ... ok        15621 ms
     null_exclusion               ... ok        15618 ms
     parallel-15                  ... ok        15664 ms
     partition                    ... ok        15666 ms
     partitioning                 ... ok        15648 ms
parallel group (21 tests):  tableam size_utils sql_query partitionwise-15 query-15 reloptions plan_expand_hypertable-15 sort_optimization update-15 rowsecurity-15 plan_hypertable_inline-15 timestamp plain plan_ordered_append triggers upsert plan_hashagg-15 pg_join truncate trusted_extension relocate_extension
     partitionwise-15             ... ok        19753 ms
     pg_join                      ... ok        20425 ms
     plain                        ... ok        19829 ms
     plan_expand_hypertable-15    ... ok        19753 ms
     plan_hashagg-15              ... ok        19869 ms
     plan_hypertable_inline-15    ... ok        19826 ms
     plan_ordered_append          ... ok        19828 ms
     query-15                     ... ok        19752 ms
     relocate_extension           ... ok        20550 ms
     reloptions                   ... ok        19752 ms
     rowsecurity-15               ... ok        19753 ms
     size_utils                   ... ok        19743 ms
     sort_optimization            ... ok        19752 ms
     sql_query                    ... ok        19743 ms
     tableam                      ... ok        19730 ms
     timestamp                    ... ok        19827 ms
     triggers                     ... ok        19827 ms
     truncate                     ... ok        20494 ms
     trusted_extension            ... ok        20494 ms
     update-15                    ... ok        19752 ms
     upsert                       ... ok        19827 ms
parallel group (4 tests):  util vacuum_parallel version vacuum
     util                         ... ok         1560 ms
     vacuum                       ... ok         1592 ms
     vacuum_parallel              ... ok         1591 ms
     version                      ... ok         1592 ms
