test alter                        ... ok         2425 ms
test alternate_users              ... ok         1706 ms
test chunk_utils                  ... ok         1870 ms
test index                        ... ok         2213 ms
test pg_dump_unprivileged         ... ok         1507 ms
test tablespace                   ... ok         1518 ms
parallel group (21 tests):  ddl_extra create_hypertable cluster-15 cursor-15 agg_bookends-15 chunks custom_type ddl_errors create_chunks baserel_cache ddl-15 chunk_adaptive delete-15 drop_extension drop_hypertable broken_tables create_table append-15 copy-15 constraint-15 drop_owned
     agg_bookends-15              ... ok        11570 ms
     append-15                    ... ok        11598 ms
     baserel_cache                ... ok        11577 ms
     broken_tables                ... ok        11582 ms
     chunk_adaptive               ... ok        11579 ms
     chunks                       ... ok        11576 ms
     cluster-15                   ... ok        11567 ms
     constraint-15                ... ok        11825 ms
     copy-15                      ... ok        11617 ms
     create_chunks                ... ok        11576 ms
     create_hypertable            ... ok        11566 ms
     create_table                 ... ok        11584 ms
     cursor-15                    ... ok        11567 ms
     custom_type                  ... ok        11575 ms
     ddl-15                       ... ok        11577 ms
     ddl_errors                   ... ok        11575 ms
     ddl_extra                    ... ok        11564 ms
     delete-15                    ... ok        11579 ms
     drop_extension               ... FAILED    11579 ms
     drop_hypertable              ... ok        11579 ms
     drop_owned                   ... ok        11849 ms
parallel group (21 tests):  partitioning hash histogram_test drop_schema null_exclusion information_views license grant_hypertable insert_single dump_meta lateral extension_scripts parallel-15 drop_rename_hypertable misc merge generated_as_identity insert_returning partition insert-15 insert_many
     drop_rename_hypertable       ... ok        15321 ms
     drop_schema                  ... ok        15295 ms
     dump_meta                    ... ok        15320 ms
     extension_scripts            ... ok        15320 ms
     generated_as_identity        ... ok        15321 ms
     grant_hypertable             ... ok        15318 ms
     hash                         ... ok        15290 ms
     histogram_test               ... ok        15294 ms
     information_views            ... ok        15295 ms
     insert-15                    ... ok        15843 ms
     insert_many                  ... ok        18157 ms
     insert_returning             ... ok        15381 ms
     insert_single                ... ok        15318 ms
     lateral                      ... ok        15319 ms
     license                      ... ok        15304 ms
     merge                        ... ok        15319 ms
     misc                         ... ok        15319 ms
     null_exclusion               ... ok        15293 ms
     parallel-15                  ... ok        15318 ms
     partition                    ... ok        15380 ms
     partitioning                 ... ok        11274 ms
parallel group (21 tests):  tableam plan_hypertable_inline-15 sort_optimization triggers partitionwise-15 update-15 timestamp upsert sql_query reloptions plain plan_expand_hypertable-15 size_utils rowsecurity-15 plan_ordered_append plan_hashagg-15 query-15 pg_join truncate trusted_extension relocate_extension
     partitionwise-15             ... ok        19690 ms
     pg_join                      ... ok        19950 ms
     plain                        ... FAILED    19693 ms
     plan_expand_hypertable-15    ... ok        19706 ms
     plan_hashagg-15              ... ok        19714 ms
     plan_hypertable_inline-15    ... ok        19657 ms
     plan_ordered_append          ... ok        19714 ms
     query-15                     ... ok        19780 ms
     relocate_extension           ... ok        20894 ms
     reloptions                   ... ok        19692 ms
     rowsecurity-15               ... ok        19713 ms
     size_utils                   ... ok        19705 ms
     sort_optimization            ... ok        19667 ms
     sql_query                    ... ok        19690 ms
     tableam                      ... ok        19101 ms
     timestamp                    ... ok        19689 ms
     triggers                     ... ok        19677 ms
     truncate                     ... ok        20220 ms
     trusted_extension            ... ok        20220 ms
     update-15                    ... ok        19688 ms
     upsert                       ... ok        19689 ms
parallel group (4 tests):  version util vacuum vacuum_parallel
     util                         ... ok         1635 ms
     vacuum                       ... ok         1638 ms
     vacuum_parallel              ... ok         1638 ms
     version                      ... ok         1609 ms
