test alter                        ... ok         2485 ms
test alternate_users              ... ok         1685 ms
test chunk_utils                  ... ok         1855 ms
test index                        ... ok         2212 ms
test pg_dump_unprivileged         ... ok         1494 ms
test tablespace                   ... ok         1535 ms
parallel group (21 tests):  drop_extension cursor-15 chunks cluster-15 delete-15 baserel_cache custom_type create_table ddl_extra ddl_errors broken_tables chunk_adaptive agg_bookends-15 ddl-15 drop_hypertable create_chunks create_hypertable copy-15 append-15 constraint-15 drop_owned
     agg_bookends-15              ... ok        11289 ms
     append-15                    ... ok        11321 ms
     baserel_cache                ... ok        11278 ms
     broken_tables                ... ok        11285 ms
     chunk_adaptive               ... ok        11285 ms
     chunks                       ... ok        11274 ms
     cluster-15                   ... ok        11274 ms
     constraint-15                ... ok        11509 ms
     copy-15                      ... ok        11315 ms
     create_chunks                ... ok        11289 ms
     create_hypertable            ... ok        11291 ms
     create_table                 ... ok        11282 ms
     cursor-15                    ... ok        11269 ms
     custom_type                  ... ok        11280 ms
     ddl-15                       ... ok        11288 ms
     ddl_errors                   ... ok        11282 ms
     ddl_extra                    ... ok        11282 ms
     delete-15                    ... ok        11276 ms
     drop_extension               ... FAILED    11268 ms
     drop_hypertable              ... ok        11287 ms
     drop_owned                   ... ok        11542 ms
parallel group (21 tests):  drop_schema license partition grant_hypertable generated_as_identity histogram_test insert_single partitioning lateral dump_meta information_views drop_rename_hypertable merge insert_returning extension_scripts null_exclusion parallel-15 misc hash insert-15 insert_many
     drop_rename_hypertable       ... ok        15653 ms
     drop_schema                  ... ok        11179 ms
     dump_meta                    ... ok        15652 ms
     extension_scripts            ... ok        15656 ms
     generated_as_identity        ... ok        15636 ms
     grant_hypertable             ... ok        15617 ms
     hash                         ... ok        15708 ms
     histogram_test               ... ok        15652 ms
     information_views            ... ok        15652 ms
     insert-15                    ... ok        16202 ms
     insert_many                  ... ok        18345 ms
     insert_returning             ... ok        15654 ms
     insert_single                ... ok        15651 ms
     lateral                      ... ok        15651 ms
     license                      ... ok        15615 ms
     merge                        ... ok        15654 ms
     misc                         ... ok        15707 ms
     null_exclusion               ... ok        15707 ms
     parallel-15                  ... ok        15707 ms
     partition                    ... ok        15615 ms
     partitioning                 ... ok        15650 ms
parallel group (21 tests):  tableam timestamp plain sql_query triggers update-15 upsert partitionwise-15 query-15 plan_expand_hypertable-15 reloptions sort_optimization size_utils plan_hypertable_inline-15 plan_ordered_append plan_hashagg-15 rowsecurity-15 pg_join trusted_extension truncate relocate_extension
     partitionwise-15             ... ok        19628 ms
     pg_join                      ... ok        20280 ms
     plain                        ... ok        19628 ms
     plan_expand_hypertable-15    ... ok        19656 ms
     plan_hashagg-15              ... ok        19762 ms
     plan_hypertable_inline-15    ... ok        19762 ms
     plan_ordered_append          ... ok        19762 ms
     query-15                     ... ok        19641 ms
     relocate_extension           ... ok        20397 ms
     reloptions                   ... ok        19722 ms
     rowsecurity-15               ... ok        19762 ms
     size_utils                   ... ok        19737 ms
     sort_optimization            ... ok        19736 ms
     sql_query                    ... ok        19627 ms
     tableam                      ... ok        19605 ms
     timestamp                    ... ok        19619 ms
     triggers                     ... ok        19627 ms
     truncate                     ... ok        20369 ms
     trusted_extension            ... ok        20366 ms
     update-15                    ... ok        19626 ms
     upsert                       ... ok        19626 ms
parallel group (4 tests):  util vacuum_parallel version vacuum
     util                         ... ok         1647 ms
     vacuum                       ... ok         1675 ms
     vacuum_parallel              ... ok         1672 ms
     version                      ... ok         1675 ms
