test alter                        ... ok         2399 ms
test alternate_users              ... ok         1716 ms
test chunk_utils                  ... ok         1831 ms
test index                        ... ok         2248 ms
test pg_dump_unprivileged         ... ok         1545 ms
test tablespace                   ... ok         1554 ms
parallel group (21 tests):  drop_extension custom_type delete-15 create_hypertable agg_bookends-15 ddl_extra create_table ddl_errors cursor-15 broken_tables baserel_cache chunks cluster-15 create_chunks drop_hypertable ddl-15 append-15 chunk_adaptive copy-15 constraint-15 drop_owned
     agg_bookends-15              ... ok        11181 ms
     append-15                    ... ok        11188 ms
     baserel_cache                ... ok        11184 ms
     broken_tables                ... ok        11183 ms
     chunk_adaptive               ... ok        11197 ms
     chunks                       ... ok        11186 ms
     cluster-15                   ... ok        11186 ms
     constraint-15                ... ok        11419 ms
     copy-15                      ... ok        11197 ms
     create_chunks                ... ok        11186 ms
     create_hypertable            ... ok        11179 ms
     create_table                 ... ok        11181 ms
     cursor-15                    ... ok        11182 ms
     custom_type                  ... ok        11176 ms
     ddl-15                       ... ok        11185 ms
     ddl_errors                   ... ok        11180 ms
     ddl_extra                    ... ok        11180 ms
     delete-15                    ... ok        11178 ms
     drop_extension               ... FAILED    11174 ms
     drop_hypertable              ... ok        11185 ms
     drop_owned                   ... ok        11444 ms
parallel group (21 tests):  hash merge insert_returning information_views misc insert_single dump_meta extension_scripts drop_schema histogram_test license partitioning null_exclusion parallel-15 generated_as_identity drop_rename_hypertable grant_hypertable lateral partition insert-15 insert_many
     drop_rename_hypertable       ... ok        15708 ms
     drop_schema                  ... ok        15682 ms
     dump_meta                    ... ok        15599 ms
     extension_scripts            ... ok        15599 ms
     generated_as_identity        ... ok        15704 ms
     grant_hypertable             ... ok        15708 ms
     hash                         ... ok        10537 ms
     histogram_test               ... ok        15682 ms
     information_views            ... ok        15599 ms
     insert-15                    ... ok        16561 ms
     insert_many                  ... ok        18607 ms
     insert_returning             ... ok        15598 ms
     insert_single                ... ok        15598 ms
     lateral                      ... ok        15707 ms
     license                      ... ok        15681 ms
     merge                        ... ok        15586 ms
     misc                         ... ok        15598 ms
     null_exclusion               ... ok        15702 ms
     parallel-15                  ... ok        15702 ms
     partition                    ... ok        15707 ms
     partitioning                 ... ok        15680 ms
parallel group (21 tests):  timestamp sort_optimization sql_query query-15 reloptions update-15 triggers upsert plan_expand_hypertable-15 plan_hashagg-15 plain size_utils tableam partitionwise-15 plan_hypertable_inline-15 rowsecurity-15 plan_ordered_append pg_join trusted_extension truncate relocate_extension
     partitionwise-15             ... ok        19968 ms
     pg_join                      ... ok        20584 ms
     plain                        ... ok        19967 ms
     plan_expand_hypertable-15    ... ok        19898 ms
     plan_hashagg-15              ... ok        19898 ms
     plan_hypertable_inline-15    ... ok        19967 ms
     plan_ordered_append          ... ok        19984 ms
     query-15                     ... ok        19896 ms
     relocate_extension           ... ok        20670 ms
     reloptions                   ... ok        19895 ms
     rowsecurity-15               ... ok        19968 ms
     size_utils                   ... ok        19966 ms
     sort_optimization            ... ok        19879 ms
     sql_query                    ... ok        19895 ms
     tableam                      ... ok        19966 ms
     timestamp                    ... ok        19878 ms
     triggers                     ... ok        19895 ms
     truncate                     ... ok        20648 ms
     trusted_extension            ... ok        20644 ms
     update-15                    ... ok        19894 ms
     upsert                       ... ok        19895 ms
parallel group (4 tests):  version util vacuum vacuum_parallel
     util                         ... ok         1646 ms
     vacuum                       ... ok         1649 ms
     vacuum_parallel              ... ok         1649 ms
     version                      ... ok         1618 ms
