test init                         ... ok           35 ms
test int2                         ... ok           21 ms
test int4                         ... ok           21 ms
test int8                         ... ok           22 ms
test float4                       ... FAILED       21 ms
test float8                       ... FAILED       21 ms
test cash                         ... ok           22 ms
test oid                          ... ok           21 ms
test timestamp                    ... ok           23 ms
test timestamptz                  ... ok           24 ms
test time                         ... ok           22 ms
test timetz                       ... ok          124 ms
test date                         ... ok           21 ms
test interval                     ... ok           21 ms
test macaddr                      ... ok           21 ms
test macaddr8                     ... ok           21 ms
test inet                         ... ok           39 ms
test cidr                         ... ok           23 ms
test text                         ... ok           34 ms
test varchar                      ... ok           24 ms
test char                         ... ok           30 ms
test bytea                        ... ok           34 ms
test bit                          ... ok           20 ms
test varbit                       ... ok           28 ms
test numeric                      ... ok           51 ms
test uuid                         ... ok           21 ms
test not_equal                    ... ok           63 ms
test enum                         ... FAILED       25 ms
test bool                         ... ok           19 ms
