test alter                        ... ok         1965 ms
test alternate_users              ... ok         1395 ms
test chunk_utils                  ... ok         1540 ms
test index                        ... ok         1889 ms
test pg_dump_unprivileged         ... ok         1233 ms
test tablespace                   ... ok         1294 ms
parallel group (21 tests):  chunks create_table broken_tables delete-15 cluster-15 ddl_extra ddl_errors ddl-15 drop_hypertable create_hypertable cursor-15 baserel_cache create_chunks drop_extension agg_bookends-15 custom_type chunk_adaptive copy-15 append-15 constraint-15 drop_owned
     agg_bookends-15              ... ok         9819 ms
     append-15                    ... ok         9837 ms
     baserel_cache                ... ok         9816 ms
     broken_tables                ... ok         9805 ms
     chunk_adaptive               ... ok         9835 ms
     chunks                       ... ok         9803 ms
     cluster-15                   ... ok         9805 ms
     constraint-15                ... ok         9998 ms
     copy-15                      ... ok         9836 ms
     create_chunks                ... ok         9817 ms
     create_hypertable            ... ok         9812 ms
     create_table                 ... ok         9803 ms
     cursor-15                    ... ok         9812 ms
     custom_type                  ... ok         9818 ms
     ddl-15                       ... ok         9808 ms
     ddl_errors                   ... ok         9806 ms
     ddl_extra                    ... ok         9806 ms
     delete-15                    ... ok         9804 ms
     drop_extension               ... FAILED     9816 ms
     drop_hypertable              ... ok         9809 ms
     drop_owned                   ... ok        10014 ms
parallel group (21 tests):  partitioning license misc extension_scripts histogram_test information_views merge grant_hypertable null_exclusion lateral drop_rename_hypertable drop_schema hash parallel-15 insert_single partition insert_returning dump_meta generated_as_identity insert-15 insert_many
     drop_rename_hypertable       ... ok        12641 ms
     drop_schema                  ... ok        12641 ms
     dump_meta                    ... ok        12660 ms
     extension_scripts            ... ok        12584 ms
     generated_as_identity        ... ok        12660 ms
     grant_hypertable             ... ok        12584 ms
     hash                         ... ok        12641 ms
     histogram_test               ... ok        12584 ms
     information_views            ... ok        12584 ms
     insert-15                    ... ok        13004 ms
     insert_many                  ... ok        14876 ms
     insert_returning             ... ok        12649 ms
     insert_single                ... ok        12642 ms
     lateral                      ... ok        12640 ms
     license                      ... ok        12557 ms
     merge                        ... ok        12583 ms
     misc                         ... ok        12574 ms
     null_exclusion               ... ok        12635 ms
     parallel-15                  ... ok        12640 ms
     partition                    ... ok        12642 ms
     partitioning                 ... ok        10116 ms
parallel group (21 tests):  plain sort_optimization sql_query plan_hypertable_inline-15 upsert update-15 tableam timestamp partitionwise-15 reloptions query-15 triggers size_utils plan_ordered_append plan_expand_hypertable-15 rowsecurity-15 plan_hashagg-15 trusted_extension truncate pg_join relocate_extension
     partitionwise-15             ... ok        17150 ms
     pg_join                      ... ok        18224 ms
     plain                        ... FAILED    16073 ms
     plan_expand_hypertable-15    ... ok        17160 ms
     plan_hashagg-15              ... ok        17183 ms
     plan_hypertable_inline-15    ... ok        17145 ms
     plan_ordered_append          ... ok        17151 ms
     query-15                     ... ok        17150 ms
     relocate_extension           ... ok        18511 ms
     reloptions                   ... ok        17149 ms
     rowsecurity-15               ... ok        17159 ms
     size_utils                   ... ok        17151 ms
     sort_optimization            ... ok        17136 ms
     sql_query                    ... ok        17139 ms
     tableam                      ... ok        17146 ms
     timestamp                    ... ok        17148 ms
     triggers                     ... ok        17149 ms
     truncate                     ... ok        18042 ms
     trusted_extension            ... ok        17861 ms
     update-15                    ... ok        17146 ms
     upsert                       ... ok        17145 ms
parallel group (4 tests):  util version vacuum_parallel vacuum
     util                         ... ok         1448 ms
     vacuum                       ... ok         1486 ms
     vacuum_parallel              ... ok         1485 ms
     version                      ... ok         1479 ms
