test alter                        ... ok         2508 ms
test alternate_users              ... ok         1708 ms
test chunk_utils                  ... ok         1857 ms
test index                        ... ok         2211 ms
test pg_dump_unprivileged         ... ok         1488 ms
test tablespace                   ... ok         1516 ms
parallel group (21 tests):  baserel_cache chunk_adaptive custom_type ddl_errors ddl-15 cluster-15 agg_bookends-15 chunks cursor-15 drop_hypertable delete-15 broken_tables ddl_extra copy-15 create_table drop_extension create_chunks create_hypertable append-15 constraint-15 drop_owned
     agg_bookends-15              ... ok        10913 ms
     append-15                    ... ok        10926 ms
     baserel_cache                ... ok        10903 ms
     broken_tables                ... ok        10916 ms
     chunk_adaptive               ... ok        10906 ms
     chunks                       ... ok        10912 ms
     cluster-15                   ... ok        10912 ms
     constraint-15                ... ok        11140 ms
     copy-15                      ... ok        10916 ms
     create_chunks                ... ok        10919 ms
     create_hypertable            ... ok        10919 ms
     create_table                 ... ok        10918 ms
     cursor-15                    ... ok        10913 ms
     custom_type                  ... ok        10906 ms
     ddl-15                       ... ok        10909 ms
     ddl_errors                   ... ok        10908 ms
     ddl_extra                    ... ok        10915 ms
     delete-15                    ... ok        10915 ms
     drop_extension               ... FAILED    10918 ms
     drop_hypertable              ... ok        10913 ms
     drop_owned                   ... ok        11160 ms
parallel group (21 tests):  insert_returning hash null_exclusion partitioning information_views parallel-15 dump_meta generated_as_identity license extension_scripts drop_rename_hypertable lateral drop_schema grant_hypertable histogram_test misc partition merge insert_single insert-15 insert_many
     drop_rename_hypertable       ... ok        15458 ms
     drop_schema                  ... ok        15460 ms
     dump_meta                    ... ok        15456 ms
     extension_scripts            ... ok        15457 ms
     generated_as_identity        ... ok        15456 ms
     grant_hypertable             ... ok        15460 ms
     hash                         ... ok        15449 ms
     histogram_test               ... ok        15459 ms
     information_views            ... ok        15454 ms
     insert-15                    ... ok        16371 ms
     insert_many                  ... ok        18296 ms
     insert_returning             ... ok        11098 ms
     insert_single                ... ok        15532 ms
     lateral                      ... ok        15457 ms
     license                      ... ok        15455 ms
     merge                        ... ok        15518 ms
     misc                         ... ok        15458 ms
     null_exclusion               ... ok        15453 ms
     parallel-15                  ... ok        15454 ms
     partition                    ... ok        15458 ms
     partitioning                 ... ok        15453 ms
parallel group (21 tests):  triggers plan_hypertable_inline-15 tableam size_utils query-15 plan_ordered_append plan_expand_hypertable-15 sort_optimization upsert update-15 plain partitionwise-15 reloptions sql_query timestamp rowsecurity-15 plan_hashagg-15 pg_join trusted_extension truncate relocate_extension
     partitionwise-15             ... ok        20097 ms
     pg_join                      ... ok        20301 ms
     plain                        ... ok        20097 ms
     plan_expand_hypertable-15    ... ok        20005 ms
     plan_hashagg-15              ... ok        20124 ms
     plan_hypertable_inline-15    ... ok        19980 ms
     plan_ordered_append          ... ok        20005 ms
     query-15                     ... ok        20004 ms
     relocate_extension           ... ok        20331 ms
     reloptions                   ... ok        20098 ms
     rowsecurity-15               ... ok        20098 ms
     size_utils                   ... ok        19994 ms
     sort_optimization            ... ok        20096 ms
     sql_query                    ... ok        20098 ms
     tableam                      ... ok        19994 ms
     timestamp                    ... ok        20098 ms
     triggers                     ... ok        19977 ms
     truncate                     ... ok        20327 ms
     trusted_extension            ... ok        20323 ms
     update-15                    ... ok        20095 ms
     upsert                       ... ok        20095 ms
parallel group (4 tests):  util version vacuum_parallel vacuum
     util                         ... ok         1669 ms
     vacuum                       ... ok         1698 ms
     vacuum_parallel              ... ok         1698 ms
     version                      ... ok         1694 ms
