test alter                        ... ok         2507 ms
test alternate_users              ... ok         1720 ms
test chunk_utils                  ... ok         1868 ms
test index                        ... ok         2254 ms
test pg_dump_unprivileged         ... ok         1525 ms
test tablespace                   ... ok         1542 ms
parallel group (21 tests):  baserel_cache agg_bookends-15 broken_tables chunk_adaptive cursor-15 custom_type delete-15 cluster-15 create_table ddl-15 create_chunks chunks drop_hypertable ddl_extra drop_extension ddl_errors create_hypertable append-15 copy-15 constraint-15 drop_owned
     agg_bookends-15              ... ok        12132 ms
     append-15                    ... ok        12176 ms
     baserel_cache                ... ok        12125 ms
     broken_tables                ... ok        12146 ms
     chunk_adaptive               ... ok        12146 ms
     chunks                       ... ok        12147 ms
     cluster-15                   ... ok        12146 ms
     constraint-15                ... ok        12384 ms
     copy-15                      ... ok        12176 ms
     create_chunks                ... ok        12147 ms
     create_hypertable            ... ok        12175 ms
     create_table                 ... ok        12147 ms
     cursor-15                    ... ok        12145 ms
     custom_type                  ... ok        12145 ms
     ddl-15                       ... ok        12146 ms
     ddl_errors                   ... ok        12166 ms
     ddl_extra                    ... ok        12147 ms
     delete-15                    ... ok        12145 ms
     drop_extension               ... FAILED    12147 ms
     drop_hypertable              ... ok        12147 ms
     drop_owned                   ... ok        12408 ms
parallel group (21 tests):  insert_returning hash drop_rename_hypertable generated_as_identity extension_scripts misc partition drop_schema null_exclusion histogram_test merge grant_hypertable partitioning dump_meta license lateral information_views insert_single parallel-15 insert-15 insert_many
     drop_rename_hypertable       ... ok        15424 ms
     drop_schema                  ... ok        15425 ms
     dump_meta                    ... ok        15428 ms
     extension_scripts            ... ok        15424 ms
     generated_as_identity        ... ok        15424 ms
     grant_hypertable             ... ok        15425 ms
     hash                         ... ok        15417 ms
     histogram_test               ... ok        15424 ms
     information_views            ... ok        15493 ms
     insert-15                    ... ok        16053 ms
     insert_many                  ... ok        18232 ms
     insert_returning             ... ok        11120 ms
     insert_single                ... ok        15492 ms
     lateral                      ... ok        15438 ms
     license                      ... ok        15426 ms
     merge                        ... ok        15424 ms
     misc                         ... ok        15423 ms
     null_exclusion               ... ok        15423 ms
     parallel-15                  ... ok        15492 ms
     partition                    ... ok        15422 ms
     partitioning                 ... ok        15423 ms
parallel group (21 tests):  tableam reloptions partitionwise-15 plain timestamp sql_query size_utils query-15 triggers plan_hashagg-15 rowsecurity-15 update-15 sort_optimization plan_hypertable_inline-15 plan_ordered_append upsert plan_expand_hypertable-15 pg_join truncate relocate_extension trusted_extension
     partitionwise-15             ... ok        20432 ms
     pg_join                      ... ok        20769 ms
     plain                        ... FAILED    20432 ms
     plan_expand_hypertable-15    ... ok        20569 ms
     plan_hashagg-15              ... ok        20466 ms
     plan_hypertable_inline-15    ... ok        20544 ms
     plan_ordered_append          ... ok        20567 ms
     query-15                     ... ok        20460 ms
     relocate_extension           ... ok        20787 ms
     reloptions                   ... ok        20422 ms
     rowsecurity-15               ... ok        20465 ms
     size_utils                   ... ok        20459 ms
     sort_optimization            ... ok        20543 ms
     sql_query                    ... ok        20459 ms
     tableam                      ... ok        20422 ms
     timestamp                    ... ok        20430 ms
     triggers                     ... ok        20459 ms
     truncate                     ... ok        20783 ms
     trusted_extension            ... ok        20786 ms
     update-15                    ... ok        20543 ms
     upsert                       ... ok        20566 ms
parallel group (4 tests):  util vacuum vacuum_parallel version
     util                         ... ok         1592 ms
     vacuum                       ... ok         1620 ms
     vacuum_parallel              ... ok         1623 ms
     version                      ... ok         1623 ms
