test alter                        ... ok         1133 ms
test alternate_users              ... ok          832 ms
test chunk_utils                  ... ok          872 ms
test index                        ... ok         1006 ms
test pg_dump_unprivileged         ... ok          777 ms
test tablespace                   ... ok          741 ms
parallel group (21 tests):  custom_type chunks cursor-15 baserel_cache broken_tables ddl-15 delete-15 agg_bookends-15 ddl_errors drop_hypertable create_hypertable create_table chunk_adaptive drop_extension cluster-15 create_chunks ddl_extra copy-15 constraint-15 drop_owned append-15
     agg_bookends-15              ... ok         4958 ms
     append-15                    ... ok         6882 ms
     baserel_cache                ... ok         4952 ms
     broken_tables                ... ok         4954 ms
     chunk_adaptive               ... ok         4963 ms
     chunks                       ... ok         4951 ms
     cluster-15                   ... ok         4970 ms
     constraint-15                ... ok         5068 ms
     copy-15                      ... ok         4985 ms
     create_chunks                ... ok         4970 ms
     create_hypertable            ... ok         4958 ms
     create_table                 ... ok         4959 ms
     cursor-15                    ... ok         4950 ms
     custom_type                  ... ok         4949 ms
     ddl-15                       ... ok         4954 ms
     ddl_errors                   ... ok         4958 ms
     ddl_extra                    ... ok         4969 ms
     delete-15                    ... ok         4954 ms
     drop_extension               ... FAILED     4966 ms
     drop_hypertable              ... ok         4957 ms
     drop_owned                   ... ok         5075 ms
parallel group (21 tests):  hash partitioning lateral merge dump_meta partition grant_hypertable insert_single misc histogram_test information_views insert_returning generated_as_identity license drop_schema null_exclusion drop_rename_hypertable parallel-15 extension_scripts insert-15 insert_many
     drop_rename_hypertable       ... ok         6366 ms
     drop_schema                  ... ok         6365 ms
     dump_meta                    ... ok         6323 ms
     extension_scripts            ... ok         6377 ms
     generated_as_identity        ... ok         6341 ms
     grant_hypertable             ... ok         6325 ms
     hash                         ... ok         5054 ms
     histogram_test               ... ok         6333 ms
     information_views            ... ok         6334 ms
     insert-15                    ... ok         6527 ms
     insert_many                  ... ok         7521 ms
     insert_returning             ... ok         6334 ms
     insert_single                ... ok         6328 ms
     lateral                      ... ok         6319 ms
     license                      ... ok         6364 ms
     merge                        ... ok         6321 ms
     misc                         ... ok         6328 ms
     null_exclusion               ... ok         6364 ms
     parallel-15                  ... ok         6368 ms
     partition                    ... ok         6323 ms
     partitioning                 ... ok         6315 ms
parallel group (21 tests):  plan_hypertable_inline-15 triggers tableam sql_query plain update-15 query-15 rowsecurity-15 size_utils upsert partitionwise-15 plan_expand_hypertable-15 reloptions sort_optimization timestamp plan_ordered_append truncate trusted_extension relocate_extension plan_hashagg-15 pg_join
     partitionwise-15             ... ok         7419 ms
     pg_join                      ... ok         9905 ms
     plain                        ... ok         7409 ms
     plan_expand_hypertable-15    ... ok         7422 ms
     plan_hashagg-15              ... ok         9029 ms
     plan_hypertable_inline-15    ... ok         6867 ms
     plan_ordered_append          ... ok         7610 ms
     query-15                     ... ok         7412 ms
     relocate_extension           ... ok         8111 ms
     reloptions                   ... ok         7452 ms
     rowsecurity-15               ... ok         7412 ms
     size_utils                   ... ok         7413 ms
     sort_optimization            ... ok         7459 ms
     sql_query                    ... ok         7408 ms
     tableam                      ... ok         7408 ms
     timestamp                    ... ok         7459 ms
     triggers                     ... ok         7404 ms
     truncate                     ... ok         7855 ms
     trusted_extension            ... ok         7855 ms
     update-15                    ... ok         7408 ms
     upsert                       ... ok         7413 ms
parallel group (4 tests):  version util vacuum_parallel vacuum
     util                         ... ok          710 ms
     vacuum                       ... ok          713 ms
     vacuum_parallel              ... ok          712 ms
     version                      ... ok          701 ms
