test alter                        ... ok         1149 ms
test alternate_users              ... ok          824 ms
test chunk_utils                  ... ok          855 ms
test index                        ... ok         1049 ms
test pg_dump_unprivileged         ... ok          776 ms
test tablespace                   ... ok          745 ms
parallel group (21 tests):  custom_type create_table create_hypertable ddl_extra baserel_cache drop_hypertable agg_bookends-15 ddl_errors delete-15 cursor-15 chunk_adaptive chunks cluster-15 ddl-15 broken_tables create_chunks drop_extension copy-15 constraint-15 drop_owned append-15
     agg_bookends-15              ... ok         5229 ms
     append-15                    ... ok         6730 ms
     baserel_cache                ... ok         5225 ms
     broken_tables                ... ok         5238 ms
     chunk_adaptive               ... ok         5235 ms
     chunks                       ... ok         5234 ms
     cluster-15                   ... ok         5234 ms
     constraint-15                ... ok         5336 ms
     copy-15                      ... ok         5248 ms
     create_chunks                ... ok         5238 ms
     create_hypertable            ... ok         5210 ms
     create_table                 ... ok         5209 ms
     cursor-15                    ... ok         5232 ms
     custom_type                  ... ok         5206 ms
     ddl-15                       ... ok         5233 ms
     ddl_errors                   ... ok         5231 ms
     ddl_extra                    ... ok         5212 ms
     delete-15                    ... ok         5231 ms
     drop_extension               ... FAILED     5238 ms
     drop_hypertable              ... ok         5223 ms
     drop_owned                   ... ok         5350 ms
parallel group (21 tests):  partitioning hash histogram_test generated_as_identity null_exclusion partition insert_returning lateral merge misc drop_schema information_views dump_meta extension_scripts parallel-15 license insert_single drop_rename_hypertable grant_hypertable insert-15 insert_many
     drop_rename_hypertable       ... ok         6325 ms
     drop_schema                  ... ok         6288 ms
     dump_meta                    ... ok         6289 ms
     extension_scripts            ... ok         6289 ms
     generated_as_identity        ... ok         6274 ms
     grant_hypertable             ... ok         6324 ms
     hash                         ... ok         6263 ms
     histogram_test               ... ok         6273 ms
     information_views            ... ok         6288 ms
     insert-15                    ... ok         6482 ms
     insert_many                  ... ok         7558 ms
     insert_returning             ... ok         6276 ms
     insert_single                ... ok         6318 ms
     lateral                      ... ok         6278 ms
     license                      ... ok         6311 ms
     merge                        ... ok         6279 ms
     misc                         ... ok         6282 ms
     null_exclusion               ... ok         6273 ms
     parallel-15                  ... ok         6311 ms
     partition                    ... ok         6275 ms
     partitioning                 ... ok         4886 ms
parallel group (21 tests):  reloptions sort_optimization update-15 triggers plan_hypertable_inline-15 plain partitionwise-15 sql_query upsert tableam size_utils timestamp query-15 plan_expand_hypertable-15 rowsecurity-15 plan_ordered_append relocate_extension trusted_extension truncate plan_hashagg-15 pg_join
     partitionwise-15             ... ok         7865 ms
     pg_join                      ... ok        10005 ms
     plain                        ... ok         7864 ms
     plan_expand_hypertable-15    ... ok         7889 ms
     plan_hashagg-15              ... ok         9075 ms
     plan_hypertable_inline-15    ... ok         7864 ms
     plan_ordered_append          ... ok         7900 ms
     query-15                     ... ok         7880 ms
     relocate_extension           ... ok         8017 ms
     reloptions                   ... ok         7854 ms
     rowsecurity-15               ... ok         7895 ms
     size_utils                   ... ok         7874 ms
     sort_optimization            ... ok         7856 ms
     sql_query                    ... ok         7865 ms
     tableam                      ... ok         7872 ms
     timestamp                    ... ok         7874 ms
     triggers                     ... ok         7860 ms
     truncate                     ... ok         8036 ms
     trusted_extension            ... ok         8035 ms
     update-15                    ... ok         7858 ms
     upsert                       ... ok         7865 ms
parallel group (4 tests):  util vacuum version vacuum_parallel
     util                         ... ok          747 ms
     vacuum                       ... ok          757 ms
     vacuum_parallel              ... ok          759 ms
     version                      ... ok          758 ms
