test init                         ... FAILED       45 ms
test int2                         ... ok           29 ms
test int4                         ... ok           30 ms
test int8                         ... ok           30 ms
test float4                       ... ok           31 ms
test float8                       ... ok           45 ms
test cash                         ... ok           50 ms
test oid                          ... ok           42 ms
test timestamp                    ... ok           45 ms
test timestamptz                  ... ok           69 ms
test time                         ... ok           32 ms
test timetz                       ... ok          182 ms
test date                         ... ok           50 ms
test interval                     ... ok           53 ms
test macaddr                      ... ok           51 ms
test macaddr8                     ... ok           49 ms
test inet                         ... ok           83 ms
test cidr                         ... ok           53 ms
test text                         ... ok           80 ms
test varchar                      ... ok           38 ms
test char                         ... ok           40 ms
test bytea                        ... ok           74 ms
test bit                          ... ok           56 ms
test varbit                       ... ok           62 ms
test numeric                      ... ok          100 ms
test uuid                         ... ok           37 ms
test not_equal                    ... ok          110 ms
test enum                         ... ok           47 ms
test bool                         ... ok           39 ms
