test alter                        ... ok         1175 ms
test alternate_users              ... ok          834 ms
test chunk_utils                  ... ok          864 ms
test index                        ... ok         1011 ms
test pg_dump_unprivileged         ... ok          791 ms
test tablespace                   ... ok          736 ms
parallel group (21 tests):  create_table broken_tables cursor-15 drop_hypertable custom_type delete-15 baserel_cache drop_extension ddl_extra ddl_errors create_chunks chunks cluster-15 agg_bookends-15 ddl-15 create_hypertable chunk_adaptive copy-15 constraint-15 drop_owned append-15
     agg_bookends-15              ... ok         5061 ms
     append-15                    ... ok         6942 ms
     baserel_cache                ... ok         5056 ms
     broken_tables                ... ok         5046 ms
     chunk_adaptive               ... ok         5063 ms
     chunks                       ... ok         5060 ms
     cluster-15                   ... ok         5060 ms
     constraint-15                ... ok         5168 ms
     copy-15                      ... ok         5078 ms
     create_chunks                ... ok         5059 ms
     create_hypertable            ... ok         5061 ms
     create_table                 ... ok         5041 ms
     cursor-15                    ... ok         5045 ms
     custom_type                  ... ok         5046 ms
     ddl-15                       ... ok         5059 ms
     ddl_errors                   ... ok         5057 ms
     ddl_extra                    ... ok         5056 ms
     delete-15                    ... ok         5046 ms
     drop_extension               ... FAILED     5055 ms
     drop_hypertable              ... FAILED     5045 ms
     drop_owned                   ... ok         5176 ms
parallel group (21 tests):  license hash drop_rename_hypertable grant_hypertable histogram_test misc null_exclusion insert_single merge partitioning lateral information_views generated_as_identity extension_scripts parallel-15 partition dump_meta drop_schema insert_returning insert-15 insert_many
     drop_rename_hypertable       ... ok         6317 ms
     drop_schema                  ... ok         6354 ms
     dump_meta                    ... ok         6336 ms
     extension_scripts            ... ok         6335 ms
     generated_as_identity        ... ok         6329 ms
     grant_hypertable             ... ok         6317 ms
     hash                         ... ok         6311 ms
     histogram_test               ... ok         6321 ms
     information_views            ... ok         6323 ms
     insert-15                    ... ok         6489 ms
     insert_many                  ... ok         7586 ms
     insert_returning             ... ok         6353 ms
     insert_single                ... ok         6321 ms
     lateral                      ... ok         6323 ms
     license                      ... ok         5162 ms
     merge                        ... ok         6321 ms
     misc                         ... ok         6320 ms
     null_exclusion               ... ok         6320 ms
     parallel-15                  ... ok         6334 ms
     partition                    ... ok         6334 ms
     partitioning                 ... ok         6322 ms
parallel group (21 tests):  sort_optimization timestamp partitionwise-15 reloptions plan_hypertable_inline-15 tableam upsert triggers sql_query plain query-15 size_utils rowsecurity-15 update-15 plan_expand_hypertable-15 plan_ordered_append trusted_extension truncate relocate_extension plan_hashagg-15 pg_join
     partitionwise-15             ... ok         7766 ms
     pg_join                      ... ok         9907 ms
     plain                        ... FAILED     7782 ms
     plan_expand_hypertable-15    ... ok         7796 ms
     plan_hashagg-15              ... ok         9035 ms
     plan_hypertable_inline-15    ... ok         7775 ms
     plan_ordered_append          ... ok         7806 ms
     query-15                     ... ok         7782 ms
     relocate_extension           ... ok         8447 ms
     reloptions                   ... ok         7766 ms
     rowsecurity-15               ... ok         7784 ms
     size_utils                   ... ok         7783 ms
     sort_optimization            ... ok         7149 ms
     sql_query                    ... ok         7780 ms
     tableam                      ... ok         7774 ms
     timestamp                    ... ok         7763 ms
     triggers                     ... ok         7778 ms
     truncate                     ... ok         8055 ms
     trusted_extension            ... ok         7975 ms
     update-15                    ... ok         7783 ms
     upsert                       ... ok         7776 ms
parallel group (4 tests):  version util vacuum_parallel vacuum
     util                         ... ok          735 ms
     vacuum                       ... ok          737 ms
     vacuum_parallel              ... ok          737 ms
     version                      ... ok          720 ms
