test alter                        ... ok         2248 ms
test alternate_users              ... ok         1480 ms
test chunk_utils                  ... ok         1690 ms
test index                        ... ok         2046 ms
test pg_dump_unprivileged         ... ok         1380 ms
test tablespace                   ... ok         1371 ms
parallel group (21 tests):  custom_type create_table baserel_cache create_hypertable drop_hypertable broken_tables chunks create_chunks delete-15 ddl-15 ddl_errors ddl_extra cluster-15 agg_bookends-15 cursor-15 chunk_adaptive drop_extension copy-15 append-15 constraint-15 drop_owned
     agg_bookends-15              ... ok        10778 ms
     append-15                    ... ok        10823 ms
     baserel_cache                ... ok        10770 ms
     broken_tables                ... ok        10773 ms
     chunk_adaptive               ... ok        10781 ms
     chunks                       ... ok        10774 ms
     cluster-15                   ... ok        10775 ms
     constraint-15                ... ok        10995 ms
     copy-15                      ... ok        10800 ms
     create_chunks                ... ok        10774 ms
     create_hypertable            ... ok        10769 ms
     create_table                 ... ok        10768 ms
     cursor-15                    ... ok        10777 ms
     custom_type                  ... ok        10768 ms
     ddl-15                       ... ok        10774 ms
     ddl_errors                   ... ok        10774 ms
     ddl_extra                    ... ok        10774 ms
     delete-15                    ... ok        10773 ms
     drop_extension               ... FAILED    10780 ms
     drop_hypertable              ... ok        10770 ms
     drop_owned                   ... ok        11015 ms
parallel group (21 tests):  generated_as_identity hash license partitioning drop_rename_hypertable information_views insert_returning misc dump_meta drop_schema histogram_test partition parallel-15 insert_single extension_scripts grant_hypertable lateral merge null_exclusion insert-15 insert_many
     drop_rename_hypertable       ... ok        14700 ms
     drop_schema                  ... ok        14701 ms
     dump_meta                    ... ok        14700 ms
     extension_scripts            ... ok        14704 ms
     generated_as_identity        ... ok        10343 ms
     grant_hypertable             ... ok        14758 ms
     hash                         ... ok        14670 ms
     histogram_test               ... ok        14704 ms
     information_views            ... ok        14700 ms
     insert-15                    ... ok        15471 ms
     insert_many                  ... ok        17380 ms
     insert_returning             ... ok        14699 ms
     insert_single                ... ok        14703 ms
     lateral                      ... ok        14757 ms
     license                      ... ok        14686 ms
     merge                        ... ok        14757 ms
     misc                         ... ok        14699 ms
     null_exclusion               ... ok        14757 ms
     parallel-15                  ... ok        14702 ms
     partition                    ... ok        14702 ms
     partitioning                 ... ok        14686 ms
parallel group (21 tests):  sort_optimization size_utils query-15 tableam triggers upsert plan_expand_hypertable-15 plan_ordered_append plan_hashagg-15 update-15 partitionwise-15 reloptions sql_query plain plan_hypertable_inline-15 timestamp rowsecurity-15 pg_join truncate trusted_extension relocate_extension
     partitionwise-15             ... ok        19261 ms
     pg_join                      ... ok        19922 ms
     plain                        ... FAILED    19262 ms
     plan_expand_hypertable-15    ... ok        19182 ms
     plan_hashagg-15              ... ok        19198 ms
     plan_hypertable_inline-15    ... ok        19262 ms
     plan_ordered_append          ... ok        19192 ms
     query-15                     ... ok        19174 ms
     relocate_extension           ... ok        20010 ms
     reloptions                   ... ok        19261 ms
     rowsecurity-15               ... ok        19272 ms
     size_utils                   ... ok        19173 ms
     sort_optimization            ... ok        19161 ms
     sql_query                    ... ok        19260 ms
     tableam                      ... ok        19173 ms
     timestamp                    ... ok        19261 ms
     triggers                     ... ok        19173 ms
     truncate                     ... ok        19981 ms
     trusted_extension            ... ok        19984 ms
     update-15                    ... ok        19259 ms
     upsert                       ... ok        19172 ms
parallel group (4 tests):  version util vacuum_parallel vacuum
     util                         ... ok         1549 ms
     vacuum                       ... ok         1552 ms
     vacuum_parallel              ... ok         1552 ms
     version                      ... ok         1525 ms
