test init                         ... ok           36 ms
test int2                         ... ok           19 ms
test int4                         ... ok           18 ms
test int8                         ... ok           17 ms
test float4                       ... FAILED       34 ms
test float8                       ... FAILED       48 ms
test cash                         ... ok           33 ms
test oid                          ... ok           36 ms
test timestamp                    ... ok           38 ms
test timestamptz                  ... ok           68 ms
test time                         ... ok           31 ms
test timetz                       ... ok          143 ms
test date                         ... ok           50 ms
test interval                     ... ok           51 ms
test macaddr                      ... ok           50 ms
test macaddr8                     ... ok           48 ms
test inet                         ... ok           79 ms
test cidr                         ... ok           55 ms
test text                         ... ok           49 ms
test varchar                      ... ok           29 ms
test char                         ... ok           46 ms
test bytea                        ... ok           39 ms
test bit                          ... ok           27 ms
test varbit                       ... ok           48 ms
test numeric                      ... ok           89 ms
test uuid                         ... ok           25 ms
test not_equal                    ... ok           78 ms
test enum                         ... ok           55 ms
test bool                         ... ok           42 ms
