test alter                        ... ok         2238 ms
test alternate_users              ... ok         1616 ms
test chunk_utils                  ... ok         1732 ms
test index                        ... FAILED     2084 ms
test pg_dump_unprivileged         ... ok         1374 ms
test tablespace                   ... ok         1456 ms
parallel group (21 tests):  create_table custom_type drop_hypertable agg_bookends-15 ddl_extra delete-15 broken_tables baserel_cache cursor-15 create_chunks ddl_errors drop_extension ddl-15 append-15 chunks cluster-15 create_hypertable chunk_adaptive copy-15 constraint-15 drop_owned
     agg_bookends-15              ... ok        10802 ms
     append-15                    ... ok        10808 ms
     baserel_cache                ... ok        10804 ms
     broken_tables                ... ok        10803 ms
     chunk_adaptive               ... ok        10824 ms
     chunks                       ... ok        10807 ms
     cluster-15                   ... ok        10809 ms
     constraint-15                ... ok        11027 ms
     copy-15                      ... ok        10834 ms
     create_chunks                ... ok        10804 ms
     create_hypertable            ... ok        10816 ms
     create_table                 ... ok        10790 ms
     cursor-15                    ... ok        10804 ms
     custom_type                  ... ok        10797 ms
     ddl-15                       ... ok        10806 ms
     ddl_errors                   ... ok        10804 ms
     ddl_extra                    ... ok        10801 ms
     delete-15                    ... ok        10801 ms
     drop_extension               ... FAILED    10806 ms
     drop_hypertable              ... FAILED    10799 ms
     drop_owned                   ... ok        11047 ms
parallel group (21 tests):  null_exclusion insert_returning dump_meta generated_as_identity grant_hypertable information_views license misc partitioning extension_scripts histogram_test merge drop_schema insert_single parallel-15 drop_rename_hypertable hash lateral partition insert-15 insert_many
     drop_rename_hypertable       ... ok        14757 ms
     drop_schema                  ... ok        14707 ms
     dump_meta                    ... ok        14691 ms
     extension_scripts            ... ok        14705 ms
     generated_as_identity        ... ok        14703 ms
     grant_hypertable             ... ok        14704 ms
     hash                         ... ok        14756 ms
     histogram_test               ... ok        14705 ms
     information_views            ... ok        14703 ms
     insert-15                    ... ok        15113 ms
     insert_many                  ... FAILED    16975 ms
     insert_returning             ... ok        14672 ms
     insert_single                ... ok        14706 ms
     lateral                      ... ok        14756 ms
     license                      ... ok        14703 ms
     merge                        ... ok        14704 ms
     misc                         ... ok        14702 ms
     null_exclusion               ... ok        11379 ms
     parallel-15                  ... ok        14705 ms
     partition                    ... FAILED    14755 ms
     partitioning                 ... ok        14702 ms
parallel group (21 tests):  reloptions plan_hypertable_inline-15 plain plan_expand_hypertable-15 sql_query update-15 tableam upsert triggers size_utils timestamp sort_optimization partitionwise-15 rowsecurity-15 plan_hashagg-15 query-15 plan_ordered_append pg_join trusted_extension relocate_extension truncate
     partitionwise-15             ... FAILED    19249 ms
     pg_join                      ... ok        19507 ms
     plain                        ... ok        19228 ms
     plan_expand_hypertable-15    ... ok        19244 ms
     plan_hashagg-15              ... ok        19249 ms
     plan_hypertable_inline-15    ... ok        19213 ms
     plan_ordered_append          ... ok        19249 ms
     query-15                     ... ok        19249 ms
     relocate_extension           ... ok        19521 ms
     reloptions                   ... ok        19204 ms
     rowsecurity-15               ... ok        19248 ms
     size_utils                   ... ok        19247 ms
     sort_optimization            ... ok        19247 ms
     sql_query                    ... FAILED    19243 ms
     tableam                      ... ok        19243 ms
     timestamp                    ... ok        19247 ms
     triggers                     ... ok        19245 ms
     truncate                     ... ok        19520 ms
     trusted_extension            ... ok        19517 ms
     update-15                    ... ok        19242 ms
     upsert                       ... ok        19244 ms
parallel group (4 tests):  util version vacuum vacuum_parallel
     util                         ... ok         1545 ms
     vacuum                       ... ok         1572 ms
     vacuum_parallel              ... ok         1572 ms
     version                      ... ok         1568 ms
