test alter                        ... ok         1093 ms
test alternate_users              ... ok          796 ms
test chunk_utils                  ... ok          873 ms
test index                        ... ok          989 ms
test pg_dump_unprivileged         ... ok          771 ms
test tablespace                   ... ok          726 ms
parallel group (21 tests):  custom_type ddl_errors ddl_extra baserel_cache cursor-15 broken_tables chunks ddl-15 create_table drop_extension create_hypertable drop_hypertable agg_bookends-15 delete-15 create_chunks cluster-15 chunk_adaptive copy-15 constraint-15 drop_owned append-15
     agg_bookends-15              ... ok         5033 ms
     append-15                    ... ok         6395 ms
     baserel_cache                ... ok         5028 ms
     broken_tables                ... ok         5029 ms
     chunk_adaptive               ... ok         5036 ms
     chunks                       ... ok         5029 ms
     cluster-15                   ... ok         5035 ms
     constraint-15                ... ok         5105 ms
     copy-15                      ... ok         5049 ms
     create_chunks                ... ok         5033 ms
     create_hypertable            ... ok         5030 ms
     create_table                 ... ok         5028 ms
     cursor-15                    ... ok         5028 ms
     custom_type                  ... ok         5025 ms
     ddl-15                       ... ok         5028 ms
     ddl_errors                   ... ok         5025 ms
     ddl_extra                    ... ok         5026 ms
     delete-15                    ... ok         5032 ms
     drop_extension               ... FAILED     5028 ms
     drop_hypertable              ... ok         5031 ms
     drop_owned                   ... ok         5135 ms
parallel group (21 tests):  null_exclusion merge partitioning misc grant_hypertable lateral drop_rename_hypertable information_views insert_returning drop_schema dump_meta hash parallel-15 generated_as_identity histogram_test license insert_single partition extension_scripts insert-15 insert_many
     drop_rename_hypertable       ... ok         5956 ms
     drop_schema                  ... ok         5961 ms
     dump_meta                    ... ok         5961 ms
     extension_scripts            ... ok         5964 ms
     generated_as_identity        ... ok         5962 ms
     grant_hypertable             ... ok         5933 ms
     hash                         ... ok         5961 ms
     histogram_test               ... ok         5961 ms
     information_views            ... ok         5959 ms
     insert-15                    ... ok         6122 ms
     insert_many                  ... ok         7171 ms
     insert_returning             ... ok         5960 ms
     insert_single                ... ok         5962 ms
     lateral                      ... ok         5937 ms
     license                      ... ok         5961 ms
     merge                        ... ok         5925 ms
     misc                         ... ok         5931 ms
     null_exclusion               ... ok         4573 ms
     parallel-15                  ... ok         5960 ms
     partition                    ... ok         5962 ms
     partitioning                 ... ok         5926 ms
parallel group (21 tests):  sort_optimization reloptions partitionwise-15 tableam size_utils upsert triggers timestamp update-15 plan_hypertable_inline-15 query-15 sql_query plain rowsecurity-15 plan_expand_hypertable-15 plan_ordered_append truncate trusted_extension relocate_extension plan_hashagg-15 pg_join
     partitionwise-15             ... ok         7368 ms
     pg_join                      ... ok         9455 ms
     plain                        ... ok         7385 ms
     plan_expand_hypertable-15    ... ok         7405 ms
     plan_hashagg-15              ... ok         8770 ms
     plan_hypertable_inline-15    ... ok         7379 ms
     plan_ordered_append          ... ok         7406 ms
     query-15                     ... ok         7382 ms
     relocate_extension           ... ok         8052 ms
     reloptions                   ... ok         7366 ms
     rowsecurity-15               ... ok         7389 ms
     size_utils                   ... ok         7370 ms
     sort_optimization            ... ok         6826 ms
     sql_query                    ... ok         7382 ms
     tableam                      ... ok         7369 ms
     timestamp                    ... ok         7375 ms
     triggers                     ... ok         7371 ms
     truncate                     ... ok         7597 ms
     trusted_extension            ... ok         7722 ms
     update-15                    ... ok         7375 ms
     upsert                       ... ok         7369 ms
parallel group (4 tests):  version util vacuum_parallel vacuum
     util                         ... ok          657 ms
     vacuum                       ... ok          660 ms
     vacuum_parallel              ... ok          659 ms
     version                      ... ok          651 ms
