test alter                        ... ok         1080 ms
test alternate_users              ... ok          808 ms
test chunk_utils                  ... ok          878 ms
test index                        ... ok         1002 ms
test pg_dump_unprivileged         ... ok          758 ms
test tablespace                   ... ok          720 ms
parallel group (21 tests):  cursor-15 ddl-15 cluster-15 broken_tables drop_hypertable baserel_cache create_hypertable ddl_errors custom_type drop_extension ddl_extra create_table copy-15 delete-15 agg_bookends-15 chunks create_chunks chunk_adaptive constraint-15 drop_owned append-15
     agg_bookends-15              ... ok         5165 ms
     append-15                    ... ok         6490 ms
     baserel_cache                ... ok         5150 ms
     broken_tables                ... ok         5149 ms
     chunk_adaptive               ... ok         5179 ms
     chunks                       ... ok         5165 ms
     cluster-15                   ... ok         5147 ms
     constraint-15                ... ok         5262 ms
     copy-15                      ... ok         5159 ms
     create_chunks                ... ok         5169 ms
     create_hypertable            ... ok         5151 ms
     create_table                 ... ok         5156 ms
     cursor-15                    ... ok         5138 ms
     custom_type                  ... ok         5154 ms
     ddl-15                       ... ok         5143 ms
     ddl_errors                   ... ok         5153 ms
     ddl_extra                    ... ok         5154 ms
     delete-15                    ... ok         5158 ms
     drop_extension               ... FAILED     5154 ms
     drop_hypertable              ... ok         5148 ms
     drop_owned                   ... ok         5270 ms
parallel group (21 tests):  generated_as_identity partitioning null_exclusion misc histogram_test insert_returning lateral grant_hypertable dump_meta insert_single merge extension_scripts hash drop_rename_hypertable drop_schema information_views parallel-15 license partition insert-15 insert_many
     drop_rename_hypertable       ... ok         5920 ms
     drop_schema                  ... ok         5920 ms
     dump_meta                    ... ok         5915 ms
     extension_scripts            ... ok         5915 ms
     generated_as_identity        ... ok         4651 ms
     grant_hypertable             ... ok         5914 ms
     hash                         ... ok         5916 ms
     histogram_test               ... ok         5911 ms
     information_views            ... ok         5919 ms
     insert-15                    ... ok         6153 ms
     insert_many                  ... ok         7324 ms
     insert_returning             ... ok         5910 ms
     insert_single                ... ok         5913 ms
     lateral                      ... ok         5910 ms
     license                      ... ok         5918 ms
     merge                        ... ok         5913 ms
     misc                         ... ok         5908 ms
     null_exclusion               ... ok         5889 ms
     parallel-15                  ... ok         5918 ms
     partition                    ... ok         5927 ms
     partitioning                 ... ok         5883 ms
parallel group (21 tests):  sort_optimization sql_query timestamp partitionwise-15 plain upsert triggers reloptions plan_hypertable_inline-15 plan_ordered_append update-15 tableam query-15 size_utils rowsecurity-15 plan_expand_hypertable-15 trusted_extension truncate relocate_extension plan_hashagg-15 pg_join
     partitionwise-15             ... ok         7484 ms
     pg_join                      ... ok         9843 ms
     plain                        ... ok         7484 ms
     plan_expand_hypertable-15    ... ok         7524 ms
     plan_hashagg-15              ... ok         9231 ms
     plan_hypertable_inline-15    ... ok         7493 ms
     plan_ordered_append          ... ok         7494 ms
     query-15                     ... ok         7499 ms
     relocate_extension           ... ok         8146 ms
     reloptions                   ... ok         7493 ms
     rowsecurity-15               ... ok         7502 ms
     size_utils                   ... ok         7499 ms
     sort_optimization            ... ok         6927 ms
     sql_query                    ... ok         7478 ms
     tableam                      ... ok         7497 ms
     timestamp                    ... ok         7478 ms
     triggers                     ... ok         7491 ms
     truncate                     ... ok         7943 ms
     trusted_extension            ... ok         7876 ms
     update-15                    ... ok         7493 ms
     upsert                       ... ok         7487 ms
parallel group (4 tests):  util version vacuum_parallel vacuum
     util                         ... ok          727 ms
     vacuum                       ... ok          736 ms
     vacuum_parallel              ... ok          735 ms
     version                      ... ok          734 ms
