test alter                        ... ok         2442 ms
test alternate_users              ... ok         1718 ms
test chunk_utils                  ... ok         1893 ms
test index                        ... FAILED     2217 ms
test pg_dump_unprivileged         ... ok         1522 ms
test tablespace                   ... ok         1550 ms
parallel group (21 tests):  cursor-15 ddl_extra ddl_errors create_chunks drop_hypertable delete-15 custom_type broken_tables cluster-15 drop_extension baserel_cache chunks create_table copy-15 create_hypertable ddl-15 agg_bookends-15 append-15 chunk_adaptive constraint-15 drop_owned
     agg_bookends-15              ... ok        11154 ms
     append-15                    ... ok        11180 ms
     baserel_cache                ... ok        11148 ms
     broken_tables                ... ok        11143 ms
     chunk_adaptive               ... ok        11189 ms
     chunks                       ... ok        11148 ms
     cluster-15                   ... ok        11143 ms
     constraint-15                ... ok        11392 ms
     copy-15                      ... ok        11154 ms
     create_chunks                ... ok        11137 ms
     create_hypertable            ... ok        11153 ms
     create_table                 ... ok        11148 ms
     cursor-15                    ... ok        11130 ms
     custom_type                  ... ok        11141 ms
     ddl-15                       ... ok        11153 ms
     ddl_errors                   ... ok        11134 ms
     ddl_extra                    ... ok        11132 ms
     delete-15                    ... ok        11138 ms
     drop_extension               ... FAILED    11143 ms
     drop_hypertable              ... FAILED    11136 ms
     drop_owned                   ... ok        11418 ms
parallel group (21 tests):  hash drop_schema insert_returning grant_hypertable merge misc information_views generated_as_identity lateral drop_rename_hypertable histogram_test insert_single partitioning license partition parallel-15 extension_scripts null_exclusion dump_meta insert-15 insert_many
     drop_rename_hypertable       ... ok        15593 ms
     drop_schema                  ... ok        15556 ms
     dump_meta                    ... ok        15601 ms
     extension_scripts            ... ok        15601 ms
     generated_as_identity        ... ok        15592 ms
     grant_hypertable             ... ok        15591 ms
     hash                         ... ok        11526 ms
     histogram_test               ... ok        15599 ms
     information_views            ... ok        15592 ms
     insert-15                    ... ok        16079 ms
     insert_many                  ... FAILED    18149 ms
     insert_returning             ... ok        15572 ms
     insert_single                ... ok        15598 ms
     lateral                      ... ok        15592 ms
     license                      ... ok        15599 ms
     merge                        ... ok        15590 ms
     misc                         ... ok        15591 ms
     null_exclusion               ... ok        15599 ms
     parallel-15                  ... ok        15599 ms
     partition                    ... FAILED    15599 ms
     partitioning                 ... ok        15597 ms
parallel group (21 tests):  plan_hypertable_inline-15 partitionwise-15 tableam upsert sort_optimization query-15 reloptions triggers size_utils plan_ordered_append sql_query update-15 plain timestamp rowsecurity-15 plan_expand_hypertable-15 plan_hashagg-15 trusted_extension relocate_extension truncate pg_join
     partitionwise-15             ... FAILED    19627 ms
     pg_join                      ... ok        19961 ms
     plain                        ... ok        19656 ms
     plan_expand_hypertable-15    ... ok        19675 ms
     plan_hashagg-15              ... ok        19688 ms
     plan_hypertable_inline-15    ... ok        19619 ms
     plan_ordered_append          ... ok        19638 ms
     query-15                     ... ok        19636 ms
     relocate_extension           ... ok        19951 ms
     reloptions                   ... ok        19637 ms
     rowsecurity-15               ... ok        19656 ms
     size_utils                   ... ok        19637 ms
     sort_optimization            ... ok        19635 ms
     sql_query                    ... FAILED    19642 ms
     tableam                      ... ok        19630 ms
     timestamp                    ... ok        19655 ms
     triggers                     ... ok        19636 ms
     truncate                     ... ok        19955 ms
     trusted_extension            ... ok        19921 ms
     update-15                    ... ok        19641 ms
     upsert                       ... ok        19629 ms
parallel group (4 tests):  version vacuum vacuum_parallel util
     util                         ... ok         1670 ms
     vacuum                       ... ok         1666 ms
     vacuum_parallel              ... ok         1670 ms
     version                      ... ok         1635 ms
