test alter                        ... ok         1176 ms
test alternate_users              ... ok          805 ms
test chunk_utils                  ... ok          870 ms
test index                        ... ok         1010 ms
test pg_dump_unprivileged         ... ok          766 ms
test tablespace                   ... ok          744 ms
parallel group (21 tests):  chunks agg_bookends-15 create_chunks custom_type drop_hypertable create_hypertable create_table delete-15 baserel_cache cursor-15 ddl-15 ddl_extra ddl_errors broken_tables cluster-15 drop_extension copy-15 chunk_adaptive constraint-15 drop_owned append-15
     agg_bookends-15              ... ok         5316 ms
     append-15                    ... ok         6684 ms
     baserel_cache                ... ok         5339 ms
     broken_tables                ... ok         5343 ms
     chunk_adaptive               ... ok         5352 ms
     chunks                       ... ok         5302 ms
     cluster-15                   ... ok         5343 ms
     constraint-15                ... ok         5413 ms
     copy-15                      ... ok         5349 ms
     create_chunks                ... ok         5331 ms
     create_hypertable            ... ok         5336 ms
     create_table                 ... ok         5336 ms
     cursor-15                    ... ok         5340 ms
     custom_type                  ... ok         5331 ms
     ddl-15                       ... ok         5340 ms
     ddl_errors                   ... ok         5341 ms
     ddl_extra                    ... ok         5340 ms
     delete-15                    ... ok         5337 ms
     drop_extension               ... FAILED     5341 ms
     drop_hypertable              ... ok         5330 ms
     drop_owned                   ... ok         5444 ms
parallel group (21 tests):  null_exclusion insert_returning lateral generated_as_identity drop_rename_hypertable partitioning information_views insert_single license misc grant_hypertable parallel-15 merge drop_schema hash partition histogram_test dump_meta extension_scripts insert-15 insert_many
     drop_rename_hypertable       ... ok         5904 ms
     drop_schema                  ... ok         5910 ms
     dump_meta                    ... ok         5925 ms
     extension_scripts            ... ok         5927 ms
     generated_as_identity        ... ok         5893 ms
     grant_hypertable             ... ok         5906 ms
     hash                         ... ok         5913 ms
     histogram_test               ... ok         5918 ms
     information_views            ... ok         5904 ms
     insert-15                    ... ok         6446 ms
     insert_many                  ... ok         7363 ms
     insert_returning             ... ok         5884 ms
     insert_single                ... ok         5904 ms
     lateral                      ... ok         5891 ms
     license                      ... ok         5905 ms
     merge                        ... ok         5906 ms
     misc                         ... ok         5905 ms
     null_exclusion               ... ok         4429 ms
     parallel-15                  ... ok         5906 ms
     partition                    ... ok         5913 ms
     partitioning                 ... ok         5902 ms
parallel group (21 tests):  plan_hypertable_inline-15 timestamp tableam sql_query triggers sort_optimization update-15 partitionwise-15 plain upsert reloptions query-15 size_utils rowsecurity-15 plan_ordered_append plan_expand_hypertable-15 trusted_extension truncate relocate_extension plan_hashagg-15 pg_join
     partitionwise-15             ... ok         7419 ms
     pg_join                      ... ok         9790 ms
     plain                        ... ok         7423 ms
     plan_expand_hypertable-15    ... ok         7440 ms
     plan_hashagg-15              ... ok         8871 ms
     plan_hypertable_inline-15    ... ok         6919 ms
     plan_ordered_append          ... ok         7438 ms
     query-15                     ... ok         7428 ms
     relocate_extension           ... ok         8098 ms
     reloptions                   ... ok         7426 ms
     rowsecurity-15               ... ok         7437 ms
     size_utils                   ... ok         7429 ms
     sort_optimization            ... ok         7416 ms
     sql_query                    ... ok         7410 ms
     tableam                      ... ok         7409 ms
     timestamp                    ... ok         7407 ms
     triggers                     ... ok         7411 ms
     truncate                     ... ok         7895 ms
     trusted_extension            ... ok         7810 ms
     update-15                    ... ok         7416 ms
     upsert                       ... ok         7423 ms
parallel group (4 tests):  version util vacuum_parallel vacuum
     util                         ... ok          736 ms
     vacuum                       ... ok          739 ms
     vacuum_parallel              ... ok          738 ms
     version                      ... ok          729 ms
