test alter                        ... ok         1177 ms
test alternate_users              ... ok          817 ms
test chunk_utils                  ... ok          880 ms
test index                        ... ok         1012 ms
test pg_dump_unprivileged         ... ok          771 ms
test tablespace                   ... ok          751 ms
parallel group (21 tests):  create_table baserel_cache custom_type drop_hypertable ddl-15 broken_tables create_chunks chunks ddl_extra cluster-15 agg_bookends-15 drop_extension delete-15 cursor-15 ddl_errors create_hypertable chunk_adaptive copy-15 constraint-15 drop_owned append-15
     agg_bookends-15              ... ok         5152 ms
     append-15                    ... ok         6763 ms
     baserel_cache                ... ok         5144 ms
     broken_tables                ... ok         5149 ms
     chunk_adaptive               ... ok         5170 ms
     chunks                       ... ok         5149 ms
     cluster-15                   ... ok         5151 ms
     constraint-15                ... ok         5248 ms
     copy-15                      ... ok         5171 ms
     create_chunks                ... ok         5148 ms
     create_hypertable            ... ok         5157 ms
     create_table                 ... ok         5141 ms
     cursor-15                    ... ok         5153 ms
     custom_type                  ... ok         5144 ms
     ddl-15                       ... ok         5147 ms
     ddl_errors                   ... ok         5156 ms
     ddl_extra                    ... ok         5150 ms
     delete-15                    ... ok         5151 ms
     drop_extension               ... FAILED     5151 ms
     drop_hypertable              ... ok         5145 ms
     drop_owned                   ... ok         5279 ms
parallel group (21 tests):  misc license drop_rename_hypertable parallel-15 partitioning insert_single merge lateral generated_as_identity hash null_exclusion dump_meta histogram_test information_views insert_returning partition drop_schema extension_scripts grant_hypertable insert-15 insert_many
     drop_rename_hypertable       ... ok         5843 ms
     drop_schema                  ... ok         5858 ms
     dump_meta                    ... ok         5856 ms
     extension_scripts            ... ok         5859 ms
     generated_as_identity        ... ok         5852 ms
     grant_hypertable             ... ok         5860 ms
     hash                         ... ok         5855 ms
     histogram_test               ... ok         5858 ms
     information_views            ... ok         5858 ms
     insert-15                    ... ok         6361 ms
     insert_many                  ... ok         7428 ms
     insert_returning             ... ok         5857 ms
     insert_single                ... ok         5849 ms
     lateral                      ... ok         5851 ms
     license                      ... ok         5833 ms
     merge                        ... ok         5849 ms
     misc                         ... ok         4445 ms
     null_exclusion               ... ok         5855 ms
     parallel-15                  ... ok         5844 ms
     partition                    ... ok         5856 ms
     partitioning                 ... ok         5847 ms
parallel group (21 tests):  plan_hypertable_inline-15 tableam partitionwise-15 query-15 triggers sql_query size_utils rowsecurity-15 reloptions timestamp upsert sort_optimization update-15 plain plan_expand_hypertable-15 plan_ordered_append relocate_extension trusted_extension truncate plan_hashagg-15 pg_join
     partitionwise-15             ... ok         7623 ms
     pg_join                      ... ok         9994 ms
     plain                        ... ok         7649 ms
     plan_expand_hypertable-15    ... ok         7659 ms
     plan_hashagg-15              ... ok         9469 ms
     plan_hypertable_inline-15    ... ok         7619 ms
     plan_ordered_append          ... ok         7831 ms
     query-15                     ... ok         7623 ms
     relocate_extension           ... ok         7850 ms
     reloptions                   ... ok         7639 ms
     rowsecurity-15               ... ok         7636 ms
     size_utils                   ... ok         7634 ms
     sort_optimization            ... ok         7647 ms
     sql_query                    ... ok         7625 ms
     tableam                      ... ok         7618 ms
     timestamp                    ... ok         7639 ms
     triggers                     ... ok         7623 ms
     truncate                     ... ok         7854 ms
     trusted_extension            ... ok         7853 ms
     update-15                    ... ok         7647 ms
     upsert                       ... ok         7645 ms
parallel group (4 tests):  version vacuum_parallel util vacuum
     util                         ... ok          747 ms
     vacuum                       ... ok          750 ms
     vacuum_parallel              ... ok          746 ms
     version                      ... ok          738 ms
