\set VERBOSITY terse
-- predictability
SET synchronous_commit = on;
CREATE TABLE w2j_default (a serial, b integer DEFAULT 6, c text DEFAULT 'wal2json', d timestamp DEFAULT '2020-07-12 11:55:30', e integer DEFAULT NULL, f integer, PRIMARY KEY(a));
CREATE TABLE w2j_truncate (a serial primary key, b text not null);
SELECT 'init' FROM pg_create_logical_replication_slot('regression_slot', 'wal2json');
ERROR:  logical decoding requires wal_level >= logical
INSERT INTO w2j_default (b, c ,d, e, f) VALUES(2, 'test', '2020-03-01 08:09:00', 80, 10);
INSERT INTO w2j_default DEFAULT VALUES;
UPDATE w2j_default SET b = 3 WHERE a = 1;
INSERT INTO w2j_truncate (b) VALUES('foo@bar.com');
TRUNCATE w2j_truncate;
INSERT INTO w2j_truncate (b) VALUES('foo@bar.com');
-- without include-default parameter
SELECT data FROM pg_logical_slot_peek_changes('regression_slot', NULL, NULL, 'format-version', '1');
ERROR:  logical decoding requires wal_level >= logical
SELECT data FROM pg_logical_slot_peek_changes('regression_slot', NULL, NULL, 'format-version', '2');
ERROR:  logical decoding requires wal_level >= logical
-- with include-default parameter
SELECT data FROM pg_logical_slot_peek_changes('regression_slot', NULL, NULL, 'format-version', '1', 'include-default', '1');
ERROR:  logical decoding requires wal_level >= logical
SELECT data FROM pg_logical_slot_peek_changes('regression_slot', NULL, NULL, 'format-version', '2', 'include-default', '1');
ERROR:  logical decoding requires wal_level >= logical
SELECT 'stop' FROM pg_drop_replication_slot('regression_slot');
ERROR:  replication slot "regression_slot" does not exist
DROP TABLE w2j_default;
DROP TABLE w2j_truncate;
