\set VERBOSITY terse
-- predictability
SET synchronous_commit = on;
DROP TABLE IF EXISTS tbl;
NOTICE:  table "tbl" does not exist, skipping
CREATE TABLE tbl (id int);
SELECT 'init' FROM pg_create_logical_replication_slot('regression_slot', 'wal2json');
ERROR:  logical decoding requires wal_level >= logical
-- One row should have one record and one timestmap
INSERT INTO tbl VALUES (1);
SELECT count(*) = 1, count(distinct ((data::json)->'timestamp')::text) = 1 FROM pg_logical_slot_get_changes('regression_slot', NULL, NULL, 'format-version', '1', 'include-timestamp', '1');
ERROR:  logical decoding requires wal_level >= logical
-- Two rows should have two records and two timestamps
INSERT INTO tbl VALUES (2);
INSERT INTO tbl VALUES (3);
SELECT count(*) = 2, count(distinct ((data::json)->'timestamp')::text) = 2 FROM pg_logical_slot_get_changes('regression_slot', NULL, NULL, 'format-version', '1', 'include-timestamp', '1');
ERROR:  logical decoding requires wal_level >= logical
-- Two rows in one transaction should have one record and one timestamp
INSERT INTO tbl VALUES (4), (5);
SELECT count(*) = 1, count(distinct ((data::json)->'timestamp')::text) = 1 FROM pg_logical_slot_get_changes('regression_slot', NULL, NULL, 'format-version', '1', 'include-timestamp', '1');
ERROR:  logical decoding requires wal_level >= logical
SELECT 'stop' FROM pg_drop_replication_slot('regression_slot');
ERROR:  replication slot "regression_slot" does not exist
