test alter                        ... ok         1153 ms
test alternate_users              ... ok          829 ms
test chunk_utils                  ... ok          863 ms
test index                        ... ok         1025 ms
test pg_dump_unprivileged         ... ok          770 ms
test tablespace                   ... ok          717 ms
parallel group (21 tests):  cursor-15 broken_tables ddl_extra chunks create_hypertable ddl-15 create_chunks create_table delete-15 drop_hypertable cluster-15 chunk_adaptive drop_extension ddl_errors agg_bookends-15 custom_type baserel_cache copy-15 constraint-15 drop_owned append-15
     agg_bookends-15              ... ok         5092 ms
     append-15                    ... ok         6706 ms
     baserel_cache                ... ok         5093 ms
     broken_tables                ... ok         5079 ms
     chunk_adaptive               ... ok         5088 ms
     chunks                       ... ok         5080 ms
     cluster-15                   ... ok         5086 ms
     constraint-15                ... ok         5214 ms
     copy-15                      ... ok         5114 ms
     create_chunks                ... ok         5084 ms
     create_hypertable            ... ok         5083 ms
     create_table                 ... ok         5084 ms
     cursor-15                    ... ok         5073 ms
     custom_type                  ... ok         5091 ms
     ddl-15                       ... ok         5083 ms
     ddl_errors                   ... ok         5089 ms
     ddl_extra                    ... ok         5078 ms
     delete-15                    ... ok         5083 ms
     drop_extension               ... FAILED     5087 ms
     drop_hypertable              ... ok         5085 ms
     drop_owned                   ... ok         5222 ms
parallel group (21 tests):  null_exclusion misc grant_hypertable information_views drop_rename_hypertable parallel-15 insert_single extension_scripts partitioning hash merge generated_as_identity insert_returning histogram_test dump_meta partition license drop_schema lateral insert-15 insert_many
     drop_rename_hypertable       ... ok         6075 ms
     drop_schema                  ... ok         6117 ms
     dump_meta                    ... ok         6111 ms
     extension_scripts            ... ok         6082 ms
     generated_as_identity        ... ok         6106 ms
     grant_hypertable             ... ok         6070 ms
     hash                         ... ok         6106 ms
     histogram_test               ... ok         6110 ms
     information_views            ... ok         6073 ms
     insert-15                    ... ok         6289 ms
     insert_many                  ... ok         7319 ms
     insert_returning             ... ok         6109 ms
     insert_single                ... ok         6079 ms
     lateral                      ... ok         6120 ms
     license                      ... ok         6115 ms
     merge                        ... ok         6105 ms
     misc                         ... ok         6068 ms
     null_exclusion               ... ok         4735 ms
     parallel-15                  ... ok         6077 ms
     partition                    ... ok         6114 ms
     partitioning                 ... ok         6104 ms
parallel group (21 tests):  plan_hypertable_inline-15 reloptions timestamp sql_query rowsecurity-15 plain sort_optimization update-15 size_utils triggers upsert partitionwise-15 query-15 tableam plan_expand_hypertable-15 plan_ordered_append truncate trusted_extension relocate_extension plan_hashagg-15 pg_join
     partitionwise-15             ... ok         7514 ms
     pg_join                      ... ok        10181 ms
     plain                        ... FAILED     7507 ms
     plan_expand_hypertable-15    ... ok         7535 ms
     plan_hashagg-15              ... ok         9527 ms
     plan_hypertable_inline-15    ... ok         6886 ms
     plan_ordered_append          ... ok         7973 ms
     query-15                     ... ok         7516 ms
     relocate_extension           ... ok         8269 ms
     reloptions                   ... ok         7430 ms
     rowsecurity-15               ... ok         7459 ms
     size_utils                   ... ok         7507 ms
     sort_optimization            ... ok         7506 ms
     sql_query                    ... ok         7434 ms
     tableam                      ... ok         7528 ms
     timestamp                    ... ok         7432 ms
     triggers                     ... ok         7510 ms
     truncate                     ... ok         8137 ms
     trusted_extension            ... ok         8138 ms
     update-15                    ... ok         7506 ms
     upsert                       ... ok         7512 ms
parallel group (4 tests):  version util vacuum_parallel vacuum
     util                         ... ok          686 ms
     vacuum                       ... ok          689 ms
     vacuum_parallel              ... ok          688 ms
     version                      ... ok          679 ms
