test cmdline                      ... FAILED       79 ms
test insert1                      ... FAILED      109 ms
test update1                      ... FAILED      136 ms
test update2                      ... FAILED      156 ms
test update3                      ... FAILED      153 ms
test update4                      ... FAILED       78 ms
test delete1                      ... FAILED      133 ms
test delete2                      ... FAILED      146 ms
test delete3                      ... FAILED      136 ms
test delete4                      ... FAILED       76 ms
test savepoint                    ... FAILED       63 ms
test specialvalue                 ... FAILED       44 ms
test toast                        ... FAILED       99 ms
test bytea                        ... FAILED       56 ms
test message                      ... FAILED       44 ms
test typmod                       ... FAILED       68 ms
test filtertable                  ... FAILED      469 ms
test selecttable                  ... FAILED      210 ms
test include_timestamp            ... FAILED       28 ms
test include_lsn                  ... FAILED       36 ms
test include_xids                 ... FAILED       47 ms
test include_domain_data_type     ... FAILED      130 ms
test truncate                     ... FAILED      163 ms
test type_oid                     ... FAILED       46 ms
test actions                      ... FAILED       63 ms
test position                     ... FAILED       60 ms
test default                      ... FAILED      123 ms
test pk                           ... FAILED      131 ms
test rename_column                ... FAILED      129 ms
