parallel group (2 tests):  multi_test_helpers_superuser multi_test_helpers
     multi_test_helpers           ... ok           17 ms
     multi_test_helpers_superuser ... ok           12 ms
test multi_cluster_management     ... ok          807 ms
test create_role_propagation      ... ok          416 ms
test multi_create_fdw             ... ok           16 ms
test multi_test_catalog_views     ... ok          141 ms
test replicated_table_disable_node ... ok          260 ms
test multi_create_table           ... ok          366 ms
test multi_create_table_superuser ... ok          901 ms
parallel group (5 tests):  multi_master_protocol multi_load_data multi_load_data_superuser multi_behavioral_analytics_create_table multi_create_table_constraints
     multi_create_table_constraints ... ok          636 ms
     multi_master_protocol        ... ok           13 ms
     multi_load_data              ... ok          374 ms
     multi_load_data_superuser    ... ok          374 ms
     multi_behavioral_analytics_create_table ... ok          540 ms
parallel group (5 tests):  multi_insert_select_non_pushable_queries multi_behavioral_analytics_single_shard_queries multi_behavioral_analytics_basics multi_behavioral_analytics_create_table_superuser multi_insert_select
     multi_behavioral_analytics_basics ... ok          390 ms
     multi_behavioral_analytics_single_shard_queries ... ok          265 ms
     multi_insert_select_non_pushable_queries ... ok          129 ms
     multi_insert_select          ... ok         2228 ms
     multi_behavioral_analytics_create_table_superuser ... ok          529 ms
parallel group (2 tests):  recursive_dml_with_different_planners_executors multi_shard_update_delete
     multi_shard_update_delete    ... ok          640 ms
     recursive_dml_with_different_planners_executors ... ok          267 ms
parallel group (4 tests):  window_functions dml_recursive multi_insert_select_window insert_select_repartition
     insert_select_repartition    ... ok         1426 ms
     window_functions             ... ok          437 ms
     dml_recursive                ... ok          645 ms
     multi_insert_select_window   ... ok          742 ms
parallel group (2 tests):  citus_table_triggers multi_insert_select_conflict
     multi_insert_select_conflict ... ok          427 ms
     citus_table_triggers         ... FAILED       59 ms
parallel group (2 tests):  multi_row_insert insert_select_into_local_table
     multi_row_insert             ... ok           38 ms
     insert_select_into_local_table ... ok          338 ms
test multi_agg_approximate_distinct ... ok           47 ms
test tablespace                   ... ok           12 ms
test insert_select_connection_leak ... ok          769 ms
test ensure_no_intermediate_data_leak ... ok           32 ms
parallel group (3 tests):  multi_partitioning_utils replicated_partitioned_table multi_partitioning
     multi_partitioning_utils     ... ok          121 ms
     multi_partitioning           ... ok         5789 ms
     replicated_partitioned_table ... ok          553 ms
test subquery_basics              ... ok          168 ms
test subquery_local_tables        ... ok          235 ms
test subquery_executors           ... ok          209 ms
test subquery_and_cte             ... ok          652 ms
test set_operations               ... ok          394 ms
test union_pushdown               ... ok          498 ms
test set_operation_and_local_tables ... ok          207 ms
parallel group (4 tests):  subqueries_not_supported subqueries_deep subquery_partitioning subquery_view
     subqueries_deep              ... ok          111 ms
     subquery_view                ... ok          503 ms
     subquery_partitioning        ... ok          270 ms
     subqueries_not_supported     ... ok           66 ms
parallel group (4 tests):  subquery_append subquery_in_targetlist subquery_in_where subquery_complex_target_list
     subquery_in_targetlist       ... ok          417 ms
     subquery_in_where            ... ok          429 ms
     subquery_complex_target_list ... ok          451 ms
     subquery_append              ... ok          219 ms
test subquery_prepared_statements ... ok           77 ms
parallel group (2 tests):  non_colocated_leaf_subquery_joins non_colocated_subquery_joins
     non_colocated_leaf_subquery_joins ... ok           47 ms
     non_colocated_subquery_joins ... ok          702 ms
parallel group (5 tests):  recursive_view_local_table sequences_with_different_types values multi_level_recursive_queries cte_inline
     cte_inline                   ... ok          887 ms
     recursive_view_local_table   ... ok           86 ms
     values                       ... ok          410 ms
     sequences_with_different_types ... ok          322 ms
     multi_level_recursive_queries ... ok          474 ms
parallel group (2 tests):  pg13 pg12
     pg13                         ... ok          111 ms
     pg12                         ... ok          545 ms
test pg14                         ... ok         3108 ms
test pg15                         ... ok         1723 ms
parallel group (2 tests):  pg15_jsonpath detect_conn_close
     pg15_jsonpath                ... ok          204 ms
     detect_conn_close            ... ok         1823 ms
test drop_column_partitioned_table ... ok          205 ms
test tableam                      ... ok          189 ms
parallel group (4 tests):  multi_deparse_shard_query limit_intermediate_size intermediate_results multi_distributed_transaction_id
     multi_deparse_shard_query    ... ok          119 ms
     multi_distributed_transaction_id ... ok          601 ms
     intermediate_results         ... ok          447 ms
     limit_intermediate_size      ... ok          356 ms
parallel group (5 tests):  distributed_intermediate_results multi_real_time_transaction hyperscale_tutorial multi_explain partitioned_intermediate_results
     multi_explain                ... ok         2019 ms
     hyperscale_tutorial          ... ok         1972 ms
     partitioned_intermediate_results ... ok         2622 ms
     distributed_intermediate_results ... ok          601 ms
     multi_real_time_transaction  ... ok         1553 ms
parallel group (6 tests):  multi_basic_queries multi_complex_expressions cross_join multi_subquery_behavioral_analytics multi_subquery multi_subquery_complex_queries
     multi_basic_queries          ... ok           50 ms
     cross_join                   ... ok          695 ms
     multi_complex_expressions    ... ok          420 ms
     multi_subquery               ... ok          857 ms
     multi_subquery_complex_queries ... ok         6108 ms
     multi_subquery_behavioral_analytics ... ok          743 ms
parallel group (5 tests):  multi_sql_function multi_subquery_window_functions multi_prepare_sql multi_subquery_complex_reference_clause multi_view
     multi_subquery_complex_reference_clause ... ok         1902 ms
     multi_subquery_window_functions ... ok          392 ms
     multi_view                   ... ok         2088 ms
     multi_sql_function           ... ok          283 ms
     multi_prepare_sql            ... ok         1036 ms
parallel group (4 tests):  multi_function_in_join sql_procedure row_types materialized_view
     sql_procedure                ... ok          275 ms
     multi_function_in_join       ... ok          222 ms
     row_types                    ... ok          299 ms
     materialized_view            ... ok         1079 ms
parallel group (4 tests):  propagate_set_commands multi_subquery_in_where_reference_clause geqo adaptive_executor
     multi_subquery_in_where_reference_clause ... ok          112 ms
     adaptive_executor            ... ok          686 ms
     propagate_set_commands       ... ok           89 ms
     geqo                         ... ok          564 ms
test forcedelegation_functions    ... ok          975 ms
test join_pushdown                ... ok          688 ms
parallel group (4 tests):  multi_subquery_misc multi_subquery_in_where_clause multi_subquery_union statement_cancel_error_message
     multi_subquery_union         ... ok          290 ms
     multi_subquery_in_where_clause ... ok          191 ms
     multi_subquery_misc          ... ok          179 ms
     statement_cancel_error_message ... ok         1194 ms
parallel group (6 tests):  multi_limit_clause_approximate set_role_in_transaction multi_single_relation_subquery multi_agg_distinct multi_outer_join_reference multi_prepare_plsql
     multi_agg_distinct           ... ok          704 ms
     multi_limit_clause_approximate ... ok          295 ms
     multi_outer_join_reference   ... ok          713 ms
     multi_single_relation_subquery ... ok          542 ms
     multi_prepare_plsql          ... ok          720 ms
     set_role_in_transaction      ... ok          397 ms
parallel group (4 tests):  multi_select_for_update pg13_with_ties relation_access_tracking multi_reference_table
     multi_reference_table        ... ok          986 ms
     multi_select_for_update      ... ok          139 ms
     relation_access_tracking     ... ok          770 ms
     pg13_with_ties               ... ok          332 ms
parallel group (3 tests):  tdigest_aggregate_support custom_aggregate_support aggregate_support
     custom_aggregate_support     ... ok          298 ms
     aggregate_support            ... ok          894 ms
     tdigest_aggregate_support    ... ok          108 ms
parallel group (4 tests):  having_subquery multi_average_expression multi_working_columns multi_having_pushdown
     multi_average_expression     ... ok           41 ms
     multi_working_columns        ... ok           66 ms
     multi_having_pushdown        ... ok           75 ms
     having_subquery              ... ok           23 ms
parallel group (3 tests):  multi_array_agg multi_orderby_limit_pushdown multi_limit_clause
     multi_array_agg              ... ok           61 ms
     multi_limit_clause           ... ok          295 ms
     multi_orderby_limit_pushdown ... ok          119 ms
parallel group (9 tests):  multi_jsonb_agg multi_json_agg multi_json_object_agg multi_jsonb_object_agg bool_agg anonymous_columns ch_bench_having expression_reference_join chbenchmark_all_queries
     multi_jsonb_agg              ... ok          114 ms
     multi_jsonb_object_agg       ... ok          158 ms
     multi_json_agg               ... ok          114 ms
     multi_json_object_agg        ... ok          140 ms
     bool_agg                     ... ok          178 ms
     ch_bench_having              ... ok          392 ms
     chbenchmark_all_queries      ... ok         1335 ms
     expression_reference_join    ... ok          427 ms
     anonymous_columns            ... ok          298 ms
test ch_bench_subquery_repartition ... ok          501 ms
parallel group (3 tests):  multi_count_type_conversion multi_agg_type_conversion recursive_relation_planning_restriction_pushdown
     multi_agg_type_conversion    ... ok           36 ms
     multi_count_type_conversion  ... ok           21 ms
     recursive_relation_planning_restriction_pushdown ... ok          218 ms
parallel group (3 tests):  multi_partition_pruning unsupported_lateral_subqueries single_hash_repartition_join
     multi_partition_pruning      ... ok           46 ms
     single_hash_repartition_join ... ok          464 ms
     unsupported_lateral_subqueries ... ok           77 ms
parallel group (3 tests):  multi_join_pruning multi_hash_pruning intermediate_result_pruning
     multi_join_pruning           ... ok           32 ms
     multi_hash_pruning           ... ok          218 ms
     intermediate_result_pruning  ... ok          308 ms
parallel group (2 tests):  multi_null_minmax_value_pruning cursors
     multi_null_minmax_value_pruning ... ok           51 ms
     cursors                      ... ok          115 ms
parallel group (2 tests):  adv_lock_permission modification_correctness
     modification_correctness     ... ok          172 ms
     adv_lock_permission          ... ok          123 ms
test multi_query_directory_cleanup ... ok           65 ms
parallel group (2 tests):  multi_task_assignment_policy multi_cross_shard
     multi_task_assignment_policy ... ok          100 ms
     multi_cross_shard            ... ok          207 ms
test multi_utility_statements     ... ok          118 ms
parallel group (2 tests):  multi_dropped_column_aliases foreign_key_restriction_enforcement
     multi_dropped_column_aliases ... ok           45 ms
     foreign_key_restriction_enforcement ... ok          847 ms
test binary_protocol              ... ok           97 ms
test alter_table_set_access_method ... ok          697 ms
test alter_distributed_table      ... ok         1845 ms
parallel group (4 tests):  issue_5099 issue_6543 issue_5763 issue_5248
     issue_5248                   ... ok         1429 ms
     issue_5099                   ... ok           35 ms
     issue_5763                   ... ok          141 ms
     issue_6543                   ... ok           86 ms
test object_propagation_debug     ... ok           48 ms
test undistribute_table           ... ok          299 ms
test run_command_on_all_nodes     ... ok          385 ms
test background_task_queue_monitor ... ok        40126 ms
test clock                        ... ok          195 ms
test merge                        ... ok          953 ms
test pgmerge                      ... ok          452 ms
test ensure_no_intermediate_data_leak ... ok           31 ms
test ensure_no_shared_connection_leak ... ok          371 ms
test check_mx                     ... ok           25 ms
test generated_identity           ... ok         1762 ms
test drop_database                ... ok          694 ms
