parallel group (2 tests):  multi_test_helpers_superuser multi_test_helpers
     multi_test_helpers           ... ok           17 ms
     multi_test_helpers_superuser ... ok           12 ms
test multi_cluster_management     ... ok          803 ms
test create_role_propagation      ... ok          417 ms
test multi_create_fdw             ... ok           15 ms
test multi_test_catalog_views     ... ok          139 ms
test replicated_table_disable_node ... ok          256 ms
test multi_create_table           ... ok          357 ms
test multi_create_table_superuser ... ok          894 ms
parallel group (5 tests):  multi_master_protocol multi_load_data multi_load_data_superuser multi_behavioral_analytics_create_table multi_create_table_constraints
     multi_create_table_constraints ... ok          629 ms
     multi_master_protocol        ... ok           10 ms
     multi_load_data              ... ok          355 ms
     multi_load_data_superuser    ... ok          371 ms
     multi_behavioral_analytics_create_table ... ok          556 ms
parallel group (5 tests):  multi_insert_select_non_pushable_queries multi_behavioral_analytics_single_shard_queries multi_behavioral_analytics_basics multi_behavioral_analytics_create_table_superuser multi_insert_select
     multi_behavioral_analytics_basics ... ok          405 ms
     multi_behavioral_analytics_single_shard_queries ... ok          250 ms
     multi_insert_select_non_pushable_queries ... ok          139 ms
     multi_insert_select          ... ok         2214 ms
     multi_behavioral_analytics_create_table_superuser ... ok          541 ms
parallel group (2 tests):  recursive_dml_with_different_planners_executors multi_shard_update_delete
     multi_shard_update_delete    ... ok          642 ms
     recursive_dml_with_different_planners_executors ... ok          263 ms
parallel group (4 tests):  window_functions dml_recursive multi_insert_select_window insert_select_repartition
     insert_select_repartition    ... ok         1389 ms
     window_functions             ... ok          415 ms
     dml_recursive                ... ok          600 ms
     multi_insert_select_window   ... ok          707 ms
parallel group (2 tests):  citus_table_triggers multi_insert_select_conflict
     multi_insert_select_conflict ... ok          434 ms
     citus_table_triggers         ... FAILED       59 ms
parallel group (2 tests):  multi_row_insert insert_select_into_local_table
     multi_row_insert             ... ok           39 ms
     insert_select_into_local_table ... ok          341 ms
test multi_agg_approximate_distinct ... ok           47 ms
test tablespace                   ... ok           12 ms
test insert_select_connection_leak ... ok          767 ms
test ensure_no_intermediate_data_leak ... ok           31 ms
parallel group (3 tests):  multi_partitioning_utils replicated_partitioned_table multi_partitioning
     multi_partitioning_utils     ... ok          143 ms
     multi_partitioning           ... ok         5903 ms
     replicated_partitioned_table ... ok          567 ms
test subquery_basics              ... ok          164 ms
test subquery_local_tables        ... ok          236 ms
test subquery_executors           ... ok          217 ms
test subquery_and_cte             ... ok          675 ms
test set_operations               ... ok          394 ms
test union_pushdown               ... ok          512 ms
test set_operation_and_local_tables ... ok          219 ms
parallel group (4 tests):  subqueries_not_supported subqueries_deep subquery_partitioning subquery_view
     subqueries_deep              ... ok          230 ms
     subquery_view                ... ok          737 ms
     subquery_partitioning        ... ok          498 ms
     subqueries_not_supported     ... ok           63 ms
parallel group (4 tests):  subquery_append subquery_in_targetlist subquery_in_where subquery_complex_target_list
     subquery_in_targetlist       ... ok          370 ms
     subquery_in_where            ... ok          402 ms
     subquery_complex_target_list ... ok          409 ms
     subquery_append              ... ok          189 ms
test subquery_prepared_statements ... ok           77 ms
parallel group (2 tests):  non_colocated_leaf_subquery_joins non_colocated_subquery_joins
     non_colocated_leaf_subquery_joins ... ok           52 ms
     non_colocated_subquery_joins ... ok          695 ms
parallel group (5 tests):  recursive_view_local_table sequences_with_different_types values multi_level_recursive_queries cte_inline
     cte_inline                   ... ok          858 ms
     recursive_view_local_table   ... ok           75 ms
     values                       ... ok          392 ms
     sequences_with_different_types ... ok          326 ms
     multi_level_recursive_queries ... ok          445 ms
parallel group (2 tests):  pg13 pg12
     pg13                         ... ok          106 ms
     pg12                         ... ok          514 ms
test pg14                         ... ok         3098 ms
test pg15                         ... ok         1723 ms
parallel group (2 tests):  pg15_jsonpath detect_conn_close
     pg15_jsonpath                ... ok          203 ms
     detect_conn_close            ... ok         1817 ms
test drop_column_partitioned_table ... ok          204 ms
test tableam                      ... ok          191 ms
parallel group (4 tests):  multi_deparse_shard_query limit_intermediate_size intermediate_results multi_distributed_transaction_id
     multi_deparse_shard_query    ... ok          115 ms
     multi_distributed_transaction_id ... ok          603 ms
     intermediate_results         ... ok          454 ms
     limit_intermediate_size      ... ok          365 ms
parallel group (5 tests):  distributed_intermediate_results multi_real_time_transaction hyperscale_tutorial multi_explain partitioned_intermediate_results
     multi_explain                ... ok         2018 ms
     hyperscale_tutorial          ... ok         1912 ms
     partitioned_intermediate_results ... ok         2544 ms
     distributed_intermediate_results ... ok          572 ms
     multi_real_time_transaction  ... ok         1514 ms
parallel group (6 tests):  multi_basic_queries multi_complex_expressions cross_join multi_subquery_behavioral_analytics multi_subquery multi_subquery_complex_queries
     multi_basic_queries          ... ok           64 ms
     cross_join                   ... ok          744 ms
     multi_complex_expressions    ... ok          385 ms
     multi_subquery               ... ok          829 ms
     multi_subquery_complex_queries ... ok         5967 ms
     multi_subquery_behavioral_analytics ... ok          763 ms
parallel group (5 tests):  multi_sql_function multi_subquery_window_functions multi_prepare_sql multi_subquery_complex_reference_clause multi_view
     multi_subquery_complex_reference_clause ... ok         1885 ms
     multi_subquery_window_functions ... ok          522 ms
     multi_view                   ... ok         2135 ms
     multi_sql_function           ... ok          278 ms
     multi_prepare_sql            ... ok         1107 ms
parallel group (4 tests):  multi_function_in_join sql_procedure row_types materialized_view
     sql_procedure                ... ok          260 ms
     multi_function_in_join       ... ok          215 ms
     row_types                    ... ok          281 ms
     materialized_view            ... ok         1058 ms
parallel group (4 tests):  propagate_set_commands multi_subquery_in_where_reference_clause geqo adaptive_executor
     multi_subquery_in_where_reference_clause ... ok          110 ms
     adaptive_executor            ... ok          687 ms
     propagate_set_commands       ... ok           89 ms
     geqo                         ... ok          549 ms
test forcedelegation_functions    ... ok          969 ms
test join_pushdown                ... ok          685 ms
parallel group (4 tests):  multi_subquery_misc multi_subquery_in_where_clause multi_subquery_union statement_cancel_error_message
     multi_subquery_union         ... ok          292 ms
     multi_subquery_in_where_clause ... ok          191 ms
     multi_subquery_misc          ... ok          181 ms
     statement_cancel_error_message ... ok         1195 ms
parallel group (6 tests):  multi_limit_clause_approximate set_role_in_transaction multi_single_relation_subquery multi_agg_distinct multi_outer_join_reference multi_prepare_plsql
     multi_agg_distinct           ... ok          685 ms
     multi_limit_clause_approximate ... ok          313 ms
     multi_outer_join_reference   ... ok          709 ms
     multi_single_relation_subquery ... ok          557 ms
     multi_prepare_plsql          ... ok          714 ms
     set_role_in_transaction      ... ok          415 ms
parallel group (4 tests):  multi_select_for_update pg13_with_ties relation_access_tracking multi_reference_table
     multi_reference_table        ... ok          987 ms
     multi_select_for_update      ... ok          147 ms
     relation_access_tracking     ... ok          759 ms
     pg13_with_ties               ... ok          357 ms
parallel group (3 tests):  tdigest_aggregate_support custom_aggregate_support aggregate_support
     custom_aggregate_support     ... ok          310 ms
     aggregate_support            ... ok          905 ms
     tdigest_aggregate_support    ... ok          112 ms
parallel group (4 tests):  having_subquery multi_average_expression multi_working_columns multi_having_pushdown
     multi_average_expression     ... ok           40 ms
     multi_working_columns        ... ok           62 ms
     multi_having_pushdown        ... ok           76 ms
     having_subquery              ... ok           31 ms
parallel group (3 tests):  multi_array_agg multi_orderby_limit_pushdown multi_limit_clause
     multi_array_agg              ... ok           58 ms
     multi_limit_clause           ... ok          282 ms
     multi_orderby_limit_pushdown ... ok          114 ms
parallel group (9 tests):  multi_jsonb_agg multi_json_agg multi_json_object_agg bool_agg multi_jsonb_object_agg anonymous_columns ch_bench_having expression_reference_join chbenchmark_all_queries
     multi_jsonb_agg              ... ok          130 ms
     multi_jsonb_object_agg       ... ok          200 ms
     multi_json_agg               ... ok          138 ms
     multi_json_object_agg        ... ok          144 ms
     bool_agg                     ... ok          195 ms
     ch_bench_having              ... ok          400 ms
     chbenchmark_all_queries      ... ok         1280 ms
     expression_reference_join    ... ok          427 ms
     anonymous_columns            ... ok          303 ms
test ch_bench_subquery_repartition ... ok          493 ms
parallel group (3 tests):  multi_count_type_conversion multi_agg_type_conversion recursive_relation_planning_restriction_pushdown
     multi_agg_type_conversion    ... ok           36 ms
     multi_count_type_conversion  ... ok           23 ms
     recursive_relation_planning_restriction_pushdown ... ok          214 ms
parallel group (3 tests):  multi_partition_pruning unsupported_lateral_subqueries single_hash_repartition_join
     multi_partition_pruning      ... ok           44 ms
     single_hash_repartition_join ... ok          471 ms
     unsupported_lateral_subqueries ... ok           77 ms
parallel group (3 tests):  multi_join_pruning multi_hash_pruning intermediate_result_pruning
     multi_join_pruning           ... ok           34 ms
     multi_hash_pruning           ... ok          220 ms
     intermediate_result_pruning  ... ok          319 ms
parallel group (2 tests):  multi_null_minmax_value_pruning cursors
     multi_null_minmax_value_pruning ... ok           53 ms
     cursors                      ... ok          116 ms
parallel group (2 tests):  adv_lock_permission modification_correctness
     modification_correctness     ... ok          173 ms
     adv_lock_permission          ... ok          138 ms
test multi_query_directory_cleanup ... ok           66 ms
parallel group (2 tests):  multi_task_assignment_policy multi_cross_shard
     multi_task_assignment_policy ... ok           95 ms
     multi_cross_shard            ... ok          210 ms
test multi_utility_statements     ... ok          121 ms
parallel group (2 tests):  multi_dropped_column_aliases foreign_key_restriction_enforcement
     multi_dropped_column_aliases ... ok           48 ms
     foreign_key_restriction_enforcement ... ok          829 ms
test binary_protocol              ... ok          104 ms
test alter_table_set_access_method ... ok          707 ms
test alter_distributed_table      ... ok         1773 ms
parallel group (4 tests):  issue_5099 issue_6543 issue_5763 issue_5248
     issue_5248                   ... ok         1417 ms
     issue_5099                   ... ok           32 ms
     issue_5763                   ... ok          144 ms
     issue_6543                   ... ok           88 ms
test object_propagation_debug     ... ok           44 ms
test undistribute_table           ... ok          296 ms
test run_command_on_all_nodes     ... ok          385 ms
test background_task_queue_monitor ... ok        39067 ms
test clock                        ... ok          195 ms
test merge                        ... ok          978 ms
test pgmerge                      ... ok          469 ms
test ensure_no_intermediate_data_leak ... ok           31 ms
test ensure_no_shared_connection_leak ... ok          365 ms
test check_mx                     ... ok           25 ms
test generated_identity           ... ok         1754 ms
test drop_database                ... ok          692 ms
