test alter                        ... ok         1125 ms
test alternate_users              ... ok          809 ms
test chunk_utils                  ... ok          872 ms
test index                        ... ok         1025 ms
test pg_dump_unprivileged         ... ok          783 ms
test tablespace                   ... ok          724 ms
parallel group (21 tests):  chunks cursor-15 create_table ddl_errors agg_bookends-15 baserel_cache custom_type ddl-15 delete-15 create_chunks broken_tables cluster-15 create_hypertable ddl_extra drop_hypertable drop_extension chunk_adaptive copy-15 constraint-15 drop_owned append-15
     agg_bookends-15              ... ok         5218 ms
     append-15                    ... ok         6624 ms
     baserel_cache                ... ok         5231 ms
     broken_tables                ... ok         5242 ms
     chunk_adaptive               ... ok         5244 ms
     chunks                       ... ok         5198 ms
     cluster-15                   ... ok         5241 ms
     constraint-15                ... ok         5332 ms
     copy-15                      ... ok         5285 ms
     create_chunks                ... ok         5239 ms
     create_hypertable            ... ok         5241 ms
     create_table                 ... ok         5211 ms
     cursor-15                    ... ok         5211 ms
     custom_type                  ... ok         5237 ms
     ddl-15                       ... ok         5237 ms
     ddl_errors                   ... ok         5213 ms
     ddl_extra                    ... ok         5240 ms
     delete-15                    ... ok         5237 ms
     drop_extension               ... FAILED     5242 ms
     drop_hypertable              ... FAILED     5240 ms
     drop_owned                   ... ok         5365 ms
parallel group (21 tests):  hash partitioning generated_as_identity insert_returning grant_hypertable partition drop_rename_hypertable dump_meta histogram_test license lateral parallel-15 insert_single extension_scripts drop_schema misc merge null_exclusion information_views insert-15 insert_many
     drop_rename_hypertable       ... ok         6202 ms
     drop_schema                  ... ok         6239 ms
     dump_meta                    ... ok         6207 ms
     extension_scripts            ... ok         6219 ms
     generated_as_identity        ... ok         6192 ms
     grant_hypertable             ... ok         6199 ms
     hash                         ... ok         5594 ms
     histogram_test               ... ok         6208 ms
     information_views            ... ok         6242 ms
     insert-15                    ... ok         6375 ms
     insert_many                  ... ok         7398 ms
     insert_returning             ... ok         6196 ms
     insert_single                ... ok         6218 ms
     lateral                      ... ok         6208 ms
     license                      ... ok         6207 ms
     merge                        ... ok         6240 ms
     misc                         ... ok         6240 ms
     null_exclusion               ... ok         6240 ms
     parallel-15                  ... ok         6216 ms
     partition                    ... ok         6197 ms
     partitioning                 ... ok         6189 ms
parallel group (21 tests):  reloptions timestamp sort_optimization plan_hypertable_inline-15 size_utils update-15 plain sql_query upsert partitionwise-15 tableam triggers query-15 plan_ordered_append plan_expand_hypertable-15 rowsecurity-15 trusted_extension relocate_extension truncate plan_hashagg-15 pg_join
     partitionwise-15             ... ok         8265 ms
     pg_join                      ... ok         9977 ms
     plain                        ... FAILED     8264 ms
     plan_expand_hypertable-15    ... ok         8280 ms
     plan_hashagg-15              ... ok         9066 ms
     plan_hypertable_inline-15    ... ok         8225 ms
     plan_ordered_append          ... ok         8272 ms
     query-15                     ... ok         8270 ms
     relocate_extension           ... ok         8461 ms
     reloptions                   ... ok         8209 ms
     rowsecurity-15               ... ok         8290 ms
     size_utils                   ... ok         8233 ms
     sort_optimization            ... ok         8222 ms
     sql_query                    ... ok         8263 ms
     tableam                      ... ok         8264 ms
     timestamp                    ... ok         8210 ms
     triggers                     ... ok         8268 ms
     truncate                     ... ok         8461 ms
     trusted_extension            ... ok         8416 ms
     update-15                    ... ok         8250 ms
     upsert                       ... ok         8262 ms
parallel group (4 tests):  version vacuum util vacuum_parallel
     util                         ... ok          765 ms
     vacuum                       ... ok          764 ms
     vacuum_parallel              ... ok          767 ms
     version                      ... ok          755 ms
