test alter                        ... ok         1151 ms
test alternate_users              ... ok          827 ms
test chunk_utils                  ... ok          888 ms
test index                        ... ok         1038 ms
test pg_dump_unprivileged         ... ok          783 ms
test tablespace                   ... ok          739 ms
parallel group (21 tests):  drop_extension chunks ddl_errors create_chunks ddl-15 broken_tables delete-15 drop_hypertable agg_bookends-15 create_table ddl_extra custom_type baserel_cache cluster-15 create_hypertable cursor-15 chunk_adaptive copy-15 constraint-15 drop_owned append-15
     agg_bookends-15              ... ok         5151 ms
     append-15                    ... ok         6702 ms
     baserel_cache                ... ok         5151 ms
     broken_tables                ... ok         5144 ms
     chunk_adaptive               ... ok         5164 ms
     chunks                       ... ok         5137 ms
     cluster-15                   ... ok         5151 ms
     constraint-15                ... ok         5238 ms
     copy-15                      ... ok         5174 ms
     create_chunks                ... ok         5137 ms
     create_hypertable            ... ok         5151 ms
     create_table                 ... ok         5150 ms
     cursor-15                    ... ok         5151 ms
     custom_type                  ... ok         5150 ms
     ddl-15                       ... ok         5143 ms
     ddl_errors                   ... ok         5136 ms
     ddl_extra                    ... ok         5149 ms
     delete-15                    ... ok         5146 ms
     drop_extension               ... FAILED     5128 ms
     drop_hypertable              ... ok         5146 ms
     drop_owned                   ... ok         5265 ms
parallel group (21 tests):  partitioning histogram_test null_exclusion drop_schema information_views drop_rename_hypertable partition extension_scripts misc merge insert_returning dump_meta lateral hash generated_as_identity grant_hypertable insert_single license parallel-15 insert-15 insert_many
     drop_rename_hypertable       ... ok         6153 ms
     drop_schema                  ... ok         6146 ms
     dump_meta                    ... ok         6186 ms
     extension_scripts            ... ok         6156 ms
     generated_as_identity        ... ok         6205 ms
     grant_hypertable             ... ok         6205 ms
     hash                         ... ok         6197 ms
     histogram_test               ... ok         6145 ms
     information_views            ... ok         6150 ms
     insert-15                    ... ok         6340 ms
     insert_many                  ... ok         7427 ms
     insert_returning             ... ok         6184 ms
     insert_single                ... ok         6204 ms
     lateral                      ... ok         6185 ms
     license                      ... ok         6204 ms
     merge                        ... ok         6179 ms
     misc                         ... ok         6179 ms
     null_exclusion               ... ok         6145 ms
     parallel-15                  ... ok         6204 ms
     partition                    ... ok         6151 ms
     partitioning                 ... ok         4802 ms
parallel group (21 tests):  plan_hypertable_inline-15 tableam reloptions triggers sql_query sort_optimization plain query-15 upsert update-15 timestamp partitionwise-15 size_utils rowsecurity-15 plan_expand_hypertable-15 plan_ordered_append truncate trusted_extension relocate_extension plan_hashagg-15 pg_join
     partitionwise-15             ... ok         7282 ms
     pg_join                      ... ok         9708 ms
     plain                        ... ok         7269 ms
     plan_expand_hypertable-15    ... ok         7310 ms
     plan_hashagg-15              ... ok         8953 ms
     plan_hypertable_inline-15    ... ok         6716 ms
     plan_ordered_append          ... ok         7727 ms
     query-15                     ... ok         7275 ms
     relocate_extension           ... ok         7975 ms
     reloptions                   ... ok         7259 ms
     rowsecurity-15               ... ok         7292 ms
     size_utils                   ... ok         7287 ms
     sort_optimization            ... ok         7263 ms
     sql_query                    ... ok         7262 ms
     tableam                      ... ok         7252 ms
     timestamp                    ... ok         7280 ms
     triggers                     ... ok         7259 ms
     truncate                     ... ok         7816 ms
     trusted_extension            ... ok         7817 ms
     update-15                    ... ok         7279 ms
     upsert                       ... ok         7278 ms
parallel group (4 tests):  util version vacuum_parallel vacuum
     util                         ... ok          695 ms
     vacuum                       ... ok          705 ms
     vacuum_parallel              ... ok          704 ms
     version                      ... ok          701 ms
