test alter                        ... ok         1227 ms
test alternate_users              ... ok          800 ms
test chunk_utils                  ... ok          922 ms
test index                        ... ok         1057 ms
test pg_dump_unprivileged         ... ok          813 ms
test tablespace                   ... ok          773 ms
parallel group (21 tests):  broken_tables drop_hypertable create_table chunk_adaptive custom_type baserel_cache ddl_extra ddl-15 delete-15 create_hypertable ddl_errors create_chunks cursor-15 chunks agg_bookends-15 drop_extension cluster-15 copy-15 constraint-15 drop_owned append-15
     agg_bookends-15              ... ok         7246 ms
     append-15                    ... ok         7793 ms
     baserel_cache                ... ok         7238 ms
     broken_tables                ... ok         7229 ms
     chunk_adaptive               ... ok         7236 ms
     chunks                       ... ok         7246 ms
     cluster-15                   ... ok         7270 ms
     constraint-15                ... ok         7460 ms
     copy-15                      ... ok         7269 ms
     create_chunks                ... ok         7245 ms
     create_hypertable            ... ok         7245 ms
     create_table                 ... ok         7232 ms
     cursor-15                    ... ok         7245 ms
     custom_type                  ... ok         7235 ms
     ddl-15                       ... ok         7245 ms
     ddl_errors                   ... ok         7244 ms
     ddl_extra                    ... ok         7244 ms
     delete-15                    ... ok         7244 ms
     drop_extension               ... FAILED     7262 ms
     drop_hypertable              ... ok         7228 ms
     drop_owned                   ... ok         7470 ms
parallel group (21 tests):  generated_as_identity histogram_test grant_hypertable information_views drop_schema insert_single parallel-15 partition hash null_exclusion misc insert_returning lateral merge partitioning license drop_rename_hypertable dump_meta extension_scripts insert-15 insert_many
     drop_rename_hypertable       ... ok        14812 ms
     drop_schema                  ... ok        14723 ms
     dump_meta                    ... ok        14812 ms
     extension_scripts            ... ok        14812 ms
     generated_as_identity        ... ok        10206 ms
     grant_hypertable             ... ok        14722 ms
     hash                         ... ok        14780 ms
     histogram_test               ... ok        14712 ms
     information_views            ... ok        14722 ms
     insert-15                    ... ok        15602 ms
     insert_many                  ... ok        17540 ms
     insert_returning             ... ok        14809 ms
     insert_single                ... ok        14722 ms
     lateral                      ... ok        14809 ms
     license                      ... ok        14811 ms
     merge                        ... ok        14809 ms
     misc                         ... ok        14807 ms
     null_exclusion               ... ok        14793 ms
     parallel-15                  ... ok        14721 ms
     partition                    ... ok        14721 ms
     partitioning                 ... ok        14809 ms
parallel group (21 tests):  sort_optimization triggers partitionwise-15 size_utils upsert query-15 reloptions plan_hypertable_inline-15 timestamp sql_query plain rowsecurity-15 plan_expand_hypertable-15 tableam update-15 plan_ordered_append plan_hashagg-15 pg_join trusted_extension truncate relocate_extension
     partitionwise-15             ... ok        19475 ms
     pg_join                      ... ok        19982 ms
     plain                        ... ok        19483 ms
     plan_expand_hypertable-15    ... ok        19505 ms
     plan_hashagg-15              ... ok        19600 ms
     plan_hypertable_inline-15    ... ok        19479 ms
     plan_ordered_append          ... ok        19590 ms
     query-15                     ... ok        19476 ms
     relocate_extension           ... ok        20147 ms
     reloptions                   ... ok        19478 ms
     rowsecurity-15               ... ok        19504 ms
     size_utils                   ... ok        19474 ms
     sort_optimization            ... ok        19447 ms
     sql_query                    ... ok        19481 ms
     tableam                      ... ok        19560 ms
     timestamp                    ... ok        19481 ms
     triggers                     ... ok        19473 ms
     truncate                     ... ok        20116 ms
     trusted_extension            ... ok        20110 ms
     update-15                    ... ok        19560 ms
     upsert                       ... ok        19473 ms
parallel group (4 tests):  util vacuum vacuum_parallel version
     util                         ... ok         1545 ms
     vacuum                       ... ok         1572 ms
     vacuum_parallel              ... ok         1575 ms
     version                      ... ok         1575 ms
