test alter                        ... ok         2513 ms
test alternate_users              ... ok         1696 ms
test chunk_utils                  ... ok         1871 ms
test index                        ... ok         2211 ms
test pg_dump_unprivileged         ... ok         1505 ms
test tablespace                   ... ok         1545 ms
parallel group (21 tests):  drop_hypertable create_table broken_tables cursor-15 baserel_cache delete-15 create_hypertable agg_bookends-15 drop_extension cluster-15 custom_type ddl-15 ddl_extra chunks create_chunks copy-15 append-15 ddl_errors chunk_adaptive constraint-15 drop_owned
     agg_bookends-15              ... ok        11104 ms
     append-15                    ... ok        11130 ms
     baserel_cache                ... ok        11100 ms
     broken_tables                ... ok        11098 ms
     chunk_adaptive               ... ok        11130 ms
     chunks                       ... ok        11130 ms
     cluster-15                   ... ok        11105 ms
     constraint-15                ... ok        11363 ms
     copy-15                      ... ok        11129 ms
     create_chunks                ... ok        11129 ms
     create_hypertable            ... ok        11103 ms
     create_table                 ... ok        11095 ms
     cursor-15                    ... ok        11098 ms
     custom_type                  ... ok        11108 ms
     ddl-15                       ... ok        11108 ms
     ddl_errors                   ... ok        11129 ms
     ddl_extra                    ... ok        11108 ms
     delete-15                    ... ok        11101 ms
     drop_extension               ... FAILED    11103 ms
     drop_hypertable              ... ok        11091 ms
     drop_owned                   ... ok        11386 ms
parallel group (21 tests):  hash null_exclusion generated_as_identity grant_hypertable drop_rename_hypertable lateral histogram_test partitioning license parallel-15 partition information_views drop_schema extension_scripts misc dump_meta insert_single merge insert_returning insert-15 insert_many
     drop_rename_hypertable       ... ok        15672 ms
     drop_schema                  ... ok        15674 ms
     dump_meta                    ... ok        15676 ms
     extension_scripts            ... ok        15674 ms
     generated_as_identity        ... ok        15650 ms
     grant_hypertable             ... ok        15662 ms
     hash                         ... ok        12285 ms
     histogram_test               ... ok        15672 ms
     information_views            ... ok        15673 ms
     insert-15                    ... ok        16213 ms
     insert_many                  ... ok        18122 ms
     insert_returning             ... ok        15675 ms
     insert_single                ... ok        15675 ms
     lateral                      ... ok        15672 ms
     license                      ... ok        15672 ms
     merge                        ... ok        15675 ms
     misc                         ... ok        15674 ms
     null_exclusion               ... ok        15631 ms
     parallel-15                  ... ok        15672 ms
     partition                    ... ok        15672 ms
     partitioning                 ... ok        15671 ms
parallel group (21 tests):  sort_optimization reloptions upsert partitionwise-15 timestamp triggers query-15 plan_hashagg-15 plan_ordered_append rowsecurity-15 sql_query plain size_utils update-15 plan_hypertable_inline-15 tableam plan_expand_hypertable-15 pg_join truncate trusted_extension relocate_extension
     partitionwise-15             ... ok        20007 ms
     pg_join                      ... ok        20542 ms
     plain                        ... ok        20093 ms
     plan_expand_hypertable-15    ... ok        20118 ms
     plan_hashagg-15              ... ok        20018 ms
     plan_hypertable_inline-15    ... ok        20094 ms
     plan_ordered_append          ... ok        20018 ms
     query-15                     ... ok        20017 ms
     relocate_extension           ... ok        20923 ms
     reloptions                   ... ok        20007 ms
     rowsecurity-15               ... ok        20018 ms
     size_utils                   ... ok        20093 ms
     sort_optimization            ... ok        19977 ms
     sql_query                    ... ok        20017 ms
     tableam                      ... ok        20117 ms
     timestamp                    ... ok        20006 ms
     triggers                     ... ok        20007 ms
     truncate                     ... ok        20749 ms
     trusted_extension            ... ok        20749 ms
     update-15                    ... ok        20092 ms
     upsert                       ... ok        20005 ms
parallel group (4 tests):  util version vacuum vacuum_parallel
     util                         ... ok         1631 ms
     vacuum                       ... ok         1660 ms
     vacuum_parallel              ... ok         1660 ms
     version                      ... ok         1656 ms
