test alter                        ... ok         1187 ms
test alternate_users              ... ok          824 ms
test chunk_utils                  ... ok          842 ms
test index                        ... ok         1000 ms
test pg_dump_unprivileged         ... ok          749 ms
test tablespace                   ... ok          716 ms
parallel group (21 tests):  delete-15 agg_bookends-15 cursor-15 baserel_cache ddl_errors create_hypertable custom_type chunks ddl_extra broken_tables cluster-15 create_chunks drop_extension ddl-15 drop_hypertable create_table chunk_adaptive copy-15 constraint-15 drop_owned append-15
     agg_bookends-15              ... ok         4833 ms
     append-15                    ... ok         6432 ms
     baserel_cache                ... ok         4844 ms
     broken_tables                ... ok         4852 ms
     chunk_adaptive               ... ok         4867 ms
     chunks                       ... ok         4848 ms
     cluster-15                   ... ok         4853 ms
     constraint-15                ... ok         4936 ms
     copy-15                      ... ok         4875 ms
     create_chunks                ... ok         4853 ms
     create_hypertable            ... ok         4846 ms
     create_table                 ... ok         4858 ms
     cursor-15                    ... ok         4839 ms
     custom_type                  ... ok         4846 ms
     ddl-15                       ... ok         4853 ms
     ddl_errors                   ... ok         4843 ms
     ddl_extra                    ... ok         4848 ms
     delete-15                    ... ok         4824 ms
     drop_extension               ... FAILED     4853 ms
     drop_hypertable              ... ok         4857 ms
     drop_owned                   ... ok         4959 ms
parallel group (21 tests):  license partitioning information_views lateral hash drop_rename_hypertable grant_hypertable histogram_test insert_returning misc drop_schema extension_scripts generated_as_identity partition merge null_exclusion dump_meta insert_single parallel-15 insert-15 insert_many
     drop_rename_hypertable       ... ok         5870 ms
     drop_schema                  ... ok         5871 ms
     dump_meta                    ... ok         5872 ms
     extension_scripts            ... ok         5871 ms
     generated_as_identity        ... ok         5871 ms
     grant_hypertable             ... ok         5869 ms
     hash                         ... ok         5867 ms
     histogram_test               ... ok         5869 ms
     information_views            ... ok         5861 ms
     insert-15                    ... ok         6335 ms
     insert_many                  ... ok         7287 ms
     insert_returning             ... ok         5869 ms
     insert_single                ... ok         5875 ms
     lateral                      ... ok         5861 ms
     license                      ... ok         4415 ms
     merge                        ... ok         5871 ms
     misc                         ... ok         5868 ms
     null_exclusion               ... ok         5871 ms
     parallel-15                  ... ok         5878 ms
     partition                    ... ok         5870 ms
     partitioning                 ... ok         5849 ms
parallel group (21 tests):  plan_hypertable_inline-15 partitionwise-15 sort_optimization tableam update-15 reloptions upsert plain timestamp triggers sql_query query-15 size_utils plan_expand_hypertable-15 rowsecurity-15 plan_ordered_append trusted_extension truncate relocate_extension plan_hashagg-15 pg_join
     partitionwise-15             ... ok         7248 ms
     pg_join                      ... ok         9483 ms
     plain                        ... FAILED     7268 ms
     plan_expand_hypertable-15    ... ok         7283 ms
     plan_hashagg-15              ... ok         8928 ms
     plan_hypertable_inline-15    ... ok         6704 ms
     plan_ordered_append          ... ok         7291 ms
     query-15                     ... ok         7271 ms
     relocate_extension           ... ok         7932 ms
     reloptions                   ... ok         7252 ms
     rowsecurity-15               ... ok         7286 ms
     size_utils                   ... ok         7271 ms
     sort_optimization            ... ok         7248 ms
     sql_query                    ... ok         7268 ms
     tableam                      ... ok         7248 ms
     timestamp                    ... ok         7268 ms
     triggers                     ... ok         7268 ms
     truncate                     ... ok         7719 ms
     trusted_extension            ... ok         7667 ms
     update-15                    ... ok         7247 ms
     upsert                       ... ok         7262 ms
parallel group (4 tests):  version util vacuum_parallel vacuum
     util                         ... ok          685 ms
     vacuum                       ... ok          688 ms
     vacuum_parallel              ... ok          687 ms
     version                      ... ok          679 ms
