test alter                        ... ok         2405 ms
test alternate_users              ... ok         1704 ms
test chunk_utils                  ... ok         1857 ms
test index                        ... ok         2220 ms
test pg_dump_unprivileged         ... ok         1475 ms
test tablespace                   ... ok         1530 ms
parallel group (21 tests):  broken_tables drop_hypertable create_hypertable agg_bookends-15 create_chunks baserel_cache ddl_errors create_table chunk_adaptive chunks cursor-15 custom_type ddl-15 ddl_extra drop_extension delete-15 copy-15 cluster-15 append-15 constraint-15 drop_owned
     agg_bookends-15              ... ok        11178 ms
     append-15                    ... ok        11212 ms
     baserel_cache                ... ok        11179 ms
     broken_tables                ... ok        11175 ms
     chunk_adaptive               ... ok        11189 ms
     chunks                       ... ok        11188 ms
     cluster-15                   ... ok        11211 ms
     constraint-15                ... ok        11401 ms
     copy-15                      ... ok        11205 ms
     create_chunks                ... ok        11177 ms
     create_hypertable            ... ok        11175 ms
     create_table                 ... ok        11179 ms
     cursor-15                    ... ok        11188 ms
     custom_type                  ... ok        11188 ms
     ddl-15                       ... ok        11188 ms
     ddl_errors                   ... ok        11178 ms
     ddl_extra                    ... ok        11187 ms
     delete-15                    ... ok        11188 ms
     drop_extension               ... FAILED    11187 ms
     drop_hypertable              ... ok        11174 ms
     drop_owned                   ... ok        11426 ms
parallel group (21 tests):  license hash lateral grant_hypertable merge generated_as_identity insert_returning dump_meta partition misc information_views drop_schema insert_single extension_scripts partitioning drop_rename_hypertable parallel-15 null_exclusion histogram_test insert-15 insert_many
     drop_rename_hypertable       ... ok        15489 ms
     drop_schema                  ... ok        15422 ms
     dump_meta                    ... ok        15396 ms
     extension_scripts            ... ok        15430 ms
     generated_as_identity        ... ok        15393 ms
     grant_hypertable             ... ok        15393 ms
     hash                         ... ok        15388 ms
     histogram_test               ... ok        15489 ms
     information_views            ... ok        15421 ms
     insert-15                    ... ok        16339 ms
     insert_many                  ... ok        18322 ms
     insert_returning             ... ok        15395 ms
     insert_single                ... ok        15421 ms
     lateral                      ... ok        15392 ms
     license                      ... ok        10816 ms
     merge                        ... ok        15392 ms
     misc                         ... ok        15420 ms
     null_exclusion               ... ok        15488 ms
     parallel-15                  ... ok        15488 ms
     partition                    ... ok        15409 ms
     partitioning                 ... ok        15482 ms
parallel group (21 tests):  sort_optimization triggers upsert sql_query plan_hypertable_inline-15 size_utils plan_ordered_append reloptions rowsecurity-15 update-15 plan_expand_hypertable-15 plain timestamp partitionwise-15 tableam query-15 plan_hashagg-15 pg_join relocate_extension trusted_extension truncate
     partitionwise-15             ... ok        19587 ms
     pg_join                      ... ok        19761 ms
     plain                        ... FAILED    19587 ms
     plan_expand_hypertable-15    ... ok        19507 ms
     plan_hashagg-15              ... ok        19626 ms
     plan_hypertable_inline-15    ... ok        19469 ms
     plan_ordered_append          ... ok        19502 ms
     query-15                     ... ok        19619 ms
     relocate_extension           ... ok        19772 ms
     reloptions                   ... ok        19501 ms
     rowsecurity-15               ... ok        19501 ms
     size_utils                   ... ok        19490 ms
     sort_optimization            ... ok        19466 ms
     sql_query                    ... ok        19467 ms
     tableam                      ... ok        19586 ms
     timestamp                    ... ok        19585 ms
     triggers                     ... ok        19467 ms
     truncate                     ... ok        19776 ms
     trusted_extension            ... ok        19773 ms
     update-15                    ... ok        19501 ms
     upsert                       ... ok        19467 ms
parallel group (4 tests):  util version vacuum vacuum_parallel
     util                         ... ok         1548 ms
     vacuum                       ... ok         1575 ms
     vacuum_parallel              ... ok         1575 ms
     version                      ... ok         1572 ms
