test init                         ... ok           35 ms
test int2                         ... ok           20 ms
test int4                         ... ok           20 ms
test int8                         ... ok           20 ms
test float4                       ... FAILED       22 ms
test float8                       ... FAILED       21 ms
test cash                         ... ok           22 ms
test oid                          ... ok           20 ms
test timestamp                    ... ok           21 ms
test timestamptz                  ... ok           24 ms
test time                         ... ok           21 ms
test timetz                       ... ok          123 ms
test date                         ... ok           20 ms
test interval                     ... ok           21 ms
test macaddr                      ... ok           20 ms
test macaddr8                     ... ok           21 ms
test inet                         ... ok           42 ms
test cidr                         ... ok           25 ms
test text                         ... ok           40 ms
test varchar                      ... ok           23 ms
test char                         ... ok           25 ms
test bytea                        ... ok           34 ms
test bit                          ... ok           21 ms
test varbit                       ... ok           31 ms
test numeric                      ... ok           45 ms
test uuid                         ... ok           24 ms
test not_equal                    ... ok           64 ms
test enum                         ... FAILED       28 ms
test bool                         ... ok           22 ms
