test alter                        ... ok         2627 ms
test alternate_users              ... ok         1685 ms
test chunk_utils                  ... ok         1891 ms
test index                        ... ok         2200 ms
test pg_dump_unprivileged         ... ok         1518 ms
test tablespace                   ... ok         1513 ms
parallel group (21 tests):  agg_bookends-15 baserel_cache create_table cluster-15 create_hypertable ddl-15 chunks drop_hypertable broken_tables chunk_adaptive create_chunks cursor-15 custom_type ddl_errors delete-15 drop_extension ddl_extra copy-15 append-15 constraint-15 drop_owned
     agg_bookends-15              ... ok        11644 ms
     append-15                    ... ok        11689 ms
     baserel_cache                ... ok        11646 ms
     broken_tables                ... ok        11656 ms
     chunk_adaptive               ... ok        11655 ms
     chunks                       ... ok        11649 ms
     cluster-15                   ... ok        11647 ms
     constraint-15                ... ok        11855 ms
     copy-15                      ... ok        11676 ms
     create_chunks                ... ok        11655 ms
     create_hypertable            ... ok        11646 ms
     create_table                 ... ok        11645 ms
     cursor-15                    ... ok        11655 ms
     custom_type                  ... ok        11655 ms
     ddl-15                       ... ok        11647 ms
     ddl_errors                   ... ok        11654 ms
     ddl_extra                    ... ok        11654 ms
     delete-15                    ... ok        11654 ms
     drop_extension               ... FAILED    11654 ms
     drop_hypertable              ... ok        11647 ms
     drop_owned                   ... ok        11915 ms
parallel group (21 tests):  hash merge grant_hypertable histogram_test insert_returning license dump_meta drop_rename_hypertable null_exclusion insert_single information_views lateral misc partition generated_as_identity extension_scripts parallel-15 drop_schema partitioning insert-15 insert_many
     drop_rename_hypertable       ... ok        15582 ms
     drop_schema                  ... ok        15634 ms
     dump_meta                    ... ok        15582 ms
     extension_scripts            ... ok        15589 ms
     generated_as_identity        ... ok        15588 ms
     grant_hypertable             ... ok        15566 ms
     hash                         ... ok        11824 ms
     histogram_test               ... ok        15581 ms
     information_views            ... ok        15587 ms
     insert-15                    ... ok        16114 ms
     insert_many                  ... ok        18207 ms
     insert_returning             ... ok        15581 ms
     insert_single                ... ok        15581 ms
     lateral                      ... ok        15587 ms
     license                      ... ok        15581 ms
     merge                        ... ok        15548 ms
     misc                         ... ok        15587 ms
     null_exclusion               ... ok        15581 ms
     parallel-15                  ... ok        15587 ms
     partition                    ... ok        15587 ms
     partitioning                 ... ok        15632 ms
parallel group (21 tests):  tableam query-15 partitionwise-15 sql_query reloptions sort_optimization upsert plan_hypertable_inline-15 timestamp triggers plain update-15 size_utils rowsecurity-15 plan_ordered_append plan_expand_hypertable-15 plan_hashagg-15 pg_join truncate trusted_extension relocate_extension
     partitionwise-15             ... ok        19774 ms
     pg_join                      ... ok        20434 ms
     plain                        ... FAILED    19778 ms
     plan_expand_hypertable-15    ... ok        19804 ms
     plan_hashagg-15              ... ok        19805 ms
     plan_hypertable_inline-15    ... ok        19775 ms
     plan_ordered_append          ... ok        19804 ms
     query-15                     ... ok        19768 ms
     relocate_extension           ... ok        21084 ms
     reloptions                   ... ok        19773 ms
     rowsecurity-15               ... ok        19803 ms
     size_utils                   ... ok        19803 ms
     sort_optimization            ... ok        19773 ms
     sql_query                    ... ok        19773 ms
     tableam                      ... ok        19082 ms
     timestamp                    ... ok        19776 ms
     triggers                     ... ok        19776 ms
     truncate                     ... ok        20541 ms
     trusted_extension            ... ok        20541 ms
     update-15                    ... ok        19800 ms
     upsert                       ... ok        19773 ms
parallel group (4 tests):  version util vacuum_parallel vacuum
     util                         ... ok         1758 ms
     vacuum                       ... ok         1761 ms
     vacuum_parallel              ... ok         1761 ms
     version                      ... ok         1732 ms
