test alter                        ... ok         1122 ms
test alternate_users              ... ok          810 ms
test chunk_utils                  ... ok          884 ms
test index                        ... ok         1020 ms
test pg_dump_unprivileged         ... ok          768 ms
test tablespace                   ... ok          743 ms
parallel group (21 tests):  baserel_cache custom_type chunks agg_bookends-15 create_hypertable cursor-15 create_chunks delete-15 cluster-15 ddl_extra broken_tables ddl-15 drop_extension create_table drop_hypertable ddl_errors copy-15 chunk_adaptive constraint-15 drop_owned append-15
     agg_bookends-15              ... ok         4940 ms
     append-15                    ... ok         6554 ms
     baserel_cache                ... ok         4933 ms
     broken_tables                ... ok         4948 ms
     chunk_adaptive               ... ok         4991 ms
     chunks                       ... ok         4939 ms
     cluster-15                   ... ok         4948 ms
     constraint-15                ... ok         5042 ms
     copy-15                      ... ok         4969 ms
     create_chunks                ... ok         4941 ms
     create_hypertable            ... ok         4939 ms
     create_table                 ... ok         4954 ms
     cursor-15                    ... ok         4940 ms
     custom_type                  ... ok         4932 ms
     ddl-15                       ... ok         4949 ms
     ddl_errors                   ... ok         4955 ms
     ddl_extra                    ... ok         4947 ms
     delete-15                    ... ok         4941 ms
     drop_extension               ... FAILED     4949 ms
     drop_hypertable              ... ok         4953 ms
     drop_owned                   ... ok         5073 ms
parallel group (21 tests):  drop_schema license generated_as_identity partitioning insert_returning misc hash partition dump_meta merge information_views insert_single null_exclusion lateral grant_hypertable drop_rename_hypertable extension_scripts histogram_test parallel-15 insert-15 insert_many
     drop_rename_hypertable       ... ok         6081 ms
     drop_schema                  ... ok         4665 ms
     dump_meta                    ... ok         6068 ms
     extension_scripts            ... ok         6086 ms
     generated_as_identity        ... ok         6048 ms
     grant_hypertable             ... ok         6080 ms
     hash                         ... ok         6053 ms
     histogram_test               ... ok         6104 ms
     information_views            ... ok         6078 ms
     insert-15                    ... ok         6276 ms
     insert_many                  ... ok         7217 ms
     insert_returning             ... ok         6052 ms
     insert_single                ... ok         6078 ms
     lateral                      ... ok         6078 ms
     license                      ... ok         6046 ms
     merge                        ... ok         6074 ms
     misc                         ... ok         6051 ms
     null_exclusion               ... ok         6077 ms
     parallel-15                  ... ok         6104 ms
     partition                    ... ok         6052 ms
     partitioning                 ... ok         6050 ms
parallel group (21 tests):  plan_hypertable_inline-15 plain update-15 triggers partitionwise-15 plan_ordered_append sort_optimization plan_expand_hypertable-15 upsert size_utils timestamp tableam reloptions rowsecurity-15 sql_query query-15 truncate trusted_extension relocate_extension plan_hashagg-15 pg_join
     partitionwise-15             ... ok         7760 ms
     pg_join                      ... ok         9810 ms
     plain                        ... FAILED     7757 ms
     plan_expand_hypertable-15    ... ok         7761 ms
     plan_hashagg-15              ... ok         9073 ms
     plan_hypertable_inline-15    ... ok         7165 ms
     plan_ordered_append          ... ok         7759 ms
     query-15                     ... ok         7791 ms
     relocate_extension           ... ok         8509 ms
     reloptions                   ... ok         7772 ms
     rowsecurity-15               ... ok         7773 ms
     size_utils                   ... ok         7765 ms
     sort_optimization            ... ok         7759 ms
     sql_query                    ... ok         7774 ms
     tableam                      ... ok         7767 ms
     timestamp                    ... ok         7767 ms
     triggers                     ... ok         7756 ms
     truncate                     ... ok         8120 ms
     trusted_extension            ... ok         8237 ms
     update-15                    ... ok         7756 ms
     upsert                       ... ok         7764 ms
parallel group (4 tests):  util version vacuum_parallel vacuum
     util                         ... ok          807 ms
     vacuum                       ... ok          822 ms
     vacuum_parallel              ... ok          821 ms
     version                      ... ok          820 ms
