test alter                        ... ok         1147 ms
test alternate_users              ... ok          832 ms
test chunk_utils                  ... ok          887 ms
test index                        ... ok         1067 ms
test pg_dump_unprivileged         ... ok          795 ms
test tablespace                   ... ok          773 ms
parallel group (21 tests):  drop_extension drop_hypertable cursor-15 baserel_cache ddl_extra chunks ddl-15 agg_bookends-15 ddl_errors create_hypertable delete-15 custom_type create_table cluster-15 broken_tables create_chunks chunk_adaptive copy-15 constraint-15 drop_owned append-15
     agg_bookends-15              ... ok         5611 ms
     append-15                    ... ok         7187 ms
     baserel_cache                ... ok         5609 ms
     broken_tables                ... ok         5615 ms
     chunk_adaptive               ... ok         5616 ms
     chunks                       ... ok         5609 ms
     cluster-15                   ... ok         5614 ms
     constraint-15                ... ok         5715 ms
     copy-15                      ... ok         5616 ms
     create_chunks                ... ok         5615 ms
     create_hypertable            ... ok         5611 ms
     create_table                 ... ok         5613 ms
     cursor-15                    ... ok         5607 ms
     custom_type                  ... ok         5611 ms
     ddl-15                       ... ok         5609 ms
     ddl_errors                   ... ok         5610 ms
     ddl_extra                    ... ok         5607 ms
     delete-15                    ... ok         5611 ms
     drop_extension               ... FAILED     5601 ms
     drop_hypertable              ... FAILED     5603 ms
     drop_owned                   ... ok         5723 ms
parallel group (21 tests):  hash merge license partitioning histogram_test information_views lateral generated_as_identity misc dump_meta parallel-15 drop_schema grant_hypertable insert_returning insert_single partition drop_rename_hypertable extension_scripts null_exclusion insert-15 insert_many
     drop_rename_hypertable       ... ok         6437 ms
     drop_schema                  ... ok         6434 ms
     dump_meta                    ... ok         6421 ms
     extension_scripts            ... ok         6442 ms
     generated_as_identity        ... ok         6419 ms
     grant_hypertable             ... ok         6434 ms
     hash                         ... ok         5241 ms
     histogram_test               ... ok         6417 ms
     information_views            ... ok         6417 ms
     insert-15                    ... ok         6671 ms
     insert_many                  ... ok         7611 ms
     insert_returning             ... ok         6433 ms
     insert_single                ... ok         6436 ms
     lateral                      ... ok         6418 ms
     license                      ... ok         6415 ms
     merge                        ... ok         6411 ms
     misc                         ... ok         6418 ms
     null_exclusion               ... ok         6459 ms
     parallel-15                  ... ok         6420 ms
     partition                    ... ok         6435 ms
     partitioning                 ... ok         6415 ms
parallel group (21 tests):  partitionwise-15 reloptions plan_hypertable_inline-15 sql_query plain triggers size_utils sort_optimization tableam upsert timestamp update-15 plan_expand_hypertable-15 query-15 rowsecurity-15 plan_ordered_append trusted_extension relocate_extension truncate plan_hashagg-15 pg_join
     partitionwise-15             ... ok         7940 ms
     pg_join                      ... ok        10180 ms
     plain                        ... ok         7943 ms
     plan_expand_hypertable-15    ... ok         7964 ms
     plan_hashagg-15              ... ok         9264 ms
     plan_hypertable_inline-15    ... ok         7940 ms
     plan_ordered_append          ... ok         7981 ms
     query-15                     ... ok         7965 ms
     relocate_extension           ... ok         8161 ms
     reloptions                   ... ok         7940 ms
     rowsecurity-15               ... ok         7975 ms
     size_utils                   ... ok         7951 ms
     sort_optimization            ... ok         7953 ms
     sql_query                    ... ok         7941 ms
     tableam                      ... ok         7953 ms
     timestamp                    ... ok         7953 ms
     triggers                     ... ok         7946 ms
     truncate                     ... ok         8165 ms
     trusted_extension            ... ok         8114 ms
     update-15                    ... ok         7955 ms
     upsert                       ... ok         7952 ms
parallel group (4 tests):  util vacuum version vacuum_parallel
     util                         ... ok          694 ms
     vacuum                       ... ok          708 ms
     vacuum_parallel              ... ok          710 ms
     version                      ... ok          709 ms
