test alter                        ... ok         2436 ms
test alternate_users              ... ok         1639 ms
test chunk_utils                  ... ok         1827 ms
test index                        ... ok         2198 ms
test pg_dump_unprivileged         ... ok         1501 ms
test tablespace                   ... ok         1497 ms
parallel group (21 tests):  custom_type cluster-15 cursor-15 ddl_extra agg_bookends-15 ddl-15 ddl_errors create_table drop_extension chunks create_hypertable delete-15 create_chunks baserel_cache append-15 broken_tables chunk_adaptive copy-15 drop_hypertable constraint-15 drop_owned
     agg_bookends-15              ... ok        11596 ms
     append-15                    ... ok        11624 ms
     baserel_cache                ... ok        11615 ms
     broken_tables                ... ok        11624 ms
     chunk_adaptive               ... ok        11624 ms
     chunks                       ... ok        11598 ms
     cluster-15                   ... ok        11592 ms
     constraint-15                ... ok        11829 ms
     copy-15                      ... ok        11624 ms
     create_chunks                ... ok        11602 ms
     create_hypertable            ... ok        11602 ms
     create_table                 ... ok        11596 ms
     cursor-15                    ... ok        11591 ms
     custom_type                  ... ok        11587 ms
     ddl-15                       ... ok        11595 ms
     ddl_errors                   ... ok        11595 ms
     ddl_extra                    ... ok        11592 ms
     delete-15                    ... ok        11601 ms
     drop_extension               ... FAILED    11596 ms
     drop_hypertable              ... FAILED    11622 ms
     drop_owned                   ... ok        11858 ms
parallel group (21 tests):  hash partitioning null_exclusion parallel-15 partition merge information_views histogram_test lateral grant_hypertable dump_meta drop_rename_hypertable misc insert_returning license drop_schema extension_scripts insert_single generated_as_identity insert-15 insert_many
     drop_rename_hypertable       ... ok        15384 ms
     drop_schema                  ... ok        15393 ms
     dump_meta                    ... ok        15383 ms
     extension_scripts            ... ok        15400 ms
     generated_as_identity        ... ok        15400 ms
     grant_hypertable             ... ok        15383 ms
     hash                         ... ok        12328 ms
     histogram_test               ... ok        15382 ms
     information_views            ... ok        15382 ms
     insert-15                    ... ok        15814 ms
     insert_many                  ... ok        17841 ms
     insert_returning             ... ok        15384 ms
     insert_single                ... ok        15399 ms
     lateral                      ... ok        15382 ms
     license                      ... ok        15384 ms
     merge                        ... ok        15381 ms
     misc                         ... ok        15384 ms
     null_exclusion               ... ok        15375 ms
     parallel-15                  ... ok        15375 ms
     partition                    ... ok        15380 ms
     partitioning                 ... ok        15356 ms
parallel group (21 tests):  tableam triggers timestamp plan_hypertable_inline-15 query-15 partitionwise-15 plan_ordered_append rowsecurity-15 plain reloptions upsert size_utils sort_optimization update-15 sql_query plan_expand_hypertable-15 plan_hashagg-15 relocate_extension truncate trusted_extension pg_join
     partitionwise-15             ... ok        19298 ms
     pg_join                      ... ok        19584 ms
     plain                        ... ok        19361 ms
     plan_expand_hypertable-15    ... ok        19410 ms
     plan_hashagg-15              ... ok        19413 ms
     plan_hypertable_inline-15    ... ok        19289 ms
     plan_ordered_append          ... ok        19305 ms
     query-15                     ... ok        19289 ms
     relocate_extension           ... ok        19546 ms
     reloptions                   ... ok        19362 ms
     rowsecurity-15               ... ok        19305 ms
     size_utils                   ... ok        19363 ms
     sort_optimization            ... ok        19364 ms
     sql_query                    ... ok        19383 ms
     tableam                      ... ok        19282 ms
     timestamp                    ... ok        19287 ms
     triggers                     ... ok        19286 ms
     truncate                     ... ok        19575 ms
     trusted_extension            ... ok        19577 ms
     update-15                    ... ok        19365 ms
     upsert                       ... ok        19361 ms
parallel group (4 tests):  util version vacuum vacuum_parallel
     util                         ... ok         1635 ms
     vacuum                       ... ok         1669 ms
     vacuum_parallel              ... ok         1672 ms
     version                      ... ok         1659 ms
