test alter                        ... ok         1142 ms
test alternate_users              ... ok          792 ms
test chunk_utils                  ... ok          904 ms
test index                        ... ok         1044 ms
test pg_dump_unprivileged         ... ok          783 ms
test tablespace                   ... ok          754 ms
parallel group (21 tests):  drop_hypertable ddl_extra custom_type create_chunks create_table delete-15 cluster-15 baserel_cache chunks ddl_errors ddl-15 agg_bookends-15 create_hypertable cursor-15 broken_tables drop_extension chunk_adaptive copy-15 constraint-15 drop_owned append-15
     agg_bookends-15              ... ok         5140 ms
     append-15                    ... ok         6784 ms
     baserel_cache                ... ok         5136 ms
     broken_tables                ... ok         5143 ms
     chunk_adaptive               ... ok         5153 ms
     chunks                       ... ok         5137 ms
     cluster-15                   ... ok         5128 ms
     constraint-15                ... ok         5259 ms
     copy-15                      ... ok         5156 ms
     create_chunks                ... ok         5124 ms
     create_hypertable            ... ok         5140 ms
     create_table                 ... ok         5124 ms
     cursor-15                    ... ok         5142 ms
     custom_type                  ... ok         5123 ms
     ddl-15                       ... ok         5138 ms
     ddl_errors                   ... ok         5136 ms
     ddl_extra                    ... ok         5122 ms
     delete-15                    ... ok         5123 ms
     drop_extension               ... FAILED     5142 ms
     drop_hypertable              ... ok         5118 ms
     drop_owned                   ... ok         5267 ms
parallel group (21 tests):  partitioning hash merge misc partition insert_returning dump_meta drop_schema grant_hypertable information_views lateral parallel-15 license drop_rename_hypertable generated_as_identity insert_single null_exclusion histogram_test extension_scripts insert-15 insert_many
     drop_rename_hypertable       ... ok         5904 ms
     drop_schema                  ... ok         5901 ms
     dump_meta                    ... ok         5898 ms
     extension_scripts            ... ok         5905 ms
     generated_as_identity        ... ok         5904 ms
     grant_hypertable             ... ok         5901 ms
     hash                         ... ok         5873 ms
     histogram_test               ... ok         5905 ms
     information_views            ... ok         5901 ms
     insert-15                    ... ok         6477 ms
     insert_many                  ... ok         7463 ms
     insert_returning             ... ok         5892 ms
     insert_single                ... ok         5904 ms
     lateral                      ... ok         5901 ms
     license                      ... ok         5903 ms
     merge                        ... ok         5882 ms
     misc                         ... ok         5889 ms
     null_exclusion               ... ok         5904 ms
     parallel-15                  ... ok         5900 ms
     partition                    ... ok         5890 ms
     partitioning                 ... ok         4463 ms
parallel group (21 tests):  reloptions sql_query partitionwise-15 size_utils triggers sort_optimization plan_hypertable_inline-15 update-15 tableam upsert rowsecurity-15 plain timestamp query-15 plan_ordered_append plan_expand_hypertable-15 truncate trusted_extension relocate_extension plan_hashagg-15 pg_join
     partitionwise-15             ... ok         7865 ms
     pg_join                      ... ok        10232 ms
     plain                        ... ok         7877 ms
     plan_expand_hypertable-15    ... ok         7894 ms
     plan_hashagg-15              ... ok         9316 ms
     plan_hypertable_inline-15    ... ok         7872 ms
     plan_ordered_append          ... ok         7891 ms
     query-15                     ... ok         7884 ms
     relocate_extension           ... ok         8618 ms
     reloptions                   ... ok         7239 ms
     rowsecurity-15               ... ok         7873 ms
     size_utils                   ... ok         7864 ms
     sort_optimization            ... ok         7869 ms
     sql_query                    ... ok         7861 ms
     tableam                      ... ok         7872 ms
     timestamp                    ... ok         7876 ms
     triggers                     ... ok         7868 ms
     truncate                     ... ok         8289 ms
     trusted_extension            ... ok         8374 ms
     update-15                    ... ok         7871 ms
     upsert                       ... ok         7872 ms
parallel group (4 tests):  version util vacuum_parallel vacuum
     util                         ... ok          727 ms
     vacuum                       ... ok          734 ms
     vacuum_parallel              ... ok          733 ms
     version                      ... ok          721 ms
