test alter                        ... ok         2408 ms
test alternate_users              ... ok         1693 ms
test chunk_utils                  ... ok         1841 ms
test index                        ... ok         2198 ms
test pg_dump_unprivileged         ... ok         1459 ms
test tablespace                   ... ok         1527 ms
parallel group (21 tests):  ddl_extra cursor-15 ddl_errors create_chunks custom_type create_hypertable agg_bookends-15 baserel_cache ddl-15 delete-15 chunk_adaptive drop_hypertable drop_extension chunks broken_tables cluster-15 create_table append-15 copy-15 constraint-15 drop_owned
     agg_bookends-15              ... ok        11210 ms
     append-15                    ... ok        11236 ms
     baserel_cache                ... ok        11211 ms
     broken_tables                ... ok        11214 ms
     chunk_adaptive               ... ok        11212 ms
     chunks                       ... ok        11212 ms
     cluster-15                   ... ok        11215 ms
     constraint-15                ... ok        11407 ms
     copy-15                      ... ok        11243 ms
     create_chunks                ... ok        11207 ms
     create_hypertable            ... ok        11209 ms
     create_table                 ... ok        11215 ms
     cursor-15                    ... ok        11205 ms
     custom_type                  ... ok        11208 ms
     ddl-15                       ... ok        11210 ms
     ddl_errors                   ... ok        11205 ms
     ddl_extra                    ... ok        11201 ms
     delete-15                    ... ok        11210 ms
     drop_extension               ... FAILED    11210 ms
     drop_hypertable              ... ok        11210 ms
     drop_owned                   ... ok        11463 ms
parallel group (21 tests):  generated_as_identity null_exclusion histogram_test insert_returning dump_meta information_views parallel-15 drop_schema lateral license grant_hypertable partitioning misc hash partition extension_scripts merge insert_single drop_rename_hypertable insert-15 insert_many
     drop_rename_hypertable       ... ok        15441 ms
     drop_schema                  ... ok        15352 ms
     dump_meta                    ... ok        15349 ms
     extension_scripts            ... ok        15358 ms
     generated_as_identity        ... ok        11057 ms
     grant_hypertable             ... ok        15354 ms
     hash                         ... ok        15354 ms
     histogram_test               ... ok        15336 ms
     information_views            ... ok        15349 ms
     insert-15                    ... ok        16219 ms
     insert_many                  ... ok        18233 ms
     insert_returning             ... ok        15336 ms
     insert_single                ... ok        15439 ms
     lateral                      ... ok        15351 ms
     license                      ... ok        15351 ms
     merge                        ... ok        15427 ms
     misc                         ... ok        15353 ms
     null_exclusion               ... ok        15318 ms
     parallel-15                  ... ok        15350 ms
     partition                    ... ok        15353 ms
     partitioning                 ... ok        15352 ms
parallel group (21 tests):  plan_hypertable_inline-15 upsert query-15 update-15 tableam plan_hashagg-15 partitionwise-15 plain reloptions timestamp triggers sort_optimization sql_query size_utils plan_expand_hypertable-15 rowsecurity-15 plan_ordered_append pg_join truncate trusted_extension relocate_extension
     partitionwise-15             ... ok        19112 ms
     pg_join                      ... ok        19384 ms
     plain                        ... ok        19112 ms
     plan_expand_hypertable-15    ... ok        19135 ms
     plan_hashagg-15              ... ok        19031 ms
     plan_hypertable_inline-15    ... ok        18194 ms
     plan_ordered_append          ... ok        19135 ms
     query-15                     ... ok        19004 ms
     relocate_extension           ... ok        20260 ms
     reloptions                   ... ok        19129 ms
     rowsecurity-15               ... ok        19134 ms
     size_utils                   ... ok        19134 ms
     sort_optimization            ... ok        19129 ms
     sql_query                    ... ok        19129 ms
     tableam                      ... ok        19004 ms
     timestamp                    ... ok        19128 ms
     triggers                     ... ok        19128 ms
     truncate                     ... ok        19613 ms
     trusted_extension            ... ok        19613 ms
     update-15                    ... ok        19003 ms
     upsert                       ... ok        19003 ms
parallel group (4 tests):  util version vacuum_parallel vacuum
     util                         ... ok         1579 ms
     vacuum                       ... ok         1605 ms
     vacuum_parallel              ... ok         1605 ms
     version                      ... ok         1603 ms
