test alter                        ... ok         1063 ms
test alternate_users              ... ok          837 ms
test chunk_utils                  ... ok          847 ms
test index                        ... ok         1061 ms
test pg_dump_unprivileged         ... ok          746 ms
test tablespace                   ... ok          711 ms
parallel group (21 tests):  cursor-15 chunks create_chunks cluster-15 baserel_cache ddl-15 ddl_errors ddl_extra create_hypertable create_table broken_tables custom_type drop_extension delete-15 drop_hypertable agg_bookends-15 chunk_adaptive copy-15 constraint-15 drop_owned append-15
     agg_bookends-15              ... ok         5061 ms
     append-15                    ... ok         6338 ms
     baserel_cache                ... ok         5041 ms
     broken_tables                ... ok         5046 ms
     chunk_adaptive               ... ok         5068 ms
     chunks                       ... ok         5037 ms
     cluster-15                   ... ok         5040 ms
     constraint-15                ... ok         5121 ms
     copy-15                      ... ok         5073 ms
     create_chunks                ... ok         5037 ms
     create_hypertable            ... ok         5044 ms
     create_table                 ... ok         5044 ms
     cursor-15                    ... ok         5035 ms
     custom_type                  ... ok         5049 ms
     ddl-15                       ... ok         5040 ms
     ddl_errors                   ... ok         5043 ms
     ddl_extra                    ... ok         5043 ms
     delete-15                    ... ok         5054 ms
     drop_extension               ... FAILED     5051 ms
     drop_hypertable              ... ok         5055 ms
     drop_owned                   ... ok         5159 ms
parallel group (21 tests):  null_exclusion merge lateral generated_as_identity grant_hypertable information_views license drop_schema dump_meta drop_rename_hypertable parallel-15 extension_scripts partition misc hash insert_returning partitioning histogram_test insert_single insert-15 insert_many
     drop_rename_hypertable       ... ok         5986 ms
     drop_schema                  ... ok         5975 ms
     dump_meta                    ... ok         5984 ms
     extension_scripts            ... ok         5988 ms
     generated_as_identity        ... ok         5971 ms
     grant_hypertable             ... ok         5970 ms
     hash                         ... ok         6011 ms
     histogram_test               ... ok         6017 ms
     information_views            ... ok         5970 ms
     insert-15                    ... ok         6159 ms
     insert_many                  ... ok         7135 ms
     insert_returning             ... ok         6011 ms
     insert_single                ... ok         6017 ms
     lateral                      ... ok         5969 ms
     license                      ... ok         5971 ms
     merge                        ... ok         5963 ms
     misc                         ... ok         6005 ms
     null_exclusion               ... ok         4982 ms
     parallel-15                  ... ok         5986 ms
     partition                    ... ok         5986 ms
     partitioning                 ... ok         6012 ms
parallel group (21 tests):  sort_optimization reloptions partitionwise-15 plain query-15 plan_expand_hypertable-15 tableam update-15 timestamp plan_hypertable_inline-15 triggers upsert sql_query size_utils rowsecurity-15 plan_ordered_append truncate trusted_extension relocate_extension plan_hashagg-15 pg_join
     partitionwise-15             ... ok         7184 ms
     pg_join                      ... ok         9640 ms
     plain                        ... FAILED     7185 ms
     plan_expand_hypertable-15    ... ok         7206 ms
     plan_hashagg-15              ... ok         8908 ms
     plan_hypertable_inline-15    ... ok         7250 ms
     plan_ordered_append          ... ok         7708 ms
     query-15                     ... ok         7191 ms
     relocate_extension           ... ok         7977 ms
     reloptions                   ... ok         7180 ms
     rowsecurity-15               ... ok         7262 ms
     size_utils                   ... ok         7258 ms
     sort_optimization            ... ok         6500 ms
     sql_query                    ... ok         7255 ms
     tableam                      ... ok         7246 ms
     timestamp                    ... ok         7248 ms
     triggers                     ... ok         7252 ms
     truncate                     ... ok         7831 ms
     trusted_extension            ... ok         7831 ms
     update-15                    ... ok         7246 ms
     upsert                       ... ok         7252 ms
parallel group (4 tests):  version util vacuum vacuum_parallel
     util                         ... ok          699 ms
     vacuum                       ... ok          699 ms
     vacuum_parallel              ... ok          701 ms
     version                      ... ok          682 ms
