test alter                        ... ok         2380 ms
test alternate_users              ... ok         1698 ms
test chunk_utils                  ... ok         1874 ms
test index                        ... ok         2221 ms
test pg_dump_unprivileged         ... ok         1513 ms
test tablespace                   ... ok         1523 ms
parallel group (21 tests):  agg_bookends-15 baserel_cache create_chunks drop_extension ddl_extra chunks cursor-15 create_table cluster-15 ddl_errors delete-15 create_hypertable broken_tables ddl-15 custom_type drop_hypertable copy-15 chunk_adaptive append-15 constraint-15 drop_owned
     agg_bookends-15              ... ok        11902 ms
     append-15                    ... ok        11945 ms
     baserel_cache                ... ok        11905 ms
     broken_tables                ... ok        11917 ms
     chunk_adaptive               ... ok        11945 ms
     chunks                       ... ok        11913 ms
     cluster-15                   ... ok        11916 ms
     constraint-15                ... ok        12147 ms
     copy-15                      ... ok        11929 ms
     create_chunks                ... ok        11909 ms
     create_hypertable            ... ok        11916 ms
     create_table                 ... ok        11913 ms
     cursor-15                    ... ok        11912 ms
     custom_type                  ... ok        11917 ms
     ddl-15                       ... ok        11917 ms
     ddl_errors                   ... ok        11915 ms
     ddl_extra                    ... ok        11909 ms
     delete-15                    ... ok        11916 ms
     drop_extension               ... FAILED    11908 ms
     drop_hypertable              ... ok        11917 ms
     drop_owned                   ... ok        12178 ms
parallel group (21 tests):  partitioning histogram_test hash drop_schema extension_scripts generated_as_identity insert_returning merge information_views insert_single lateral grant_hypertable license parallel-15 drop_rename_hypertable dump_meta misc null_exclusion partition insert-15 insert_many
     drop_rename_hypertable       ... ok        15397 ms
     drop_schema                  ... ok        15341 ms
     dump_meta                    ... ok        15397 ms
     extension_scripts            ... ok        15341 ms
     generated_as_identity        ... ok        15341 ms
     grant_hypertable             ... ok        15346 ms
     hash                         ... ok        15340 ms
     histogram_test               ... ok        15327 ms
     information_views            ... ok        15341 ms
     insert-15                    ... ok        15801 ms
     insert_many                  ... ok        17906 ms
     insert_returning             ... ok        15341 ms
     insert_single                ... ok        15345 ms
     lateral                      ... ok        15345 ms
     license                      ... ok        15345 ms
     merge                        ... ok        15340 ms
     misc                         ... ok        15395 ms
     null_exclusion               ... ok        15411 ms
     parallel-15                  ... ok        15345 ms
     partition                    ... ok        15411 ms
     partitioning                 ... ok        11976 ms
parallel group (21 tests):  plain tableam upsert sort_optimization triggers update-15 partitionwise-15 plan_hypertable_inline-15 reloptions timestamp sql_query query-15 plan_ordered_append size_utils rowsecurity-15 plan_expand_hypertable-15 plan_hashagg-15 truncate trusted_extension pg_join relocate_extension
     partitionwise-15             ... ok        19455 ms
     pg_join                      ... ok        20321 ms
     plain                        ... FAILED    18377 ms
     plan_expand_hypertable-15    ... ok        19471 ms
     plan_hashagg-15              ... ok        19501 ms
     plan_hypertable_inline-15    ... ok        19455 ms
     plan_ordered_append          ... ok        19466 ms
     query-15                     ... ok        19456 ms
     relocate_extension           ... ok        20800 ms
     reloptions                   ... ok        19454 ms
     rowsecurity-15               ... ok        19467 ms
     size_utils                   ... ok        19465 ms
     sort_optimization            ... ok        19433 ms
     sql_query                    ... ok        19456 ms
     tableam                      ... ok        18376 ms
     timestamp                    ... ok        19454 ms
     triggers                     ... ok        19439 ms
     truncate                     ... ok        20173 ms
     trusted_extension            ... ok        20304 ms
     update-15                    ... ok        19440 ms
     upsert                       ... ok        19424 ms
parallel group (4 tests):  util version vacuum vacuum_parallel
     util                         ... ok         1668 ms
     vacuum                       ... ok         1699 ms
     vacuum_parallel              ... ok         1699 ms
     version                      ... ok         1696 ms
