test alter                        ... ok         2426 ms
test alternate_users              ... ok         1706 ms
test chunk_utils                  ... ok         1852 ms
test index                        ... ok         2214 ms
test pg_dump_unprivileged         ... ok         1477 ms
test tablespace                   ... ok         1525 ms
parallel group (21 tests):  create_chunks chunks agg_bookends-15 ddl-15 drop_extension baserel_cache create_table custom_type delete-15 cursor-15 create_hypertable ddl_errors append-15 broken_tables cluster-15 drop_hypertable ddl_extra chunk_adaptive copy-15 constraint-15 drop_owned
     agg_bookends-15              ... ok        11606 ms
     append-15                    ... ok        11617 ms
     baserel_cache                ... ok        11610 ms
     broken_tables                ... ok        11620 ms
     chunk_adaptive               ... ok        11645 ms
     chunks                       ... ok        11605 ms
     cluster-15                   ... ok        11619 ms
     constraint-15                ... ok        11872 ms
     copy-15                      ... ok        11657 ms
     create_chunks                ... ok        11604 ms
     create_hypertable            ... ok        11615 ms
     create_table                 ... ok        11610 ms
     cursor-15                    ... ok        11615 ms
     custom_type                  ... ok        11613 ms
     ddl-15                       ... ok        11607 ms
     ddl_errors                   ... ok        11616 ms
     ddl_extra                    ... ok        11619 ms
     delete-15                    ... ok        11612 ms
     drop_extension               ... FAILED    11608 ms
     drop_hypertable              ... ok        11618 ms
     drop_owned                   ... ok        11903 ms
parallel group (21 tests):  null_exclusion hash generated_as_identity lateral merge drop_schema insert_returning license misc information_views drop_rename_hypertable partitioning dump_meta grant_hypertable extension_scripts histogram_test insert_single parallel-15 partition insert-15 insert_many
     drop_rename_hypertable       ... ok        15428 ms
     drop_schema                  ... ok        15428 ms
     dump_meta                    ... ok        15440 ms
     extension_scripts            ... ok        15440 ms
     generated_as_identity        ... ok        15417 ms
     grant_hypertable             ... ok        15440 ms
     hash                         ... ok        15403 ms
     histogram_test               ... ok        15439 ms
     information_views            ... ok        15427 ms
     insert-15                    ... ok        15966 ms
     insert_many                  ... ok        18120 ms
     insert_returning             ... ok        15427 ms
     insert_single                ... ok        15444 ms
     lateral                      ... ok        15418 ms
     license                      ... ok        15426 ms
     merge                        ... ok        15425 ms
     misc                         ... ok        15426 ms
     null_exclusion               ... ok        11196 ms
     parallel-15                  ... ok        15444 ms
     partition                    ... ok        15444 ms
     partitioning                 ... ok        15427 ms
parallel group (21 tests):  sort_optimization triggers size_utils plan_expand_hypertable-15 upsert partitionwise-15 timestamp tableam reloptions sql_query plain plan_hypertable_inline-15 query-15 rowsecurity-15 update-15 plan_ordered_append plan_hashagg-15 pg_join trusted_extension truncate relocate_extension
     partitionwise-15             ... ok        19530 ms
     pg_join                      ... ok        19890 ms
     plain                        ... ok        19643 ms
     plan_expand_hypertable-15    ... ok        19529 ms
     plan_hashagg-15              ... ok        19678 ms
     plan_hypertable_inline-15    ... ok        19643 ms
     plan_ordered_append          ... ok        19662 ms
     query-15                     ... ok        19642 ms
     relocate_extension           ... ok        20763 ms
     reloptions                   ... ok        19622 ms
     rowsecurity-15               ... ok        19642 ms
     size_utils                   ... ok        19528 ms
     sort_optimization            ... ok        18986 ms
     sql_query                    ... ok        19622 ms
     tableam                      ... ok        19621 ms
     timestamp                    ... ok        19621 ms
     triggers                     ... ok        19527 ms
     truncate                     ... ok        20097 ms
     trusted_extension            ... ok        20097 ms
     update-15                    ... ok        19641 ms
     upsert                       ... ok        19528 ms
parallel group (4 tests):  util version vacuum_parallel vacuum
     util                         ... ok         1554 ms
     vacuum                       ... ok         1583 ms
     vacuum_parallel              ... ok         1583 ms
     version                      ... ok         1580 ms
