test alter                        ... ok         1160 ms
test alternate_users              ... ok          807 ms
test chunk_utils                  ... ok          889 ms
test index                        ... ok         1017 ms
test pg_dump_unprivileged         ... ok          774 ms
test tablespace                   ... ok          737 ms
parallel group (21 tests):  cursor-15 broken_tables cluster-15 ddl_extra ddl_errors create_table agg_bookends-15 drop_hypertable baserel_cache custom_type drop_extension create_hypertable create_chunks delete-15 ddl-15 chunks chunk_adaptive copy-15 constraint-15 drop_owned append-15
     agg_bookends-15              ... ok         4786 ms
     append-15                    ... ok         6599 ms
     baserel_cache                ... ok         4786 ms
     broken_tables                ... ok         4774 ms
     chunk_adaptive               ... ok         4808 ms
     chunks                       ... ok         4804 ms
     cluster-15                   ... ok         4777 ms
     constraint-15                ... ok         4902 ms
     copy-15                      ... ok         4817 ms
     create_chunks                ... ok         4790 ms
     create_hypertable            ... ok         4789 ms
     create_table                 ... ok         4781 ms
     cursor-15                    ... ok         4769 ms
     custom_type                  ... ok         4787 ms
     ddl-15                       ... ok         4798 ms
     ddl_errors                   ... ok         4781 ms
     ddl_extra                    ... ok         4779 ms
     delete-15                    ... ok         4794 ms
     drop_extension               ... FAILED     4788 ms
     drop_hypertable              ... ok         4785 ms
     drop_owned                   ... ok         4910 ms
parallel group (21 tests):  merge partitioning null_exclusion license insert_returning drop_rename_hypertable hash insert_single extension_scripts drop_schema misc lateral information_views parallel-15 dump_meta grant_hypertable generated_as_identity histogram_test partition insert-15 insert_many
     drop_rename_hypertable       ... ok         6046 ms
     drop_schema                  ... ok         6057 ms
     dump_meta                    ... ok         6088 ms
     extension_scripts            ... ok         6054 ms
     generated_as_identity        ... ok         6088 ms
     grant_hypertable             ... ok         6088 ms
     hash                         ... ok         6051 ms
     histogram_test               ... ok         6088 ms
     information_views            ... ok         6060 ms
     insert-15                    ... ok         6256 ms
     insert_many                  ... ok         7292 ms
     insert_returning             ... ok         6041 ms
     insert_single                ... ok         6052 ms
     lateral                      ... ok         6058 ms
     license                      ... ok         6041 ms
     merge                        ... ok         4961 ms
     misc                         ... ok         6058 ms
     null_exclusion               ... ok         6039 ms
     parallel-15                  ... ok         6059 ms
     partition                    ... ok         6086 ms
     partitioning                 ... ok         6030 ms
parallel group (21 tests):  reloptions update-15 plan_hypertable_inline-15 sort_optimization sql_query plain triggers rowsecurity-15 timestamp tableam size_utils query-15 upsert partitionwise-15 plan_ordered_append plan_expand_hypertable-15 trusted_extension truncate relocate_extension plan_hashagg-15 pg_join
     partitionwise-15             ... ok         7501 ms
     pg_join                      ... ok         9753 ms
     plain                        ... ok         7495 ms
     plan_expand_hypertable-15    ... ok         7520 ms
     plan_hashagg-15              ... ok         8894 ms
     plan_hypertable_inline-15    ... ok         7478 ms
     plan_ordered_append          ... ok         7513 ms
     query-15                     ... ok         7500 ms
     relocate_extension           ... ok         8172 ms
     reloptions                   ... ok         7001 ms
     rowsecurity-15               ... ok         7496 ms
     size_utils                   ... ok         7499 ms
     sort_optimization            ... ok         7483 ms
     sql_query                    ... ok         7490 ms
     tableam                      ... ok         7498 ms
     timestamp                    ... ok         7496 ms
     triggers                     ... ok         7494 ms
     truncate                     ... ok         7930 ms
     trusted_extension            ... ok         7878 ms
     update-15                    ... ok         7476 ms
     upsert                       ... ok         7498 ms
parallel group (4 tests):  util version vacuum_parallel vacuum
     util                         ... ok          699 ms
     vacuum                       ... ok          708 ms
     vacuum_parallel              ... ok          707 ms
     version                      ... ok          699 ms
