test alter                        ... ok         2432 ms
test alternate_users              ... ok         1683 ms
test chunk_utils                  ... ok         1870 ms
test index                        ... ok         2220 ms
test pg_dump_unprivileged         ... ok         1535 ms
test tablespace                   ... ok         1517 ms
parallel group (21 tests):  chunks ddl_errors cursor-15 agg_bookends-15 create_table drop_extension create_hypertable custom_type cluster-15 ddl-15 broken_tables ddl_extra baserel_cache create_chunks delete-15 drop_hypertable chunk_adaptive copy-15 append-15 constraint-15 drop_owned
     agg_bookends-15              ... ok        11858 ms
     append-15                    ... ok        11886 ms
     baserel_cache                ... ok        11869 ms
     broken_tables                ... ok        11862 ms
     chunk_adaptive               ... ok        11882 ms
     chunks                       ... ok        11852 ms
     cluster-15                   ... ok        11862 ms
     constraint-15                ... ok        12083 ms
     copy-15                      ... ok        11885 ms
     create_chunks                ... ok        11869 ms
     create_hypertable            ... ok        11861 ms
     create_table                 ... ok        11857 ms
     cursor-15                    ... ok        11854 ms
     custom_type                  ... ok        11861 ms
     ddl-15                       ... ok        11861 ms
     ddl_errors                   ... ok        11853 ms
     ddl_extra                    ... ok        11861 ms
     delete-15                    ... ok        11868 ms
     drop_extension               ... FAILED    11860 ms
     drop_hypertable              ... ok        11868 ms
     drop_owned                   ... ok        12111 ms
parallel group (21 tests):  drop_schema hash insert_returning merge partitioning drop_rename_hypertable misc null_exclusion parallel-15 partition license histogram_test grant_hypertable insert_single dump_meta generated_as_identity information_views lateral extension_scripts insert-15 insert_many
     drop_rename_hypertable       ... ok        15550 ms
     drop_schema                  ... ok        11450 ms
     dump_meta                    ... ok        15609 ms
     extension_scripts            ... ok        15625 ms
     generated_as_identity        ... ok        15609 ms
     grant_hypertable             ... ok        15552 ms
     hash                         ... ok        15516 ms
     histogram_test               ... ok        15552 ms
     information_views            ... ok        15609 ms
     insert-15                    ... ok        16026 ms
     insert_many                  ... ok        18333 ms
     insert_returning             ... ok        15516 ms
     insert_single                ... ok        15551 ms
     lateral                      ... ok        15608 ms
     license                      ... ok        15549 ms
     merge                        ... ok        15515 ms
     misc                         ... ok        15549 ms
     null_exclusion               ... ok        15549 ms
     parallel-15                  ... ok        15549 ms
     partition                    ... ok        15548 ms
     partitioning                 ... ok        15535 ms
parallel group (21 tests):  tableam sort_optimization triggers plan_expand_hypertable-15 reloptions plan_hypertable_inline-15 plain sql_query timestamp update-15 upsert partitionwise-15 query-15 size_utils rowsecurity-15 plan_hashagg-15 plan_ordered_append trusted_extension pg_join truncate relocate_extension
     partitionwise-15             ... ok        18973 ms
     pg_join                      ... ok        19766 ms
     plain                        ... FAILED    18969 ms
     plan_expand_hypertable-15    ... ok        18964 ms
     plan_hashagg-15              ... ok        18995 ms
     plan_hypertable_inline-15    ... ok        18968 ms
     plan_ordered_append          ... ok        18997 ms
     query-15                     ... ok        18994 ms
     relocate_extension           ... ok        20317 ms
     reloptions                   ... ok        18967 ms
     rowsecurity-15               ... ok        18994 ms
     size_utils                   ... ok        18994 ms
     sort_optimization            ... ok        18957 ms
     sql_query                    ... ok        18971 ms
     tableam                      ... ok        17776 ms
     timestamp                    ... ok        18971 ms
     triggers                     ... ok        18961 ms
     truncate                     ... ok        19764 ms
     trusted_extension            ... ok        19614 ms
     update-15                    ... ok        18971 ms
     upsert                       ... ok        18970 ms
parallel group (4 tests):  util vacuum vacuum_parallel version
     util                         ... ok         1631 ms
     vacuum                       ... ok         1659 ms
     vacuum_parallel              ... ok         1663 ms
     version                      ... ok         1662 ms
