test alter                        ... ok         2439 ms
test alternate_users              ... FAILED     1717 ms
test chunk_utils                  ... ok         1862 ms
test index                        ... ok         2224 ms
test pg_dump_unprivileged         ... ok         1510 ms
test tablespace                   ... ok         1549 ms
parallel group (21 tests):  drop_hypertable cursor-15 ddl-15 baserel_cache chunks broken_tables cluster-15 create_hypertable agg_bookends-15 create_table ddl_extra append-15 copy-15 create_chunks ddl_errors drop_extension chunk_adaptive custom_type delete-15 constraint-15 drop_owned
     agg_bookends-15              ... ok        11805 ms
     append-15                    ... ok        11830 ms
     baserel_cache                ... ok        11802 ms
     broken_tables                ... ok        11803 ms
     chunk_adaptive               ... ok        11831 ms
     chunks                       ... ok        11803 ms
     cluster-15                   ... ok        11804 ms
     constraint-15                ... ok        12032 ms
     copy-15                      ... ok        11830 ms
     create_chunks                ... ok        11830 ms
     create_hypertable            ... ok        11804 ms
     create_table                 ... ok        11820 ms
     cursor-15                    ... ok        11791 ms
     custom_type                  ... ok        11831 ms
     ddl-15                       ... ok        11795 ms
     ddl_errors                   ... ok        11829 ms
     ddl_extra                    ... ok        11820 ms
     delete-15                    ... ok        11830 ms
     drop_extension               ... FAILED    11829 ms
     drop_hypertable              ... ok        11788 ms
     drop_owned                   ... ok        12057 ms
parallel group (21 tests):  insert_returning license histogram_test drop_schema lateral hash merge generated_as_identity dump_meta misc partitioning null_exclusion parallel-15 grant_hypertable extension_scripts insert_single partition drop_rename_hypertable information_views insert-15 insert_many
     drop_rename_hypertable       ... FAILED    15460 ms
     drop_schema                  ... ok        15424 ms
     dump_meta                    ... FAILED    15450 ms
     extension_scripts            ... FAILED    15458 ms
     generated_as_identity        ... ok        15450 ms
     grant_hypertable             ... ok        15457 ms
     hash                         ... ok        15449 ms
     histogram_test               ... ok        15423 ms
     information_views            ... ok        15459 ms
     insert-15                    ... ok        16068 ms
     insert_many                  ... ok        18227 ms
     insert_returning             ... ok        11157 ms
     insert_single                ... ok        15458 ms
     lateral                      ... ok        15423 ms
     license                      ... ok        15403 ms
     merge                        ... ok        15449 ms
     misc                         ... ok        15449 ms
     null_exclusion               ... ok        15456 ms
     parallel-15                  ... ok        15456 ms
     partition                    ... ok        15457 ms
     partitioning                 ... ok        15448 ms
parallel group (21 tests):  plan_hypertable_inline-15 timestamp sort_optimization update-15 upsert plain size_utils pg_join sql_query partitionwise-15 tableam reloptions plan_ordered_append rowsecurity-15 plan_expand_hypertable-15 triggers query-15 plan_hashagg-15 trusted_extension truncate relocate_extension
     partitionwise-15             ... ok        19887 ms
     pg_join                      ... ok        19886 ms
     plain                        ... FAILED    19878 ms
     plan_expand_hypertable-15    ... ok        19888 ms
     plan_hashagg-15              ... ok        19912 ms
     plan_hypertable_inline-15    ... ok        19830 ms
     plan_ordered_append          ... ok        19887 ms
     query-15                     ... ok        19889 ms
     relocate_extension           ... ok        20716 ms
     reloptions                   ... ok        19886 ms
     rowsecurity-15               ... ok        19887 ms
     size_utils                   ... ok        19878 ms
     sort_optimization            ... ok        19876 ms
     sql_query                    ... ok        19885 ms
     tableam                      ... ok        19885 ms
     timestamp                    ... ok        19860 ms
     triggers                     ... ok        19887 ms
     truncate                     ... ok        20549 ms
     trusted_extension            ... ok        20405 ms
     update-15                    ... ok        19875 ms
     upsert                       ... ok        19875 ms
parallel group (4 tests):  util version vacuum_parallel vacuum
     util                         ... ok         1606 ms
     vacuum                       ... ok         1641 ms
     vacuum_parallel              ... ok         1639 ms
     version                      ... ok         1633 ms
