test alter                        ... ok         1159 ms
test alternate_users              ... ok          760 ms
test chunk_utils                  ... ok          884 ms
test index                        ... ok         1003 ms
test pg_dump_unprivileged         ... ok          781 ms
test tablespace                   ... ok          731 ms
parallel group (21 tests):  cursor-15 drop_hypertable ddl_errors create_chunks ddl_extra create_hypertable broken_tables chunks baserel_cache custom_type create_table drop_extension ddl-15 delete-15 cluster-15 agg_bookends-15 chunk_adaptive copy-15 constraint-15 drop_owned append-15
     agg_bookends-15              ... ok         4966 ms
     append-15                    ... ok         6498 ms
     baserel_cache                ... ok         4952 ms
     broken_tables                ... ok         4947 ms
     chunk_adaptive               ... ok         4980 ms
     chunks                       ... ok         4950 ms
     cluster-15                   ... ok         4963 ms
     constraint-15                ... ok         5063 ms
     copy-15                      ... ok         4986 ms
     create_chunks                ... ok         4944 ms
     create_hypertable            ... ok         4946 ms
     create_table                 ... ok         4952 ms
     cursor-15                    ... ok         4942 ms
     custom_type                  ... ok         4951 ms
     ddl-15                       ... ok         4952 ms
     ddl_errors                   ... ok         4942 ms
     ddl_extra                    ... ok         4944 ms
     delete-15                    ... ok         4952 ms
     drop_extension               ... FAILED     4952 ms
     drop_hypertable              ... ok         4941 ms
     drop_owned                   ... ok         5071 ms
parallel group (21 tests):  hash drop_schema parallel-15 partitioning drop_rename_hypertable null_exclusion license information_views misc grant_hypertable lateral insert_single partition extension_scripts dump_meta generated_as_identity insert_returning histogram_test merge insert-15 insert_many
     drop_rename_hypertable       ... ok         6147 ms
     drop_schema                  ... ok         6145 ms
     dump_meta                    ... ok         6198 ms
     extension_scripts            ... ok         6168 ms
     generated_as_identity        ... ok         6200 ms
     grant_hypertable             ... ok         6158 ms
     hash                         ... ok         4930 ms
     histogram_test               ... ok         6199 ms
     information_views            ... ok         6156 ms
     insert-15                    ... ok         6342 ms
     insert_many                  ... ok         7394 ms
     insert_returning             ... ok         6199 ms
     insert_single                ... ok         6157 ms
     lateral                      ... ok         6157 ms
     license                      ... ok         6153 ms
     merge                        ... ok         6198 ms
     misc                         ... ok         6155 ms
     null_exclusion               ... ok         6150 ms
     parallel-15                  ... ok         6145 ms
     partition                    ... ok         6159 ms
     partitioning                 ... ok         6145 ms
parallel group (21 tests):  reloptions sort_optimization plain triggers partitionwise-15 sql_query size_utils update-15 query-15 upsert timestamp rowsecurity-15 tableam plan_hypertable_inline-15 plan_expand_hypertable-15 plan_ordered_append trusted_extension truncate relocate_extension plan_hashagg-15 pg_join
     partitionwise-15             ... ok         7482 ms
     pg_join                      ... ok         9972 ms
     plain                        ... ok         7477 ms
     plan_expand_hypertable-15    ... ok         7518 ms
     plan_hashagg-15              ... ok         9083 ms
     plan_hypertable_inline-15    ... ok         7509 ms
     plan_ordered_append          ... ok         7529 ms
     query-15                     ... ok         7495 ms
     relocate_extension           ... ok         8192 ms
     reloptions                   ... ok         6979 ms
     rowsecurity-15               ... ok         7505 ms
     size_utils                   ... ok         7486 ms
     sort_optimization            ... ok         7470 ms
     sql_query                    ... ok         7481 ms
     tableam                      ... ok         7506 ms
     timestamp                    ... ok         7502 ms
     triggers                     ... ok         7480 ms
     truncate                     ... ok         8081 ms
     trusted_extension            ... ok         7962 ms
     update-15                    ... ok         7486 ms
     upsert                       ... ok         7497 ms
parallel group (4 tests):  util vacuum_parallel version vacuum
     util                         ... ok          675 ms
     vacuum                       ... ok          687 ms
     vacuum_parallel              ... ok          684 ms
     version                      ... ok          684 ms
