test alter                        ... ok         1176 ms
test alternate_users              ... ok          795 ms
test chunk_utils                  ... ok          883 ms
test index                        ... ok          991 ms
test pg_dump_unprivileged         ... ok          768 ms
test tablespace                   ... ok          752 ms
parallel group (21 tests):  create_hypertable baserel_cache ddl_extra cursor-15 delete-15 create_chunks chunks create_table broken_tables ddl-15 cluster-15 agg_bookends-15 drop_hypertable custom_type chunk_adaptive ddl_errors drop_extension copy-15 constraint-15 drop_owned append-15
     agg_bookends-15              ... ok         5004 ms
     append-15                    ... ok         6766 ms
     baserel_cache                ... ok         4976 ms
     broken_tables                ... ok         4989 ms
     chunk_adaptive               ... ok         5011 ms
     chunks                       ... ok         4988 ms
     cluster-15                   ... ok         5001 ms
     constraint-15                ... ok         5076 ms
     copy-15                      ... FAILED     5024 ms
     create_chunks                ... ok         4987 ms
     create_hypertable            ... ok         4975 ms
     create_table                 ... ok         4988 ms
     cursor-15                    ... ok         4984 ms
     custom_type                  ... ok         5006 ms
     ddl-15                       ... ok         4988 ms
     ddl_errors                   ... ok         5013 ms
     ddl_extra                    ... ok         4978 ms
     delete-15                    ... ok         4983 ms
     drop_extension               ... FAILED     5014 ms
     drop_hypertable              ... ok         5005 ms
     drop_owned                   ... ok         5117 ms
parallel group (21 tests):  hash license misc insert_returning partition merge drop_rename_hypertable parallel-15 histogram_test extension_scripts dump_meta information_views grant_hypertable insert_single drop_schema null_exclusion partitioning generated_as_identity lateral insert-15 insert_many
     drop_rename_hypertable       ... ok         6106 ms
     drop_schema                  ... ok         6139 ms
     dump_meta                    ... ok         6117 ms
     extension_scripts            ... ok         6115 ms
     generated_as_identity        ... ok         6148 ms
     grant_hypertable             ... ok         6117 ms
     hash                         ... ok         4754 ms
     histogram_test               ... ok         6112 ms
     information_views            ... ok         6116 ms
     insert-15                    ... ok         6354 ms
     insert_many                  ... ok         7403 ms
     insert_returning             ... ok         6103 ms
     insert_single                ... ok         6117 ms
     lateral                      ... ok         6147 ms
     license                      ... ok         6093 ms
     merge                        ... ok         6104 ms
     misc                         ... ok         6100 ms
     null_exclusion               ... ok         6145 ms
     parallel-15                  ... ok         6104 ms
     partition                    ... ok         6103 ms
     partitioning                 ... ok         6147 ms
parallel group (21 tests):  plan_hypertable_inline-15 sort_optimization plain update-15 timestamp triggers upsert size_utils sql_query tableam partitionwise-15 reloptions query-15 rowsecurity-15 plan_expand_hypertable-15 plan_ordered_append truncate trusted_extension relocate_extension plan_hashagg-15 pg_join
     partitionwise-15             ... ok         7268 ms
     pg_join                      ... ok         9815 ms
     plain                        ... ok         7249 ms
     plan_expand_hypertable-15    ... ok         7279 ms
     plan_hashagg-15              ... ok         9095 ms
     plan_hypertable_inline-15    ... ok         6645 ms
     plan_ordered_append          ... ok         7689 ms
     query-15                     ... ok         7267 ms
     relocate_extension           ... ok         8022 ms
     reloptions                   ... ok         7267 ms
     rowsecurity-15               ... ok         7274 ms
     size_utils                   ... ok         7264 ms
     sort_optimization            ... ok         7241 ms
     sql_query                    ... ok         7263 ms
     tableam                      ... ok         7264 ms
     timestamp                    ... ok         7250 ms
     triggers                     ... ok         7250 ms
     truncate                     ... ok         7828 ms
     trusted_extension            ... ok         7829 ms
     update-15                    ... ok         7248 ms
     upsert                       ... ok         7251 ms
parallel group (4 tests):  util vacuum version vacuum_parallel
     util                         ... ok          687 ms
     vacuum                       ... ok          696 ms
     vacuum_parallel              ... ok          698 ms
     version                      ... ok          696 ms
