test alter                        ... ok         1095 ms
test alternate_users              ... ok          805 ms
test chunk_utils                  ... ok          887 ms
test index                        ... FAILED      999 ms
test pg_dump_unprivileged         ... ok          778 ms
test tablespace                   ... ok          732 ms
parallel group (21 tests):  drop_hypertable cursor-15 custom_type baserel_cache chunks broken_tables ddl-15 drop_extension cluster-15 agg_bookends-15 create_hypertable ddl_extra create_chunks ddl_errors delete-15 create_table chunk_adaptive copy-15 constraint-15 drop_owned append-15
     agg_bookends-15              ... ok         5361 ms
     append-15                    ... ok         6913 ms
     baserel_cache                ... ok         5344 ms
     broken_tables                ... ok         5352 ms
     chunk_adaptive               ... ok         5373 ms
     chunks                       ... ok         5348 ms
     cluster-15                   ... ok         5360 ms
     constraint-15                ... ok         5440 ms
     copy-15                      ... ok         5385 ms
     create_chunks                ... ok         5368 ms
     create_hypertable            ... ok         5361 ms
     create_table                 ... ok         5372 ms
     cursor-15                    ... ok         5331 ms
     custom_type                  ... ok         5341 ms
     ddl-15                       ... ok         5356 ms
     ddl_errors                   ... ok         5368 ms
     ddl_extra                    ... ok         5366 ms
     delete-15                    ... ok         5367 ms
     drop_extension               ... FAILED     5357 ms
     drop_hypertable              ... FAILED     5328 ms
     drop_owned                   ... ok         5463 ms
parallel group (21 tests):  misc null_exclusion drop_schema merge lateral grant_hypertable information_views partition insert_single partitioning insert_returning hash histogram_test extension_scripts generated_as_identity dump_meta license drop_rename_hypertable parallel-15 insert-15 insert_many
     drop_rename_hypertable       ... ok         6237 ms
     drop_schema                  ... ok         6182 ms
     dump_meta                    ... ok         6236 ms
     extension_scripts            ... ok         6211 ms
     generated_as_identity        ... ok         6231 ms
     grant_hypertable             ... ok         6188 ms
     hash                         ... ok         6209 ms
     histogram_test               ... ok         6209 ms
     information_views            ... ok         6188 ms
     insert-15                    ... ok         6416 ms
     insert_many                  ... FAILED     7494 ms
     insert_returning             ... ok         6203 ms
     insert_single                ... ok         6192 ms
     lateral                      ... ok         6186 ms
     license                      ... ok         6236 ms
     merge                        ... ok         6181 ms
     misc                         ... ok         4932 ms
     null_exclusion               ... ok         6176 ms
     parallel-15                  ... ok         6236 ms
     partition                    ... FAILED     6190 ms
     partitioning                 ... ok         6195 ms
parallel group (21 tests):  tableam plan_hypertable_inline-15 size_utils upsert query-15 timestamp plain reloptions sort_optimization rowsecurity-15 update-15 partitionwise-15 triggers sql_query plan_expand_hypertable-15 plan_ordered_append relocate_extension truncate trusted_extension plan_hashagg-15 pg_join
     partitionwise-15             ... FAILED     7948 ms
     pg_join                      ... ok        10121 ms
     plain                        ... ok         7928 ms
     plan_expand_hypertable-15    ... ok         7948 ms
     plan_hashagg-15              ... ok        10028 ms
     plan_hypertable_inline-15    ... ok         7923 ms
     plan_ordered_append          ... ok         7961 ms
     query-15                     ... ok         7924 ms
     relocate_extension           ... ok         8062 ms
     reloptions                   ... ok         7933 ms
     rowsecurity-15               ... ok         7940 ms
     size_utils                   ... ok         7922 ms
     sort_optimization            ... ok         7938 ms
     sql_query                    ... FAILED     7947 ms
     tableam                      ... ok         7921 ms
     timestamp                    ... ok         7926 ms
     triggers                     ... ok         7946 ms
     truncate                     ... ok         8076 ms
     trusted_extension            ... ok         8076 ms
     update-15                    ... ok         7944 ms
     upsert                       ... ok         7921 ms
parallel group (4 tests):  version util vacuum vacuum_parallel
     util                         ... ok          724 ms
     vacuum                       ... ok          728 ms
     vacuum_parallel              ... ok          729 ms
     version                      ... ok          716 ms
