2023-11-25 10:57:17.745 UTC [3321880] LOG:  00000: number of prepared transactions has not been configured, overriding
2023-11-25 10:57:17.745 UTC [3321880] DETAIL:  max_prepared_transactions is now set to 200
2023-11-25 10:57:17.745 UTC [3321880] LOCATION:  AdjustMaxPreparedTransactions, transaction_management.c:761
2023-11-25 10:57:17.763 UTC [3321880] LOG:  00000: starting PostgreSQL 15.3 on x86_64-pc-linux-gnu, compiled by gcc (Ubuntu 11.3.0-1ubuntu1~22.04.1) 11.3.0, 64-bit
2023-11-25 10:57:17.763 UTC [3321880] LOCATION:  PostmasterMain, postmaster.c:1189
2023-11-25 10:57:17.763 UTC [3321880] LOG:  00000: listening on IPv4 address "127.0.0.1", port 57636
2023-11-25 10:57:17.763 UTC [3321880] LOCATION:  StreamServerPort, pqcomm.c:582
2023-11-25 10:57:17.763 UTC [3321880] LOG:  00000: listening on Unix socket "/tmp/.s.PGSQL.57636"
2023-11-25 10:57:17.763 UTC [3321880] LOCATION:  StreamServerPort, pqcomm.c:577
2023-11-25 10:57:17.764 UTC [3321883] LOG:  00000: database system was shut down at 2023-11-25 10:57:17 UTC
2023-11-25 10:57:17.764 UTC [3321883] LOCATION:  StartupXLOG, xlog.c:4928
2023-11-25 10:57:17.767 UTC [3321880] LOG:  00000: database system is ready to accept connections
2023-11-25 10:57:17.767 UTC [3321880] LOCATION:  reaper, postmaster.c:3117
2023-11-25 10:57:18.513 UTC [3321950] LOG:  00000: starting maintenance daemon on database 16384 user 10
2023-11-25 10:57:18.513 UTC [3321950] CONTEXT:  Citus maintenance daemon for database 16384 user 10
2023-11-25 10:57:18.513 UTC [3321950] LOCATION:  CitusMaintenanceDaemonMain, maintenanced.c:373
2023-11-25 10:57:18.529 UTC [3321954] ERROR:  XX000: This module can only be loaded via shared_preload_libraries
2023-11-25 10:57:18.529 UTC [3321954] LOCATION:  _PG_init, pg_stat_kcache.c:280
2023-11-25 10:57:18.529 UTC [3321954] STATEMENT:  CREATE EXTENSION IF NOT EXISTS "pg_stat_kcache"
2023-11-25 10:57:18.533 UTC [3321880] LOG:  00000: received fast shutdown request
2023-11-25 10:57:18.533 UTC [3321880] LOCATION:  pmdie, postmaster.c:2904
2023-11-25 10:57:18.533 UTC [3321880] LOG:  00000: aborting any active transactions
2023-11-25 10:57:18.533 UTC [3321880] LOCATION:  pmdie, postmaster.c:2922
2023-11-25 10:57:18.534 UTC [3321880] LOG:  00000: background worker "logical replication launcher" (PID 3321886) exited with exit code 1
2023-11-25 10:57:18.534 UTC [3321880] LOCATION:  LogChildExit, postmaster.c:3737
2023-11-25 10:57:18.535 UTC [3321881] LOG:  00000: shutting down
2023-11-25 10:57:18.535 UTC [3321881] LOCATION:  ShutdownXLOG, xlog.c:6039
2023-11-25 10:57:18.535 UTC [3321881] LOG:  00000: checkpoint starting: shutdown immediate
2023-11-25 10:57:18.535 UTC [3321881] LOCATION:  LogCheckpointStart, xlog.c:6089
2023-11-25 10:57:18.541 UTC [3321881] LOG:  00000: checkpoint complete: wrote 1098 buffers (6.7%); 0 WAL file(s) added, 0 removed, 0 recycled; write=0.007 s, sync=0.001 s, total=0.007 s; sync files=0, longest=0.000 s, average=0.000 s; distance=6581 kB, estimate=6581 kB
2023-11-25 10:57:18.541 UTC [3321881] LOCATION:  LogCheckpointEnd, xlog.c:6170
2023-11-25 10:57:18.548 UTC [3321880] LOG:  00000: database system is shut down
2023-11-25 10:57:18.548 UTC [3321880] LOCATION:  UnlinkLockFiles, miscinit.c:977
