test alter                        ... ok         2425 ms
test alternate_users              ... ok         1689 ms
test chunk_utils                  ... ok         1846 ms
test index                        ... ok         2230 ms
test pg_dump_unprivileged         ... ok         1481 ms
test tablespace                   ... ok         1519 ms
parallel group (21 tests):  ddl_errors delete-15 ddl_extra custom_type drop_hypertable baserel_cache create_hypertable chunks drop_extension ddl-15 broken_tables agg_bookends-15 create_table append-15 create_chunks cursor-15 chunk_adaptive copy-15 cluster-15 constraint-15 drop_owned
     agg_bookends-15              ... ok        11538 ms
     append-15                    ... ok        11540 ms
     baserel_cache                ... ok        11536 ms
     broken_tables                ... ok        11538 ms
     chunk_adaptive               ... ok        11557 ms
     chunks                       ... ok        11536 ms
     cluster-15                   ... ok        11558 ms
     constraint-15                ... ok        11768 ms
     copy-15                      ... ok        11557 ms
     create_chunks                ... ok        11539 ms
     create_hypertable            ... ok        11536 ms
     create_table                 ... ok        11537 ms
     cursor-15                    ... ok        11540 ms
     custom_type                  ... ok        11533 ms
     ddl-15                       ... ok        11536 ms
     ddl_errors                   ... ok        11519 ms
     ddl_extra                    ... ok        11532 ms
     delete-15                    ... ok        11532 ms
     drop_extension               ... FAILED    11535 ms
     drop_hypertable              ... FAILED    11533 ms
     drop_owned                   ... ok        11797 ms
parallel group (21 tests):  license merge drop_schema null_exclusion hash misc dump_meta generated_as_identity information_views lateral histogram_test extension_scripts partition parallel-15 insert_returning partitioning drop_rename_hypertable insert_single grant_hypertable insert-15 insert_many
     drop_rename_hypertable       ... ok        15589 ms
     drop_schema                  ... ok        15473 ms
     dump_meta                    ... ok        15476 ms
     extension_scripts            ... ok        15479 ms
     generated_as_identity        ... ok        15478 ms
     grant_hypertable             ... ok        15588 ms
     hash                         ... ok        15473 ms
     histogram_test               ... ok        15478 ms
     information_views            ... ok        15477 ms
     insert-15                    ... ok        16432 ms
     insert_many                  ... ok        18505 ms
     insert_returning             ... ok        15588 ms
     insert_single                ... ok        15588 ms
     lateral                      ... ok        15477 ms
     license                      ... ok        10496 ms
     merge                        ... ok        15458 ms
     misc                         ... ok        15473 ms
     null_exclusion               ... ok        15472 ms
     parallel-15                  ... ok        15575 ms
     partition                    ... ok        15477 ms
     partitioning                 ... ok        15586 ms
parallel group (21 tests):  sql_query size_utils triggers sort_optimization plan_hypertable_inline-15 rowsecurity-15 plain reloptions tableam upsert update-15 partitionwise-15 query-15 plan_expand_hypertable-15 timestamp plan_ordered_append plan_hashagg-15 trusted_extension relocate_extension truncate pg_join
     partitionwise-15             ... ok        19625 ms
     pg_join                      ... ok        19852 ms
     plain                        ... ok        19620 ms
     plan_expand_hypertable-15    ... ok        19628 ms
     plan_hashagg-15              ... ok        19628 ms
     plan_hypertable_inline-15    ... ok        19618 ms
     plan_ordered_append          ... ok        19627 ms
     query-15                     ... ok        19627 ms
     relocate_extension           ... ok        19841 ms
     reloptions                   ... ok        19621 ms
     rowsecurity-15               ... ok        19617 ms
     size_utils                   ... ok        19598 ms
     sort_optimization            ... ok        19617 ms
     sql_query                    ... ok        19572 ms
     tableam                      ... ok        19620 ms
     timestamp                    ... ok        19626 ms
     triggers                     ... ok        19616 ms
     truncate                     ... ok        19845 ms
     trusted_extension            ... ok        19816 ms
     update-15                    ... ok        19621 ms
     upsert                       ... ok        19620 ms
parallel group (4 tests):  util vacuum vacuum_parallel version
     util                         ... ok         1606 ms
     vacuum                       ... ok         1634 ms
     vacuum_parallel              ... ok         1637 ms
     version                      ... ok         1637 ms
