test alter                        ... ok         2390 ms
test alternate_users              ... ok         1706 ms
test chunk_utils                  ... ok         1850 ms
test index                        ... ok         2208 ms
test pg_dump_unprivileged         ... ok         1476 ms
test tablespace                   ... ok         1527 ms
parallel group (21 tests):  ddl-15 custom_type baserel_cache ddl_extra broken_tables delete-15 cursor-15 chunks drop_hypertable ddl_errors agg_bookends-15 drop_extension create_chunks cluster-15 append-15 copy-15 create_hypertable create_table chunk_adaptive constraint-15 drop_owned
     agg_bookends-15              ... ok        11060 ms
     append-15                    ... ok        11065 ms
     baserel_cache                ... ok        11056 ms
     broken_tables                ... ok        11057 ms
     chunk_adaptive               ... ok        11085 ms
     chunks                       ... ok        11058 ms
     cluster-15                   ... ok        11064 ms
     constraint-15                ... ok        11297 ms
     copy-15                      ... ok        11064 ms
     create_chunks                ... ok        11063 ms
     create_hypertable            ... ok        11064 ms
     create_table                 ... ok        11064 ms
     cursor-15                    ... ok        11056 ms
     custom_type                  ... ok        11050 ms
     ddl-15                       ... ok        11046 ms
     ddl_errors                   ... ok        11058 ms
     ddl_extra                    ... ok        11056 ms
     delete-15                    ... ok        11056 ms
     drop_extension               ... FAILED    11061 ms
     drop_hypertable              ... ok        11058 ms
     drop_owned                   ... ok        11321 ms
parallel group (21 tests):  drop_schema partitioning misc histogram_test null_exclusion drop_rename_hypertable grant_hypertable license parallel-15 partition dump_meta hash insert_single insert_returning merge generated_as_identity information_views extension_scripts lateral insert-15 insert_many
     drop_rename_hypertable       ... ok        15262 ms
     drop_schema                  ... ok        10869 ms
     dump_meta                    ... ok        15265 ms
     extension_scripts            ... ok        15331 ms
     generated_as_identity        ... ok        15331 ms
     grant_hypertable             ... ok        15262 ms
     hash                         ... ok        15264 ms
     histogram_test               ... ok        15261 ms
     information_views            ... ok        15331 ms
     insert-15                    ... ok        15945 ms
     insert_many                  ... ok        18032 ms
     insert_returning             ... ok        15264 ms
     insert_single                ... ok        15264 ms
     lateral                      ... ok        15330 ms
     license                      ... ok        15261 ms
     merge                        ... ok        15264 ms
     misc                         ... ok        15251 ms
     null_exclusion               ... ok        15260 ms
     parallel-15                  ... ok        15261 ms
     partition                    ... ok        15261 ms
     partitioning                 ... ok        15234 ms
parallel group (21 tests):  timestamp partitionwise-15 size_utils upsert plan_hypertable_inline-15 tableam triggers update-15 plan_ordered_append rowsecurity-15 plain reloptions query-15 sql_query sort_optimization plan_expand_hypertable-15 plan_hashagg-15 relocate_extension pg_join trusted_extension truncate
     partitionwise-15             ... ok        19391 ms
     pg_join                      ... ok        19550 ms
     plain                        ... FAILED    19402 ms
     plan_expand_hypertable-15    ... ok        19467 ms
     plan_hashagg-15              ... ok        19473 ms
     plan_hypertable_inline-15    ... ok        19398 ms
     plan_ordered_append          ... ok        19398 ms
     query-15                     ... ok        19464 ms
     relocate_extension           ... ok        19542 ms
     reloptions                   ... ok        19458 ms
     rowsecurity-15               ... ok        19399 ms
     size_utils                   ... ok        19390 ms
     sort_optimization            ... ok        19464 ms
     sql_query                    ... ok        19464 ms
     tableam                      ... ok        19397 ms
     timestamp                    ... ok        19371 ms
     triggers                     ... ok        19397 ms
     truncate                     ... ok        19581 ms
     trusted_extension            ... ok        19578 ms
     update-15                    ... ok        19397 ms
     upsert                       ... ok        19389 ms
parallel group (4 tests):  util vacuum_parallel vacuum version
     util                         ... ok         1649 ms
     vacuum                       ... ok         1679 ms
     vacuum_parallel              ... ok         1676 ms
     version                      ... ok         1679 ms
