test alter                        ... ok         1151 ms
test alternate_users              ... ok          829 ms
test chunk_utils                  ... ok          864 ms
test index                        ... ok         1035 ms
test pg_dump_unprivileged         ... ok          774 ms
test tablespace                   ... ok          757 ms
parallel group (21 tests):  drop_hypertable chunks custom_type ddl_extra cursor-15 create_table ddl-15 ddl_errors create_hypertable create_chunks broken_tables agg_bookends-15 cluster-15 delete-15 baserel_cache drop_extension chunk_adaptive copy-15 constraint-15 drop_owned append-15
     agg_bookends-15              ... ok         4944 ms
     append-15                    ... ok         6904 ms
     baserel_cache                ... ok         4945 ms
     broken_tables                ... ok         4942 ms
     chunk_adaptive               ... ok         4963 ms
     chunks                       ... ok         4926 ms
     cluster-15                   ... ok         4944 ms
     constraint-15                ... ok         5111 ms
     copy-15                      ... ok         4972 ms
     create_chunks                ... ok         4941 ms
     create_hypertable            ... ok         4940 ms
     create_table                 ... ok         4938 ms
     cursor-15                    ... ok         4934 ms
     custom_type                  ... ok         4927 ms
     ddl-15                       ... ok         4938 ms
     ddl_errors                   ... ok         4939 ms
     ddl_extra                    ... ok         4928 ms
     delete-15                    ... ok         4944 ms
     drop_extension               ... FAILED     4945 ms
     drop_hypertable              ... ok         4925 ms
     drop_owned                   ... ok         5123 ms
parallel group (21 tests):  misc hash partitioning license insert_returning null_exclusion drop_schema information_views parallel-15 partition histogram_test generated_as_identity dump_meta extension_scripts merge lateral grant_hypertable drop_rename_hypertable insert_single insert-15 insert_many
     drop_rename_hypertable       ... ok         6067 ms
     drop_schema                  ... ok         6056 ms
     dump_meta                    ... ok         6058 ms
     extension_scripts            ... ok         6058 ms
     generated_as_identity        ... ok         6057 ms
     grant_hypertable             ... ok         6060 ms
     hash                         ... ok         6050 ms
     histogram_test               ... ok         6057 ms
     information_views            ... ok         6055 ms
     insert-15                    ... ok         6472 ms
     insert_many                  ... ok         7479 ms
     insert_returning             ... ok         6052 ms
     insert_single                ... ok         6074 ms
     lateral                      ... ok         6059 ms
     license                      ... ok         6050 ms
     merge                        ... ok         6057 ms
     misc                         ... ok         4565 ms
     null_exclusion               ... ok         6053 ms
     parallel-15                  ... ok         6054 ms
     partition                    ... ok         6054 ms
     partitioning                 ... ok         6048 ms
parallel group (21 tests):  reloptions size_utils update-15 plain partitionwise-15 plan_hypertable_inline-15 query-15 upsert plan_hashagg-15 tableam rowsecurity-15 plan_expand_hypertable-15 timestamp triggers sort_optimization sql_query plan_ordered_append trusted_extension truncate relocate_extension pg_join
     partitionwise-15             ... ok        10471 ms
     pg_join                      ... ok        12468 ms
     plain                        ... ok        10471 ms
     plan_expand_hypertable-15    ... ok        10488 ms
     plan_hashagg-15              ... ok        10484 ms
     plan_hypertable_inline-15    ... ok        10471 ms
     plan_ordered_append          ... ok        10516 ms
     query-15                     ... ok        10471 ms
     relocate_extension           ... ok        11159 ms
     reloptions                   ... ok         9905 ms
     rowsecurity-15               ... ok        10486 ms
     size_utils                   ... ok        10470 ms
     sort_optimization            ... ok        10490 ms
     sql_query                    ... ok        10501 ms
     tableam                      ... ok        10483 ms
     timestamp                    ... ok        10488 ms
     triggers                     ... ok        10488 ms
     truncate                     ... ok        10922 ms
     trusted_extension            ... ok        10860 ms
     update-15                    ... ok        10469 ms
     upsert                       ... ok        10481 ms
parallel group (4 tests):  version util vacuum_parallel vacuum
     util                         ... ok          685 ms
     vacuum                       ... ok          688 ms
     vacuum_parallel              ... ok          687 ms
     version                      ... ok          678 ms
