test alter                        ... ok         1146 ms
test alternate_users              ... ok          804 ms
test chunk_utils                  ... ok          908 ms
test index                        ... ok         1053 ms
test pg_dump_unprivileged         ... ok          771 ms
test tablespace                   ... ok          747 ms
parallel group (21 tests):  cluster-15 delete-15 baserel_cache custom_type ddl_extra chunks create_table cursor-15 ddl_errors agg_bookends-15 broken_tables ddl-15 drop_extension create_chunks create_hypertable drop_hypertable chunk_adaptive copy-15 constraint-15 drop_owned append-15
     agg_bookends-15              ... ok         4708 ms
     append-15                    ... ok         6819 ms
     baserel_cache                ... ok         4702 ms
     broken_tables                ... ok         4708 ms
     chunk_adaptive               ... ok         4718 ms
     chunks                       ... ok         4704 ms
     cluster-15                   ... ok         4687 ms
     constraint-15                ... ok         4807 ms
     copy-15                      ... ok         4721 ms
     create_chunks                ... ok         4712 ms
     create_hypertable            ... ok         4713 ms
     create_table                 ... ok         4704 ms
     cursor-15                    ... ok         4705 ms
     custom_type                  ... ok         4701 ms
     ddl-15                       ... ok         4710 ms
     ddl_errors                   ... ok         4705 ms
     ddl_extra                    ... ok         4701 ms
     delete-15                    ... ok         4695 ms
     drop_extension               ... FAILED     4709 ms
     drop_hypertable              ... ok         4712 ms
     drop_owned                   ... ok         4819 ms
parallel group (21 tests):  insert_returning hash license generated_as_identity null_exclusion lateral dump_meta insert_single grant_hypertable drop_rename_hypertable extension_scripts drop_schema merge misc partitioning partition parallel-15 information_views histogram_test insert-15 insert_many
     drop_rename_hypertable       ... ok         6346 ms
     drop_schema                  ... ok         6348 ms
     dump_meta                    ... ok         6336 ms
     extension_scripts            ... ok         6347 ms
     generated_as_identity        ... ok         6334 ms
     grant_hypertable             ... ok         6345 ms
     hash                         ... ok         6325 ms
     histogram_test               ... ok         6375 ms
     information_views            ... ok         6374 ms
     insert-15                    ... ok         6539 ms
     insert_many                  ... ok         7605 ms
     insert_returning             ... ok         5060 ms
     insert_single                ... ok         6342 ms
     lateral                      ... ok         6334 ms
     license                      ... ok         6327 ms
     merge                        ... ok         6346 ms
     misc                         ... ok         6351 ms
     null_exclusion               ... ok         6333 ms
     parallel-15                  ... ok         6356 ms
     partition                    ... ok         6352 ms
     partitioning                 ... ok         6352 ms
parallel group (21 tests):  tableam reloptions plan_hypertable_inline-15 timestamp plan_expand_hypertable-15 sort_optimization triggers update-15 partitionwise-15 upsert plain sql_query size_utils query-15 rowsecurity-15 plan_ordered_append trusted_extension truncate relocate_extension plan_hashagg-15 pg_join
     partitionwise-15             ... ok         7752 ms
     pg_join                      ... ok        10005 ms
     plain                        ... ok         7758 ms
     plan_expand_hypertable-15    ... ok         7744 ms
     plan_hashagg-15              ... ok         9085 ms
     plan_hypertable_inline-15    ... ok         7740 ms
     plan_ordered_append          ... ok         7788 ms
     query-15                     ... ok         7767 ms
     relocate_extension           ... ok         8397 ms
     reloptions                   ... ok         7739 ms
     rowsecurity-15               ... ok         7771 ms
     size_utils                   ... ok         7763 ms
     sort_optimization            ... ok         7743 ms
     sql_query                    ... ok         7758 ms
     tableam                      ... ok         7205 ms
     timestamp                    ... ok         7741 ms
     triggers                     ... ok         7743 ms
     truncate                     ... ok         8164 ms
     trusted_extension            ... ok         8105 ms
     update-15                    ... ok         7749 ms
     upsert                       ... ok         7751 ms
parallel group (4 tests):  util version vacuum_parallel vacuum
     util                         ... ok          718 ms
     vacuum                       ... ok          727 ms
     vacuum_parallel              ... ok          726 ms
     version                      ... ok          726 ms
